-- The C compiler identification is GNU 9.3.0
-- The CXX compiler identification is GNU 9.3.0
-- Check for working C compiler: /usr/bin/cc
-- Check for working C compiler: /usr/bin/cc -- works
-- Detecting C compiler ABI info
-- Detecting C compiler ABI info - done
-- Detecting C compile features
-- Detecting C compile features - done
-- Check for working CXX compiler: /usr/bin/c++
-- Check for working CXX compiler: /usr/bin/c++ -- works
-- Detecting CXX compiler ABI info
-- Detecting CXX compiler ABI info - done
-- Detecting CXX compile features
-- Detecting CXX compile features - done
-- Found ament_cmake: 0.9.8 (/opt/ros/foxy/share/ament_cmake/cmake)
-- Found PythonInterp: /usr/bin/python3 (found suitable version "3.8.5", minimum required is "3") 
-- Using PYTHON_EXECUTABLE: /usr/bin/python3
-- Found rosidl_default_generators: 1.0.0 (/opt/ros/foxy/share/rosidl_default_generators/cmake)
-- Using all available rosidl_typesupport_c: rosidl_typesupport_fastrtps_c;rosidl_typesupport_introspection_c
-- Found rosidl_adapter: 1.2.0 (/opt/ros/foxy/share/rosidl_adapter/cmake)
-- Found OpenSSL: /usr/lib/x86_64-linux-gnu/libcrypto.so (found version "1.1.1f")  
-- Found FastRTPS: /opt/ros/foxy/include  
-- Using all available rosidl_typesupport_cpp: rosidl_typesupport_fastrtps_cpp;rosidl_typesupport_introspection_cpp
-- Found PythonInterp: /usr/bin/python3 (found version "3.8.5") 
-- Found ament_cmake_ros: 0.9.1 (/opt/ros/foxy/share/ament_cmake_ros/cmake)
-- Using all available rosidl_typesupport_c: rosidl_typesupport_fastrtps_c;rosidl_typesupport_introspection_c
-- Using all available rosidl_typesupport_cpp: rosidl_typesupport_fastrtps_cpp;rosidl_typesupport_introspection_cpp
-- Found PythonInterp: /usr/bin/python3 (found suitable version "3.8.5", minimum required is "3.5") 
-- Found python_cmake_module: 0.8.0 (/opt/ros/foxy/share/python_cmake_module/cmake)
-- Found PythonLibs: /usr/lib/x86_64-linux-gnu/libpython3.8.so (found suitable version "3.8.5", minimum required is "3.5") 
-- Using PYTHON_EXECUTABLE: /usr/bin/python3
-- Using PYTHON_INCLUDE_DIRS: /usr/include/python3.8
-- Using PYTHON_LIBRARIES: /usr/lib/x86_64-linux-gnu/libpython3.8.so
-- Found PythonExtra: .so  
-- Found ament_lint_auto: 0.9.6 (/opt/ros/foxy/share/ament_lint_auto/cmake)
-- Added test 'copyright' to check source files copyright and LICENSE
-- Added test 'lint_cmake' to check CMake code style
-- Added test 'xmllint' to check XML markup files
-- Configuring done
-- Generating done
-- Build files have been written to: /home/maroqi/Projects/ROS2Projects/first_ws/build/tutorial_interfaces
[35m[1mScanning dependencies of target tutorial_interfaces__cpp[0m
[  2%] [34m[1mGenerating C code for ROS interfaces[0m
[  5%] [34m[1mGenerating C++ code for ROS interfaces[0m
[  5%] Built target tutorial_interfaces__cpp
[  7%] [34m[1mGenerating C++ type support dispatch for ROS interfaces[0m
[35m[1mScanning dependencies of target tutorial_interfaces__rosidl_generator_c[0m
[ 10%] [32mBuilding C object CMakeFiles/tutorial_interfaces__rosidl_generator_c.dir/rosidl_generator_c/tutorial_interfaces/msg/detail/num__functions.c.o[0m
[ 12%] [32mBuilding C object CMakeFiles/tutorial_interfaces__rosidl_generator_c.dir/rosidl_generator_c/tutorial_interfaces/srv/detail/add_three_ints__functions.c.o[0m
[ 15%] [32m[1mLinking C shared library libtutorial_interfaces__rosidl_generator_c.so[0m
[ 15%] Built target tutorial_interfaces__rosidl_generator_c
[ 17%] [34m[1mGenerating C++ type support for eProsima Fast-RTPS[0m
[35m[1mScanning dependencies of target tutorial_interfaces__rosidl_typesupport_cpp[0m
[ 20%] [32mBuilding CXX object CMakeFiles/tutorial_interfaces__rosidl_typesupport_cpp.dir/rosidl_typesupport_cpp/tutorial_interfaces/msg/num__type_support.cpp.o[0m
[35m[1mScanning dependencies of target tutorial_interfaces__rosidl_typesupport_fastrtps_cpp[0m
[ 23%] [32mBuilding CXX object CMakeFiles/tutorial_interfaces__rosidl_typesupport_fastrtps_cpp.dir/rosidl_typesupport_fastrtps_cpp/tutorial_interfaces/msg/detail/dds_fastrtps/num__type_support.cpp.o[0m
[ 25%] [32mBuilding CXX object CMakeFiles/tutorial_interfaces__rosidl_typesupport_cpp.dir/rosidl_typesupport_cpp/tutorial_interfaces/srv/add_three_ints__type_support.cpp.o[0m
[ 28%] [32m[1mLinking CXX shared library libtutorial_interfaces__rosidl_typesupport_cpp.so[0m
[ 28%] Built target tutorial_interfaces__rosidl_typesupport_cpp
[ 30%] [32mBuilding CXX object CMakeFiles/tutorial_interfaces__rosidl_typesupport_fastrtps_cpp.dir/rosidl_typesupport_fastrtps_cpp/tutorial_interfaces/srv/detail/dds_fastrtps/add_three_ints__type_support.cpp.o[0m
[ 33%] [34m[1mGenerating C introspection for ROS interfaces[0m
[35m[1mScanning dependencies of target tutorial_interfaces__rosidl_typesupport_introspection_c[0m
[ 35%] [32mBuilding C object CMakeFiles/tutorial_interfaces__rosidl_typesupport_introspection_c.dir/rosidl_typesupport_introspection_c/tutorial_interfaces/msg/detail/num__type_support.c.o[0m
[ 38%] [32mBuilding C object CMakeFiles/tutorial_interfaces__rosidl_typesupport_introspection_c.dir/rosidl_typesupport_introspection_c/tutorial_interfaces/srv/detail/add_three_ints__type_support.c.o[0m
[ 41%] [32m[1mLinking C shared library libtutorial_interfaces__rosidl_typesupport_introspection_c.so[0m
[ 43%] [32m[1mLinking CXX shared library libtutorial_interfaces__rosidl_typesupport_fastrtps_cpp.so[0m
[ 43%] Built target tutorial_interfaces__rosidl_typesupport_introspection_c
[ 46%] [34m[1mGenerating C type support dispatch for ROS interfaces[0m
[ 46%] Built target tutorial_interfaces__rosidl_typesupport_fastrtps_cpp
[ 48%] [34m[1mGenerating C++ introspection for ROS interfaces[0m
[35m[1mScanning dependencies of target tutorial_interfaces__rosidl_typesupport_c[0m
[ 51%] [32mBuilding CXX object CMakeFiles/tutorial_interfaces__rosidl_typesupport_c.dir/rosidl_typesupport_c/tutorial_interfaces/msg/num__type_support.cpp.o[0m
[ 53%] [32mBuilding CXX object CMakeFiles/tutorial_interfaces__rosidl_typesupport_c.dir/rosidl_typesupport_c/tutorial_interfaces/srv/add_three_ints__type_support.cpp.o[0m
[ 56%] [32m[1mLinking CXX shared library libtutorial_interfaces__rosidl_typesupport_c.so[0m
[ 56%] Built target tutorial_interfaces__rosidl_typesupport_c
[ 58%] [34m[1mGenerating C type support for eProsima Fast-RTPS[0m
[35m[1mScanning dependencies of target tutorial_interfaces__rosidl_typesupport_introspection_cpp[0m
[ 61%] [32mBuilding CXX object CMakeFiles/tutorial_interfaces__rosidl_typesupport_introspection_cpp.dir/rosidl_typesupport_introspection_cpp/tutorial_interfaces/msg/detail/num__type_support.cpp.o[0m
[35m[1mScanning dependencies of target tutorial_interfaces__rosidl_typesupport_fastrtps_c[0m
[ 64%] [32mBuilding CXX object CMakeFiles/tutorial_interfaces__rosidl_typesupport_fastrtps_c.dir/rosidl_typesupport_fastrtps_c/tutorial_interfaces/msg/detail/num__type_support_c.cpp.o[0m
[ 66%] [32mBuilding CXX object CMakeFiles/tutorial_interfaces__rosidl_typesupport_introspection_cpp.dir/rosidl_typesupport_introspection_cpp/tutorial_interfaces/srv/detail/add_three_ints__type_support.cpp.o[0m
[ 69%] [32m[1mLinking CXX shared library libtutorial_interfaces__rosidl_typesupport_introspection_cpp.so[0m
[ 71%] [32mBuilding CXX object CMakeFiles/tutorial_interfaces__rosidl_typesupport_fastrtps_c.dir/rosidl_typesupport_fastrtps_c/tutorial_interfaces/srv/detail/add_three_ints__type_support_c.cpp.o[0m
[ 71%] Built target tutorial_interfaces__rosidl_typesupport_introspection_cpp
[ 74%] [32m[1mLinking CXX shared library libtutorial_interfaces__rosidl_typesupport_fastrtps_c.so[0m
[ 74%] Built target tutorial_interfaces__rosidl_typesupport_fastrtps_c
[35m[1mScanning dependencies of target tutorial_interfaces[0m
[ 74%] Built target tutorial_interfaces
[35m[1mScanning dependencies of target tutorial_interfaces__py[0m
[ 76%] [34m[1mGenerating Python code for ROS interfaces[0m
[ 76%] Built target tutorial_interfaces__py
[35m[1mScanning dependencies of target tutorial_interfaces__python[0m
[ 79%] [32mBuilding C object CMakeFiles/tutorial_interfaces__python.dir/rosidl_generator_py/tutorial_interfaces/msg/_num_s.c.o[0m
[ 82%] [32mBuilding C object CMakeFiles/tutorial_interfaces__python.dir/rosidl_generator_py/tutorial_interfaces/srv/_add_three_ints_s.c.o[0m
[ 84%] [32m[1mLinking C shared library rosidl_generator_py/tutorial_interfaces/libtutorial_interfaces__python.so[0m
[ 84%] Built target tutorial_interfaces__python
[35m[1mScanning dependencies of target tutorial_interfaces__rosidl_typesupport_introspection_c__pyext[0m
[35m[1mScanning dependencies of target tutorial_interfaces__rosidl_typesupport_c__pyext[0m
[ 87%] [32mBuilding C object CMakeFiles/tutorial_interfaces__rosidl_typesupport_c__pyext.dir/rosidl_generator_py/tutorial_interfaces/_tutorial_interfaces_s.ep.rosidl_typesupport_c.c.o[0m
[ 89%] [32mBuilding C object CMakeFiles/tutorial_interfaces__rosidl_typesupport_introspection_c__pyext.dir/rosidl_generator_py/tutorial_interfaces/_tutorial_interfaces_s.ep.rosidl_typesupport_introspection_c.c.o[0m
[ 92%] [32m[1mLinking C shared library rosidl_generator_py/tutorial_interfaces/tutorial_interfaces_s__rosidl_typesupport_c.cpython-38-x86_64-linux-gnu.so[0m
[ 94%] [32m[1mLinking C shared library rosidl_generator_py/tutorial_interfaces/tutorial_interfaces_s__rosidl_typesupport_introspection_c.cpython-38-x86_64-linux-gnu.so[0m
[ 94%] Built target tutorial_interfaces__rosidl_typesupport_c__pyext
[35m[1mScanning dependencies of target tutorial_interfaces__rosidl_typesupport_fastrtps_c__pyext[0m
[ 94%] Built target tutorial_interfaces__rosidl_typesupport_introspection_c__pyext
[ 97%] [32mBuilding C object CMakeFiles/tutorial_interfaces__rosidl_typesupport_fastrtps_c__pyext.dir/rosidl_generator_py/tutorial_interfaces/_tutorial_interfaces_s.ep.rosidl_typesupport_fastrtps_c.c.o[0m
[100%] [32m[1mLinking CXX shared library rosidl_generator_py/tutorial_interfaces/tutorial_interfaces_s__rosidl_typesupport_fastrtps_c.cpython-38-x86_64-linux-gnu.so[0m
[100%] Built target tutorial_interfaces__rosidl_typesupport_fastrtps_c__pyext
-- Install configuration: ""
-- Installing: /home/maroqi/Projects/ROS2Projects/first_ws/install/tutorial_interfaces/share/ament_index/resource_index/rosidl_interfaces/tutorial_interfaces
-- Installing: /home/maroqi/Projects/ROS2Projects/first_ws/install/tutorial_interfaces/include/tutorial_interfaces
-- Installing: /home/maroqi/Projects/ROS2Projects/first_ws/install/tutorial_interfaces/include/tutorial_interfaces/srv
-- Installing: /home/maroqi/Projects/ROS2Projects/first_ws/install/tutorial_interfaces/include/tutorial_interfaces/srv/detail
-- Installing: /home/maroqi/Projects/ROS2Projects/first_ws/install/tutorial_interfaces/include/tutorial_interfaces/srv/detail/add_three_ints__type_support.h
-- Installing: /home/maroqi/Projects/ROS2Projects/first_ws/install/tutorial_interfaces/include/tutorial_interfaces/srv/detail/add_three_ints__functions.c
-- Installing: /home/maroqi/Projects/ROS2Projects/first_ws/install/tutorial_interfaces/include/tutorial_interfaces/srv/detail/add_three_ints__functions.h
-- Installing: /home/maroqi/Projects/ROS2Projects/first_ws/install/tutorial_interfaces/include/tutorial_interfaces/srv/detail/add_three_ints__struct.h
-- Installing: /home/maroqi/Projects/ROS2Projects/first_ws/install/tutorial_interfaces/include/tutorial_interfaces/srv/add_three_ints.h
-- Installing: /home/maroqi/Projects/ROS2Projects/first_ws/install/tutorial_interfaces/include/tutorial_interfaces/msg
-- Installing: /home/maroqi/Projects/ROS2Projects/first_ws/install/tutorial_interfaces/include/tutorial_interfaces/msg/rosidl_generator_c__visibility_control.h
-- Installing: /home/maroqi/Projects/ROS2Projects/first_ws/install/tutorial_interfaces/include/tutorial_interfaces/msg/detail
-- Installing: /home/maroqi/Projects/ROS2Projects/first_ws/install/tutorial_interfaces/include/tutorial_interfaces/msg/detail/num__functions.c
-- Installing: /home/maroqi/Projects/ROS2Projects/first_ws/install/tutorial_interfaces/include/tutorial_interfaces/msg/detail/num__functions.h
-- Installing: /home/maroqi/Projects/ROS2Projects/first_ws/install/tutorial_interfaces/include/tutorial_interfaces/msg/detail/num__struct.h
-- Installing: /home/maroqi/Projects/ROS2Projects/first_ws/install/tutorial_interfaces/include/tutorial_interfaces/msg/detail/num__type_support.h
-- Installing: /home/maroqi/Projects/ROS2Projects/first_ws/install/tutorial_interfaces/include/tutorial_interfaces/msg/num.h
-- Installing: /home/maroqi/Projects/ROS2Projects/first_ws/install/tutorial_interfaces/share/tutorial_interfaces/environment/library_path.sh
-- Installing: /home/maroqi/Projects/ROS2Projects/first_ws/install/tutorial_interfaces/share/tutorial_interfaces/environment/library_path.dsv
-- Installing: /home/maroqi/Projects/ROS2Projects/first_ws/install/tutorial_interfaces/lib/libtutorial_interfaces__rosidl_generator_c.so
-- Set runtime path of "/home/maroqi/Projects/ROS2Projects/first_ws/install/tutorial_interfaces/lib/libtutorial_interfaces__rosidl_generator_c.so" to ""
-- Up-to-date: /home/maroqi/Projects/ROS2Projects/first_ws/install/tutorial_interfaces/include/tutorial_interfaces
-- Up-to-date: /home/maroqi/Projects/ROS2Projects/first_ws/install/tutorial_interfaces/include/tutorial_interfaces/srv
-- Up-to-date: /home/maroqi/Projects/ROS2Projects/first_ws/install/tutorial_interfaces/include/tutorial_interfaces/srv/detail
-- Installing: /home/maroqi/Projects/ROS2Projects/first_ws/install/tutorial_interfaces/include/tutorial_interfaces/srv/detail/add_three_ints__rosidl_typesupport_fastrtps_c.h
-- Up-to-date: /home/maroqi/Projects/ROS2Projects/first_ws/install/tutorial_interfaces/include/tutorial_interfaces/msg
-- Up-to-date: /home/maroqi/Projects/ROS2Projects/first_ws/install/tutorial_interfaces/include/tutorial_interfaces/msg/detail
-- Installing: /home/maroqi/Projects/ROS2Projects/first_ws/install/tutorial_interfaces/include/tutorial_interfaces/msg/detail/num__rosidl_typesupport_fastrtps_c.h
-- Installing: /home/maroqi/Projects/ROS2Projects/first_ws/install/tutorial_interfaces/include/tutorial_interfaces/msg/rosidl_typesupport_fastrtps_c__visibility_control.h
-- Installing: /home/maroqi/Projects/ROS2Projects/first_ws/install/tutorial_interfaces/lib/libtutorial_interfaces__rosidl_typesupport_fastrtps_c.so
-- Set runtime path of "/home/maroqi/Projects/ROS2Projects/first_ws/install/tutorial_interfaces/lib/libtutorial_interfaces__rosidl_typesupport_fastrtps_c.so" to ""
-- Up-to-date: /home/maroqi/Projects/ROS2Projects/first_ws/install/tutorial_interfaces/include/tutorial_interfaces
-- Up-to-date: /home/maroqi/Projects/ROS2Projects/first_ws/install/tutorial_interfaces/include/tutorial_interfaces/srv
-- Up-to-date: /home/maroqi/Projects/ROS2Projects/first_ws/install/tutorial_interfaces/include/tutorial_interfaces/srv/detail
-- Installing: /home/maroqi/Projects/ROS2Projects/first_ws/install/tutorial_interfaces/include/tutorial_interfaces/srv/detail/dds_fastrtps
-- Installing: /home/maroqi/Projects/ROS2Projects/first_ws/install/tutorial_interfaces/include/tutorial_interfaces/srv/detail/add_three_ints__rosidl_typesupport_fastrtps_cpp.hpp
-- Up-to-date: /home/maroqi/Projects/ROS2Projects/first_ws/install/tutorial_interfaces/include/tutorial_interfaces/msg
-- Up-to-date: /home/maroqi/Projects/ROS2Projects/first_ws/install/tutorial_interfaces/include/tutorial_interfaces/msg/detail
-- Installing: /home/maroqi/Projects/ROS2Projects/first_ws/install/tutorial_interfaces/include/tutorial_interfaces/msg/detail/num__rosidl_typesupport_fastrtps_cpp.hpp
-- Installing: /home/maroqi/Projects/ROS2Projects/first_ws/install/tutorial_interfaces/include/tutorial_interfaces/msg/detail/dds_fastrtps
-- Installing: /home/maroqi/Projects/ROS2Projects/first_ws/install/tutorial_interfaces/include/tutorial_interfaces/msg/rosidl_typesupport_fastrtps_cpp__visibility_control.h
-- Installing: /home/maroqi/Projects/ROS2Projects/first_ws/install/tutorial_interfaces/lib/libtutorial_interfaces__rosidl_typesupport_fastrtps_cpp.so
-- Set runtime path of "/home/maroqi/Projects/ROS2Projects/first_ws/install/tutorial_interfaces/lib/libtutorial_interfaces__rosidl_typesupport_fastrtps_cpp.so" to ""
-- Up-to-date: /home/maroqi/Projects/ROS2Projects/first_ws/install/tutorial_interfaces/include/tutorial_interfaces
-- Up-to-date: /home/maroqi/Projects/ROS2Projects/first_ws/install/tutorial_interfaces/include/tutorial_interfaces/srv
-- Up-to-date: /home/maroqi/Projects/ROS2Projects/first_ws/install/tutorial_interfaces/include/tutorial_interfaces/srv/detail
-- Installing: /home/maroqi/Projects/ROS2Projects/first_ws/install/tutorial_interfaces/include/tutorial_interfaces/srv/detail/add_three_ints__rosidl_typesupport_introspection_c.h
-- Installing: /home/maroqi/Projects/ROS2Projects/first_ws/install/tutorial_interfaces/include/tutorial_interfaces/srv/detail/add_three_ints__type_support.c
-- Up-to-date: /home/maroqi/Projects/ROS2Projects/first_ws/install/tutorial_interfaces/include/tutorial_interfaces/msg
-- Up-to-date: /home/maroqi/Projects/ROS2Projects/first_ws/install/tutorial_interfaces/include/tutorial_interfaces/msg/detail
-- Installing: /home/maroqi/Projects/ROS2Projects/first_ws/install/tutorial_interfaces/include/tutorial_interfaces/msg/detail/num__type_support.c
-- Installing: /home/maroqi/Projects/ROS2Projects/first_ws/install/tutorial_interfaces/include/tutorial_interfaces/msg/detail/num__rosidl_typesupport_introspection_c.h
-- Installing: /home/maroqi/Projects/ROS2Projects/first_ws/install/tutorial_interfaces/include/tutorial_interfaces/msg/rosidl_typesupport_introspection_c__visibility_control.h
-- Installing: /home/maroqi/Projects/ROS2Projects/first_ws/install/tutorial_interfaces/lib/libtutorial_interfaces__rosidl_typesupport_introspection_c.so
-- Set runtime path of "/home/maroqi/Projects/ROS2Projects/first_ws/install/tutorial_interfaces/lib/libtutorial_interfaces__rosidl_typesupport_introspection_c.so" to ""
-- Installing: /home/maroqi/Projects/ROS2Projects/first_ws/install/tutorial_interfaces/lib/libtutorial_interfaces__rosidl_typesupport_c.so
-- Set runtime path of "/home/maroqi/Projects/ROS2Projects/first_ws/install/tutorial_interfaces/lib/libtutorial_interfaces__rosidl_typesupport_c.so" to ""
-- Up-to-date: /home/maroqi/Projects/ROS2Projects/first_ws/install/tutorial_interfaces/include/tutorial_interfaces
-- Up-to-date: /home/maroqi/Projects/ROS2Projects/first_ws/install/tutorial_interfaces/include/tutorial_interfaces/srv
-- Up-to-date: /home/maroqi/Projects/ROS2Projects/first_ws/install/tutorial_interfaces/include/tutorial_interfaces/srv/detail
-- Installing: /home/maroqi/Projects/ROS2Projects/first_ws/install/tutorial_interfaces/include/tutorial_interfaces/srv/detail/add_three_ints__builder.hpp
-- Installing: /home/maroqi/Projects/ROS2Projects/first_ws/install/tutorial_interfaces/include/tutorial_interfaces/srv/detail/add_three_ints__traits.hpp
-- Installing: /home/maroqi/Projects/ROS2Projects/first_ws/install/tutorial_interfaces/include/tutorial_interfaces/srv/detail/add_three_ints__struct.hpp
-- Installing: /home/maroqi/Projects/ROS2Projects/first_ws/install/tutorial_interfaces/include/tutorial_interfaces/srv/add_three_ints.hpp
-- Up-to-date: /home/maroqi/Projects/ROS2Projects/first_ws/install/tutorial_interfaces/include/tutorial_interfaces/msg
-- Up-to-date: /home/maroqi/Projects/ROS2Projects/first_ws/install/tutorial_interfaces/include/tutorial_interfaces/msg/detail
-- Installing: /home/maroqi/Projects/ROS2Projects/first_ws/install/tutorial_interfaces/include/tutorial_interfaces/msg/detail/num__builder.hpp
-- Installing: /home/maroqi/Projects/ROS2Projects/first_ws/install/tutorial_interfaces/include/tutorial_interfaces/msg/detail/num__struct.hpp
-- Installing: /home/maroqi/Projects/ROS2Projects/first_ws/install/tutorial_interfaces/include/tutorial_interfaces/msg/detail/num__traits.hpp
-- Installing: /home/maroqi/Projects/ROS2Projects/first_ws/install/tutorial_interfaces/include/tutorial_interfaces/msg/num.hpp
-- Up-to-date: /home/maroqi/Projects/ROS2Projects/first_ws/install/tutorial_interfaces/include/tutorial_interfaces
-- Up-to-date: /home/maroqi/Projects/ROS2Projects/first_ws/install/tutorial_interfaces/include/tutorial_interfaces/srv
-- Up-to-date: /home/maroqi/Projects/ROS2Projects/first_ws/install/tutorial_interfaces/include/tutorial_interfaces/srv/detail
-- Installing: /home/maroqi/Projects/ROS2Projects/first_ws/install/tutorial_interfaces/include/tutorial_interfaces/srv/detail/add_three_ints__rosidl_typesupport_introspection_cpp.hpp
-- Installing: /home/maroqi/Projects/ROS2Projects/first_ws/install/tutorial_interfaces/include/tutorial_interfaces/srv/detail/add_three_ints__type_support.cpp
-- Up-to-date: /home/maroqi/Projects/ROS2Projects/first_ws/install/tutorial_interfaces/include/tutorial_interfaces/msg
-- Up-to-date: /home/maroqi/Projects/ROS2Projects/first_ws/install/tutorial_interfaces/include/tutorial_interfaces/msg/detail
-- Installing: /home/maroqi/Projects/ROS2Projects/first_ws/install/tutorial_interfaces/include/tutorial_interfaces/msg/detail/num__rosidl_typesupport_introspection_cpp.hpp
-- Installing: /home/maroqi/Projects/ROS2Projects/first_ws/install/tutorial_interfaces/include/tutorial_interfaces/msg/detail/num__type_support.cpp
-- Installing: /home/maroqi/Projects/ROS2Projects/first_ws/install/tutorial_interfaces/lib/libtutorial_interfaces__rosidl_typesupport_introspection_cpp.so
-- Set runtime path of "/home/maroqi/Projects/ROS2Projects/first_ws/install/tutorial_interfaces/lib/libtutorial_interfaces__rosidl_typesupport_introspection_cpp.so" to ""
-- Installing: /home/maroqi/Projects/ROS2Projects/first_ws/install/tutorial_interfaces/lib/libtutorial_interfaces__rosidl_typesupport_cpp.so
-- Set runtime path of "/home/maroqi/Projects/ROS2Projects/first_ws/install/tutorial_interfaces/lib/libtutorial_interfaces__rosidl_typesupport_cpp.so" to ""
-- Installing: /home/maroqi/Projects/ROS2Projects/first_ws/install/tutorial_interfaces/share/tutorial_interfaces/environment/pythonpath.sh
-- Installing: /home/maroqi/Projects/ROS2Projects/first_ws/install/tutorial_interfaces/share/tutorial_interfaces/environment/pythonpath.dsv
-- Installing: /home/maroqi/Projects/ROS2Projects/first_ws/install/tutorial_interfaces/lib/python3.8/site-packages/tutorial_interfaces/__init__.py
Compiling '/home/maroqi/Projects/ROS2Projects/first_ws/install/tutorial_interfaces/lib/python3.8/site-packages/tutorial_interfaces/__init__.py'...
-- Installing: /home/maroqi/Projects/ROS2Projects/first_ws/install/tutorial_interfaces/lib/python3.8/site-packages/tutorial_interfaces/msg
-- Installing: /home/maroqi/Projects/ROS2Projects/first_ws/install/tutorial_interfaces/lib/python3.8/site-packages/tutorial_interfaces/msg/_num_s.c
-- Installing: /home/maroqi/Projects/ROS2Projects/first_ws/install/tutorial_interfaces/lib/python3.8/site-packages/tutorial_interfaces/msg/__init__.py
-- Installing: /home/maroqi/Projects/ROS2Projects/first_ws/install/tutorial_interfaces/lib/python3.8/site-packages/tutorial_interfaces/msg/_num.py
-- Installing: /home/maroqi/Projects/ROS2Projects/first_ws/install/tutorial_interfaces/lib/python3.8/site-packages/tutorial_interfaces/srv
-- Installing: /home/maroqi/Projects/ROS2Projects/first_ws/install/tutorial_interfaces/lib/python3.8/site-packages/tutorial_interfaces/srv/_add_three_ints.py
-- Installing: /home/maroqi/Projects/ROS2Projects/first_ws/install/tutorial_interfaces/lib/python3.8/site-packages/tutorial_interfaces/srv/_add_three_ints_s.c
-- Installing: /home/maroqi/Projects/ROS2Projects/first_ws/install/tutorial_interfaces/lib/python3.8/site-packages/tutorial_interfaces/srv/__init__.py
-- Installing: /home/maroqi/Projects/ROS2Projects/first_ws/install/tutorial_interfaces/lib/python3.8/site-packages/tutorial_interfaces/tutorial_interfaces_s__rosidl_typesupport_fastrtps_c.cpython-38-x86_64-linux-gnu.so
-- Set runtime path of "/home/maroqi/Projects/ROS2Projects/first_ws/install/tutorial_interfaces/lib/python3.8/site-packages/tutorial_interfaces/tutorial_interfaces_s__rosidl_typesupport_fastrtps_c.cpython-38-x86_64-linux-gnu.so" to ""
-- Installing: /home/maroqi/Projects/ROS2Projects/first_ws/install/tutorial_interfaces/lib/python3.8/site-packages/tutorial_interfaces/tutorial_interfaces_s__rosidl_typesupport_introspection_c.cpython-38-x86_64-linux-gnu.so
-- Set runtime path of "/home/maroqi/Projects/ROS2Projects/first_ws/install/tutorial_interfaces/lib/python3.8/site-packages/tutorial_interfaces/tutorial_interfaces_s__rosidl_typesupport_introspection_c.cpython-38-x86_64-linux-gnu.so" to ""
-- Installing: /home/maroqi/Projects/ROS2Projects/first_ws/install/tutorial_interfaces/lib/python3.8/site-packages/tutorial_interfaces/tutorial_interfaces_s__rosidl_typesupport_c.cpython-38-x86_64-linux-gnu.so
-- Set runtime path of "/home/maroqi/Projects/ROS2Projects/first_ws/install/tutorial_interfaces/lib/python3.8/site-packages/tutorial_interfaces/tutorial_interfaces_s__rosidl_typesupport_c.cpython-38-x86_64-linux-gnu.so" to ""
-- Installing: /home/maroqi/Projects/ROS2Projects/first_ws/install/tutorial_interfaces/lib/libtutorial_interfaces__python.so
-- Set runtime path of "/home/maroqi/Projects/ROS2Projects/first_ws/install/tutorial_interfaces/lib/libtutorial_interfaces__python.so" to ""
-- Installing: /home/maroqi/Projects/ROS2Projects/first_ws/install/tutorial_interfaces/share/tutorial_interfaces/msg/Num.idl
-- Installing: /home/maroqi/Projects/ROS2Projects/first_ws/install/tutorial_interfaces/share/tutorial_interfaces/srv/AddThreeInts.idl
-- Installing: /home/maroqi/Projects/ROS2Projects/first_ws/install/tutorial_interfaces/share/tutorial_interfaces/msg/Num.msg
-- Installing: /home/maroqi/Projects/ROS2Projects/first_ws/install/tutorial_interfaces/share/tutorial_interfaces/srv/AddThreeInts.srv
-- Installing: /home/maroqi/Projects/ROS2Projects/first_ws/install/tutorial_interfaces/share/tutorial_interfaces/srv/AddThreeInts_Request.msg
-- Installing: /home/maroqi/Projects/ROS2Projects/first_ws/install/tutorial_interfaces/share/tutorial_interfaces/srv/AddThreeInts_Response.msg
-- Installing: /home/maroqi/Projects/ROS2Projects/first_ws/install/tutorial_interfaces/share/ament_index/resource_index/package_run_dependencies/tutorial_interfaces
-- Installing: /home/maroqi/Projects/ROS2Projects/first_ws/install/tutorial_interfaces/share/ament_index/resource_index/parent_prefix_path/tutorial_interfaces
-- Installing: /home/maroqi/Projects/ROS2Projects/first_ws/install/tutorial_interfaces/share/tutorial_interfaces/environment/ament_prefix_path.sh
-- Installing: /home/maroqi/Projects/ROS2Projects/first_ws/install/tutorial_interfaces/share/tutorial_interfaces/environment/ament_prefix_path.dsv
-- Installing: /home/maroqi/Projects/ROS2Projects/first_ws/install/tutorial_interfaces/share/tutorial_interfaces/environment/path.sh
-- Installing: /home/maroqi/Projects/ROS2Projects/first_ws/install/tutorial_interfaces/share/tutorial_interfaces/environment/path.dsv
-- Installing: /home/maroqi/Projects/ROS2Projects/first_ws/install/tutorial_interfaces/share/tutorial_interfaces/local_setup.bash
-- Installing: /home/maroqi/Projects/ROS2Projects/first_ws/install/tutorial_interfaces/share/tutorial_interfaces/local_setup.sh
-- Installing: /home/maroqi/Projects/ROS2Projects/first_ws/install/tutorial_interfaces/share/tutorial_interfaces/local_setup.zsh
-- Installing: /home/maroqi/Projects/ROS2Projects/first_ws/install/tutorial_interfaces/share/tutorial_interfaces/local_setup.dsv
-- Installing: /home/maroqi/Projects/ROS2Projects/first_ws/install/tutorial_interfaces/share/tutorial_interfaces/package.dsv
-- Installing: /home/maroqi/Projects/ROS2Projects/first_ws/install/tutorial_interfaces/share/ament_index/resource_index/packages/tutorial_interfaces
-- Installing: /home/maroqi/Projects/ROS2Projects/first_ws/install/tutorial_interfaces/share/tutorial_interfaces/cmake/tutorial_interfaces__rosidl_generator_cExport.cmake
-- Installing: /home/maroqi/Projects/ROS2Projects/first_ws/install/tutorial_interfaces/share/tutorial_interfaces/cmake/tutorial_interfaces__rosidl_generator_cExport-noconfig.cmake
-- Installing: /home/maroqi/Projects/ROS2Projects/first_ws/install/tutorial_interfaces/share/tutorial_interfaces/cmake/tutorial_interfaces__rosidl_typesupport_introspection_cExport.cmake
-- Installing: /home/maroqi/Projects/ROS2Projects/first_ws/install/tutorial_interfaces/share/tutorial_interfaces/cmake/tutorial_interfaces__rosidl_typesupport_introspection_cExport-noconfig.cmake
-- Installing: /home/maroqi/Projects/ROS2Projects/first_ws/install/tutorial_interfaces/share/tutorial_interfaces/cmake/tutorial_interfaces__rosidl_typesupport_cExport.cmake
-- Installing: /home/maroqi/Projects/ROS2Projects/first_ws/install/tutorial_interfaces/share/tutorial_interfaces/cmake/tutorial_interfaces__rosidl_typesupport_cExport-noconfig.cmake
-- Installing: /home/maroqi/Projects/ROS2Projects/first_ws/install/tutorial_interfaces/share/tutorial_interfaces/cmake/tutorial_interfaces__rosidl_generator_cppExport.cmake
-- Installing: /home/maroqi/Projects/ROS2Projects/first_ws/install/tutorial_interfaces/share/tutorial_interfaces/cmake/tutorial_interfaces__rosidl_typesupport_introspection_cppExport.cmake
-- Installing: /home/maroqi/Projects/ROS2Projects/first_ws/install/tutorial_interfaces/share/tutorial_interfaces/cmake/tutorial_interfaces__rosidl_typesupport_introspection_cppExport-noconfig.cmake
-- Installing: /home/maroqi/Projects/ROS2Projects/first_ws/install/tutorial_interfaces/share/tutorial_interfaces/cmake/tutorial_interfaces__rosidl_typesupport_cppExport.cmake
-- Installing: /home/maroqi/Projects/ROS2Projects/first_ws/install/tutorial_interfaces/share/tutorial_interfaces/cmake/tutorial_interfaces__rosidl_typesupport_cppExport-noconfig.cmake
-- Installing: /home/maroqi/Projects/ROS2Projects/first_ws/install/tutorial_interfaces/share/tutorial_interfaces/cmake/rosidl_cmake-extras.cmake
-- Installing: /home/maroqi/Projects/ROS2Projects/first_ws/install/tutorial_interfaces/share/tutorial_interfaces/cmake/ament_cmake_export_dependencies-extras.cmake
-- Installing: /home/maroqi/Projects/ROS2Projects/first_ws/install/tutorial_interfaces/share/tutorial_interfaces/cmake/ament_cmake_export_libraries-extras.cmake
-- Installing: /home/maroqi/Projects/ROS2Projects/first_ws/install/tutorial_interfaces/share/tutorial_interfaces/cmake/ament_cmake_export_targets-extras.cmake
-- Installing: /home/maroqi/Projects/ROS2Projects/first_ws/install/tutorial_interfaces/share/tutorial_interfaces/cmake/ament_cmake_export_include_directories-extras.cmake
-- Installing: /home/maroqi/Projects/ROS2Projects/first_ws/install/tutorial_interfaces/share/tutorial_interfaces/cmake/rosidl_cmake_export_typesupport_libraries-extras.cmake
-- Installing: /home/maroqi/Projects/ROS2Projects/first_ws/install/tutorial_interfaces/share/tutorial_interfaces/cmake/rosidl_cmake_export_typesupport_targets-extras.cmake
-- Installing: /home/maroqi/Projects/ROS2Projects/first_ws/install/tutorial_interfaces/share/tutorial_interfaces/cmake/tutorial_interfacesConfig.cmake
-- Installing: /home/maroqi/Projects/ROS2Projects/first_ws/install/tutorial_interfaces/share/tutorial_interfaces/cmake/tutorial_interfacesConfig-version.cmake
-- Installing: /home/maroqi/Projects/ROS2Projects/first_ws/install/tutorial_interfaces/share/tutorial_interfaces/package.xml
