[0.152s] Invoking command in '/home/maroqi/Projects/ROS2Projects/first_ws/build/tutorial_interfaces': CMAKE_PREFIX_PATH=/opt/ros/foxy /usr/bin/cmake /home/maroqi/Projects/ROS2Projects/first_ws/src/tutorial_interfaces -DCMAKE_INSTALL_PREFIX=/home/maroqi/Projects/ROS2Projects/first_ws/install/tutorial_interfaces
[3.128s] -- The C compiler identification is GNU 9.3.0
[4.331s] -- The CXX compiler identification is GNU 9.3.0
[4.422s] -- Check for working C compiler: /usr/bin/cc
[4.696s] -- Check for working C compiler: /usr/bin/cc -- works
[4.714s] -- Detecting C compiler ABI info
[4.911s] -- Detecting C compiler ABI info - done
[4.967s] -- Detecting C compile features
[4.968s] -- Detecting C compile features - done
[4.975s] -- Check for working CXX compiler: /usr/bin/c++
[5.152s] -- Check for working CXX compiler: /usr/bin/c++ -- works
[5.157s] -- Detecting CXX compiler ABI info
[5.321s] -- Detecting CXX compiler ABI info - done
[5.354s] -- Detecting CXX compile features
[5.355s] -- Detecting CXX compile features - done
[5.421s] -- Found ament_cmake: 0.9.8 (/opt/ros/foxy/share/ament_cmake/cmake)
[5.561s] -- Found PythonInterp: /usr/bin/python3 (found suitable version "3.8.5", minimum required is "3") 
[5.562s] -- Using PYTHON_EXECUTABLE: /usr/bin/python3
[6.191s] -- Found rosidl_default_generators: 1.0.0 (/opt/ros/foxy/share/rosidl_default_generators/cmake)
[6.256s] -- Using all available rosidl_typesupport_c: rosidl_typesupport_fastrtps_c;rosidl_typesupport_introspection_c
[6.371s] -- Found rosidl_adapter: 1.2.0 (/opt/ros/foxy/share/rosidl_adapter/cmake)
[6.975s] -- Found OpenSSL: /usr/lib/x86_64-linux-gnu/libcrypto.so (found version "1.1.1f")  
[7.058s] -- Found FastRTPS: /opt/ros/foxy/include  
[7.398s] -- Using all available rosidl_typesupport_cpp: rosidl_typesupport_fastrtps_cpp;rosidl_typesupport_introspection_cpp
[7.541s] -- Found PythonInterp: /usr/bin/python3 (found version "3.8.5") 
[7.964s] -- Found ament_cmake_ros: 0.9.1 (/opt/ros/foxy/share/ament_cmake_ros/cmake)
[8.316s] -- Using all available rosidl_typesupport_c: rosidl_typesupport_fastrtps_c;rosidl_typesupport_introspection_c
[8.398s] -- Using all available rosidl_typesupport_cpp: rosidl_typesupport_fastrtps_cpp;rosidl_typesupport_introspection_cpp
[8.460s] -- Found PythonInterp: /usr/bin/python3 (found suitable version "3.8.5", minimum required is "3.5") 
[8.510s] -- Found python_cmake_module: 0.8.0 (/opt/ros/foxy/share/python_cmake_module/cmake)
[8.664s] -- Found PythonLibs: /usr/lib/x86_64-linux-gnu/libpython3.8.so (found suitable version "3.8.5", minimum required is "3.5") 
[8.665s] -- Using PYTHON_EXECUTABLE: /usr/bin/python3
[8.666s] -- Using PYTHON_INCLUDE_DIRS: /usr/include/python3.8
[8.667s] -- Using PYTHON_LIBRARIES: /usr/lib/x86_64-linux-gnu/libpython3.8.so
[8.758s] -- Found PythonExtra: .so  
[8.911s] -- Found ament_lint_auto: 0.9.6 (/opt/ros/foxy/share/ament_lint_auto/cmake)
[9.089s] -- Added test 'copyright' to check source files copyright and LICENSE
[9.097s] -- Added test 'lint_cmake' to check CMake code style
[9.103s] -- Added test 'xmllint' to check XML markup files
[9.120s] -- Configuring done
[9.373s] -- Generating done
[9.385s] -- Build files have been written to: /home/maroqi/Projects/ROS2Projects/first_ws/build/tutorial_interfaces
[9.421s] Invoked command in '/home/maroqi/Projects/ROS2Projects/first_ws/build/tutorial_interfaces' returned '0': CMAKE_PREFIX_PATH=/opt/ros/foxy /usr/bin/cmake /home/maroqi/Projects/ROS2Projects/first_ws/src/tutorial_interfaces -DCMAKE_INSTALL_PREFIX=/home/maroqi/Projects/ROS2Projects/first_ws/install/tutorial_interfaces
[9.423s] Invoking command in '/home/maroqi/Projects/ROS2Projects/first_ws/build/tutorial_interfaces': CMAKE_PREFIX_PATH=/opt/ros/foxy /usr/bin/cmake --build /home/maroqi/Projects/ROS2Projects/first_ws/build/tutorial_interfaces -- -j2 -l2
[9.533s] [35m[1mScanning dependencies of target tutorial_interfaces__cpp[0m
[9.544s] [  2%] [34m[1mGenerating C code for ROS interfaces[0m
[9.575s] [  5%] [34m[1mGenerating C++ code for ROS interfaces[0m
[11.121s] [  5%] Built target tutorial_interfaces__cpp
[11.206s] [  7%] [34m[1mGenerating C++ type support dispatch for ROS interfaces[0m
[11.216s] [35m[1mScanning dependencies of target tutorial_interfaces__rosidl_generator_c[0m
[11.304s] [ 10%] [32mBuilding C object CMakeFiles/tutorial_interfaces__rosidl_generator_c.dir/rosidl_generator_c/tutorial_interfaces/msg/detail/num__functions.c.o[0m
[11.566s] [ 12%] [32mBuilding C object CMakeFiles/tutorial_interfaces__rosidl_generator_c.dir/rosidl_generator_c/tutorial_interfaces/srv/detail/add_three_ints__functions.c.o[0m
[11.789s] [ 15%] [32m[1mLinking C shared library libtutorial_interfaces__rosidl_generator_c.so[0m
[11.975s] [ 15%] Built target tutorial_interfaces__rosidl_generator_c
[12.000s] [ 17%] [34m[1mGenerating C++ type support for eProsima Fast-RTPS[0m
[12.287s] [35m[1mScanning dependencies of target tutorial_interfaces__rosidl_typesupport_cpp[0m
[12.572s] [ 20%] [32mBuilding CXX object CMakeFiles/tutorial_interfaces__rosidl_typesupport_cpp.dir/rosidl_typesupport_cpp/tutorial_interfaces/msg/num__type_support.cpp.o[0m
[13.149s] [35m[1mScanning dependencies of target tutorial_interfaces__rosidl_typesupport_fastrtps_cpp[0m
[13.390s] [ 23%] [32mBuilding CXX object CMakeFiles/tutorial_interfaces__rosidl_typesupport_fastrtps_cpp.dir/rosidl_typesupport_fastrtps_cpp/tutorial_interfaces/msg/detail/dds_fastrtps/num__type_support.cpp.o[0m
[13.942s] [ 25%] [32mBuilding CXX object CMakeFiles/tutorial_interfaces__rosidl_typesupport_cpp.dir/rosidl_typesupport_cpp/tutorial_interfaces/srv/add_three_ints__type_support.cpp.o[0m
[15.663s] [ 28%] [32m[1mLinking CXX shared library libtutorial_interfaces__rosidl_typesupport_cpp.so[0m
[15.883s] [ 28%] Built target tutorial_interfaces__rosidl_typesupport_cpp
[15.916s] [ 30%] [32mBuilding CXX object CMakeFiles/tutorial_interfaces__rosidl_typesupport_fastrtps_cpp.dir/rosidl_typesupport_fastrtps_cpp/tutorial_interfaces/srv/detail/dds_fastrtps/add_three_ints__type_support.cpp.o[0m
[16.115s] [ 33%] [34m[1mGenerating C introspection for ROS interfaces[0m
[17.575s] [35m[1mScanning dependencies of target tutorial_interfaces__rosidl_typesupport_introspection_c[0m
[17.660s] [ 35%] [32mBuilding C object CMakeFiles/tutorial_interfaces__rosidl_typesupport_introspection_c.dir/rosidl_typesupport_introspection_c/tutorial_interfaces/msg/detail/num__type_support.c.o[0m
[17.813s] [ 38%] [32mBuilding C object CMakeFiles/tutorial_interfaces__rosidl_typesupport_introspection_c.dir/rosidl_typesupport_introspection_c/tutorial_interfaces/srv/detail/add_three_ints__type_support.c.o[0m
[17.972s] [ 41%] [32m[1mLinking C shared library libtutorial_interfaces__rosidl_typesupport_introspection_c.so[0m
[18.088s] [ 43%] [32m[1mLinking CXX shared library libtutorial_interfaces__rosidl_typesupport_fastrtps_cpp.so[0m
[18.096s] [ 43%] Built target tutorial_interfaces__rosidl_typesupport_introspection_c
[18.133s] [ 46%] [34m[1mGenerating C type support dispatch for ROS interfaces[0m
[18.675s] [ 46%] Built target tutorial_interfaces__rosidl_typesupport_fastrtps_cpp
[18.716s] [ 48%] [34m[1mGenerating C++ introspection for ROS interfaces[0m
[19.197s] [35m[1mScanning dependencies of target tutorial_interfaces__rosidl_typesupport_c[0m
[19.269s] [ 51%] [32mBuilding CXX object CMakeFiles/tutorial_interfaces__rosidl_typesupport_c.dir/rosidl_typesupport_c/tutorial_interfaces/msg/num__type_support.cpp.o[0m
[19.440s] [ 53%] [32mBuilding CXX object CMakeFiles/tutorial_interfaces__rosidl_typesupport_c.dir/rosidl_typesupport_c/tutorial_interfaces/srv/add_three_ints__type_support.cpp.o[0m
[19.635s] [ 56%] [32m[1mLinking CXX shared library libtutorial_interfaces__rosidl_typesupport_c.so[0m
[19.852s] [ 56%] Built target tutorial_interfaces__rosidl_typesupport_c
[19.896s] [ 58%] [34m[1mGenerating C type support for eProsima Fast-RTPS[0m
[20.213s] [35m[1mScanning dependencies of target tutorial_interfaces__rosidl_typesupport_introspection_cpp[0m
[20.292s] [ 61%] [32mBuilding CXX object CMakeFiles/tutorial_interfaces__rosidl_typesupport_introspection_cpp.dir/rosidl_typesupport_introspection_cpp/tutorial_interfaces/msg/detail/num__type_support.cpp.o[0m
[21.380s] [35m[1mScanning dependencies of target tutorial_interfaces__rosidl_typesupport_fastrtps_c[0m
[21.511s] [ 64%] [32mBuilding CXX object CMakeFiles/tutorial_interfaces__rosidl_typesupport_fastrtps_c.dir/rosidl_typesupport_fastrtps_c/tutorial_interfaces/msg/detail/num__type_support_c.cpp.o[0m
[21.866s] [ 66%] [32mBuilding CXX object CMakeFiles/tutorial_interfaces__rosidl_typesupport_introspection_cpp.dir/rosidl_typesupport_introspection_cpp/tutorial_interfaces/srv/detail/add_three_ints__type_support.cpp.o[0m
[23.474s] [ 69%] [32m[1mLinking CXX shared library libtutorial_interfaces__rosidl_typesupport_introspection_cpp.so[0m
[23.620s] [ 71%] [32mBuilding CXX object CMakeFiles/tutorial_interfaces__rosidl_typesupport_fastrtps_c.dir/rosidl_typesupport_fastrtps_c/tutorial_interfaces/srv/detail/add_three_ints__type_support_c.cpp.o[0m
[23.640s] [ 71%] Built target tutorial_interfaces__rosidl_typesupport_introspection_cpp
[24.770s] [ 74%] [32m[1mLinking CXX shared library libtutorial_interfaces__rosidl_typesupport_fastrtps_c.so[0m
[25.028s] [ 74%] Built target tutorial_interfaces__rosidl_typesupport_fastrtps_c
[25.050s] [35m[1mScanning dependencies of target tutorial_interfaces[0m
[25.072s] [ 74%] Built target tutorial_interfaces
[25.095s] [35m[1mScanning dependencies of target tutorial_interfaces__py[0m
[25.117s] [ 76%] [34m[1mGenerating Python code for ROS interfaces[0m
[27.697s] [ 76%] Built target tutorial_interfaces__py
[27.744s] [35m[1mScanning dependencies of target tutorial_interfaces__python[0m
[27.917s] [ 79%] [32mBuilding C object CMakeFiles/tutorial_interfaces__python.dir/rosidl_generator_py/tutorial_interfaces/msg/_num_s.c.o[0m
[27.952s] [ 82%] [32mBuilding C object CMakeFiles/tutorial_interfaces__python.dir/rosidl_generator_py/tutorial_interfaces/srv/_add_three_ints_s.c.o[0m
[28.555s] [ 84%] [32m[1mLinking C shared library rosidl_generator_py/tutorial_interfaces/libtutorial_interfaces__python.so[0m
[28.759s] [ 84%] Built target tutorial_interfaces__python
[28.785s] [35m[1mScanning dependencies of target tutorial_interfaces__rosidl_typesupport_introspection_c__pyext[0m
[28.802s] [35m[1mScanning dependencies of target tutorial_interfaces__rosidl_typesupport_c__pyext[0m
[28.879s] [ 87%] [32mBuilding C object CMakeFiles/tutorial_interfaces__rosidl_typesupport_c__pyext.dir/rosidl_generator_py/tutorial_interfaces/_tutorial_interfaces_s.ep.rosidl_typesupport_c.c.o[0m
[28.894s] [ 89%] [32mBuilding C object CMakeFiles/tutorial_interfaces__rosidl_typesupport_introspection_c__pyext.dir/rosidl_generator_py/tutorial_interfaces/_tutorial_interfaces_s.ep.rosidl_typesupport_introspection_c.c.o[0m
[29.288s] [ 92%] [32m[1mLinking C shared library rosidl_generator_py/tutorial_interfaces/tutorial_interfaces_s__rosidl_typesupport_c.cpython-38-x86_64-linux-gnu.so[0m
[29.326s] [ 94%] [32m[1mLinking C shared library rosidl_generator_py/tutorial_interfaces/tutorial_interfaces_s__rosidl_typesupport_introspection_c.cpython-38-x86_64-linux-gnu.so[0m
[29.445s] [ 94%] Built target tutorial_interfaces__rosidl_typesupport_c__pyext
[29.507s] [35m[1mScanning dependencies of target tutorial_interfaces__rosidl_typesupport_fastrtps_c__pyext[0m
[29.542s] [ 94%] Built target tutorial_interfaces__rosidl_typesupport_introspection_c__pyext
[29.584s] [ 97%] [32mBuilding C object CMakeFiles/tutorial_interfaces__rosidl_typesupport_fastrtps_c__pyext.dir/rosidl_generator_py/tutorial_interfaces/_tutorial_interfaces_s.ep.rosidl_typesupport_fastrtps_c.c.o[0m
[29.875s] [100%] [32m[1mLinking CXX shared library rosidl_generator_py/tutorial_interfaces/tutorial_interfaces_s__rosidl_typesupport_fastrtps_c.cpython-38-x86_64-linux-gnu.so[0m
[30.079s] [100%] Built target tutorial_interfaces__rosidl_typesupport_fastrtps_c__pyext
[30.120s] Invoked command in '/home/maroqi/Projects/ROS2Projects/first_ws/build/tutorial_interfaces' returned '0': CMAKE_PREFIX_PATH=/opt/ros/foxy /usr/bin/cmake --build /home/maroqi/Projects/ROS2Projects/first_ws/build/tutorial_interfaces -- -j2 -l2
[30.386s] Invoking command in '/home/maroqi/Projects/ROS2Projects/first_ws/build/tutorial_interfaces': CMAKE_PREFIX_PATH=/opt/ros/foxy /usr/bin/cmake --install /home/maroqi/Projects/ROS2Projects/first_ws/build/tutorial_interfaces
[30.416s] -- Install configuration: ""
[30.418s] -- Installing: /home/maroqi/Projects/ROS2Projects/first_ws/install/tutorial_interfaces/share/ament_index/resource_index/rosidl_interfaces/tutorial_interfaces
[30.422s] -- Installing: /home/maroqi/Projects/ROS2Projects/first_ws/install/tutorial_interfaces/include/tutorial_interfaces
[30.422s] -- Installing: /home/maroqi/Projects/ROS2Projects/first_ws/install/tutorial_interfaces/include/tutorial_interfaces/srv
[30.423s] -- Installing: /home/maroqi/Projects/ROS2Projects/first_ws/install/tutorial_interfaces/include/tutorial_interfaces/srv/detail
[30.423s] -- Installing: /home/maroqi/Projects/ROS2Projects/first_ws/install/tutorial_interfaces/include/tutorial_interfaces/srv/detail/add_three_ints__type_support.h
[30.423s] -- Installing: /home/maroqi/Projects/ROS2Projects/first_ws/install/tutorial_interfaces/include/tutorial_interfaces/srv/detail/add_three_ints__functions.c
[30.424s] -- Installing: /home/maroqi/Projects/ROS2Projects/first_ws/install/tutorial_interfaces/include/tutorial_interfaces/srv/detail/add_three_ints__functions.h
[30.424s] -- Installing: /home/maroqi/Projects/ROS2Projects/first_ws/install/tutorial_interfaces/include/tutorial_interfaces/srv/detail/add_three_ints__struct.h
[30.424s] -- Installing: /home/maroqi/Projects/ROS2Projects/first_ws/install/tutorial_interfaces/include/tutorial_interfaces/srv/add_three_ints.h
[30.425s] -- Installing: /home/maroqi/Projects/ROS2Projects/first_ws/install/tutorial_interfaces/include/tutorial_interfaces/msg
[30.426s] -- Installing: /home/maroqi/Projects/ROS2Projects/first_ws/install/tutorial_interfaces/include/tutorial_interfaces/msg/rosidl_generator_c__visibility_control.h
[30.426s] -- Installing: /home/maroqi/Projects/ROS2Projects/first_ws/install/tutorial_interfaces/include/tutorial_interfaces/msg/detail
[30.426s] -- Installing: /home/maroqi/Projects/ROS2Projects/first_ws/install/tutorial_interfaces/include/tutorial_interfaces/msg/detail/num__functions.c
[30.426s] -- Installing: /home/maroqi/Projects/ROS2Projects/first_ws/install/tutorial_interfaces/include/tutorial_interfaces/msg/detail/num__functions.h
[30.427s] -- Installing: /home/maroqi/Projects/ROS2Projects/first_ws/install/tutorial_interfaces/include/tutorial_interfaces/msg/detail/num__struct.h
[30.427s] -- Installing: /home/maroqi/Projects/ROS2Projects/first_ws/install/tutorial_interfaces/include/tutorial_interfaces/msg/detail/num__type_support.h
[30.427s] -- Installing: /home/maroqi/Projects/ROS2Projects/first_ws/install/tutorial_interfaces/include/tutorial_interfaces/msg/num.h
[30.427s] -- Installing: /home/maroqi/Projects/ROS2Projects/first_ws/install/tutorial_interfaces/share/tutorial_interfaces/environment/library_path.sh
[30.428s] -- Installing: /home/maroqi/Projects/ROS2Projects/first_ws/install/tutorial_interfaces/share/tutorial_interfaces/environment/library_path.dsv
[30.445s] -- Installing: /home/maroqi/Projects/ROS2Projects/first_ws/install/tutorial_interfaces/lib/libtutorial_interfaces__rosidl_generator_c.so
[30.445s] -- Set runtime path of "/home/maroqi/Projects/ROS2Projects/first_ws/install/tutorial_interfaces/lib/libtutorial_interfaces__rosidl_generator_c.so" to ""
[30.446s] -- Up-to-date: /home/maroqi/Projects/ROS2Projects/first_ws/install/tutorial_interfaces/include/tutorial_interfaces
[30.446s] -- Up-to-date: /home/maroqi/Projects/ROS2Projects/first_ws/install/tutorial_interfaces/include/tutorial_interfaces/srv
[30.446s] -- Up-to-date: /home/maroqi/Projects/ROS2Projects/first_ws/install/tutorial_interfaces/include/tutorial_interfaces/srv/detail
[30.446s] -- Installing: /home/maroqi/Projects/ROS2Projects/first_ws/install/tutorial_interfaces/include/tutorial_interfaces/srv/detail/add_three_ints__rosidl_typesupport_fastrtps_c.h
[30.447s] -- Up-to-date: /home/maroqi/Projects/ROS2Projects/first_ws/install/tutorial_interfaces/include/tutorial_interfaces/msg
[30.447s] -- Up-to-date: /home/maroqi/Projects/ROS2Projects/first_ws/install/tutorial_interfaces/include/tutorial_interfaces/msg/detail
[30.447s] -- Installing: /home/maroqi/Projects/ROS2Projects/first_ws/install/tutorial_interfaces/include/tutorial_interfaces/msg/detail/num__rosidl_typesupport_fastrtps_c.h
[30.448s] -- Installing: /home/maroqi/Projects/ROS2Projects/first_ws/install/tutorial_interfaces/include/tutorial_interfaces/msg/rosidl_typesupport_fastrtps_c__visibility_control.h
[30.448s] -- Installing: /home/maroqi/Projects/ROS2Projects/first_ws/install/tutorial_interfaces/lib/libtutorial_interfaces__rosidl_typesupport_fastrtps_c.so
[30.449s] -- Set runtime path of "/home/maroqi/Projects/ROS2Projects/first_ws/install/tutorial_interfaces/lib/libtutorial_interfaces__rosidl_typesupport_fastrtps_c.so" to ""
[30.451s] -- Up-to-date: /home/maroqi/Projects/ROS2Projects/first_ws/install/tutorial_interfaces/include/tutorial_interfaces
[30.451s] -- Up-to-date: /home/maroqi/Projects/ROS2Projects/first_ws/install/tutorial_interfaces/include/tutorial_interfaces/srv
[30.451s] -- Up-to-date: /home/maroqi/Projects/ROS2Projects/first_ws/install/tutorial_interfaces/include/tutorial_interfaces/srv/detail
[30.451s] -- Installing: /home/maroqi/Projects/ROS2Projects/first_ws/install/tutorial_interfaces/include/tutorial_interfaces/srv/detail/dds_fastrtps
[30.451s] -- Installing: /home/maroqi/Projects/ROS2Projects/first_ws/install/tutorial_interfaces/include/tutorial_interfaces/srv/detail/add_three_ints__rosidl_typesupport_fastrtps_cpp.hpp
[30.452s] -- Up-to-date: /home/maroqi/Projects/ROS2Projects/first_ws/install/tutorial_interfaces/include/tutorial_interfaces/msg
[30.452s] -- Up-to-date: /home/maroqi/Projects/ROS2Projects/first_ws/install/tutorial_interfaces/include/tutorial_interfaces/msg/detail
[30.452s] -- Installing: /home/maroqi/Projects/ROS2Projects/first_ws/install/tutorial_interfaces/include/tutorial_interfaces/msg/detail/num__rosidl_typesupport_fastrtps_cpp.hpp
[30.455s] -- Installing: /home/maroqi/Projects/ROS2Projects/first_ws/install/tutorial_interfaces/include/tutorial_interfaces/msg/detail/dds_fastrtps
[30.456s] -- Installing: /home/maroqi/Projects/ROS2Projects/first_ws/install/tutorial_interfaces/include/tutorial_interfaces/msg/rosidl_typesupport_fastrtps_cpp__visibility_control.h
[30.456s] -- Installing: /home/maroqi/Projects/ROS2Projects/first_ws/install/tutorial_interfaces/lib/libtutorial_interfaces__rosidl_typesupport_fastrtps_cpp.so
[30.457s] -- Set runtime path of "/home/maroqi/Projects/ROS2Projects/first_ws/install/tutorial_interfaces/lib/libtutorial_interfaces__rosidl_typesupport_fastrtps_cpp.so" to ""
[30.458s] -- Up-to-date: /home/maroqi/Projects/ROS2Projects/first_ws/install/tutorial_interfaces/include/tutorial_interfaces
[30.460s] -- Up-to-date: /home/maroqi/Projects/ROS2Projects/first_ws/install/tutorial_interfaces/include/tutorial_interfaces/srv
[30.461s] -- Up-to-date: /home/maroqi/Projects/ROS2Projects/first_ws/install/tutorial_interfaces/include/tutorial_interfaces/srv/detail
[30.461s] -- Installing: /home/maroqi/Projects/ROS2Projects/first_ws/install/tutorial_interfaces/include/tutorial_interfaces/srv/detail/add_three_ints__rosidl_typesupport_introspection_c.h
[30.461s] -- Installing: /home/maroqi/Projects/ROS2Projects/first_ws/install/tutorial_interfaces/include/tutorial_interfaces/srv/detail/add_three_ints__type_support.c
[30.461s] -- Up-to-date: /home/maroqi/Projects/ROS2Projects/first_ws/install/tutorial_interfaces/include/tutorial_interfaces/msg
[30.463s] -- Up-to-date: /home/maroqi/Projects/ROS2Projects/first_ws/install/tutorial_interfaces/include/tutorial_interfaces/msg/detail
[30.466s] -- Installing: /home/maroqi/Projects/ROS2Projects/first_ws/install/tutorial_interfaces/include/tutorial_interfaces/msg/detail/num__type_support.c
[30.466s] -- Installing: /home/maroqi/Projects/ROS2Projects/first_ws/install/tutorial_interfaces/include/tutorial_interfaces/msg/detail/num__rosidl_typesupport_introspection_c.h
[30.469s] -- Installing: /home/maroqi/Projects/ROS2Projects/first_ws/install/tutorial_interfaces/include/tutorial_interfaces/msg/rosidl_typesupport_introspection_c__visibility_control.h
[30.470s] -- Installing: /home/maroqi/Projects/ROS2Projects/first_ws/install/tutorial_interfaces/lib/libtutorial_interfaces__rosidl_typesupport_introspection_c.so
[30.470s] -- Set runtime path of "/home/maroqi/Projects/ROS2Projects/first_ws/install/tutorial_interfaces/lib/libtutorial_interfaces__rosidl_typesupport_introspection_c.so" to ""
[30.471s] -- Installing: /home/maroqi/Projects/ROS2Projects/first_ws/install/tutorial_interfaces/lib/libtutorial_interfaces__rosidl_typesupport_c.so
[30.471s] -- Set runtime path of "/home/maroqi/Projects/ROS2Projects/first_ws/install/tutorial_interfaces/lib/libtutorial_interfaces__rosidl_typesupport_c.so" to ""
[30.471s] -- Up-to-date: /home/maroqi/Projects/ROS2Projects/first_ws/install/tutorial_interfaces/include/tutorial_interfaces
[30.471s] -- Up-to-date: /home/maroqi/Projects/ROS2Projects/first_ws/install/tutorial_interfaces/include/tutorial_interfaces/srv
[30.472s] -- Up-to-date: /home/maroqi/Projects/ROS2Projects/first_ws/install/tutorial_interfaces/include/tutorial_interfaces/srv/detail
[30.473s] -- Installing: /home/maroqi/Projects/ROS2Projects/first_ws/install/tutorial_interfaces/include/tutorial_interfaces/srv/detail/add_three_ints__builder.hpp
[30.475s] -- Installing: /home/maroqi/Projects/ROS2Projects/first_ws/install/tutorial_interfaces/include/tutorial_interfaces/srv/detail/add_three_ints__traits.hpp
[30.475s] -- Installing: /home/maroqi/Projects/ROS2Projects/first_ws/install/tutorial_interfaces/include/tutorial_interfaces/srv/detail/add_three_ints__struct.hpp
[30.475s] -- Installing: /home/maroqi/Projects/ROS2Projects/first_ws/install/tutorial_interfaces/include/tutorial_interfaces/srv/add_three_ints.hpp
[30.475s] -- Up-to-date: /home/maroqi/Projects/ROS2Projects/first_ws/install/tutorial_interfaces/include/tutorial_interfaces/msg
[30.475s] -- Up-to-date: /home/maroqi/Projects/ROS2Projects/first_ws/install/tutorial_interfaces/include/tutorial_interfaces/msg/detail
[30.476s] -- Installing: /home/maroqi/Projects/ROS2Projects/first_ws/install/tutorial_interfaces/include/tutorial_interfaces/msg/detail/num__builder.hpp
[30.476s] -- Installing: /home/maroqi/Projects/ROS2Projects/first_ws/install/tutorial_interfaces/include/tutorial_interfaces/msg/detail/num__struct.hpp
[30.476s] -- Installing: /home/maroqi/Projects/ROS2Projects/first_ws/install/tutorial_interfaces/include/tutorial_interfaces/msg/detail/num__traits.hpp
[30.476s] -- Installing: /home/maroqi/Projects/ROS2Projects/first_ws/install/tutorial_interfaces/include/tutorial_interfaces/msg/num.hpp
[30.476s] -- Up-to-date: /home/maroqi/Projects/ROS2Projects/first_ws/install/tutorial_interfaces/include/tutorial_interfaces
[30.477s] -- Up-to-date: /home/maroqi/Projects/ROS2Projects/first_ws/install/tutorial_interfaces/include/tutorial_interfaces/srv
[30.477s] -- Up-to-date: /home/maroqi/Projects/ROS2Projects/first_ws/install/tutorial_interfaces/include/tutorial_interfaces/srv/detail
[30.477s] -- Installing: /home/maroqi/Projects/ROS2Projects/first_ws/install/tutorial_interfaces/include/tutorial_interfaces/srv/detail/add_three_ints__rosidl_typesupport_introspection_cpp.hpp
[30.477s] -- Installing: /home/maroqi/Projects/ROS2Projects/first_ws/install/tutorial_interfaces/include/tutorial_interfaces/srv/detail/add_three_ints__type_support.cpp
[30.477s] -- Up-to-date: /home/maroqi/Projects/ROS2Projects/first_ws/install/tutorial_interfaces/include/tutorial_interfaces/msg
[30.478s] -- Up-to-date: /home/maroqi/Projects/ROS2Projects/first_ws/install/tutorial_interfaces/include/tutorial_interfaces/msg/detail
[30.478s] -- Installing: /home/maroqi/Projects/ROS2Projects/first_ws/install/tutorial_interfaces/include/tutorial_interfaces/msg/detail/num__rosidl_typesupport_introspection_cpp.hpp
[30.478s] -- Installing: /home/maroqi/Projects/ROS2Projects/first_ws/install/tutorial_interfaces/include/tutorial_interfaces/msg/detail/num__type_support.cpp
[30.478s] -- Installing: /home/maroqi/Projects/ROS2Projects/first_ws/install/tutorial_interfaces/lib/libtutorial_interfaces__rosidl_typesupport_introspection_cpp.so
[30.485s] -- Set runtime path of "/home/maroqi/Projects/ROS2Projects/first_ws/install/tutorial_interfaces/lib/libtutorial_interfaces__rosidl_typesupport_introspection_cpp.so" to ""
[30.488s] -- Installing: /home/maroqi/Projects/ROS2Projects/first_ws/install/tutorial_interfaces/lib/libtutorial_interfaces__rosidl_typesupport_cpp.so
[30.488s] -- Set runtime path of "/home/maroqi/Projects/ROS2Projects/first_ws/install/tutorial_interfaces/lib/libtutorial_interfaces__rosidl_typesupport_cpp.so" to ""
[30.488s] -- Installing: /home/maroqi/Projects/ROS2Projects/first_ws/install/tutorial_interfaces/share/tutorial_interfaces/environment/pythonpath.sh
[30.488s] -- Installing: /home/maroqi/Projects/ROS2Projects/first_ws/install/tutorial_interfaces/share/tutorial_interfaces/environment/pythonpath.dsv
[30.489s] -- Installing: /home/maroqi/Projects/ROS2Projects/first_ws/install/tutorial_interfaces/lib/python3.8/site-packages/tutorial_interfaces/__init__.py
[30.626s] Compiling '/home/maroqi/Projects/ROS2Projects/first_ws/install/tutorial_interfaces/lib/python3.8/site-packages/tutorial_interfaces/__init__.py'...
[30.647s] -- Installing: /home/maroqi/Projects/ROS2Projects/first_ws/install/tutorial_interfaces/lib/python3.8/site-packages/tutorial_interfaces/msg
[30.648s] -- Installing: /home/maroqi/Projects/ROS2Projects/first_ws/install/tutorial_interfaces/lib/python3.8/site-packages/tutorial_interfaces/msg/_num_s.c
[30.648s] -- Installing: /home/maroqi/Projects/ROS2Projects/first_ws/install/tutorial_interfaces/lib/python3.8/site-packages/tutorial_interfaces/msg/__init__.py
[30.648s] -- Installing: /home/maroqi/Projects/ROS2Projects/first_ws/install/tutorial_interfaces/lib/python3.8/site-packages/tutorial_interfaces/msg/_num.py
[30.649s] -- Installing: /home/maroqi/Projects/ROS2Projects/first_ws/install/tutorial_interfaces/lib/python3.8/site-packages/tutorial_interfaces/srv
[30.649s] -- Installing: /home/maroqi/Projects/ROS2Projects/first_ws/install/tutorial_interfaces/lib/python3.8/site-packages/tutorial_interfaces/srv/_add_three_ints.py
[30.649s] -- Installing: /home/maroqi/Projects/ROS2Projects/first_ws/install/tutorial_interfaces/lib/python3.8/site-packages/tutorial_interfaces/srv/_add_three_ints_s.c
[30.650s] -- Installing: /home/maroqi/Projects/ROS2Projects/first_ws/install/tutorial_interfaces/lib/python3.8/site-packages/tutorial_interfaces/srv/__init__.py
[30.650s] -- Installing: /home/maroqi/Projects/ROS2Projects/first_ws/install/tutorial_interfaces/lib/python3.8/site-packages/tutorial_interfaces/tutorial_interfaces_s__rosidl_typesupport_fastrtps_c.cpython-38-x86_64-linux-gnu.so
[30.654s] -- Set runtime path of "/home/maroqi/Projects/ROS2Projects/first_ws/install/tutorial_interfaces/lib/python3.8/site-packages/tutorial_interfaces/tutorial_interfaces_s__rosidl_typesupport_fastrtps_c.cpython-38-x86_64-linux-gnu.so" to ""
[30.655s] -- Installing: /home/maroqi/Projects/ROS2Projects/first_ws/install/tutorial_interfaces/lib/python3.8/site-packages/tutorial_interfaces/tutorial_interfaces_s__rosidl_typesupport_introspection_c.cpython-38-x86_64-linux-gnu.so
[30.656s] -- Set runtime path of "/home/maroqi/Projects/ROS2Projects/first_ws/install/tutorial_interfaces/lib/python3.8/site-packages/tutorial_interfaces/tutorial_interfaces_s__rosidl_typesupport_introspection_c.cpython-38-x86_64-linux-gnu.so" to ""
[30.657s] -- Installing: /home/maroqi/Projects/ROS2Projects/first_ws/install/tutorial_interfaces/lib/python3.8/site-packages/tutorial_interfaces/tutorial_interfaces_s__rosidl_typesupport_c.cpython-38-x86_64-linux-gnu.so
[30.658s] -- Set runtime path of "/home/maroqi/Projects/ROS2Projects/first_ws/install/tutorial_interfaces/lib/python3.8/site-packages/tutorial_interfaces/tutorial_interfaces_s__rosidl_typesupport_c.cpython-38-x86_64-linux-gnu.so" to ""
[30.658s] -- Installing: /home/maroqi/Projects/ROS2Projects/first_ws/install/tutorial_interfaces/lib/libtutorial_interfaces__python.so
[30.659s] -- Set runtime path of "/home/maroqi/Projects/ROS2Projects/first_ws/install/tutorial_interfaces/lib/libtutorial_interfaces__python.so" to ""
[30.659s] -- Installing: /home/maroqi/Projects/ROS2Projects/first_ws/install/tutorial_interfaces/share/tutorial_interfaces/msg/Num.idl
[30.660s] -- Installing: /home/maroqi/Projects/ROS2Projects/first_ws/install/tutorial_interfaces/share/tutorial_interfaces/srv/AddThreeInts.idl
[30.660s] -- Installing: /home/maroqi/Projects/ROS2Projects/first_ws/install/tutorial_interfaces/share/tutorial_interfaces/msg/Num.msg
[30.661s] -- Installing: /home/maroqi/Projects/ROS2Projects/first_ws/install/tutorial_interfaces/share/tutorial_interfaces/srv/AddThreeInts.srv
[30.661s] -- Installing: /home/maroqi/Projects/ROS2Projects/first_ws/install/tutorial_interfaces/share/tutorial_interfaces/srv/AddThreeInts_Request.msg
[30.661s] -- Installing: /home/maroqi/Projects/ROS2Projects/first_ws/install/tutorial_interfaces/share/tutorial_interfaces/srv/AddThreeInts_Response.msg
[30.661s] -- Installing: /home/maroqi/Projects/ROS2Projects/first_ws/install/tutorial_interfaces/share/ament_index/resource_index/package_run_dependencies/tutorial_interfaces
[30.667s] -- Installing: /home/maroqi/Projects/ROS2Projects/first_ws/install/tutorial_interfaces/share/ament_index/resource_index/parent_prefix_path/tutorial_interfaces
[30.668s] -- Installing: /home/maroqi/Projects/ROS2Projects/first_ws/install/tutorial_interfaces/share/tutorial_interfaces/environment/ament_prefix_path.sh
[30.668s] -- Installing: /home/maroqi/Projects/ROS2Projects/first_ws/install/tutorial_interfaces/share/tutorial_interfaces/environment/ament_prefix_path.dsv
[30.669s] -- Installing: /home/maroqi/Projects/ROS2Projects/first_ws/install/tutorial_interfaces/share/tutorial_interfaces/environment/path.sh
[30.670s] -- Installing: /home/maroqi/Projects/ROS2Projects/first_ws/install/tutorial_interfaces/share/tutorial_interfaces/environment/path.dsv
[30.670s] -- Installing: /home/maroqi/Projects/ROS2Projects/first_ws/install/tutorial_interfaces/share/tutorial_interfaces/local_setup.bash
[30.670s] -- Installing: /home/maroqi/Projects/ROS2Projects/first_ws/install/tutorial_interfaces/share/tutorial_interfaces/local_setup.sh
[30.671s] -- Installing: /home/maroqi/Projects/ROS2Projects/first_ws/install/tutorial_interfaces/share/tutorial_interfaces/local_setup.zsh
[30.671s] -- Installing: /home/maroqi/Projects/ROS2Projects/first_ws/install/tutorial_interfaces/share/tutorial_interfaces/local_setup.dsv
[30.671s] -- Installing: /home/maroqi/Projects/ROS2Projects/first_ws/install/tutorial_interfaces/share/tutorial_interfaces/package.dsv
[30.672s] -- Installing: /home/maroqi/Projects/ROS2Projects/first_ws/install/tutorial_interfaces/share/ament_index/resource_index/packages/tutorial_interfaces
[30.672s] -- Installing: /home/maroqi/Projects/ROS2Projects/first_ws/install/tutorial_interfaces/share/tutorial_interfaces/cmake/tutorial_interfaces__rosidl_generator_cExport.cmake
[30.673s] -- Installing: /home/maroqi/Projects/ROS2Projects/first_ws/install/tutorial_interfaces/share/tutorial_interfaces/cmake/tutorial_interfaces__rosidl_generator_cExport-noconfig.cmake
[30.674s] -- Installing: /home/maroqi/Projects/ROS2Projects/first_ws/install/tutorial_interfaces/share/tutorial_interfaces/cmake/tutorial_interfaces__rosidl_typesupport_introspection_cExport.cmake
[30.676s] -- Installing: /home/maroqi/Projects/ROS2Projects/first_ws/install/tutorial_interfaces/share/tutorial_interfaces/cmake/tutorial_interfaces__rosidl_typesupport_introspection_cExport-noconfig.cmake
[30.676s] -- Installing: /home/maroqi/Projects/ROS2Projects/first_ws/install/tutorial_interfaces/share/tutorial_interfaces/cmake/tutorial_interfaces__rosidl_typesupport_cExport.cmake
[30.678s] -- Installing: /home/maroqi/Projects/ROS2Projects/first_ws/install/tutorial_interfaces/share/tutorial_interfaces/cmake/tutorial_interfaces__rosidl_typesupport_cExport-noconfig.cmake
[30.679s] -- Installing: /home/maroqi/Projects/ROS2Projects/first_ws/install/tutorial_interfaces/share/tutorial_interfaces/cmake/tutorial_interfaces__rosidl_generator_cppExport.cmake
[30.679s] -- Installing: /home/maroqi/Projects/ROS2Projects/first_ws/install/tutorial_interfaces/share/tutorial_interfaces/cmake/tutorial_interfaces__rosidl_typesupport_introspection_cppExport.cmake
[30.679s] -- Installing: /home/maroqi/Projects/ROS2Projects/first_ws/install/tutorial_interfaces/share/tutorial_interfaces/cmake/tutorial_interfaces__rosidl_typesupport_introspection_cppExport-noconfig.cmake
[30.679s] -- Installing: /home/maroqi/Projects/ROS2Projects/first_ws/install/tutorial_interfaces/share/tutorial_interfaces/cmake/tutorial_interfaces__rosidl_typesupport_cppExport.cmake
[30.680s] -- Installing: /home/maroqi/Projects/ROS2Projects/first_ws/install/tutorial_interfaces/share/tutorial_interfaces/cmake/tutorial_interfaces__rosidl_typesupport_cppExport-noconfig.cmake
[30.680s] -- Installing: /home/maroqi/Projects/ROS2Projects/first_ws/install/tutorial_interfaces/share/tutorial_interfaces/cmake/rosidl_cmake-extras.cmake
[30.680s] -- Installing: /home/maroqi/Projects/ROS2Projects/first_ws/install/tutorial_interfaces/share/tutorial_interfaces/cmake/ament_cmake_export_dependencies-extras.cmake
[30.680s] -- Installing: /home/maroqi/Projects/ROS2Projects/first_ws/install/tutorial_interfaces/share/tutorial_interfaces/cmake/ament_cmake_export_libraries-extras.cmake
[30.681s] -- Installing: /home/maroqi/Projects/ROS2Projects/first_ws/install/tutorial_interfaces/share/tutorial_interfaces/cmake/ament_cmake_export_targets-extras.cmake
[30.681s] -- Installing: /home/maroqi/Projects/ROS2Projects/first_ws/install/tutorial_interfaces/share/tutorial_interfaces/cmake/ament_cmake_export_include_directories-extras.cmake
[30.681s] -- Installing: /home/maroqi/Projects/ROS2Projects/first_ws/install/tutorial_interfaces/share/tutorial_interfaces/cmake/rosidl_cmake_export_typesupport_libraries-extras.cmake
[30.681s] -- Installing: /home/maroqi/Projects/ROS2Projects/first_ws/install/tutorial_interfaces/share/tutorial_interfaces/cmake/rosidl_cmake_export_typesupport_targets-extras.cmake
[30.686s] -- Installing: /home/maroqi/Projects/ROS2Projects/first_ws/install/tutorial_interfaces/share/tutorial_interfaces/cmake/tutorial_interfacesConfig.cmake
[30.687s] -- Installing: /home/maroqi/Projects/ROS2Projects/first_ws/install/tutorial_interfaces/share/tutorial_interfaces/cmake/tutorial_interfacesConfig-version.cmake
[30.687s] -- Installing: /home/maroqi/Projects/ROS2Projects/first_ws/install/tutorial_interfaces/share/tutorial_interfaces/package.xml
[30.694s] Invoked command in '/home/maroqi/Projects/ROS2Projects/first_ws/build/tutorial_interfaces' returned '0': CMAKE_PREFIX_PATH=/opt/ros/foxy /usr/bin/cmake --install /home/maroqi/Projects/ROS2Projects/first_ws/build/tutorial_interfaces
