[0.390s] DEBUG:colcon:Command line arguments: ['/usr/bin/colcon', 'build', '--packages-select', 'my_package']
[0.391s] DEBUG:colcon:Parsed command line arguments: Namespace(ament_cmake_args=None, base_paths=['.'], build_base='build', catkin_cmake_args=None, catkin_skip_building_tests=False, cmake_args=None, cmake_clean_cache=False, cmake_clean_first=False, cmake_force_configure=False, cmake_target=None, cmake_target_skip_unavailable=False, continue_on_error=False, event_handlers=None, executor='parallel', ignore_user_meta=False, install_base='install', log_base=None, log_level=None, main=<bound method BuildVerb.main of <colcon_core.verb.build.BuildVerb object at 0x7f1a572337f0>>, merge_install=False, metas=['./colcon.meta'], packages_above=None, packages_above_and_dependencies=None, packages_above_depth=None, packages_end=None, packages_ignore=None, packages_ignore_regex=None, packages_select=['my_package'], packages_select_build_failed=False, packages_select_by_dep=None, packages_select_regex=None, packages_select_test_failures=False, packages_skip=None, packages_skip_build_finished=False, packages_skip_by_dep=None, packages_skip_regex=None, packages_skip_test_passed=False, packages_skip_up_to=None, packages_start=None, packages_up_to=None, packages_up_to_regex=None, parallel_workers=2, paths=None, symlink_install=False, test_result_base=None, verb_extension=<colcon_core.verb.build.BuildVerb object at 0x7f1a572337f0>, verb_name='build', verb_parser=<colcon_defaults.argument_parser.defaults.DefaultArgumentsDecorator object at 0x7f1a5723f4f0>)
[0.413s] Level 1:colcon.colcon_core.package_discovery:discover_packages(colcon_meta) check parameters
[0.413s] Level 1:colcon.colcon_core.package_discovery:discover_packages(recursive) check parameters
[0.413s] Level 1:colcon.colcon_core.package_discovery:discover_packages(ignore) check parameters
[0.414s] Level 1:colcon.colcon_core.package_discovery:discover_packages(path) check parameters
[0.414s] Level 1:colcon.colcon_core.package_discovery:discover_packages(colcon_meta) discover
[0.414s] Level 1:colcon.colcon_core.package_discovery:discover_packages(recursive) discover
[0.414s] INFO:colcon.colcon_core.package_discovery:Crawling recursively for packages in '/home/maroqi/Projects/ROS2Projects/ros2-tutorial'
[0.416s] Level 1:colcon.colcon_core.package_identification:_identify(.) by extensions ['ignore', 'ignore_ament_install']
[0.416s] Level 1:colcon.colcon_core.package_identification:_identify(.) by extension 'ignore'
[0.416s] Level 1:colcon.colcon_core.package_identification:_identify(.) by extension 'ignore_ament_install'
[0.417s] Level 1:colcon.colcon_core.package_identification:_identify(.) by extensions ['colcon_pkg']
[0.417s] Level 1:colcon.colcon_core.package_identification:_identify(.) by extension 'colcon_pkg'
[0.417s] Level 1:colcon.colcon_core.package_identification:_identify(.) by extensions ['colcon_meta']
[0.417s] Level 1:colcon.colcon_core.package_identification:_identify(.) by extension 'colcon_meta'
[0.417s] Level 1:colcon.colcon_core.package_identification:_identify(.) by extensions ['ros']
[0.417s] Level 1:colcon.colcon_core.package_identification:_identify(.) by extension 'ros'
[0.448s] Level 1:colcon.colcon_core.package_identification:_identify(.) by extensions ['cmake', 'python']
[0.448s] Level 1:colcon.colcon_core.package_identification:_identify(.) by extension 'cmake'
[0.448s] Level 1:colcon.colcon_core.package_identification:_identify(.) by extension 'python'
[0.448s] Level 1:colcon.colcon_core.package_identification:_identify(.) by extensions ['python_setup_py']
[0.448s] Level 1:colcon.colcon_core.package_identification:_identify(.) by extension 'python_setup_py'
[0.449s] Level 1:colcon.colcon_core.package_identification:_identify(build) by extensions ['ignore', 'ignore_ament_install']
[0.449s] Level 1:colcon.colcon_core.package_identification:_identify(build) by extension 'ignore'
[0.450s] Level 1:colcon.colcon_core.package_identification:_identify(build) ignored
[0.450s] Level 1:colcon.colcon_core.package_identification:_identify(install) by extensions ['ignore', 'ignore_ament_install']
[0.450s] Level 1:colcon.colcon_core.package_identification:_identify(install) by extension 'ignore'
[0.451s] Level 1:colcon.colcon_core.package_identification:_identify(install) ignored
[0.451s] Level 1:colcon.colcon_core.package_identification:_identify(log) by extensions ['ignore', 'ignore_ament_install']
[0.451s] Level 1:colcon.colcon_core.package_identification:_identify(log) by extension 'ignore'
[0.452s] Level 1:colcon.colcon_core.package_identification:_identify(log) ignored
[0.452s] Level 1:colcon.colcon_core.package_identification:_identify(src) by extensions ['ignore', 'ignore_ament_install']
[0.452s] Level 1:colcon.colcon_core.package_identification:_identify(src) by extension 'ignore'
[0.453s] Level 1:colcon.colcon_core.package_identification:_identify(src) by extension 'ignore_ament_install'
[0.453s] Level 1:colcon.colcon_core.package_identification:_identify(src) by extensions ['colcon_pkg']
[0.453s] Level 1:colcon.colcon_core.package_identification:_identify(src) by extension 'colcon_pkg'
[0.453s] Level 1:colcon.colcon_core.package_identification:_identify(src) by extensions ['colcon_meta']
[0.453s] Level 1:colcon.colcon_core.package_identification:_identify(src) by extension 'colcon_meta'
[0.453s] Level 1:colcon.colcon_core.package_identification:_identify(src) by extensions ['ros']
[0.454s] Level 1:colcon.colcon_core.package_identification:_identify(src) by extension 'ros'
[0.454s] Level 1:colcon.colcon_core.package_identification:_identify(src) by extensions ['cmake', 'python']
[0.454s] Level 1:colcon.colcon_core.package_identification:_identify(src) by extension 'cmake'
[0.454s] Level 1:colcon.colcon_core.package_identification:_identify(src) by extension 'python'
[0.454s] Level 1:colcon.colcon_core.package_identification:_identify(src) by extensions ['python_setup_py']
[0.454s] Level 1:colcon.colcon_core.package_identification:_identify(src) by extension 'python_setup_py'
[0.455s] Level 1:colcon.colcon_core.package_identification:_identify(src/cpp_pubsub) by extensions ['ignore', 'ignore_ament_install']
[0.455s] Level 1:colcon.colcon_core.package_identification:_identify(src/cpp_pubsub) by extension 'ignore'
[0.455s] Level 1:colcon.colcon_core.package_identification:_identify(src/cpp_pubsub) by extension 'ignore_ament_install'
[0.455s] Level 1:colcon.colcon_core.package_identification:_identify(src/cpp_pubsub) by extensions ['colcon_pkg']
[0.455s] Level 1:colcon.colcon_core.package_identification:_identify(src/cpp_pubsub) by extension 'colcon_pkg'
[0.456s] Level 1:colcon.colcon_core.package_identification:_identify(src/cpp_pubsub) by extensions ['colcon_meta']
[0.456s] Level 1:colcon.colcon_core.package_identification:_identify(src/cpp_pubsub) by extension 'colcon_meta'
[0.456s] Level 1:colcon.colcon_core.package_identification:_identify(src/cpp_pubsub) by extensions ['ros']
[0.456s] Level 1:colcon.colcon_core.package_identification:_identify(src/cpp_pubsub) by extension 'ros'
[0.463s] DEBUG:colcon.colcon_core.package_identification:Package 'src/cpp_pubsub' with type 'ros.ament_cmake' and name 'cpp_pubsub'
[0.463s] Level 1:colcon.colcon_core.package_identification:_identify(src/my_package) by extensions ['ignore', 'ignore_ament_install']
[0.464s] Level 1:colcon.colcon_core.package_identification:_identify(src/my_package) by extension 'ignore'
[0.464s] Level 1:colcon.colcon_core.package_identification:_identify(src/my_package) by extension 'ignore_ament_install'
[0.464s] Level 1:colcon.colcon_core.package_identification:_identify(src/my_package) by extensions ['colcon_pkg']
[0.464s] Level 1:colcon.colcon_core.package_identification:_identify(src/my_package) by extension 'colcon_pkg'
[0.464s] Level 1:colcon.colcon_core.package_identification:_identify(src/my_package) by extensions ['colcon_meta']
[0.465s] Level 1:colcon.colcon_core.package_identification:_identify(src/my_package) by extension 'colcon_meta'
[0.465s] Level 1:colcon.colcon_core.package_identification:_identify(src/my_package) by extensions ['ros']
[0.465s] Level 1:colcon.colcon_core.package_identification:_identify(src/my_package) by extension 'ros'
[0.467s] DEBUG:colcon.colcon_core.package_identification:Package 'src/my_package' with type 'ros.ament_cmake' and name 'my_package'
[0.467s] Level 1:colcon.colcon_core.package_identification:_identify(src/ros_tutorials) by extensions ['ignore', 'ignore_ament_install']
[0.468s] Level 1:colcon.colcon_core.package_identification:_identify(src/ros_tutorials) by extension 'ignore'
[0.468s] Level 1:colcon.colcon_core.package_identification:_identify(src/ros_tutorials) by extension 'ignore_ament_install'
[0.468s] Level 1:colcon.colcon_core.package_identification:_identify(src/ros_tutorials) by extensions ['colcon_pkg']
[0.468s] Level 1:colcon.colcon_core.package_identification:_identify(src/ros_tutorials) by extension 'colcon_pkg'
[0.468s] Level 1:colcon.colcon_core.package_identification:_identify(src/ros_tutorials) by extensions ['colcon_meta']
[0.468s] Level 1:colcon.colcon_core.package_identification:_identify(src/ros_tutorials) by extension 'colcon_meta'
[0.469s] Level 1:colcon.colcon_core.package_identification:_identify(src/ros_tutorials) by extensions ['ros']
[0.469s] Level 1:colcon.colcon_core.package_identification:_identify(src/ros_tutorials) by extension 'ros'
[0.469s] Level 1:colcon.colcon_core.package_identification:_identify(src/ros_tutorials) by extensions ['cmake', 'python']
[0.469s] Level 1:colcon.colcon_core.package_identification:_identify(src/ros_tutorials) by extension 'cmake'
[0.469s] Level 1:colcon.colcon_core.package_identification:_identify(src/ros_tutorials) by extension 'python'
[0.469s] Level 1:colcon.colcon_core.package_identification:_identify(src/ros_tutorials) by extensions ['python_setup_py']
[0.470s] Level 1:colcon.colcon_core.package_identification:_identify(src/ros_tutorials) by extension 'python_setup_py'
[0.470s] Level 1:colcon.colcon_core.package_identification:_identify(src/ros_tutorials/ros_tutorials) by extensions ['ignore', 'ignore_ament_install']
[0.470s] Level 1:colcon.colcon_core.package_identification:_identify(src/ros_tutorials/ros_tutorials) by extension 'ignore'
[0.471s] Level 1:colcon.colcon_core.package_identification:_identify(src/ros_tutorials/ros_tutorials) ignored
[0.471s] Level 1:colcon.colcon_core.package_identification:_identify(src/ros_tutorials/roscpp_tutorials) by extensions ['ignore', 'ignore_ament_install']
[0.472s] Level 1:colcon.colcon_core.package_identification:_identify(src/ros_tutorials/roscpp_tutorials) by extension 'ignore'
[0.472s] Level 1:colcon.colcon_core.package_identification:_identify(src/ros_tutorials/roscpp_tutorials) ignored
[0.472s] Level 1:colcon.colcon_core.package_identification:_identify(src/ros_tutorials/rospy_tutorials) by extensions ['ignore', 'ignore_ament_install']
[0.472s] Level 1:colcon.colcon_core.package_identification:_identify(src/ros_tutorials/rospy_tutorials) by extension 'ignore'
[0.472s] Level 1:colcon.colcon_core.package_identification:_identify(src/ros_tutorials/rospy_tutorials) ignored
[0.473s] Level 1:colcon.colcon_core.package_identification:_identify(src/ros_tutorials/turtlesim) by extensions ['ignore', 'ignore_ament_install']
[0.473s] Level 1:colcon.colcon_core.package_identification:_identify(src/ros_tutorials/turtlesim) by extension 'ignore'
[0.473s] Level 1:colcon.colcon_core.package_identification:_identify(src/ros_tutorials/turtlesim) by extension 'ignore_ament_install'
[0.474s] Level 1:colcon.colcon_core.package_identification:_identify(src/ros_tutorials/turtlesim) by extensions ['colcon_pkg']
[0.474s] Level 1:colcon.colcon_core.package_identification:_identify(src/ros_tutorials/turtlesim) by extension 'colcon_pkg'
[0.474s] Level 1:colcon.colcon_core.package_identification:_identify(src/ros_tutorials/turtlesim) by extensions ['colcon_meta']
[0.474s] Level 1:colcon.colcon_core.package_identification:_identify(src/ros_tutorials/turtlesim) by extension 'colcon_meta'
[0.474s] Level 1:colcon.colcon_core.package_identification:_identify(src/ros_tutorials/turtlesim) by extensions ['ros']
[0.474s] Level 1:colcon.colcon_core.package_identification:_identify(src/ros_tutorials/turtlesim) by extension 'ros'
[0.481s] DEBUG:colcon.colcon_core.package_identification:Package 'src/ros_tutorials/turtlesim' with type 'ros.ament_cmake' and name 'turtlesim'
[0.481s] Level 1:colcon.colcon_core.package_discovery:discover_packages(recursive) using defaults
[0.481s] Level 1:colcon.colcon_core.package_discovery:discover_packages(ignore) discover
[0.482s] Level 1:colcon.colcon_core.package_discovery:discover_packages(ignore) using defaults
[0.482s] Level 1:colcon.colcon_core.package_discovery:discover_packages(path) discover
[0.482s] Level 1:colcon.colcon_core.package_discovery:discover_packages(path) using defaults
[0.544s] INFO:colcon.colcon_core.package_selection:Skipping not selected package 'cpp_pubsub' in 'src/cpp_pubsub'
[0.544s] INFO:colcon.colcon_core.package_selection:Skipping not selected package 'turtlesim' in 'src/ros_tutorials/turtlesim'
[0.554s] Level 5:colcon.colcon_core.verb:set package 'my_package' build argument 'cmake_args' from command line to 'None'
[0.554s] Level 5:colcon.colcon_core.verb:set package 'my_package' build argument 'cmake_target' from command line to 'None'
[0.554s] Level 5:colcon.colcon_core.verb:set package 'my_package' build argument 'cmake_target_skip_unavailable' from command line to 'False'
[0.554s] Level 5:colcon.colcon_core.verb:set package 'my_package' build argument 'cmake_clean_cache' from command line to 'False'
[0.554s] Level 5:colcon.colcon_core.verb:set package 'my_package' build argument 'cmake_clean_first' from command line to 'False'
[0.555s] Level 5:colcon.colcon_core.verb:set package 'my_package' build argument 'cmake_force_configure' from command line to 'False'
[0.555s] Level 5:colcon.colcon_core.verb:set package 'my_package' build argument 'ament_cmake_args' from command line to 'None'
[0.555s] Level 5:colcon.colcon_core.verb:set package 'my_package' build argument 'catkin_cmake_args' from command line to 'None'
[0.555s] Level 5:colcon.colcon_core.verb:set package 'my_package' build argument 'catkin_skip_building_tests' from command line to 'False'
[0.555s] DEBUG:colcon.colcon_core.verb:Building package 'my_package' with the following arguments: {'ament_cmake_args': None, 'build_base': '/home/maroqi/Projects/ROS2Projects/ros2-tutorial/build/my_package', 'catkin_cmake_args': None, 'catkin_skip_building_tests': False, 'cmake_args': None, 'cmake_clean_cache': False, 'cmake_clean_first': False, 'cmake_force_configure': False, 'cmake_target': None, 'cmake_target_skip_unavailable': False, 'install_base': '/home/maroqi/Projects/ROS2Projects/ros2-tutorial/install/my_package', 'merge_install': False, 'path': '/home/maroqi/Projects/ROS2Projects/ros2-tutorial/src/my_package', 'symlink_install': False, 'test_result_base': None}
[0.556s] INFO:colcon.colcon_core.executor:Executing jobs using 'parallel' executor
[0.562s] DEBUG:colcon.colcon_parallel_executor.executor.parallel:run_until_complete
[0.563s] INFO:colcon.colcon_ros.task.ament_cmake.build:Building ROS package in '/home/maroqi/Projects/ROS2Projects/ros2-tutorial/src/my_package' with build type 'ament_cmake'
[0.563s] INFO:colcon.colcon_cmake.task.cmake.build:Building CMake package in '/home/maroqi/Projects/ROS2Projects/ros2-tutorial/src/my_package'
[0.575s] INFO:colcon.colcon_core.plugin_system:Skipping extension 'colcon_core.shell.bat': Not used on non-Windows systems
[0.576s] INFO:colcon.colcon_core.shell:Skip shell extension 'powershell' for command environment: Not usable outside of PowerShell
[0.576s] DEBUG:colcon.colcon_core.shell:Skip shell extension 'dsv' for command environment
[0.584s] DEBUG:colcon.colcon_core.shell:Ignoring prefix path '/opt/ros/foxy'
[0.607s] DEBUG:colcon.colcon_core.event_handler.log_command:Invoking command in '/home/maroqi/Projects/ROS2Projects/ros2-tutorial/build/my_package': CMAKE_PREFIX_PATH=/opt/ros/foxy /usr/bin/cmake --build /home/maroqi/Projects/ROS2Projects/ros2-tutorial/build/my_package -- -j2 -l2
[31.052s] DEBUG:colcon.colcon_core.event_handler.log_command:Invoked command in '/home/maroqi/Projects/ROS2Projects/ros2-tutorial/build/my_package' returned '0': CMAKE_PREFIX_PATH=/opt/ros/foxy /usr/bin/cmake --build /home/maroqi/Projects/ROS2Projects/ros2-tutorial/build/my_package -- -j2 -l2
[31.166s] DEBUG:colcon.colcon_core.event_handler.log_command:Invoking command in '/home/maroqi/Projects/ROS2Projects/ros2-tutorial/build/my_package': CMAKE_PREFIX_PATH=/opt/ros/foxy /usr/bin/cmake --install /home/maroqi/Projects/ROS2Projects/ros2-tutorial/build/my_package
[31.226s] Level 1:colcon.colcon_core.environment:create_environment_scripts_only(my_package)
[31.229s] DEBUG:colcon.colcon_core.event_handler.log_command:Invoked command in '/home/maroqi/Projects/ROS2Projects/ros2-tutorial/build/my_package' returned '0': CMAKE_PREFIX_PATH=/opt/ros/foxy /usr/bin/cmake --install /home/maroqi/Projects/ROS2Projects/ros2-tutorial/build/my_package
[31.239s] Level 1:colcon.colcon_core.environment:checking '/home/maroqi/Projects/ROS2Projects/ros2-tutorial/install/my_package' for CMake module files
[31.241s] Level 1:colcon.colcon_core.environment:checking '/home/maroqi/Projects/ROS2Projects/ros2-tutorial/install/my_package' for CMake config files
[31.242s] Level 1:colcon.colcon_core.shell:create_environment_hook('my_package', 'cmake_prefix_path')
[31.245s] INFO:colcon.colcon_core.shell:Creating environment hook '/home/maroqi/Projects/ROS2Projects/ros2-tutorial/install/my_package/share/my_package/hook/cmake_prefix_path.ps1'
[31.247s] INFO:colcon.colcon_core.shell:Creating environment descriptor '/home/maroqi/Projects/ROS2Projects/ros2-tutorial/install/my_package/share/my_package/hook/cmake_prefix_path.dsv'
[31.249s] INFO:colcon.colcon_core.shell:Creating environment hook '/home/maroqi/Projects/ROS2Projects/ros2-tutorial/install/my_package/share/my_package/hook/cmake_prefix_path.sh'
[31.252s] Level 1:colcon.colcon_core.environment:checking '/home/maroqi/Projects/ROS2Projects/ros2-tutorial/install/my_package/lib'
[31.253s] Level 1:colcon.colcon_core.environment:checking '/home/maroqi/Projects/ROS2Projects/ros2-tutorial/install/my_package/bin'
[31.253s] Level 1:colcon.colcon_core.environment:checking '/home/maroqi/Projects/ROS2Projects/ros2-tutorial/install/my_package/lib/pkgconfig/my_package.pc'
[31.254s] Level 1:colcon.colcon_core.environment:checking '/home/maroqi/Projects/ROS2Projects/ros2-tutorial/install/my_package/lib/python3.8/site-packages'
[31.256s] INFO:colcon.colcon_core.shell:Creating package script '/home/maroqi/Projects/ROS2Projects/ros2-tutorial/install/my_package/share/my_package/package.ps1'
[31.259s] INFO:colcon.colcon_core.shell:Creating package descriptor '/home/maroqi/Projects/ROS2Projects/ros2-tutorial/install/my_package/share/my_package/package.dsv'
[31.261s] INFO:colcon.colcon_core.shell:Creating package script '/home/maroqi/Projects/ROS2Projects/ros2-tutorial/install/my_package/share/my_package/package.sh'
[31.263s] INFO:colcon.colcon_core.shell:Creating package script '/home/maroqi/Projects/ROS2Projects/ros2-tutorial/install/my_package/share/my_package/package.bash'
[31.266s] INFO:colcon.colcon_core.shell:Creating package script '/home/maroqi/Projects/ROS2Projects/ros2-tutorial/install/my_package/share/my_package/package.zsh'
[31.269s] Level 1:colcon.colcon_core.environment:create_file_with_runtime_dependencies(/home/maroqi/Projects/ROS2Projects/ros2-tutorial/install/my_package/share/colcon-core/packages/my_package)
[31.343s] Level 1:colcon.colcon_core.environment:create_environment_scripts_only(my_package)
[31.345s] Level 1:colcon.colcon_core.environment:checking '/home/maroqi/Projects/ROS2Projects/ros2-tutorial/install/my_package' for CMake module files
[31.347s] Level 1:colcon.colcon_core.environment:checking '/home/maroqi/Projects/ROS2Projects/ros2-tutorial/install/my_package' for CMake config files
[31.348s] Level 1:colcon.colcon_core.shell:create_environment_hook('my_package', 'cmake_prefix_path')
[31.350s] INFO:colcon.colcon_core.shell:Creating environment hook '/home/maroqi/Projects/ROS2Projects/ros2-tutorial/install/my_package/share/my_package/hook/cmake_prefix_path.ps1'
[31.351s] INFO:colcon.colcon_core.shell:Creating environment descriptor '/home/maroqi/Projects/ROS2Projects/ros2-tutorial/install/my_package/share/my_package/hook/cmake_prefix_path.dsv'
[31.352s] INFO:colcon.colcon_core.shell:Creating environment hook '/home/maroqi/Projects/ROS2Projects/ros2-tutorial/install/my_package/share/my_package/hook/cmake_prefix_path.sh'
[31.354s] Level 1:colcon.colcon_core.environment:checking '/home/maroqi/Projects/ROS2Projects/ros2-tutorial/install/my_package/lib'
[31.355s] Level 1:colcon.colcon_core.environment:checking '/home/maroqi/Projects/ROS2Projects/ros2-tutorial/install/my_package/bin'
[31.355s] Level 1:colcon.colcon_core.environment:checking '/home/maroqi/Projects/ROS2Projects/ros2-tutorial/install/my_package/lib/pkgconfig/my_package.pc'
[31.356s] Level 1:colcon.colcon_core.environment:checking '/home/maroqi/Projects/ROS2Projects/ros2-tutorial/install/my_package/lib/python3.8/site-packages'
[31.358s] INFO:colcon.colcon_core.shell:Creating package script '/home/maroqi/Projects/ROS2Projects/ros2-tutorial/install/my_package/share/my_package/package.ps1'
[31.360s] INFO:colcon.colcon_core.shell:Creating package descriptor '/home/maroqi/Projects/ROS2Projects/ros2-tutorial/install/my_package/share/my_package/package.dsv'
[31.362s] INFO:colcon.colcon_core.shell:Creating package script '/home/maroqi/Projects/ROS2Projects/ros2-tutorial/install/my_package/share/my_package/package.sh'
[31.364s] INFO:colcon.colcon_core.shell:Creating package script '/home/maroqi/Projects/ROS2Projects/ros2-tutorial/install/my_package/share/my_package/package.bash'
[31.365s] INFO:colcon.colcon_core.shell:Creating package script '/home/maroqi/Projects/ROS2Projects/ros2-tutorial/install/my_package/share/my_package/package.zsh'
[31.367s] Level 1:colcon.colcon_core.environment:create_file_with_runtime_dependencies(/home/maroqi/Projects/ROS2Projects/ros2-tutorial/install/my_package/share/colcon-core/packages/my_package)
[31.370s] DEBUG:colcon.colcon_parallel_executor.executor.parallel:closing loop
[31.371s] DEBUG:colcon.colcon_parallel_executor.executor.parallel:loop closed
[31.371s] DEBUG:colcon.colcon_parallel_executor.executor.parallel:run_until_complete finished with '0'
[31.371s] DEBUG:colcon.colcon_core.event_reactor:joining thread
[31.398s] INFO:colcon.colcon_core.plugin_system:Skipping extension 'colcon_notification.desktop_notification.terminal_notifier': Not used on non-Darwin systems
[31.398s] INFO:colcon.colcon_core.plugin_system:Skipping extension 'colcon_notification.desktop_notification.win32': Not used on non-Windows systems
[31.398s] INFO:colcon.colcon_notification.desktop_notification:Sending desktop notification using 'notify2'
[31.531s] DEBUG:colcon.colcon_core.event_reactor:joined thread
[31.533s] INFO:colcon.colcon_core.shell:Creating prefix script '/home/maroqi/Projects/ROS2Projects/ros2-tutorial/install/local_setup.ps1'
[31.537s] INFO:colcon.colcon_core.shell:Creating prefix util module '/home/maroqi/Projects/ROS2Projects/ros2-tutorial/install/_local_setup_util_ps1.py'
[31.545s] INFO:colcon.colcon_core.shell:Creating prefix chain script '/home/maroqi/Projects/ROS2Projects/ros2-tutorial/install/setup.ps1'
[31.553s] INFO:colcon.colcon_core.shell:Creating prefix script '/home/maroqi/Projects/ROS2Projects/ros2-tutorial/install/local_setup.sh'
[31.558s] INFO:colcon.colcon_core.shell:Creating prefix util module '/home/maroqi/Projects/ROS2Projects/ros2-tutorial/install/_local_setup_util_sh.py'
[31.560s] INFO:colcon.colcon_core.shell:Creating prefix chain script '/home/maroqi/Projects/ROS2Projects/ros2-tutorial/install/setup.sh'
[31.574s] INFO:colcon.colcon_core.shell:Creating prefix script '/home/maroqi/Projects/ROS2Projects/ros2-tutorial/install/local_setup.bash'
[31.576s] INFO:colcon.colcon_core.shell:Creating prefix chain script '/home/maroqi/Projects/ROS2Projects/ros2-tutorial/install/setup.bash'
[31.586s] INFO:colcon.colcon_core.shell:Creating prefix script '/home/maroqi/Projects/ROS2Projects/ros2-tutorial/install/local_setup.zsh'
[31.591s] INFO:colcon.colcon_core.shell:Creating prefix chain script '/home/maroqi/Projects/ROS2Projects/ros2-tutorial/install/setup.zsh'
