-- Found ament_cmake: 0.9.8 (/opt/ros/foxy/share/ament_cmake/cmake)
-- Found PythonInterp: /usr/bin/python3 (found suitable version "3.8.5", minimum required is "3") 
-- Using PYTHON_EXECUTABLE: /usr/bin/python3
-- Found rosidl_default_generators: 1.0.0 (/opt/ros/foxy/share/rosidl_default_generators/cmake)
-- Using all available rosidl_typesupport_c: rosidl_typesupport_fastrtps_c;rosidl_typesupport_introspection_c
-- Found rosidl_adapter: 1.2.0 (/opt/ros/foxy/share/rosidl_adapter/cmake)
-- Using all available rosidl_typesupport_cpp: rosidl_typesupport_fastrtps_cpp;rosidl_typesupport_introspection_cpp
-- Found rclcpp: 2.3.0 (/opt/ros/foxy/share/rclcpp/cmake)
-- Found rmw_implementation_cmake: 1.0.2 (/opt/ros/foxy/share/rmw_implementation_cmake/cmake)
-- Using RMW implementation 'rmw_fastrtps_cpp' as default
-- Found PythonInterp: /usr/bin/python3 (found version "3.8.5") 
-- Found ament_cmake_ros: 0.9.1 (/opt/ros/foxy/share/ament_cmake_ros/cmake)
-- Using all available rosidl_typesupport_c: rosidl_typesupport_fastrtps_c;rosidl_typesupport_introspection_c
-- Using all available rosidl_typesupport_cpp: rosidl_typesupport_fastrtps_cpp;rosidl_typesupport_introspection_cpp
-- Found PythonInterp: /usr/bin/python3 (found suitable version "3.8.5", minimum required is "3.5") 
-- Found python_cmake_module: 0.8.0 (/opt/ros/foxy/share/python_cmake_module/cmake)
-- Using PYTHON_EXECUTABLE: /usr/bin/python3
-- Using PYTHON_INCLUDE_DIRS: /usr/include/python3.8
-- Using PYTHON_LIBRARIES: /usr/lib/x86_64-linux-gnu/libpython3.8.so
-- Found ament_lint_auto: 0.9.6 (/opt/ros/foxy/share/ament_lint_auto/cmake)
-- Added test 'copyright' to check source files copyright and LICENSE
-- Added test 'cppcheck' to perform static code analysis on C / C++ code
-- Configured cppcheck include dirs: 
-- Configured cppcheck exclude dirs and/or files: 
-- Added test 'cpplint' to check C / C++ code against the Google style
-- Configured cpplint exclude dirs and/or files: 
-- Added test 'lint_cmake' to check CMake code style
-- Added test 'uncrustify' to check C / C++ code style
-- Configured uncrustify additional arguments: 
-- Added test 'xmllint' to check XML markup files
-- Configuring done
-- Generating done
-- Build files have been written to: /home/maroqi/Projects/ROS2Projects/ros2-tutorial/build/more_interfaces
[  3%] [34m[1mGenerating C code for ROS interfaces[0m
[35m[1mScanning dependencies of target more_interfaces__cpp[0m
[  6%] [34m[1mGenerating C++ code for ROS interfaces[0m
[35m[1mScanning dependencies of target more_interfaces__rosidl_generator_c[0m
[  9%] [32mBuilding C object CMakeFiles/more_interfaces__rosidl_generator_c.dir/rosidl_generator_c/more_interfaces/msg/detail/address_book__functions.c.o[0m
[  9%] Built target more_interfaces__cpp
[ 12%] [34m[1mGenerating C++ introspection for ROS interfaces[0m
[ 15%] [32m[1mLinking C shared library libmore_interfaces__rosidl_generator_c.so[0m
[ 15%] Built target more_interfaces__rosidl_generator_c
[ 18%] [34m[1mGenerating C++ type support dispatch for ROS interfaces[0m
[35m[1mScanning dependencies of target more_interfaces__rosidl_typesupport_introspection_cpp[0m
[ 21%] [32mBuilding CXX object CMakeFiles/more_interfaces__rosidl_typesupport_introspection_cpp.dir/rosidl_typesupport_introspection_cpp/more_interfaces/msg/detail/address_book__type_support.cpp.o[0m
[35m[1mScanning dependencies of target more_interfaces__rosidl_typesupport_cpp[0m
[ 24%] [32mBuilding CXX object CMakeFiles/more_interfaces__rosidl_typesupport_cpp.dir/rosidl_typesupport_cpp/more_interfaces/msg/address_book__type_support.cpp.o[0m
[ 27%] [32m[1mLinking CXX shared library libmore_interfaces__rosidl_typesupport_introspection_cpp.so[0m
[ 30%] [32m[1mLinking CXX shared library libmore_interfaces__rosidl_typesupport_cpp.so[0m
[ 30%] Built target more_interfaces__rosidl_typesupport_introspection_cpp
[ 33%] [34m[1mGenerating C++ type support for eProsima Fast-RTPS[0m
[ 33%] Built target more_interfaces__rosidl_typesupport_cpp
[ 36%] [34m[1mGenerating C introspection for ROS interfaces[0m
[35m[1mScanning dependencies of target more_interfaces__rosidl_typesupport_fastrtps_cpp[0m
[35m[1mScanning dependencies of target more_interfaces__rosidl_typesupport_introspection_c[0m
[ 39%] [32mBuilding CXX object CMakeFiles/more_interfaces__rosidl_typesupport_fastrtps_cpp.dir/rosidl_typesupport_fastrtps_cpp/more_interfaces/msg/detail/dds_fastrtps/address_book__type_support.cpp.o[0m
[ 42%] [32mBuilding C object CMakeFiles/more_interfaces__rosidl_typesupport_introspection_c.dir/rosidl_typesupport_introspection_c/more_interfaces/msg/detail/address_book__type_support.c.o[0m
[ 45%] [32m[1mLinking C shared library libmore_interfaces__rosidl_typesupport_introspection_c.so[0m
[ 45%] Built target more_interfaces__rosidl_typesupport_introspection_c
[ 48%] [34m[1mGenerating C type support dispatch for ROS interfaces[0m
[35m[1mScanning dependencies of target more_interfaces__rosidl_typesupport_c[0m
[ 51%] [32mBuilding CXX object CMakeFiles/more_interfaces__rosidl_typesupport_c.dir/rosidl_typesupport_c/more_interfaces/msg/address_book__type_support.cpp.o[0m
[ 54%] [32m[1mLinking CXX shared library libmore_interfaces__rosidl_typesupport_c.so[0m
[ 54%] Built target more_interfaces__rosidl_typesupport_c
[ 57%] [32m[1mLinking CXX shared library libmore_interfaces__rosidl_typesupport_fastrtps_cpp.so[0m
[ 57%] Built target more_interfaces__rosidl_typesupport_fastrtps_cpp
[ 60%] [34m[1mGenerating C type support for eProsima Fast-RTPS[0m
[35m[1mScanning dependencies of target more_interfaces__rosidl_typesupport_fastrtps_c[0m
[ 63%] [32mBuilding CXX object CMakeFiles/more_interfaces__rosidl_typesupport_fastrtps_c.dir/rosidl_typesupport_fastrtps_c/more_interfaces/msg/detail/address_book__type_support_c.cpp.o[0m
[ 66%] [32m[1mLinking CXX shared library libmore_interfaces__rosidl_typesupport_fastrtps_c.so[0m
[ 66%] Built target more_interfaces__rosidl_typesupport_fastrtps_c
[35m[1mScanning dependencies of target more_interfaces[0m
[ 66%] Built target more_interfaces
[35m[1mScanning dependencies of target publisher[0m
[35m[1mScanning dependencies of target more_interfaces__py[0m
[ 69%] [34m[1mGenerating Python code for ROS interfaces[0m
[ 72%] [32mBuilding CXX object CMakeFiles/publisher.dir/src/publish_address_book.cpp.o[0m
[ 72%] Built target more_interfaces__py
[35m[1mScanning dependencies of target more_interfaces__python[0m
[ 75%] [32mBuilding C object CMakeFiles/more_interfaces__python.dir/rosidl_generator_py/more_interfaces/msg/_address_book_s.c.o[0m
[ 78%] [32m[1mLinking C shared library rosidl_generator_py/more_interfaces/libmore_interfaces__python.so[0m
[ 78%] Built target more_interfaces__python
[35m[1mScanning dependencies of target more_interfaces__rosidl_typesupport_c__pyext[0m
[ 81%] [32mBuilding C object CMakeFiles/more_interfaces__rosidl_typesupport_c__pyext.dir/rosidl_generator_py/more_interfaces/_more_interfaces_s.ep.rosidl_typesupport_c.c.o[0m
[ 84%] [32m[1mLinking C shared library rosidl_generator_py/more_interfaces/more_interfaces_s__rosidl_typesupport_c.cpython-38-x86_64-linux-gnu.so[0m
[ 84%] Built target more_interfaces__rosidl_typesupport_c__pyext
[35m[1mScanning dependencies of target more_interfaces__rosidl_typesupport_introspection_c__pyext[0m
[ 87%] [32mBuilding C object CMakeFiles/more_interfaces__rosidl_typesupport_introspection_c__pyext.dir/rosidl_generator_py/more_interfaces/_more_interfaces_s.ep.rosidl_typesupport_introspection_c.c.o[0m
[ 90%] [32m[1mLinking C shared library rosidl_generator_py/more_interfaces/more_interfaces_s__rosidl_typesupport_introspection_c.cpython-38-x86_64-linux-gnu.so[0m
[ 90%] Built target more_interfaces__rosidl_typesupport_introspection_c__pyext
[ 93%] [32m[1mLinking CXX executable publisher[0m
[ 93%] Built target publisher
[35m[1mScanning dependencies of target more_interfaces__rosidl_typesupport_fastrtps_c__pyext[0m
[ 96%] [32mBuilding C object CMakeFiles/more_interfaces__rosidl_typesupport_fastrtps_c__pyext.dir/rosidl_generator_py/more_interfaces/_more_interfaces_s.ep.rosidl_typesupport_fastrtps_c.c.o[0m
[100%] [32m[1mLinking CXX shared library rosidl_generator_py/more_interfaces/more_interfaces_s__rosidl_typesupport_fastrtps_c.cpython-38-x86_64-linux-gnu.so[0m
[100%] Built target more_interfaces__rosidl_typesupport_fastrtps_c__pyext
-- Install configuration: ""
-- Installing: /home/maroqi/Projects/ROS2Projects/ros2-tutorial/install/more_interfaces/share/ament_index/resource_index/rosidl_interfaces/more_interfaces
-- Installing: /home/maroqi/Projects/ROS2Projects/ros2-tutorial/install/more_interfaces/include/more_interfaces
-- Installing: /home/maroqi/Projects/ROS2Projects/ros2-tutorial/install/more_interfaces/include/more_interfaces/msg
-- Installing: /home/maroqi/Projects/ROS2Projects/ros2-tutorial/install/more_interfaces/include/more_interfaces/msg/rosidl_generator_c__visibility_control.h
-- Installing: /home/maroqi/Projects/ROS2Projects/ros2-tutorial/install/more_interfaces/include/more_interfaces/msg/detail
-- Installing: /home/maroqi/Projects/ROS2Projects/ros2-tutorial/install/more_interfaces/include/more_interfaces/msg/detail/address_book__functions.h
-- Installing: /home/maroqi/Projects/ROS2Projects/ros2-tutorial/install/more_interfaces/include/more_interfaces/msg/detail/address_book__functions.c
-- Installing: /home/maroqi/Projects/ROS2Projects/ros2-tutorial/install/more_interfaces/include/more_interfaces/msg/detail/address_book__struct.h
-- Installing: /home/maroqi/Projects/ROS2Projects/ros2-tutorial/install/more_interfaces/include/more_interfaces/msg/detail/address_book__type_support.h
-- Installing: /home/maroqi/Projects/ROS2Projects/ros2-tutorial/install/more_interfaces/include/more_interfaces/msg/address_book.h
-- Installing: /home/maroqi/Projects/ROS2Projects/ros2-tutorial/install/more_interfaces/share/more_interfaces/environment/library_path.sh
-- Installing: /home/maroqi/Projects/ROS2Projects/ros2-tutorial/install/more_interfaces/share/more_interfaces/environment/library_path.dsv
-- Installing: /home/maroqi/Projects/ROS2Projects/ros2-tutorial/install/more_interfaces/lib/libmore_interfaces__rosidl_generator_c.so
-- Set runtime path of "/home/maroqi/Projects/ROS2Projects/ros2-tutorial/install/more_interfaces/lib/libmore_interfaces__rosidl_generator_c.so" to ""
-- Up-to-date: /home/maroqi/Projects/ROS2Projects/ros2-tutorial/install/more_interfaces/include/more_interfaces
-- Up-to-date: /home/maroqi/Projects/ROS2Projects/ros2-tutorial/install/more_interfaces/include/more_interfaces/msg
-- Up-to-date: /home/maroqi/Projects/ROS2Projects/ros2-tutorial/install/more_interfaces/include/more_interfaces/msg/detail
-- Installing: /home/maroqi/Projects/ROS2Projects/ros2-tutorial/install/more_interfaces/include/more_interfaces/msg/detail/address_book__rosidl_typesupport_fastrtps_c.h
-- Installing: /home/maroqi/Projects/ROS2Projects/ros2-tutorial/install/more_interfaces/include/more_interfaces/msg/rosidl_typesupport_fastrtps_c__visibility_control.h
-- Installing: /home/maroqi/Projects/ROS2Projects/ros2-tutorial/install/more_interfaces/lib/libmore_interfaces__rosidl_typesupport_fastrtps_c.so
-- Set runtime path of "/home/maroqi/Projects/ROS2Projects/ros2-tutorial/install/more_interfaces/lib/libmore_interfaces__rosidl_typesupport_fastrtps_c.so" to ""
-- Up-to-date: /home/maroqi/Projects/ROS2Projects/ros2-tutorial/install/more_interfaces/include/more_interfaces
-- Up-to-date: /home/maroqi/Projects/ROS2Projects/ros2-tutorial/install/more_interfaces/include/more_interfaces/msg
-- Up-to-date: /home/maroqi/Projects/ROS2Projects/ros2-tutorial/install/more_interfaces/include/more_interfaces/msg/detail
-- Installing: /home/maroqi/Projects/ROS2Projects/ros2-tutorial/install/more_interfaces/include/more_interfaces/msg/detail/dds_fastrtps
-- Installing: /home/maroqi/Projects/ROS2Projects/ros2-tutorial/install/more_interfaces/include/more_interfaces/msg/detail/address_book__rosidl_typesupport_fastrtps_cpp.hpp
-- Installing: /home/maroqi/Projects/ROS2Projects/ros2-tutorial/install/more_interfaces/include/more_interfaces/msg/rosidl_typesupport_fastrtps_cpp__visibility_control.h
-- Installing: /home/maroqi/Projects/ROS2Projects/ros2-tutorial/install/more_interfaces/lib/libmore_interfaces__rosidl_typesupport_fastrtps_cpp.so
-- Set runtime path of "/home/maroqi/Projects/ROS2Projects/ros2-tutorial/install/more_interfaces/lib/libmore_interfaces__rosidl_typesupport_fastrtps_cpp.so" to ""
-- Up-to-date: /home/maroqi/Projects/ROS2Projects/ros2-tutorial/install/more_interfaces/include/more_interfaces
-- Up-to-date: /home/maroqi/Projects/ROS2Projects/ros2-tutorial/install/more_interfaces/include/more_interfaces/msg
-- Up-to-date: /home/maroqi/Projects/ROS2Projects/ros2-tutorial/install/more_interfaces/include/more_interfaces/msg/detail
-- Installing: /home/maroqi/Projects/ROS2Projects/ros2-tutorial/install/more_interfaces/include/more_interfaces/msg/detail/address_book__type_support.c
-- Installing: /home/maroqi/Projects/ROS2Projects/ros2-tutorial/install/more_interfaces/include/more_interfaces/msg/detail/address_book__rosidl_typesupport_introspection_c.h
-- Installing: /home/maroqi/Projects/ROS2Projects/ros2-tutorial/install/more_interfaces/include/more_interfaces/msg/rosidl_typesupport_introspection_c__visibility_control.h
-- Installing: /home/maroqi/Projects/ROS2Projects/ros2-tutorial/install/more_interfaces/lib/libmore_interfaces__rosidl_typesupport_introspection_c.so
-- Set runtime path of "/home/maroqi/Projects/ROS2Projects/ros2-tutorial/install/more_interfaces/lib/libmore_interfaces__rosidl_typesupport_introspection_c.so" to ""
-- Installing: /home/maroqi/Projects/ROS2Projects/ros2-tutorial/install/more_interfaces/lib/libmore_interfaces__rosidl_typesupport_c.so
-- Set runtime path of "/home/maroqi/Projects/ROS2Projects/ros2-tutorial/install/more_interfaces/lib/libmore_interfaces__rosidl_typesupport_c.so" to ""
-- Up-to-date: /home/maroqi/Projects/ROS2Projects/ros2-tutorial/install/more_interfaces/include/more_interfaces
-- Up-to-date: /home/maroqi/Projects/ROS2Projects/ros2-tutorial/install/more_interfaces/include/more_interfaces/msg
-- Up-to-date: /home/maroqi/Projects/ROS2Projects/ros2-tutorial/install/more_interfaces/include/more_interfaces/msg/detail
-- Installing: /home/maroqi/Projects/ROS2Projects/ros2-tutorial/install/more_interfaces/include/more_interfaces/msg/detail/address_book__struct.hpp
-- Installing: /home/maroqi/Projects/ROS2Projects/ros2-tutorial/install/more_interfaces/include/more_interfaces/msg/detail/address_book__builder.hpp
-- Installing: /home/maroqi/Projects/ROS2Projects/ros2-tutorial/install/more_interfaces/include/more_interfaces/msg/detail/address_book__traits.hpp
-- Installing: /home/maroqi/Projects/ROS2Projects/ros2-tutorial/install/more_interfaces/include/more_interfaces/msg/address_book.hpp
-- Up-to-date: /home/maroqi/Projects/ROS2Projects/ros2-tutorial/install/more_interfaces/include/more_interfaces
-- Up-to-date: /home/maroqi/Projects/ROS2Projects/ros2-tutorial/install/more_interfaces/include/more_interfaces/msg
-- Up-to-date: /home/maroqi/Projects/ROS2Projects/ros2-tutorial/install/more_interfaces/include/more_interfaces/msg/detail
-- Installing: /home/maroqi/Projects/ROS2Projects/ros2-tutorial/install/more_interfaces/include/more_interfaces/msg/detail/address_book__rosidl_typesupport_introspection_cpp.hpp
-- Installing: /home/maroqi/Projects/ROS2Projects/ros2-tutorial/install/more_interfaces/include/more_interfaces/msg/detail/address_book__type_support.cpp
-- Installing: /home/maroqi/Projects/ROS2Projects/ros2-tutorial/install/more_interfaces/lib/libmore_interfaces__rosidl_typesupport_introspection_cpp.so
-- Set runtime path of "/home/maroqi/Projects/ROS2Projects/ros2-tutorial/install/more_interfaces/lib/libmore_interfaces__rosidl_typesupport_introspection_cpp.so" to ""
-- Installing: /home/maroqi/Projects/ROS2Projects/ros2-tutorial/install/more_interfaces/lib/libmore_interfaces__rosidl_typesupport_cpp.so
-- Set runtime path of "/home/maroqi/Projects/ROS2Projects/ros2-tutorial/install/more_interfaces/lib/libmore_interfaces__rosidl_typesupport_cpp.so" to ""
-- Installing: /home/maroqi/Projects/ROS2Projects/ros2-tutorial/install/more_interfaces/share/more_interfaces/environment/pythonpath.sh
-- Installing: /home/maroqi/Projects/ROS2Projects/ros2-tutorial/install/more_interfaces/share/more_interfaces/environment/pythonpath.dsv
-- Installing: /home/maroqi/Projects/ROS2Projects/ros2-tutorial/install/more_interfaces/lib/python3.8/site-packages/more_interfaces/__init__.py
Compiling '/home/maroqi/Projects/ROS2Projects/ros2-tutorial/install/more_interfaces/lib/python3.8/site-packages/more_interfaces/__init__.py'...
-- Installing: /home/maroqi/Projects/ROS2Projects/ros2-tutorial/install/more_interfaces/lib/python3.8/site-packages/more_interfaces/msg
-- Installing: /home/maroqi/Projects/ROS2Projects/ros2-tutorial/install/more_interfaces/lib/python3.8/site-packages/more_interfaces/msg/_address_book_s.c
-- Installing: /home/maroqi/Projects/ROS2Projects/ros2-tutorial/install/more_interfaces/lib/python3.8/site-packages/more_interfaces/msg/__init__.py
-- Installing: /home/maroqi/Projects/ROS2Projects/ros2-tutorial/install/more_interfaces/lib/python3.8/site-packages/more_interfaces/msg/_address_book.py
-- Installing: /home/maroqi/Projects/ROS2Projects/ros2-tutorial/install/more_interfaces/lib/python3.8/site-packages/more_interfaces/more_interfaces_s__rosidl_typesupport_fastrtps_c.cpython-38-x86_64-linux-gnu.so
-- Set runtime path of "/home/maroqi/Projects/ROS2Projects/ros2-tutorial/install/more_interfaces/lib/python3.8/site-packages/more_interfaces/more_interfaces_s__rosidl_typesupport_fastrtps_c.cpython-38-x86_64-linux-gnu.so" to ""
-- Installing: /home/maroqi/Projects/ROS2Projects/ros2-tutorial/install/more_interfaces/lib/python3.8/site-packages/more_interfaces/more_interfaces_s__rosidl_typesupport_introspection_c.cpython-38-x86_64-linux-gnu.so
-- Set runtime path of "/home/maroqi/Projects/ROS2Projects/ros2-tutorial/install/more_interfaces/lib/python3.8/site-packages/more_interfaces/more_interfaces_s__rosidl_typesupport_introspection_c.cpython-38-x86_64-linux-gnu.so" to ""
-- Installing: /home/maroqi/Projects/ROS2Projects/ros2-tutorial/install/more_interfaces/lib/python3.8/site-packages/more_interfaces/more_interfaces_s__rosidl_typesupport_c.cpython-38-x86_64-linux-gnu.so
-- Set runtime path of "/home/maroqi/Projects/ROS2Projects/ros2-tutorial/install/more_interfaces/lib/python3.8/site-packages/more_interfaces/more_interfaces_s__rosidl_typesupport_c.cpython-38-x86_64-linux-gnu.so" to ""
-- Installing: /home/maroqi/Projects/ROS2Projects/ros2-tutorial/install/more_interfaces/lib/libmore_interfaces__python.so
-- Set runtime path of "/home/maroqi/Projects/ROS2Projects/ros2-tutorial/install/more_interfaces/lib/libmore_interfaces__python.so" to ""
-- Installing: /home/maroqi/Projects/ROS2Projects/ros2-tutorial/install/more_interfaces/share/more_interfaces/msg/AddressBook.idl
-- Installing: /home/maroqi/Projects/ROS2Projects/ros2-tutorial/install/more_interfaces/share/more_interfaces/msg/AddressBook.msg
-- Installing: /home/maroqi/Projects/ROS2Projects/ros2-tutorial/install/more_interfaces/lib/more_interfaces/publisher
-- Set runtime path of "/home/maroqi/Projects/ROS2Projects/ros2-tutorial/install/more_interfaces/lib/more_interfaces/publisher" to ""
-- Installing: /home/maroqi/Projects/ROS2Projects/ros2-tutorial/install/more_interfaces/share/ament_index/resource_index/package_run_dependencies/more_interfaces
-- Installing: /home/maroqi/Projects/ROS2Projects/ros2-tutorial/install/more_interfaces/share/ament_index/resource_index/parent_prefix_path/more_interfaces
-- Installing: /home/maroqi/Projects/ROS2Projects/ros2-tutorial/install/more_interfaces/share/more_interfaces/environment/ament_prefix_path.sh
-- Installing: /home/maroqi/Projects/ROS2Projects/ros2-tutorial/install/more_interfaces/share/more_interfaces/environment/ament_prefix_path.dsv
-- Installing: /home/maroqi/Projects/ROS2Projects/ros2-tutorial/install/more_interfaces/share/more_interfaces/environment/path.sh
-- Installing: /home/maroqi/Projects/ROS2Projects/ros2-tutorial/install/more_interfaces/share/more_interfaces/environment/path.dsv
-- Installing: /home/maroqi/Projects/ROS2Projects/ros2-tutorial/install/more_interfaces/share/more_interfaces/local_setup.bash
-- Installing: /home/maroqi/Projects/ROS2Projects/ros2-tutorial/install/more_interfaces/share/more_interfaces/local_setup.sh
-- Installing: /home/maroqi/Projects/ROS2Projects/ros2-tutorial/install/more_interfaces/share/more_interfaces/local_setup.zsh
-- Installing: /home/maroqi/Projects/ROS2Projects/ros2-tutorial/install/more_interfaces/share/more_interfaces/local_setup.dsv
-- Installing: /home/maroqi/Projects/ROS2Projects/ros2-tutorial/install/more_interfaces/share/more_interfaces/package.dsv
-- Installing: /home/maroqi/Projects/ROS2Projects/ros2-tutorial/install/more_interfaces/share/ament_index/resource_index/packages/more_interfaces
-- Installing: /home/maroqi/Projects/ROS2Projects/ros2-tutorial/install/more_interfaces/share/more_interfaces/cmake/more_interfaces__rosidl_generator_cExport.cmake
-- Installing: /home/maroqi/Projects/ROS2Projects/ros2-tutorial/install/more_interfaces/share/more_interfaces/cmake/more_interfaces__rosidl_generator_cExport-noconfig.cmake
-- Installing: /home/maroqi/Projects/ROS2Projects/ros2-tutorial/install/more_interfaces/share/more_interfaces/cmake/more_interfaces__rosidl_typesupport_introspection_cExport.cmake
-- Installing: /home/maroqi/Projects/ROS2Projects/ros2-tutorial/install/more_interfaces/share/more_interfaces/cmake/more_interfaces__rosidl_typesupport_introspection_cExport-noconfig.cmake
-- Installing: /home/maroqi/Projects/ROS2Projects/ros2-tutorial/install/more_interfaces/share/more_interfaces/cmake/more_interfaces__rosidl_typesupport_cExport.cmake
-- Installing: /home/maroqi/Projects/ROS2Projects/ros2-tutorial/install/more_interfaces/share/more_interfaces/cmake/more_interfaces__rosidl_typesupport_cExport-noconfig.cmake
-- Installing: /home/maroqi/Projects/ROS2Projects/ros2-tutorial/install/more_interfaces/share/more_interfaces/cmake/more_interfaces__rosidl_generator_cppExport.cmake
-- Installing: /home/maroqi/Projects/ROS2Projects/ros2-tutorial/install/more_interfaces/share/more_interfaces/cmake/more_interfaces__rosidl_typesupport_introspection_cppExport.cmake
-- Installing: /home/maroqi/Projects/ROS2Projects/ros2-tutorial/install/more_interfaces/share/more_interfaces/cmake/more_interfaces__rosidl_typesupport_introspection_cppExport-noconfig.cmake
-- Installing: /home/maroqi/Projects/ROS2Projects/ros2-tutorial/install/more_interfaces/share/more_interfaces/cmake/more_interfaces__rosidl_typesupport_cppExport.cmake
-- Installing: /home/maroqi/Projects/ROS2Projects/ros2-tutorial/install/more_interfaces/share/more_interfaces/cmake/more_interfaces__rosidl_typesupport_cppExport-noconfig.cmake
-- Installing: /home/maroqi/Projects/ROS2Projects/ros2-tutorial/install/more_interfaces/share/more_interfaces/cmake/rosidl_cmake-extras.cmake
-- Installing: /home/maroqi/Projects/ROS2Projects/ros2-tutorial/install/more_interfaces/share/more_interfaces/cmake/ament_cmake_export_dependencies-extras.cmake
-- Installing: /home/maroqi/Projects/ROS2Projects/ros2-tutorial/install/more_interfaces/share/more_interfaces/cmake/ament_cmake_export_libraries-extras.cmake
-- Installing: /home/maroqi/Projects/ROS2Projects/ros2-tutorial/install/more_interfaces/share/more_interfaces/cmake/ament_cmake_export_targets-extras.cmake
-- Installing: /home/maroqi/Projects/ROS2Projects/ros2-tutorial/install/more_interfaces/share/more_interfaces/cmake/ament_cmake_export_include_directories-extras.cmake
-- Installing: /home/maroqi/Projects/ROS2Projects/ros2-tutorial/install/more_interfaces/share/more_interfaces/cmake/rosidl_cmake_export_typesupport_libraries-extras.cmake
-- Installing: /home/maroqi/Projects/ROS2Projects/ros2-tutorial/install/more_interfaces/share/more_interfaces/cmake/rosidl_cmake_export_typesupport_targets-extras.cmake
-- Installing: /home/maroqi/Projects/ROS2Projects/ros2-tutorial/install/more_interfaces/share/more_interfaces/cmake/more_interfacesConfig.cmake
-- Installing: /home/maroqi/Projects/ROS2Projects/ros2-tutorial/install/more_interfaces/share/more_interfaces/cmake/more_interfacesConfig-version.cmake
-- Installing: /home/maroqi/Projects/ROS2Projects/ros2-tutorial/install/more_interfaces/share/more_interfaces/package.xml
