[0.041s] Invoking command in '/home/maroqi/Projects/ROS2Projects/ros2-tutorial/build/more_interfaces': CMAKE_PREFIX_PATH=${CMAKE_PREFIX_PATH}:/opt/ros/foxy /usr/bin/cmake /home/maroqi/Projects/ROS2Projects/ros2-tutorial/src/more_interfaces -DCMAKE_INSTALL_PREFIX=/home/maroqi/Projects/ROS2Projects/ros2-tutorial/install/more_interfaces
[0.076s] -- Found ament_cmake: 0.9.8 (/opt/ros/foxy/share/ament_cmake/cmake)
[0.128s] -- Found PythonInterp: /usr/bin/python3 (found suitable version "3.8.5", minimum required is "3") 
[0.129s] -- Using PYTHON_EXECUTABLE: /usr/bin/python3
[0.541s] -- Found rosidl_default_generators: 1.0.0 (/opt/ros/foxy/share/rosidl_default_generators/cmake)
[0.548s] -- Using all available rosidl_typesupport_c: rosidl_typesupport_fastrtps_c;rosidl_typesupport_introspection_c
[0.557s] -- Found rosidl_adapter: 1.2.0 (/opt/ros/foxy/share/rosidl_adapter/cmake)
[0.802s] -- Using all available rosidl_typesupport_cpp: rosidl_typesupport_fastrtps_cpp;rosidl_typesupport_introspection_cpp
[0.853s] -- Found rclcpp: 2.3.0 (/opt/ros/foxy/share/rclcpp/cmake)
[0.973s] -- Found rmw_implementation_cmake: 1.0.2 (/opt/ros/foxy/share/rmw_implementation_cmake/cmake)
[0.979s] -- Using RMW implementation 'rmw_fastrtps_cpp' as default
[1.391s] -- Found PythonInterp: /usr/bin/python3 (found version "3.8.5") 
[1.674s] -- Found ament_cmake_ros: 0.9.1 (/opt/ros/foxy/share/ament_cmake_ros/cmake)
[1.876s] -- Using all available rosidl_typesupport_c: rosidl_typesupport_fastrtps_c;rosidl_typesupport_introspection_c
[1.902s] -- Using all available rosidl_typesupport_cpp: rosidl_typesupport_fastrtps_cpp;rosidl_typesupport_introspection_cpp
[1.955s] -- Found PythonInterp: /usr/bin/python3 (found suitable version "3.8.5", minimum required is "3.5") 
[1.956s] -- Found python_cmake_module: 0.8.0 (/opt/ros/foxy/share/python_cmake_module/cmake)
[2.008s] -- Using PYTHON_EXECUTABLE: /usr/bin/python3
[2.008s] -- Using PYTHON_INCLUDE_DIRS: /usr/include/python3.8
[2.008s] -- Using PYTHON_LIBRARIES: /usr/lib/x86_64-linux-gnu/libpython3.8.so
[2.061s] -- Found ament_lint_auto: 0.9.6 (/opt/ros/foxy/share/ament_lint_auto/cmake)
[2.099s] -- Added test 'copyright' to check source files copyright and LICENSE
[2.102s] -- Added test 'cppcheck' to perform static code analysis on C / C++ code
[2.109s] -- Configured cppcheck include dirs: 
[2.109s] -- Configured cppcheck exclude dirs and/or files: 
[2.112s] -- Added test 'cpplint' to check C / C++ code against the Google style
[2.113s] -- Configured cpplint exclude dirs and/or files: 
[2.115s] -- Added test 'lint_cmake' to check CMake code style
[2.118s] -- Added test 'uncrustify' to check C / C++ code style
[2.119s] -- Configured uncrustify additional arguments: 
[2.121s] -- Added test 'xmllint' to check XML markup files
[2.133s] -- Configuring done
[2.246s] -- Generating done
[2.256s] -- Build files have been written to: /home/maroqi/Projects/ROS2Projects/ros2-tutorial/build/more_interfaces
[2.290s] Invoked command in '/home/maroqi/Projects/ROS2Projects/ros2-tutorial/build/more_interfaces' returned '0': CMAKE_PREFIX_PATH=${CMAKE_PREFIX_PATH}:/opt/ros/foxy /usr/bin/cmake /home/maroqi/Projects/ROS2Projects/ros2-tutorial/src/more_interfaces -DCMAKE_INSTALL_PREFIX=/home/maroqi/Projects/ROS2Projects/ros2-tutorial/install/more_interfaces
[2.292s] Invoking command in '/home/maroqi/Projects/ROS2Projects/ros2-tutorial/build/more_interfaces': CMAKE_PREFIX_PATH=${CMAKE_PREFIX_PATH}:/opt/ros/foxy /usr/bin/cmake --build /home/maroqi/Projects/ROS2Projects/ros2-tutorial/build/more_interfaces -- -j2 -l2
[2.424s] [  3%] [34m[1mGenerating C code for ROS interfaces[0m
[2.465s] [35m[1mScanning dependencies of target more_interfaces__cpp[0m
[2.537s] [  6%] [34m[1mGenerating C++ code for ROS interfaces[0m
[3.856s] [35m[1mScanning dependencies of target more_interfaces__rosidl_generator_c[0m
[3.954s] [  9%] [32mBuilding C object CMakeFiles/more_interfaces__rosidl_generator_c.dir/rosidl_generator_c/more_interfaces/msg/detail/address_book__functions.c.o[0m
[3.958s] [  9%] Built target more_interfaces__cpp
[4.008s] [ 12%] [34m[1mGenerating C++ introspection for ROS interfaces[0m
[4.180s] [ 15%] [32m[1mLinking C shared library libmore_interfaces__rosidl_generator_c.so[0m
[4.333s] [ 15%] Built target more_interfaces__rosidl_generator_c
[4.371s] [ 18%] [34m[1mGenerating C++ type support dispatch for ROS interfaces[0m
[5.352s] [35m[1mScanning dependencies of target more_interfaces__rosidl_typesupport_introspection_cpp[0m
[5.424s] [ 21%] [32mBuilding CXX object CMakeFiles/more_interfaces__rosidl_typesupport_introspection_cpp.dir/rosidl_typesupport_introspection_cpp/more_interfaces/msg/detail/address_book__type_support.cpp.o[0m
[5.589s] [35m[1mScanning dependencies of target more_interfaces__rosidl_typesupport_cpp[0m
[5.664s] [ 24%] [32mBuilding CXX object CMakeFiles/more_interfaces__rosidl_typesupport_cpp.dir/rosidl_typesupport_cpp/more_interfaces/msg/address_book__type_support.cpp.o[0m
[7.143s] [ 27%] [32m[1mLinking CXX shared library libmore_interfaces__rosidl_typesupport_introspection_cpp.so[0m
[7.345s] [ 30%] [32m[1mLinking CXX shared library libmore_interfaces__rosidl_typesupport_cpp.so[0m
[7.477s] [ 30%] Built target more_interfaces__rosidl_typesupport_introspection_cpp
[7.521s] [ 33%] [34m[1mGenerating C++ type support for eProsima Fast-RTPS[0m
[7.543s] [ 33%] Built target more_interfaces__rosidl_typesupport_cpp
[7.608s] [ 36%] [34m[1mGenerating C introspection for ROS interfaces[0m
[8.847s] [35m[1mScanning dependencies of target more_interfaces__rosidl_typesupport_fastrtps_cpp[0m
[8.898s] [35m[1mScanning dependencies of target more_interfaces__rosidl_typesupport_introspection_c[0m
[8.928s] [ 39%] [32mBuilding CXX object CMakeFiles/more_interfaces__rosidl_typesupport_fastrtps_cpp.dir/rosidl_typesupport_fastrtps_cpp/more_interfaces/msg/detail/dds_fastrtps/address_book__type_support.cpp.o[0m
[8.958s] [ 42%] [32mBuilding C object CMakeFiles/more_interfaces__rosidl_typesupport_introspection_c.dir/rosidl_typesupport_introspection_c/more_interfaces/msg/detail/address_book__type_support.c.o[0m
[9.109s] [ 45%] [32m[1mLinking C shared library libmore_interfaces__rosidl_typesupport_introspection_c.so[0m
[9.196s] [ 45%] Built target more_interfaces__rosidl_typesupport_introspection_c
[9.262s] [ 48%] [34m[1mGenerating C type support dispatch for ROS interfaces[0m
[10.616s] [35m[1mScanning dependencies of target more_interfaces__rosidl_typesupport_c[0m
[10.681s] [ 51%] [32mBuilding CXX object CMakeFiles/more_interfaces__rosidl_typesupport_c.dir/rosidl_typesupport_c/more_interfaces/msg/address_book__type_support.cpp.o[0m
[10.890s] [ 54%] [32m[1mLinking CXX shared library libmore_interfaces__rosidl_typesupport_c.so[0m
[11.127s] [ 54%] Built target more_interfaces__rosidl_typesupport_c
[11.386s] [ 57%] [32m[1mLinking CXX shared library libmore_interfaces__rosidl_typesupport_fastrtps_cpp.so[0m
[11.698s] [ 57%] Built target more_interfaces__rosidl_typesupport_fastrtps_cpp
[11.736s] [ 60%] [34m[1mGenerating C type support for eProsima Fast-RTPS[0m
[12.548s] [35m[1mScanning dependencies of target more_interfaces__rosidl_typesupport_fastrtps_c[0m
[12.593s] [ 63%] [32mBuilding CXX object CMakeFiles/more_interfaces__rosidl_typesupport_fastrtps_c.dir/rosidl_typesupport_fastrtps_c/more_interfaces/msg/detail/address_book__type_support_c.cpp.o[0m
[13.794s] [ 66%] [32m[1mLinking CXX shared library libmore_interfaces__rosidl_typesupport_fastrtps_c.so[0m
[14.048s] [ 66%] Built target more_interfaces__rosidl_typesupport_fastrtps_c
[14.070s] [35m[1mScanning dependencies of target more_interfaces[0m
[14.119s] [ 66%] Built target more_interfaces
[14.155s] [35m[1mScanning dependencies of target publisher[0m
[14.185s] [35m[1mScanning dependencies of target more_interfaces__py[0m
[14.239s] [ 69%] [34m[1mGenerating Python code for ROS interfaces[0m
[14.339s] [ 72%] [32mBuilding CXX object CMakeFiles/publisher.dir/src/publish_address_book.cpp.o[0m
[16.784s] [ 72%] Built target more_interfaces__py
[16.852s] [35m[1mScanning dependencies of target more_interfaces__python[0m
[16.978s] [ 75%] [32mBuilding C object CMakeFiles/more_interfaces__python.dir/rosidl_generator_py/more_interfaces/msg/_address_book_s.c.o[0m
[17.514s] [ 78%] [32m[1mLinking C shared library rosidl_generator_py/more_interfaces/libmore_interfaces__python.so[0m
[17.732s] [ 78%] Built target more_interfaces__python
[17.799s] [35m[1mScanning dependencies of target more_interfaces__rosidl_typesupport_c__pyext[0m
[17.908s] [ 81%] [32mBuilding C object CMakeFiles/more_interfaces__rosidl_typesupport_c__pyext.dir/rosidl_generator_py/more_interfaces/_more_interfaces_s.ep.rosidl_typesupport_c.c.o[0m
[18.365s] [ 84%] [32m[1mLinking C shared library rosidl_generator_py/more_interfaces/more_interfaces_s__rosidl_typesupport_c.cpython-38-x86_64-linux-gnu.so[0m
[18.578s] [ 84%] Built target more_interfaces__rosidl_typesupport_c__pyext
[18.642s] [35m[1mScanning dependencies of target more_interfaces__rosidl_typesupport_introspection_c__pyext[0m
[18.735s] [ 87%] [32mBuilding C object CMakeFiles/more_interfaces__rosidl_typesupport_introspection_c__pyext.dir/rosidl_generator_py/more_interfaces/_more_interfaces_s.ep.rosidl_typesupport_introspection_c.c.o[0m
[19.156s] [ 90%] [32m[1mLinking C shared library rosidl_generator_py/more_interfaces/more_interfaces_s__rosidl_typesupport_introspection_c.cpython-38-x86_64-linux-gnu.so[0m
[19.348s] [ 90%] Built target more_interfaces__rosidl_typesupport_introspection_c__pyext
[25.882s] [ 93%] [32m[1mLinking CXX executable publisher[0m
[26.326s] [ 93%] Built target publisher
[26.351s] [35m[1mScanning dependencies of target more_interfaces__rosidl_typesupport_fastrtps_c__pyext[0m
[26.411s] [ 96%] [32mBuilding C object CMakeFiles/more_interfaces__rosidl_typesupport_fastrtps_c__pyext.dir/rosidl_generator_py/more_interfaces/_more_interfaces_s.ep.rosidl_typesupport_fastrtps_c.c.o[0m
[26.724s] [100%] [32m[1mLinking CXX shared library rosidl_generator_py/more_interfaces/more_interfaces_s__rosidl_typesupport_fastrtps_c.cpython-38-x86_64-linux-gnu.so[0m
[26.959s] [100%] Built target more_interfaces__rosidl_typesupport_fastrtps_c__pyext
[26.997s] Invoked command in '/home/maroqi/Projects/ROS2Projects/ros2-tutorial/build/more_interfaces' returned '0': CMAKE_PREFIX_PATH=${CMAKE_PREFIX_PATH}:/opt/ros/foxy /usr/bin/cmake --build /home/maroqi/Projects/ROS2Projects/ros2-tutorial/build/more_interfaces -- -j2 -l2
[27.206s] Invoking command in '/home/maroqi/Projects/ROS2Projects/ros2-tutorial/build/more_interfaces': CMAKE_PREFIX_PATH=${CMAKE_PREFIX_PATH}:/opt/ros/foxy /usr/bin/cmake --install /home/maroqi/Projects/ROS2Projects/ros2-tutorial/build/more_interfaces
[27.238s] -- Install configuration: ""
[27.239s] -- Installing: /home/maroqi/Projects/ROS2Projects/ros2-tutorial/install/more_interfaces/share/ament_index/resource_index/rosidl_interfaces/more_interfaces
[27.240s] -- Installing: /home/maroqi/Projects/ROS2Projects/ros2-tutorial/install/more_interfaces/include/more_interfaces
[27.241s] -- Installing: /home/maroqi/Projects/ROS2Projects/ros2-tutorial/install/more_interfaces/include/more_interfaces/msg
[27.242s] -- Installing: /home/maroqi/Projects/ROS2Projects/ros2-tutorial/install/more_interfaces/include/more_interfaces/msg/rosidl_generator_c__visibility_control.h
[27.243s] -- Installing: /home/maroqi/Projects/ROS2Projects/ros2-tutorial/install/more_interfaces/include/more_interfaces/msg/detail
[27.244s] -- Installing: /home/maroqi/Projects/ROS2Projects/ros2-tutorial/install/more_interfaces/include/more_interfaces/msg/detail/address_book__functions.h
[27.245s] -- Installing: /home/maroqi/Projects/ROS2Projects/ros2-tutorial/install/more_interfaces/include/more_interfaces/msg/detail/address_book__functions.c
[27.246s] -- Installing: /home/maroqi/Projects/ROS2Projects/ros2-tutorial/install/more_interfaces/include/more_interfaces/msg/detail/address_book__struct.h
[27.246s] -- Installing: /home/maroqi/Projects/ROS2Projects/ros2-tutorial/install/more_interfaces/include/more_interfaces/msg/detail/address_book__type_support.h
[27.248s] -- Installing: /home/maroqi/Projects/ROS2Projects/ros2-tutorial/install/more_interfaces/include/more_interfaces/msg/address_book.h
[27.249s] -- Installing: /home/maroqi/Projects/ROS2Projects/ros2-tutorial/install/more_interfaces/share/more_interfaces/environment/library_path.sh
[27.250s] -- Installing: /home/maroqi/Projects/ROS2Projects/ros2-tutorial/install/more_interfaces/share/more_interfaces/environment/library_path.dsv
[27.251s] -- Installing: /home/maroqi/Projects/ROS2Projects/ros2-tutorial/install/more_interfaces/lib/libmore_interfaces__rosidl_generator_c.so
[27.252s] -- Set runtime path of "/home/maroqi/Projects/ROS2Projects/ros2-tutorial/install/more_interfaces/lib/libmore_interfaces__rosidl_generator_c.so" to ""
[27.253s] -- Up-to-date: /home/maroqi/Projects/ROS2Projects/ros2-tutorial/install/more_interfaces/include/more_interfaces
[27.254s] -- Up-to-date: /home/maroqi/Projects/ROS2Projects/ros2-tutorial/install/more_interfaces/include/more_interfaces/msg
[27.255s] -- Up-to-date: /home/maroqi/Projects/ROS2Projects/ros2-tutorial/install/more_interfaces/include/more_interfaces/msg/detail
[27.256s] -- Installing: /home/maroqi/Projects/ROS2Projects/ros2-tutorial/install/more_interfaces/include/more_interfaces/msg/detail/address_book__rosidl_typesupport_fastrtps_c.h
[27.257s] -- Installing: /home/maroqi/Projects/ROS2Projects/ros2-tutorial/install/more_interfaces/include/more_interfaces/msg/rosidl_typesupport_fastrtps_c__visibility_control.h
[27.258s] -- Installing: /home/maroqi/Projects/ROS2Projects/ros2-tutorial/install/more_interfaces/lib/libmore_interfaces__rosidl_typesupport_fastrtps_c.so
[27.260s] -- Set runtime path of "/home/maroqi/Projects/ROS2Projects/ros2-tutorial/install/more_interfaces/lib/libmore_interfaces__rosidl_typesupport_fastrtps_c.so" to ""
[27.261s] -- Up-to-date: /home/maroqi/Projects/ROS2Projects/ros2-tutorial/install/more_interfaces/include/more_interfaces
[27.262s] -- Up-to-date: /home/maroqi/Projects/ROS2Projects/ros2-tutorial/install/more_interfaces/include/more_interfaces/msg
[27.263s] -- Up-to-date: /home/maroqi/Projects/ROS2Projects/ros2-tutorial/install/more_interfaces/include/more_interfaces/msg/detail
[27.264s] -- Installing: /home/maroqi/Projects/ROS2Projects/ros2-tutorial/install/more_interfaces/include/more_interfaces/msg/detail/dds_fastrtps
[27.265s] -- Installing: /home/maroqi/Projects/ROS2Projects/ros2-tutorial/install/more_interfaces/include/more_interfaces/msg/detail/address_book__rosidl_typesupport_fastrtps_cpp.hpp
[27.285s] -- Installing: /home/maroqi/Projects/ROS2Projects/ros2-tutorial/install/more_interfaces/include/more_interfaces/msg/rosidl_typesupport_fastrtps_cpp__visibility_control.h
[27.293s] -- Installing: /home/maroqi/Projects/ROS2Projects/ros2-tutorial/install/more_interfaces/lib/libmore_interfaces__rosidl_typesupport_fastrtps_cpp.so
[27.295s] -- Set runtime path of "/home/maroqi/Projects/ROS2Projects/ros2-tutorial/install/more_interfaces/lib/libmore_interfaces__rosidl_typesupport_fastrtps_cpp.so" to ""
[27.296s] -- Up-to-date: /home/maroqi/Projects/ROS2Projects/ros2-tutorial/install/more_interfaces/include/more_interfaces
[27.296s] -- Up-to-date: /home/maroqi/Projects/ROS2Projects/ros2-tutorial/install/more_interfaces/include/more_interfaces/msg
[27.297s] -- Up-to-date: /home/maroqi/Projects/ROS2Projects/ros2-tutorial/install/more_interfaces/include/more_interfaces/msg/detail
[27.297s] -- Installing: /home/maroqi/Projects/ROS2Projects/ros2-tutorial/install/more_interfaces/include/more_interfaces/msg/detail/address_book__type_support.c
[27.298s] -- Installing: /home/maroqi/Projects/ROS2Projects/ros2-tutorial/install/more_interfaces/include/more_interfaces/msg/detail/address_book__rosidl_typesupport_introspection_c.h
[27.299s] -- Installing: /home/maroqi/Projects/ROS2Projects/ros2-tutorial/install/more_interfaces/include/more_interfaces/msg/rosidl_typesupport_introspection_c__visibility_control.h
[27.301s] -- Installing: /home/maroqi/Projects/ROS2Projects/ros2-tutorial/install/more_interfaces/lib/libmore_interfaces__rosidl_typesupport_introspection_c.so
[27.302s] -- Set runtime path of "/home/maroqi/Projects/ROS2Projects/ros2-tutorial/install/more_interfaces/lib/libmore_interfaces__rosidl_typesupport_introspection_c.so" to ""
[27.303s] -- Installing: /home/maroqi/Projects/ROS2Projects/ros2-tutorial/install/more_interfaces/lib/libmore_interfaces__rosidl_typesupport_c.so
[27.305s] -- Set runtime path of "/home/maroqi/Projects/ROS2Projects/ros2-tutorial/install/more_interfaces/lib/libmore_interfaces__rosidl_typesupport_c.so" to ""
[27.308s] -- Up-to-date: /home/maroqi/Projects/ROS2Projects/ros2-tutorial/install/more_interfaces/include/more_interfaces
[27.309s] -- Up-to-date: /home/maroqi/Projects/ROS2Projects/ros2-tutorial/install/more_interfaces/include/more_interfaces/msg
[27.309s] -- Up-to-date: /home/maroqi/Projects/ROS2Projects/ros2-tutorial/install/more_interfaces/include/more_interfaces/msg/detail
[27.310s] -- Installing: /home/maroqi/Projects/ROS2Projects/ros2-tutorial/install/more_interfaces/include/more_interfaces/msg/detail/address_book__struct.hpp
[27.310s] -- Installing: /home/maroqi/Projects/ROS2Projects/ros2-tutorial/install/more_interfaces/include/more_interfaces/msg/detail/address_book__builder.hpp
[27.311s] -- Installing: /home/maroqi/Projects/ROS2Projects/ros2-tutorial/install/more_interfaces/include/more_interfaces/msg/detail/address_book__traits.hpp
[27.312s] -- Installing: /home/maroqi/Projects/ROS2Projects/ros2-tutorial/install/more_interfaces/include/more_interfaces/msg/address_book.hpp
[27.313s] -- Up-to-date: /home/maroqi/Projects/ROS2Projects/ros2-tutorial/install/more_interfaces/include/more_interfaces
[27.313s] -- Up-to-date: /home/maroqi/Projects/ROS2Projects/ros2-tutorial/install/more_interfaces/include/more_interfaces/msg
[27.314s] -- Up-to-date: /home/maroqi/Projects/ROS2Projects/ros2-tutorial/install/more_interfaces/include/more_interfaces/msg/detail
[27.316s] -- Installing: /home/maroqi/Projects/ROS2Projects/ros2-tutorial/install/more_interfaces/include/more_interfaces/msg/detail/address_book__rosidl_typesupport_introspection_cpp.hpp
[27.317s] -- Installing: /home/maroqi/Projects/ROS2Projects/ros2-tutorial/install/more_interfaces/include/more_interfaces/msg/detail/address_book__type_support.cpp
[27.318s] -- Installing: /home/maroqi/Projects/ROS2Projects/ros2-tutorial/install/more_interfaces/lib/libmore_interfaces__rosidl_typesupport_introspection_cpp.so
[27.320s] -- Set runtime path of "/home/maroqi/Projects/ROS2Projects/ros2-tutorial/install/more_interfaces/lib/libmore_interfaces__rosidl_typesupport_introspection_cpp.so" to ""
[27.320s] -- Installing: /home/maroqi/Projects/ROS2Projects/ros2-tutorial/install/more_interfaces/lib/libmore_interfaces__rosidl_typesupport_cpp.so
[27.322s] -- Set runtime path of "/home/maroqi/Projects/ROS2Projects/ros2-tutorial/install/more_interfaces/lib/libmore_interfaces__rosidl_typesupport_cpp.so" to ""
[27.327s] -- Installing: /home/maroqi/Projects/ROS2Projects/ros2-tutorial/install/more_interfaces/share/more_interfaces/environment/pythonpath.sh
[27.328s] -- Installing: /home/maroqi/Projects/ROS2Projects/ros2-tutorial/install/more_interfaces/share/more_interfaces/environment/pythonpath.dsv
[27.329s] -- Installing: /home/maroqi/Projects/ROS2Projects/ros2-tutorial/install/more_interfaces/lib/python3.8/site-packages/more_interfaces/__init__.py
[27.425s] Compiling '/home/maroqi/Projects/ROS2Projects/ros2-tutorial/install/more_interfaces/lib/python3.8/site-packages/more_interfaces/__init__.py'...
[27.449s] -- Installing: /home/maroqi/Projects/ROS2Projects/ros2-tutorial/install/more_interfaces/lib/python3.8/site-packages/more_interfaces/msg
[27.449s] -- Installing: /home/maroqi/Projects/ROS2Projects/ros2-tutorial/install/more_interfaces/lib/python3.8/site-packages/more_interfaces/msg/_address_book_s.c
[27.449s] -- Installing: /home/maroqi/Projects/ROS2Projects/ros2-tutorial/install/more_interfaces/lib/python3.8/site-packages/more_interfaces/msg/__init__.py
[27.450s] -- Installing: /home/maroqi/Projects/ROS2Projects/ros2-tutorial/install/more_interfaces/lib/python3.8/site-packages/more_interfaces/msg/_address_book.py
[27.450s] -- Installing: /home/maroqi/Projects/ROS2Projects/ros2-tutorial/install/more_interfaces/lib/python3.8/site-packages/more_interfaces/more_interfaces_s__rosidl_typesupport_fastrtps_c.cpython-38-x86_64-linux-gnu.so
[27.450s] -- Set runtime path of "/home/maroqi/Projects/ROS2Projects/ros2-tutorial/install/more_interfaces/lib/python3.8/site-packages/more_interfaces/more_interfaces_s__rosidl_typesupport_fastrtps_c.cpython-38-x86_64-linux-gnu.so" to ""
[27.450s] -- Installing: /home/maroqi/Projects/ROS2Projects/ros2-tutorial/install/more_interfaces/lib/python3.8/site-packages/more_interfaces/more_interfaces_s__rosidl_typesupport_introspection_c.cpython-38-x86_64-linux-gnu.so
[27.451s] -- Set runtime path of "/home/maroqi/Projects/ROS2Projects/ros2-tutorial/install/more_interfaces/lib/python3.8/site-packages/more_interfaces/more_interfaces_s__rosidl_typesupport_introspection_c.cpython-38-x86_64-linux-gnu.so" to ""
[27.452s] -- Installing: /home/maroqi/Projects/ROS2Projects/ros2-tutorial/install/more_interfaces/lib/python3.8/site-packages/more_interfaces/more_interfaces_s__rosidl_typesupport_c.cpython-38-x86_64-linux-gnu.so
[27.453s] -- Set runtime path of "/home/maroqi/Projects/ROS2Projects/ros2-tutorial/install/more_interfaces/lib/python3.8/site-packages/more_interfaces/more_interfaces_s__rosidl_typesupport_c.cpython-38-x86_64-linux-gnu.so" to ""
[27.456s] -- Installing: /home/maroqi/Projects/ROS2Projects/ros2-tutorial/install/more_interfaces/lib/libmore_interfaces__python.so
[27.457s] -- Set runtime path of "/home/maroqi/Projects/ROS2Projects/ros2-tutorial/install/more_interfaces/lib/libmore_interfaces__python.so" to ""
[27.458s] -- Installing: /home/maroqi/Projects/ROS2Projects/ros2-tutorial/install/more_interfaces/share/more_interfaces/msg/AddressBook.idl
[27.459s] -- Installing: /home/maroqi/Projects/ROS2Projects/ros2-tutorial/install/more_interfaces/share/more_interfaces/msg/AddressBook.msg
[27.460s] -- Installing: /home/maroqi/Projects/ROS2Projects/ros2-tutorial/install/more_interfaces/lib/more_interfaces/publisher
[27.464s] -- Set runtime path of "/home/maroqi/Projects/ROS2Projects/ros2-tutorial/install/more_interfaces/lib/more_interfaces/publisher" to ""
[27.465s] -- Installing: /home/maroqi/Projects/ROS2Projects/ros2-tutorial/install/more_interfaces/share/ament_index/resource_index/package_run_dependencies/more_interfaces
[27.466s] -- Installing: /home/maroqi/Projects/ROS2Projects/ros2-tutorial/install/more_interfaces/share/ament_index/resource_index/parent_prefix_path/more_interfaces
[27.467s] -- Installing: /home/maroqi/Projects/ROS2Projects/ros2-tutorial/install/more_interfaces/share/more_interfaces/environment/ament_prefix_path.sh
[27.470s] -- Installing: /home/maroqi/Projects/ROS2Projects/ros2-tutorial/install/more_interfaces/share/more_interfaces/environment/ament_prefix_path.dsv
[27.471s] -- Installing: /home/maroqi/Projects/ROS2Projects/ros2-tutorial/install/more_interfaces/share/more_interfaces/environment/path.sh
[27.472s] -- Installing: /home/maroqi/Projects/ROS2Projects/ros2-tutorial/install/more_interfaces/share/more_interfaces/environment/path.dsv
[27.473s] -- Installing: /home/maroqi/Projects/ROS2Projects/ros2-tutorial/install/more_interfaces/share/more_interfaces/local_setup.bash
[27.474s] -- Installing: /home/maroqi/Projects/ROS2Projects/ros2-tutorial/install/more_interfaces/share/more_interfaces/local_setup.sh
[27.475s] -- Installing: /home/maroqi/Projects/ROS2Projects/ros2-tutorial/install/more_interfaces/share/more_interfaces/local_setup.zsh
[27.480s] -- Installing: /home/maroqi/Projects/ROS2Projects/ros2-tutorial/install/more_interfaces/share/more_interfaces/local_setup.dsv
[27.481s] -- Installing: /home/maroqi/Projects/ROS2Projects/ros2-tutorial/install/more_interfaces/share/more_interfaces/package.dsv
[27.482s] -- Installing: /home/maroqi/Projects/ROS2Projects/ros2-tutorial/install/more_interfaces/share/ament_index/resource_index/packages/more_interfaces
[27.483s] -- Installing: /home/maroqi/Projects/ROS2Projects/ros2-tutorial/install/more_interfaces/share/more_interfaces/cmake/more_interfaces__rosidl_generator_cExport.cmake
[27.484s] -- Installing: /home/maroqi/Projects/ROS2Projects/ros2-tutorial/install/more_interfaces/share/more_interfaces/cmake/more_interfaces__rosidl_generator_cExport-noconfig.cmake
[27.485s] -- Installing: /home/maroqi/Projects/ROS2Projects/ros2-tutorial/install/more_interfaces/share/more_interfaces/cmake/more_interfaces__rosidl_typesupport_introspection_cExport.cmake
[27.486s] -- Installing: /home/maroqi/Projects/ROS2Projects/ros2-tutorial/install/more_interfaces/share/more_interfaces/cmake/more_interfaces__rosidl_typesupport_introspection_cExport-noconfig.cmake
[27.487s] -- Installing: /home/maroqi/Projects/ROS2Projects/ros2-tutorial/install/more_interfaces/share/more_interfaces/cmake/more_interfaces__rosidl_typesupport_cExport.cmake
[27.488s] -- Installing: /home/maroqi/Projects/ROS2Projects/ros2-tutorial/install/more_interfaces/share/more_interfaces/cmake/more_interfaces__rosidl_typesupport_cExport-noconfig.cmake
[27.489s] -- Installing: /home/maroqi/Projects/ROS2Projects/ros2-tutorial/install/more_interfaces/share/more_interfaces/cmake/more_interfaces__rosidl_generator_cppExport.cmake
[27.491s] -- Installing: /home/maroqi/Projects/ROS2Projects/ros2-tutorial/install/more_interfaces/share/more_interfaces/cmake/more_interfaces__rosidl_typesupport_introspection_cppExport.cmake
[27.496s] -- Installing: /home/maroqi/Projects/ROS2Projects/ros2-tutorial/install/more_interfaces/share/more_interfaces/cmake/more_interfaces__rosidl_typesupport_introspection_cppExport-noconfig.cmake
[27.498s] -- Installing: /home/maroqi/Projects/ROS2Projects/ros2-tutorial/install/more_interfaces/share/more_interfaces/cmake/more_interfaces__rosidl_typesupport_cppExport.cmake
[27.498s] -- Installing: /home/maroqi/Projects/ROS2Projects/ros2-tutorial/install/more_interfaces/share/more_interfaces/cmake/more_interfaces__rosidl_typesupport_cppExport-noconfig.cmake
[27.500s] -- Installing: /home/maroqi/Projects/ROS2Projects/ros2-tutorial/install/more_interfaces/share/more_interfaces/cmake/rosidl_cmake-extras.cmake
[27.501s] -- Installing: /home/maroqi/Projects/ROS2Projects/ros2-tutorial/install/more_interfaces/share/more_interfaces/cmake/ament_cmake_export_dependencies-extras.cmake
[27.502s] -- Installing: /home/maroqi/Projects/ROS2Projects/ros2-tutorial/install/more_interfaces/share/more_interfaces/cmake/ament_cmake_export_libraries-extras.cmake
[27.503s] -- Installing: /home/maroqi/Projects/ROS2Projects/ros2-tutorial/install/more_interfaces/share/more_interfaces/cmake/ament_cmake_export_targets-extras.cmake
[27.504s] -- Installing: /home/maroqi/Projects/ROS2Projects/ros2-tutorial/install/more_interfaces/share/more_interfaces/cmake/ament_cmake_export_include_directories-extras.cmake
[27.505s] -- Installing: /home/maroqi/Projects/ROS2Projects/ros2-tutorial/install/more_interfaces/share/more_interfaces/cmake/rosidl_cmake_export_typesupport_libraries-extras.cmake
[27.506s] -- Installing: /home/maroqi/Projects/ROS2Projects/ros2-tutorial/install/more_interfaces/share/more_interfaces/cmake/rosidl_cmake_export_typesupport_targets-extras.cmake
[27.507s] -- Installing: /home/maroqi/Projects/ROS2Projects/ros2-tutorial/install/more_interfaces/share/more_interfaces/cmake/more_interfacesConfig.cmake
[27.508s] -- Installing: /home/maroqi/Projects/ROS2Projects/ros2-tutorial/install/more_interfaces/share/more_interfaces/cmake/more_interfacesConfig-version.cmake
[27.509s] -- Installing: /home/maroqi/Projects/ROS2Projects/ros2-tutorial/install/more_interfaces/share/more_interfaces/package.xml
[27.519s] Invoked command in '/home/maroqi/Projects/ROS2Projects/ros2-tutorial/build/more_interfaces' returned '0': CMAKE_PREFIX_PATH=${CMAKE_PREFIX_PATH}:/opt/ros/foxy /usr/bin/cmake --install /home/maroqi/Projects/ROS2Projects/ros2-tutorial/build/more_interfaces
