-- Found ament_cmake: 0.9.8 (/opt/ros/foxy/share/ament_cmake/cmake)
-- Using PYTHON_EXECUTABLE: /usr/bin/python3
-- Found rclcpp: 2.3.0 (/opt/ros/foxy/share/rclcpp/cmake)
-- Using all available rosidl_typesupport_c: rosidl_typesupport_fastrtps_c;rosidl_typesupport_introspection_c
-- Found rosidl_adapter: 1.2.0 (/opt/ros/foxy/share/rosidl_adapter/cmake)
-- Found OpenSSL: /usr/lib/x86_64-linux-gnu/libcrypto.so (found version "1.1.1f")  
-- Found FastRTPS: /opt/ros/foxy/include  
-- Using all available rosidl_typesupport_cpp: rosidl_typesupport_fastrtps_cpp;rosidl_typesupport_introspection_cpp
-- Found rmw_implementation_cmake: 1.0.2 (/opt/ros/foxy/share/rmw_implementation_cmake/cmake)
-- Using RMW implementation 'rmw_fastrtps_cpp' as default
-- Looking for pthread.h
-- Looking for pthread.h - found
-- Performing Test CMAKE_HAVE_LIBC_PTHREAD
-- Performing Test CMAKE_HAVE_LIBC_PTHREAD - Failed
-- Looking for pthread_create in pthreads
-- Looking for pthread_create in pthreads - not found
-- Looking for pthread_create in pthread
-- Looking for pthread_create in pthread - found
-- Found Threads: TRUE  
-- Found ament_lint_auto: 0.9.6 (/opt/ros/foxy/share/ament_lint_auto/cmake)
-- Added test 'copyright' to check source files copyright and LICENSE
-- Added test 'cppcheck' to perform static code analysis on C / C++ code
-- Configured cppcheck include dirs: $<BUILD_INTERFACE:/home/maroqi/Projects/ROS2Projects/ros2-tutorial/src/my_package/include>
-- Configured cppcheck exclude dirs and/or files: 
-- Added test 'cpplint' to check C / C++ code against the Google style
-- Configured cpplint exclude dirs and/or files: 
-- Added test 'lint_cmake' to check CMake code style
-- Added test 'uncrustify' to check C / C++ code style
-- Configured uncrustify additional arguments: 
-- Added test 'xmllint' to check XML markup files
-- Configuring done
-- Generating done
-- Build files have been written to: /home/maroqi/Projects/ROS2Projects/ros2-tutorial/build/my_package
[35m[1mScanning dependencies of target listener[0m
[35m[1mScanning dependencies of target talker[0m
[ 16%] [32mBuilding CXX object CMakeFiles/talker.dir/src/publisher_member_function.cpp.o[0m
[ 33%] [32mBuilding CXX object CMakeFiles/listener.dir/src/subscriber_member_function.cpp.o[0m
[ 50%] [32m[1mLinking CXX executable talker[0m
[ 50%] Built target talker
[ 66%] [32m[1mLinking CXX executable listener[0m
[ 66%] Built target listener
[100%] Built target my_node
-- Install configuration: ""
-- Installing: /home/maroqi/Projects/ROS2Projects/ros2-tutorial/install/my_package/lib/my_package/talker
-- Set runtime path of "/home/maroqi/Projects/ROS2Projects/ros2-tutorial/install/my_package/lib/my_package/talker" to ""
-- Installing: /home/maroqi/Projects/ROS2Projects/ros2-tutorial/install/my_package/lib/my_package/listener
-- Set runtime path of "/home/maroqi/Projects/ROS2Projects/ros2-tutorial/install/my_package/lib/my_package/listener" to ""
-- Up-to-date: /home/maroqi/Projects/ROS2Projects/ros2-tutorial/install/my_package/lib/my_package/my_node
-- Installing: /home/maroqi/Projects/ROS2Projects/ros2-tutorial/install/my_package/share/ament_index/resource_index/package_run_dependencies/my_package
-- Up-to-date: /home/maroqi/Projects/ROS2Projects/ros2-tutorial/install/my_package/share/ament_index/resource_index/parent_prefix_path/my_package
-- Up-to-date: /home/maroqi/Projects/ROS2Projects/ros2-tutorial/install/my_package/share/my_package/environment/ament_prefix_path.sh
-- Installing: /home/maroqi/Projects/ROS2Projects/ros2-tutorial/install/my_package/share/my_package/environment/ament_prefix_path.dsv
-- Up-to-date: /home/maroqi/Projects/ROS2Projects/ros2-tutorial/install/my_package/share/my_package/environment/path.sh
-- Installing: /home/maroqi/Projects/ROS2Projects/ros2-tutorial/install/my_package/share/my_package/environment/path.dsv
-- Up-to-date: /home/maroqi/Projects/ROS2Projects/ros2-tutorial/install/my_package/share/my_package/local_setup.bash
-- Up-to-date: /home/maroqi/Projects/ROS2Projects/ros2-tutorial/install/my_package/share/my_package/local_setup.sh
-- Up-to-date: /home/maroqi/Projects/ROS2Projects/ros2-tutorial/install/my_package/share/my_package/local_setup.zsh
-- Installing: /home/maroqi/Projects/ROS2Projects/ros2-tutorial/install/my_package/share/my_package/local_setup.dsv
-- Installing: /home/maroqi/Projects/ROS2Projects/ros2-tutorial/install/my_package/share/my_package/package.dsv
-- Up-to-date: /home/maroqi/Projects/ROS2Projects/ros2-tutorial/install/my_package/share/ament_index/resource_index/packages/my_package
-- Up-to-date: /home/maroqi/Projects/ROS2Projects/ros2-tutorial/install/my_package/share/my_package/cmake/my_packageConfig.cmake
-- Up-to-date: /home/maroqi/Projects/ROS2Projects/ros2-tutorial/install/my_package/share/my_package/cmake/my_packageConfig-version.cmake
-- Installing: /home/maroqi/Projects/ROS2Projects/ros2-tutorial/install/my_package/share/my_package/package.xml
