[0.037s] Invoking command in '/home/maroqi/Projects/ROS2Projects/ros2-tutorial/build/cpp_srvcli': CMAKE_PREFIX_PATH=${CMAKE_PREFIX_PATH}:/opt/ros/foxy /usr/bin/cmake /home/maroqi/Projects/ROS2Projects/ros2-tutorial/src/cpp_srvcli -DCMAKE_INSTALL_PREFIX=/home/maroqi/Projects/ROS2Projects/ros2-tutorial/install/cpp_srvcli
[0.191s] -- The C compiler identification is GNU 9.3.0
[0.394s] -- The CXX compiler identification is GNU 9.3.0
[0.414s] -- Check for working C compiler: /usr/bin/cc
[0.634s] -- Check for working C compiler: /usr/bin/cc -- works
[0.636s] -- Detecting C compiler ABI info
[0.782s] -- Detecting C compiler ABI info - done
[0.806s] -- Detecting C compile features
[0.807s] -- Detecting C compile features - done
[0.814s] -- Check for working CXX compiler: /usr/bin/c++
[0.971s] -- Check for working CXX compiler: /usr/bin/c++ -- works
[0.975s] -- Detecting CXX compiler ABI info
[1.130s] -- Detecting CXX compiler ABI info - done
[1.166s] -- Detecting CXX compile features
[1.168s] -- Detecting CXX compile features - done
[1.173s] -- Found ament_cmake: 0.9.8 (/opt/ros/foxy/share/ament_cmake/cmake)
[1.260s] -- Found PythonInterp: /usr/bin/python3 (found suitable version "3.8.5", minimum required is "3") 
[1.260s] -- Using PYTHON_EXECUTABLE: /usr/bin/python3
[1.711s] -- Found rclcpp: 2.3.0 (/opt/ros/foxy/share/rclcpp/cmake)
[1.790s] -- Using all available rosidl_typesupport_c: rosidl_typesupport_fastrtps_c;rosidl_typesupport_introspection_c
[1.802s] -- Found rosidl_adapter: 1.2.0 (/opt/ros/foxy/share/rosidl_adapter/cmake)
[1.951s] -- Found OpenSSL: /usr/lib/x86_64-linux-gnu/libcrypto.so (found version "1.1.1f")  
[1.998s] -- Found FastRTPS: /opt/ros/foxy/include  
[2.167s] -- Using all available rosidl_typesupport_cpp: rosidl_typesupport_fastrtps_cpp;rosidl_typesupport_introspection_cpp
[2.305s] -- Found rmw_implementation_cmake: 1.0.2 (/opt/ros/foxy/share/rmw_implementation_cmake/cmake)
[2.309s] -- Using RMW implementation 'rmw_fastrtps_cpp' as default
[2.311s] -- Looking for pthread.h
[2.473s] -- Looking for pthread.h - found
[2.474s] -- Performing Test CMAKE_HAVE_LIBC_PTHREAD
[2.654s] -- Performing Test CMAKE_HAVE_LIBC_PTHREAD - Failed
[2.662s] -- Looking for pthread_create in pthreads
[2.771s] -- Looking for pthread_create in pthreads - not found
[2.771s] -- Looking for pthread_create in pthread
[2.926s] -- Looking for pthread_create in pthread - found
[2.926s] -- Found Threads: TRUE  
[3.345s] -- Found example_interfaces: 0.9.0 (/opt/ros/foxy/share/example_interfaces/cmake)
[3.663s] -- Found ament_lint_auto: 0.9.6 (/opt/ros/foxy/share/ament_lint_auto/cmake)
[3.813s] -- Added test 'copyright' to check source files copyright and LICENSE
[3.817s] -- Added test 'cppcheck' to perform static code analysis on C / C++ code
[3.818s] -- Configured cppcheck include dirs: 
[3.819s] -- Configured cppcheck exclude dirs and/or files: 
[3.821s] -- Added test 'cpplint' to check C / C++ code against the Google style
[3.821s] -- Configured cpplint exclude dirs and/or files: 
[3.824s] -- Added test 'lint_cmake' to check CMake code style
[3.827s] -- Added test 'uncrustify' to check C / C++ code style
[3.828s] -- Configured uncrustify additional arguments: 
[3.830s] -- Added test 'xmllint' to check XML markup files
[3.837s] -- Configuring done
[3.875s] -- Generating done
[3.880s] -- Build files have been written to: /home/maroqi/Projects/ROS2Projects/ros2-tutorial/build/cpp_srvcli
[3.915s] Invoked command in '/home/maroqi/Projects/ROS2Projects/ros2-tutorial/build/cpp_srvcli' returned '0': CMAKE_PREFIX_PATH=${CMAKE_PREFIX_PATH}:/opt/ros/foxy /usr/bin/cmake /home/maroqi/Projects/ROS2Projects/ros2-tutorial/src/cpp_srvcli -DCMAKE_INSTALL_PREFIX=/home/maroqi/Projects/ROS2Projects/ros2-tutorial/install/cpp_srvcli
[3.917s] Invoking command in '/home/maroqi/Projects/ROS2Projects/ros2-tutorial/build/cpp_srvcli': CMAKE_PREFIX_PATH=${CMAKE_PREFIX_PATH}:/opt/ros/foxy /usr/bin/cmake --build /home/maroqi/Projects/ROS2Projects/ros2-tutorial/build/cpp_srvcli -- -j2 -l2
[4.051s] [35m[1mScanning dependencies of target client[0m
[4.067s] [35m[1mScanning dependencies of target server[0m
[4.256s] [ 25%] [32mBuilding CXX object CMakeFiles/server.dir/src/add_two_ints_server.cpp.o[0m
[4.258s] [ 50%] [32mBuilding CXX object CMakeFiles/client.dir/src/add_two_ints_client.cpp.o[0m
[12.738s] [ 75%] [32m[1mLinking CXX executable server[0m
[13.490s] [ 75%] Built target server
[14.124s] [100%] [32m[1mLinking CXX executable client[0m
[14.671s] [100%] Built target client
[14.721s] Invoked command in '/home/maroqi/Projects/ROS2Projects/ros2-tutorial/build/cpp_srvcli' returned '0': CMAKE_PREFIX_PATH=${CMAKE_PREFIX_PATH}:/opt/ros/foxy /usr/bin/cmake --build /home/maroqi/Projects/ROS2Projects/ros2-tutorial/build/cpp_srvcli -- -j2 -l2
[14.855s] Invoking command in '/home/maroqi/Projects/ROS2Projects/ros2-tutorial/build/cpp_srvcli': CMAKE_PREFIX_PATH=${CMAKE_PREFIX_PATH}:/opt/ros/foxy /usr/bin/cmake --install /home/maroqi/Projects/ROS2Projects/ros2-tutorial/build/cpp_srvcli
[14.882s] -- Install configuration: ""
[14.883s] -- Installing: /home/maroqi/Projects/ROS2Projects/ros2-tutorial/install/cpp_srvcli/lib/cpp_srvcli/server
[14.888s] -- Set runtime path of "/home/maroqi/Projects/ROS2Projects/ros2-tutorial/install/cpp_srvcli/lib/cpp_srvcli/server" to ""
[14.889s] -- Installing: /home/maroqi/Projects/ROS2Projects/ros2-tutorial/install/cpp_srvcli/lib/cpp_srvcli/client
[14.892s] -- Set runtime path of "/home/maroqi/Projects/ROS2Projects/ros2-tutorial/install/cpp_srvcli/lib/cpp_srvcli/client" to ""
[14.892s] -- Installing: /home/maroqi/Projects/ROS2Projects/ros2-tutorial/install/cpp_srvcli/share/ament_index/resource_index/package_run_dependencies/cpp_srvcli
[14.894s] -- Installing: /home/maroqi/Projects/ROS2Projects/ros2-tutorial/install/cpp_srvcli/share/ament_index/resource_index/parent_prefix_path/cpp_srvcli
[14.895s] -- Installing: /home/maroqi/Projects/ROS2Projects/ros2-tutorial/install/cpp_srvcli/share/cpp_srvcli/environment/ament_prefix_path.sh
[14.896s] -- Installing: /home/maroqi/Projects/ROS2Projects/ros2-tutorial/install/cpp_srvcli/share/cpp_srvcli/environment/ament_prefix_path.dsv
[14.897s] -- Installing: /home/maroqi/Projects/ROS2Projects/ros2-tutorial/install/cpp_srvcli/share/cpp_srvcli/environment/path.sh
[14.898s] -- Installing: /home/maroqi/Projects/ROS2Projects/ros2-tutorial/install/cpp_srvcli/share/cpp_srvcli/environment/path.dsv
[14.899s] -- Installing: /home/maroqi/Projects/ROS2Projects/ros2-tutorial/install/cpp_srvcli/share/cpp_srvcli/local_setup.bash
[14.900s] -- Installing: /home/maroqi/Projects/ROS2Projects/ros2-tutorial/install/cpp_srvcli/share/cpp_srvcli/local_setup.sh
[14.901s] -- Installing: /home/maroqi/Projects/ROS2Projects/ros2-tutorial/install/cpp_srvcli/share/cpp_srvcli/local_setup.zsh
[14.902s] -- Installing: /home/maroqi/Projects/ROS2Projects/ros2-tutorial/install/cpp_srvcli/share/cpp_srvcli/local_setup.dsv
[14.903s] -- Installing: /home/maroqi/Projects/ROS2Projects/ros2-tutorial/install/cpp_srvcli/share/cpp_srvcli/package.dsv
[14.906s] -- Installing: /home/maroqi/Projects/ROS2Projects/ros2-tutorial/install/cpp_srvcli/share/ament_index/resource_index/packages/cpp_srvcli
[14.907s] -- Installing: /home/maroqi/Projects/ROS2Projects/ros2-tutorial/install/cpp_srvcli/share/cpp_srvcli/cmake/cpp_srvcliConfig.cmake
[14.908s] -- Installing: /home/maroqi/Projects/ROS2Projects/ros2-tutorial/install/cpp_srvcli/share/cpp_srvcli/cmake/cpp_srvcliConfig-version.cmake
[14.915s] -- Installing: /home/maroqi/Projects/ROS2Projects/ros2-tutorial/install/cpp_srvcli/share/cpp_srvcli/package.xml
[14.922s] Invoked command in '/home/maroqi/Projects/ROS2Projects/ros2-tutorial/build/cpp_srvcli' returned '0': CMAKE_PREFIX_PATH=${CMAKE_PREFIX_PATH}:/opt/ros/foxy /usr/bin/cmake --install /home/maroqi/Projects/ROS2Projects/ros2-tutorial/build/cpp_srvcli
