[0.042s] Invoking command in '/home/maroqi/Projects/ROS2Projects/first_ws/build/turtlesim': CMAKE_PREFIX_PATH=${CMAKE_PREFIX_PATH}:/opt/ros/foxy /usr/bin/cmake --build /home/maroqi/Projects/ROS2Projects/first_ws/build/turtlesim -- -j2 -l2
[0.268s] [  1%] Built target turtlesim__cpp
[0.364s] [ 11%] Built target turtlesim__rosidl_generator_c
[0.448s] [ 21%] Built target turtlesim__rosidl_typesupport_cpp
[0.558s] [ 31%] Built target turtlesim__rosidl_typesupport_introspection_cpp
[0.674s] [ 41%] Built target turtlesim__rosidl_typesupport_fastrtps_cpp
[0.774s] [ 51%] Built target turtlesim__rosidl_typesupport_introspection_c
[0.863s] [ 61%] Built target turtlesim__rosidl_typesupport_c
[0.978s] [ 71%] Built target turtlesim__rosidl_typesupport_fastrtps_c
[1.061s] [ 71%] Built target turtlesim
[1.145s] [ 73%] Built target mimic
[1.234s] [ 75%] Built target draw_square
[1.292s] [ 76%] Built target turtlesim__py
[1.383s] [ 78%] Built target turtle_teleop_key
[1.472s] [35m[1mScanning dependencies of target turtlesim_node[0m
[1.667s] [ 79%] [32mBuilding CXX object CMakeFiles/turtlesim_node.dir/src/turtle_frame.cpp.o[0m
[28.675s] [ 80%] [32m[1mLinking CXX executable turtlesim_node[0m
[33.644s] [ 84%] Built target turtlesim_node
[33.859s] [ 93%] Built target turtlesim__python
[33.972s] [ 95%] Built target turtlesim__rosidl_typesupport_introspection_c__pyext
[34.086s] [ 97%] Built target turtlesim__rosidl_typesupport_fastrtps_c__pyext
[34.188s] [100%] Built target turtlesim__rosidl_typesupport_c__pyext
[34.234s] Invoked command in '/home/maroqi/Projects/ROS2Projects/first_ws/build/turtlesim' returned '0': CMAKE_PREFIX_PATH=${CMAKE_PREFIX_PATH}:/opt/ros/foxy /usr/bin/cmake --build /home/maroqi/Projects/ROS2Projects/first_ws/build/turtlesim -- -j2 -l2
[34.913s] Invoking command in '/home/maroqi/Projects/ROS2Projects/first_ws/build/turtlesim': CMAKE_PREFIX_PATH=${CMAKE_PREFIX_PATH}:/opt/ros/foxy /usr/bin/cmake --install /home/maroqi/Projects/ROS2Projects/first_ws/build/turtlesim
[34.968s] -- Install configuration: ""
[34.968s] -- Up-to-date: /home/maroqi/Projects/ROS2Projects/first_ws/install/turtlesim/share/ament_index/resource_index/rosidl_interfaces/turtlesim
[34.971s] -- Up-to-date: /home/maroqi/Projects/ROS2Projects/first_ws/install/turtlesim/include/turtlesim
[34.971s] -- Up-to-date: /home/maroqi/Projects/ROS2Projects/first_ws/install/turtlesim/include/turtlesim/action
[34.972s] -- Up-to-date: /home/maroqi/Projects/ROS2Projects/first_ws/install/turtlesim/include/turtlesim/action/detail
[34.972s] -- Up-to-date: /home/maroqi/Projects/ROS2Projects/first_ws/install/turtlesim/include/turtlesim/action/detail/rotate_absolute__functions.c
[34.972s] -- Up-to-date: /home/maroqi/Projects/ROS2Projects/first_ws/install/turtlesim/include/turtlesim/action/detail/rotate_absolute__functions.h
[34.972s] -- Up-to-date: /home/maroqi/Projects/ROS2Projects/first_ws/install/turtlesim/include/turtlesim/action/detail/rotate_absolute__type_support.h
[34.973s] -- Up-to-date: /home/maroqi/Projects/ROS2Projects/first_ws/install/turtlesim/include/turtlesim/action/detail/rotate_absolute__struct.h
[34.973s] -- Up-to-date: /home/maroqi/Projects/ROS2Projects/first_ws/install/turtlesim/include/turtlesim/action/rotate_absolute.h
[34.974s] -- Up-to-date: /home/maroqi/Projects/ROS2Projects/first_ws/install/turtlesim/include/turtlesim/srv
[34.974s] -- Up-to-date: /home/maroqi/Projects/ROS2Projects/first_ws/install/turtlesim/include/turtlesim/srv/detail
[34.974s] -- Up-to-date: /home/maroqi/Projects/ROS2Projects/first_ws/install/turtlesim/include/turtlesim/srv/detail/spawn__functions.h
[34.974s] -- Up-to-date: /home/maroqi/Projects/ROS2Projects/first_ws/install/turtlesim/include/turtlesim/srv/detail/spawn__type_support.h
[34.975s] -- Up-to-date: /home/maroqi/Projects/ROS2Projects/first_ws/install/turtlesim/include/turtlesim/srv/detail/teleport_absolute__functions.c
[34.979s] -- Up-to-date: /home/maroqi/Projects/ROS2Projects/first_ws/install/turtlesim/include/turtlesim/srv/detail/spawn__functions.c
[34.980s] -- Up-to-date: /home/maroqi/Projects/ROS2Projects/first_ws/install/turtlesim/include/turtlesim/srv/detail/kill__functions.c
[34.982s] -- Up-to-date: /home/maroqi/Projects/ROS2Projects/first_ws/install/turtlesim/include/turtlesim/srv/detail/set_pen__type_support.h
[34.984s] -- Up-to-date: /home/maroqi/Projects/ROS2Projects/first_ws/install/turtlesim/include/turtlesim/srv/detail/spawn__struct.h
[34.985s] -- Up-to-date: /home/maroqi/Projects/ROS2Projects/first_ws/install/turtlesim/include/turtlesim/srv/detail/teleport_absolute__struct.h
[34.986s] -- Up-to-date: /home/maroqi/Projects/ROS2Projects/first_ws/install/turtlesim/include/turtlesim/srv/detail/teleport_absolute__functions.h
[34.990s] -- Up-to-date: /home/maroqi/Projects/ROS2Projects/first_ws/install/turtlesim/include/turtlesim/srv/detail/teleport_absolute__type_support.h
[34.991s] -- Up-to-date: /home/maroqi/Projects/ROS2Projects/first_ws/install/turtlesim/include/turtlesim/srv/detail/teleport_relative__functions.h
[34.991s] -- Up-to-date: /home/maroqi/Projects/ROS2Projects/first_ws/install/turtlesim/include/turtlesim/srv/detail/set_pen__functions.h
[34.992s] -- Up-to-date: /home/maroqi/Projects/ROS2Projects/first_ws/install/turtlesim/include/turtlesim/srv/detail/teleport_relative__struct.h
[34.992s] -- Up-to-date: /home/maroqi/Projects/ROS2Projects/first_ws/install/turtlesim/include/turtlesim/srv/detail/kill__type_support.h
[34.992s] -- Up-to-date: /home/maroqi/Projects/ROS2Projects/first_ws/install/turtlesim/include/turtlesim/srv/detail/set_pen__functions.c
[34.992s] -- Up-to-date: /home/maroqi/Projects/ROS2Projects/first_ws/install/turtlesim/include/turtlesim/srv/detail/set_pen__struct.h
[34.993s] -- Up-to-date: /home/maroqi/Projects/ROS2Projects/first_ws/install/turtlesim/include/turtlesim/srv/detail/teleport_relative__functions.c
[34.996s] -- Up-to-date: /home/maroqi/Projects/ROS2Projects/first_ws/install/turtlesim/include/turtlesim/srv/detail/teleport_relative__type_support.h
[34.997s] -- Up-to-date: /home/maroqi/Projects/ROS2Projects/first_ws/install/turtlesim/include/turtlesim/srv/detail/kill__struct.h
[34.999s] -- Up-to-date: /home/maroqi/Projects/ROS2Projects/first_ws/install/turtlesim/include/turtlesim/srv/detail/kill__functions.h
[34.999s] -- Up-to-date: /home/maroqi/Projects/ROS2Projects/first_ws/install/turtlesim/include/turtlesim/srv/teleport_relative.h
[35.003s] -- Up-to-date: /home/maroqi/Projects/ROS2Projects/first_ws/install/turtlesim/include/turtlesim/srv/spawn.h
[35.003s] -- Up-to-date: /home/maroqi/Projects/ROS2Projects/first_ws/install/turtlesim/include/turtlesim/srv/teleport_absolute.h
[35.003s] -- Up-to-date: /home/maroqi/Projects/ROS2Projects/first_ws/install/turtlesim/include/turtlesim/srv/set_pen.h
[35.004s] -- Up-to-date: /home/maroqi/Projects/ROS2Projects/first_ws/install/turtlesim/include/turtlesim/srv/kill.h
[35.004s] -- Up-to-date: /home/maroqi/Projects/ROS2Projects/first_ws/install/turtlesim/include/turtlesim/msg
[35.004s] -- Up-to-date: /home/maroqi/Projects/ROS2Projects/first_ws/install/turtlesim/include/turtlesim/msg/rosidl_generator_c__visibility_control.h
[35.007s] -- Up-to-date: /home/maroqi/Projects/ROS2Projects/first_ws/install/turtlesim/include/turtlesim/msg/detail
[35.007s] -- Up-to-date: /home/maroqi/Projects/ROS2Projects/first_ws/install/turtlesim/include/turtlesim/msg/detail/color__functions.c
[35.008s] -- Up-to-date: /home/maroqi/Projects/ROS2Projects/first_ws/install/turtlesim/include/turtlesim/msg/detail/pose__struct.h
[35.008s] -- Up-to-date: /home/maroqi/Projects/ROS2Projects/first_ws/install/turtlesim/include/turtlesim/msg/detail/color__functions.h
[35.008s] -- Up-to-date: /home/maroqi/Projects/ROS2Projects/first_ws/install/turtlesim/include/turtlesim/msg/detail/pose__functions.c
[35.008s] -- Up-to-date: /home/maroqi/Projects/ROS2Projects/first_ws/install/turtlesim/include/turtlesim/msg/detail/pose__functions.h
[35.009s] -- Up-to-date: /home/maroqi/Projects/ROS2Projects/first_ws/install/turtlesim/include/turtlesim/msg/detail/pose__type_support.h
[35.015s] -- Up-to-date: /home/maroqi/Projects/ROS2Projects/first_ws/install/turtlesim/include/turtlesim/msg/detail/color__type_support.h
[35.015s] -- Up-to-date: /home/maroqi/Projects/ROS2Projects/first_ws/install/turtlesim/include/turtlesim/msg/detail/color__struct.h
[35.016s] -- Up-to-date: /home/maroqi/Projects/ROS2Projects/first_ws/install/turtlesim/include/turtlesim/msg/pose.h
[35.016s] -- Up-to-date: /home/maroqi/Projects/ROS2Projects/first_ws/install/turtlesim/include/turtlesim/msg/color.h
[35.017s] -- Up-to-date: /home/maroqi/Projects/ROS2Projects/first_ws/install/turtlesim/share/turtlesim/environment/library_path.sh
[35.017s] -- Up-to-date: /home/maroqi/Projects/ROS2Projects/first_ws/install/turtlesim/share/turtlesim/environment/library_path.dsv
[35.017s] -- Up-to-date: /home/maroqi/Projects/ROS2Projects/first_ws/install/turtlesim/lib/libturtlesim__rosidl_generator_c.so
[35.017s] -- Up-to-date: /home/maroqi/Projects/ROS2Projects/first_ws/install/turtlesim/include/turtlesim
[35.018s] -- Up-to-date: /home/maroqi/Projects/ROS2Projects/first_ws/install/turtlesim/include/turtlesim/action
[35.018s] -- Up-to-date: /home/maroqi/Projects/ROS2Projects/first_ws/install/turtlesim/include/turtlesim/action/detail
[35.018s] -- Up-to-date: /home/maroqi/Projects/ROS2Projects/first_ws/install/turtlesim/include/turtlesim/action/detail/rotate_absolute__rosidl_typesupport_fastrtps_c.h
[35.018s] -- Up-to-date: /home/maroqi/Projects/ROS2Projects/first_ws/install/turtlesim/include/turtlesim/srv
[35.019s] -- Up-to-date: /home/maroqi/Projects/ROS2Projects/first_ws/install/turtlesim/include/turtlesim/srv/detail
[35.019s] -- Up-to-date: /home/maroqi/Projects/ROS2Projects/first_ws/install/turtlesim/include/turtlesim/srv/detail/set_pen__rosidl_typesupport_fastrtps_c.h
[35.025s] -- Up-to-date: /home/maroqi/Projects/ROS2Projects/first_ws/install/turtlesim/include/turtlesim/srv/detail/teleport_relative__rosidl_typesupport_fastrtps_c.h
[35.025s] -- Up-to-date: /home/maroqi/Projects/ROS2Projects/first_ws/install/turtlesim/include/turtlesim/srv/detail/teleport_absolute__rosidl_typesupport_fastrtps_c.h
[35.026s] -- Up-to-date: /home/maroqi/Projects/ROS2Projects/first_ws/install/turtlesim/include/turtlesim/srv/detail/kill__rosidl_typesupport_fastrtps_c.h
[35.026s] -- Up-to-date: /home/maroqi/Projects/ROS2Projects/first_ws/install/turtlesim/include/turtlesim/srv/detail/spawn__rosidl_typesupport_fastrtps_c.h
[35.026s] -- Up-to-date: /home/maroqi/Projects/ROS2Projects/first_ws/install/turtlesim/include/turtlesim/msg
[35.026s] -- Up-to-date: /home/maroqi/Projects/ROS2Projects/first_ws/install/turtlesim/include/turtlesim/msg/detail
[35.027s] -- Up-to-date: /home/maroqi/Projects/ROS2Projects/first_ws/install/turtlesim/include/turtlesim/msg/detail/pose__rosidl_typesupport_fastrtps_c.h
[35.027s] -- Up-to-date: /home/maroqi/Projects/ROS2Projects/first_ws/install/turtlesim/include/turtlesim/msg/detail/color__rosidl_typesupport_fastrtps_c.h
[35.032s] -- Up-to-date: /home/maroqi/Projects/ROS2Projects/first_ws/install/turtlesim/include/turtlesim/msg/rosidl_typesupport_fastrtps_c__visibility_control.h
[35.033s] -- Up-to-date: /home/maroqi/Projects/ROS2Projects/first_ws/install/turtlesim/lib/libturtlesim__rosidl_typesupport_fastrtps_c.so
[35.033s] -- Up-to-date: /home/maroqi/Projects/ROS2Projects/first_ws/install/turtlesim/include/turtlesim
[35.033s] -- Up-to-date: /home/maroqi/Projects/ROS2Projects/first_ws/install/turtlesim/include/turtlesim/action
[35.033s] -- Up-to-date: /home/maroqi/Projects/ROS2Projects/first_ws/install/turtlesim/include/turtlesim/action/detail
[35.033s] -- Up-to-date: /home/maroqi/Projects/ROS2Projects/first_ws/install/turtlesim/include/turtlesim/action/detail/dds_fastrtps
[35.033s] -- Up-to-date: /home/maroqi/Projects/ROS2Projects/first_ws/install/turtlesim/include/turtlesim/action/detail/rotate_absolute__rosidl_typesupport_fastrtps_cpp.hpp
[35.036s] -- Up-to-date: /home/maroqi/Projects/ROS2Projects/first_ws/install/turtlesim/include/turtlesim/srv
[35.037s] -- Up-to-date: /home/maroqi/Projects/ROS2Projects/first_ws/install/turtlesim/include/turtlesim/srv/detail
[35.038s] -- Up-to-date: /home/maroqi/Projects/ROS2Projects/first_ws/install/turtlesim/include/turtlesim/srv/detail/dds_fastrtps
[35.038s] -- Up-to-date: /home/maroqi/Projects/ROS2Projects/first_ws/install/turtlesim/include/turtlesim/srv/detail/set_pen__rosidl_typesupport_fastrtps_cpp.hpp
[35.038s] -- Up-to-date: /home/maroqi/Projects/ROS2Projects/first_ws/install/turtlesim/include/turtlesim/srv/detail/spawn__rosidl_typesupport_fastrtps_cpp.hpp
[35.038s] -- Up-to-date: /home/maroqi/Projects/ROS2Projects/first_ws/install/turtlesim/include/turtlesim/srv/detail/teleport_relative__rosidl_typesupport_fastrtps_cpp.hpp
[35.038s] -- Up-to-date: /home/maroqi/Projects/ROS2Projects/first_ws/install/turtlesim/include/turtlesim/srv/detail/teleport_absolute__rosidl_typesupport_fastrtps_cpp.hpp
[35.042s] -- Up-to-date: /home/maroqi/Projects/ROS2Projects/first_ws/install/turtlesim/include/turtlesim/srv/detail/kill__rosidl_typesupport_fastrtps_cpp.hpp
[35.042s] -- Up-to-date: /home/maroqi/Projects/ROS2Projects/first_ws/install/turtlesim/include/turtlesim/msg
[35.043s] -- Up-to-date: /home/maroqi/Projects/ROS2Projects/first_ws/install/turtlesim/include/turtlesim/msg/detail
[35.043s] -- Up-to-date: /home/maroqi/Projects/ROS2Projects/first_ws/install/turtlesim/include/turtlesim/msg/detail/dds_fastrtps
[35.043s] -- Up-to-date: /home/maroqi/Projects/ROS2Projects/first_ws/install/turtlesim/include/turtlesim/msg/detail/pose__rosidl_typesupport_fastrtps_cpp.hpp
[35.047s] -- Up-to-date: /home/maroqi/Projects/ROS2Projects/first_ws/install/turtlesim/include/turtlesim/msg/detail/color__rosidl_typesupport_fastrtps_cpp.hpp
[35.047s] -- Up-to-date: /home/maroqi/Projects/ROS2Projects/first_ws/install/turtlesim/include/turtlesim/msg/rosidl_typesupport_fastrtps_cpp__visibility_control.h
[35.048s] -- Up-to-date: /home/maroqi/Projects/ROS2Projects/first_ws/install/turtlesim/lib/libturtlesim__rosidl_typesupport_fastrtps_cpp.so
[35.048s] -- Up-to-date: /home/maroqi/Projects/ROS2Projects/first_ws/install/turtlesim/include/turtlesim
[35.051s] -- Up-to-date: /home/maroqi/Projects/ROS2Projects/first_ws/install/turtlesim/include/turtlesim/action
[35.051s] -- Up-to-date: /home/maroqi/Projects/ROS2Projects/first_ws/install/turtlesim/include/turtlesim/action/detail
[35.052s] -- Up-to-date: /home/maroqi/Projects/ROS2Projects/first_ws/install/turtlesim/include/turtlesim/action/detail/rotate_absolute__type_support.c
[35.053s] -- Up-to-date: /home/maroqi/Projects/ROS2Projects/first_ws/install/turtlesim/include/turtlesim/action/detail/rotate_absolute__rosidl_typesupport_introspection_c.h
[35.053s] -- Up-to-date: /home/maroqi/Projects/ROS2Projects/first_ws/install/turtlesim/include/turtlesim/srv
[35.053s] -- Up-to-date: /home/maroqi/Projects/ROS2Projects/first_ws/install/turtlesim/include/turtlesim/srv/detail
[35.053s] -- Up-to-date: /home/maroqi/Projects/ROS2Projects/first_ws/install/turtlesim/include/turtlesim/srv/detail/spawn__rosidl_typesupport_introspection_c.h
[35.054s] -- Up-to-date: /home/maroqi/Projects/ROS2Projects/first_ws/install/turtlesim/include/turtlesim/srv/detail/spawn__type_support.c
[35.057s] -- Up-to-date: /home/maroqi/Projects/ROS2Projects/first_ws/install/turtlesim/include/turtlesim/srv/detail/teleport_relative__type_support.c
[35.058s] -- Up-to-date: /home/maroqi/Projects/ROS2Projects/first_ws/install/turtlesim/include/turtlesim/srv/detail/set_pen__type_support.c
[35.058s] -- Up-to-date: /home/maroqi/Projects/ROS2Projects/first_ws/install/turtlesim/include/turtlesim/srv/detail/set_pen__rosidl_typesupport_introspection_c.h
[35.058s] -- Up-to-date: /home/maroqi/Projects/ROS2Projects/first_ws/install/turtlesim/include/turtlesim/srv/detail/teleport_absolute__type_support.c
[35.059s] -- Up-to-date: /home/maroqi/Projects/ROS2Projects/first_ws/install/turtlesim/include/turtlesim/srv/detail/kill__rosidl_typesupport_introspection_c.h
[35.059s] -- Up-to-date: /home/maroqi/Projects/ROS2Projects/first_ws/install/turtlesim/include/turtlesim/srv/detail/teleport_absolute__rosidl_typesupport_introspection_c.h
[35.059s] -- Up-to-date: /home/maroqi/Projects/ROS2Projects/first_ws/install/turtlesim/include/turtlesim/srv/detail/kill__type_support.c
[35.062s] -- Up-to-date: /home/maroqi/Projects/ROS2Projects/first_ws/install/turtlesim/include/turtlesim/srv/detail/teleport_relative__rosidl_typesupport_introspection_c.h
[35.062s] -- Up-to-date: /home/maroqi/Projects/ROS2Projects/first_ws/install/turtlesim/include/turtlesim/msg
[35.062s] -- Up-to-date: /home/maroqi/Projects/ROS2Projects/first_ws/install/turtlesim/include/turtlesim/msg/detail
[35.063s] -- Up-to-date: /home/maroqi/Projects/ROS2Projects/first_ws/install/turtlesim/include/turtlesim/msg/detail/pose__type_support.c
[35.063s] -- Up-to-date: /home/maroqi/Projects/ROS2Projects/first_ws/install/turtlesim/include/turtlesim/msg/detail/color__rosidl_typesupport_introspection_c.h
[35.063s] -- Up-to-date: /home/maroqi/Projects/ROS2Projects/first_ws/install/turtlesim/include/turtlesim/msg/detail/color__type_support.c
[35.063s] -- Up-to-date: /home/maroqi/Projects/ROS2Projects/first_ws/install/turtlesim/include/turtlesim/msg/detail/pose__rosidl_typesupport_introspection_c.h
[35.064s] -- Up-to-date: /home/maroqi/Projects/ROS2Projects/first_ws/install/turtlesim/include/turtlesim/msg/rosidl_typesupport_introspection_c__visibility_control.h
[35.064s] -- Up-to-date: /home/maroqi/Projects/ROS2Projects/first_ws/install/turtlesim/lib/libturtlesim__rosidl_typesupport_introspection_c.so
[35.064s] -- Up-to-date: /home/maroqi/Projects/ROS2Projects/first_ws/install/turtlesim/lib/libturtlesim__rosidl_typesupport_c.so
[35.064s] -- Up-to-date: /home/maroqi/Projects/ROS2Projects/first_ws/install/turtlesim/include/turtlesim
[35.070s] -- Up-to-date: /home/maroqi/Projects/ROS2Projects/first_ws/install/turtlesim/include/turtlesim/action
[35.071s] -- Up-to-date: /home/maroqi/Projects/ROS2Projects/first_ws/install/turtlesim/include/turtlesim/action/detail
[35.071s] -- Up-to-date: /home/maroqi/Projects/ROS2Projects/first_ws/install/turtlesim/include/turtlesim/action/detail/rotate_absolute__traits.hpp
[35.071s] -- Up-to-date: /home/maroqi/Projects/ROS2Projects/first_ws/install/turtlesim/include/turtlesim/action/detail/rotate_absolute__builder.hpp
[35.072s] -- Up-to-date: /home/maroqi/Projects/ROS2Projects/first_ws/install/turtlesim/include/turtlesim/action/detail/rotate_absolute__struct.hpp
[35.072s] -- Up-to-date: /home/maroqi/Projects/ROS2Projects/first_ws/install/turtlesim/include/turtlesim/action/rotate_absolute.hpp
[35.073s] -- Up-to-date: /home/maroqi/Projects/ROS2Projects/first_ws/install/turtlesim/include/turtlesim/srv
[35.073s] -- Up-to-date: /home/maroqi/Projects/ROS2Projects/first_ws/install/turtlesim/include/turtlesim/srv/detail
[35.074s] -- Up-to-date: /home/maroqi/Projects/ROS2Projects/first_ws/install/turtlesim/include/turtlesim/srv/detail/teleport_relative__struct.hpp
[35.074s] -- Up-to-date: /home/maroqi/Projects/ROS2Projects/first_ws/install/turtlesim/include/turtlesim/srv/detail/set_pen__struct.hpp
[35.074s] -- Up-to-date: /home/maroqi/Projects/ROS2Projects/first_ws/install/turtlesim/include/turtlesim/srv/detail/kill__traits.hpp
[35.074s] -- Up-to-date: /home/maroqi/Projects/ROS2Projects/first_ws/install/turtlesim/include/turtlesim/srv/detail/spawn__builder.hpp
[35.074s] -- Up-to-date: /home/maroqi/Projects/ROS2Projects/first_ws/install/turtlesim/include/turtlesim/srv/detail/teleport_absolute__traits.hpp
[35.074s] -- Up-to-date: /home/maroqi/Projects/ROS2Projects/first_ws/install/turtlesim/include/turtlesim/srv/detail/spawn__struct.hpp
[35.075s] -- Up-to-date: /home/maroqi/Projects/ROS2Projects/first_ws/install/turtlesim/include/turtlesim/srv/detail/kill__builder.hpp
[35.075s] -- Up-to-date: /home/maroqi/Projects/ROS2Projects/first_ws/install/turtlesim/include/turtlesim/srv/detail/teleport_relative__builder.hpp
[35.080s] -- Up-to-date: /home/maroqi/Projects/ROS2Projects/first_ws/install/turtlesim/include/turtlesim/srv/detail/teleport_absolute__struct.hpp
[35.081s] -- Up-to-date: /home/maroqi/Projects/ROS2Projects/first_ws/install/turtlesim/include/turtlesim/srv/detail/set_pen__builder.hpp
[35.081s] -- Up-to-date: /home/maroqi/Projects/ROS2Projects/first_ws/install/turtlesim/include/turtlesim/srv/detail/set_pen__traits.hpp
[35.082s] -- Up-to-date: /home/maroqi/Projects/ROS2Projects/first_ws/install/turtlesim/include/turtlesim/srv/detail/spawn__traits.hpp
[35.082s] -- Up-to-date: /home/maroqi/Projects/ROS2Projects/first_ws/install/turtlesim/include/turtlesim/srv/detail/teleport_absolute__builder.hpp
[35.082s] -- Up-to-date: /home/maroqi/Projects/ROS2Projects/first_ws/install/turtlesim/include/turtlesim/srv/detail/teleport_relative__traits.hpp
[35.082s] -- Up-to-date: /home/maroqi/Projects/ROS2Projects/first_ws/install/turtlesim/include/turtlesim/srv/detail/kill__struct.hpp
[35.083s] -- Up-to-date: /home/maroqi/Projects/ROS2Projects/first_ws/install/turtlesim/include/turtlesim/srv/spawn.hpp
[35.083s] -- Up-to-date: /home/maroqi/Projects/ROS2Projects/first_ws/install/turtlesim/include/turtlesim/srv/teleport_absolute.hpp
[35.083s] -- Up-to-date: /home/maroqi/Projects/ROS2Projects/first_ws/install/turtlesim/include/turtlesim/srv/kill.hpp
[35.083s] -- Up-to-date: /home/maroqi/Projects/ROS2Projects/first_ws/install/turtlesim/include/turtlesim/srv/set_pen.hpp
[35.083s] -- Up-to-date: /home/maroqi/Projects/ROS2Projects/first_ws/install/turtlesim/include/turtlesim/srv/teleport_relative.hpp
[35.086s] -- Up-to-date: /home/maroqi/Projects/ROS2Projects/first_ws/install/turtlesim/include/turtlesim/msg
[35.086s] -- Up-to-date: /home/maroqi/Projects/ROS2Projects/first_ws/install/turtlesim/include/turtlesim/msg/detail
[35.086s] -- Up-to-date: /home/maroqi/Projects/ROS2Projects/first_ws/install/turtlesim/include/turtlesim/msg/detail/pose__struct.hpp
[35.087s] -- Up-to-date: /home/maroqi/Projects/ROS2Projects/first_ws/install/turtlesim/include/turtlesim/msg/detail/color__struct.hpp
[35.087s] -- Up-to-date: /home/maroqi/Projects/ROS2Projects/first_ws/install/turtlesim/include/turtlesim/msg/detail/color__traits.hpp
[35.092s] -- Up-to-date: /home/maroqi/Projects/ROS2Projects/first_ws/install/turtlesim/include/turtlesim/msg/detail/color__builder.hpp
[35.092s] -- Up-to-date: /home/maroqi/Projects/ROS2Projects/first_ws/install/turtlesim/include/turtlesim/msg/detail/pose__builder.hpp
[35.093s] -- Up-to-date: /home/maroqi/Projects/ROS2Projects/first_ws/install/turtlesim/include/turtlesim/msg/detail/pose__traits.hpp
[35.093s] -- Up-to-date: /home/maroqi/Projects/ROS2Projects/first_ws/install/turtlesim/include/turtlesim/msg/color.hpp
[35.093s] -- Up-to-date: /home/maroqi/Projects/ROS2Projects/first_ws/install/turtlesim/include/turtlesim/msg/pose.hpp
[35.093s] -- Up-to-date: /home/maroqi/Projects/ROS2Projects/first_ws/install/turtlesim/include/turtlesim
[35.093s] -- Up-to-date: /home/maroqi/Projects/ROS2Projects/first_ws/install/turtlesim/include/turtlesim/action
[35.094s] -- Up-to-date: /home/maroqi/Projects/ROS2Projects/first_ws/install/turtlesim/include/turtlesim/action/detail
[35.094s] -- Up-to-date: /home/maroqi/Projects/ROS2Projects/first_ws/install/turtlesim/include/turtlesim/action/detail/rotate_absolute__type_support.cpp
[35.094s] -- Up-to-date: /home/maroqi/Projects/ROS2Projects/first_ws/install/turtlesim/include/turtlesim/action/detail/rotate_absolute__rosidl_typesupport_introspection_cpp.hpp
[35.094s] -- Up-to-date: /home/maroqi/Projects/ROS2Projects/first_ws/install/turtlesim/include/turtlesim/srv
[35.094s] -- Up-to-date: /home/maroqi/Projects/ROS2Projects/first_ws/install/turtlesim/include/turtlesim/srv/detail
[35.097s] -- Up-to-date: /home/maroqi/Projects/ROS2Projects/first_ws/install/turtlesim/include/turtlesim/srv/detail/kill__rosidl_typesupport_introspection_cpp.hpp
[35.098s] -- Up-to-date: /home/maroqi/Projects/ROS2Projects/first_ws/install/turtlesim/include/turtlesim/srv/detail/teleport_relative__rosidl_typesupport_introspection_cpp.hpp
[35.098s] -- Up-to-date: /home/maroqi/Projects/ROS2Projects/first_ws/install/turtlesim/include/turtlesim/srv/detail/set_pen__rosidl_typesupport_introspection_cpp.hpp
[35.099s] -- Up-to-date: /home/maroqi/Projects/ROS2Projects/first_ws/install/turtlesim/include/turtlesim/srv/detail/teleport_absolute__type_support.cpp
[35.100s] -- Up-to-date: /home/maroqi/Projects/ROS2Projects/first_ws/install/turtlesim/include/turtlesim/srv/detail/teleport_relative__type_support.cpp
[35.101s] -- Up-to-date: /home/maroqi/Projects/ROS2Projects/first_ws/install/turtlesim/include/turtlesim/srv/detail/kill__type_support.cpp
[35.101s] -- Up-to-date: /home/maroqi/Projects/ROS2Projects/first_ws/install/turtlesim/include/turtlesim/srv/detail/set_pen__type_support.cpp
[35.102s] -- Up-to-date: /home/maroqi/Projects/ROS2Projects/first_ws/install/turtlesim/include/turtlesim/srv/detail/spawn__type_support.cpp
[35.102s] -- Up-to-date: /home/maroqi/Projects/ROS2Projects/first_ws/install/turtlesim/include/turtlesim/srv/detail/spawn__rosidl_typesupport_introspection_cpp.hpp
[35.102s] -- Up-to-date: /home/maroqi/Projects/ROS2Projects/first_ws/install/turtlesim/include/turtlesim/srv/detail/teleport_absolute__rosidl_typesupport_introspection_cpp.hpp
[35.102s] -- Up-to-date: /home/maroqi/Projects/ROS2Projects/first_ws/install/turtlesim/include/turtlesim/msg
[35.102s] -- Up-to-date: /home/maroqi/Projects/ROS2Projects/first_ws/install/turtlesim/include/turtlesim/msg/detail
[35.103s] -- Up-to-date: /home/maroqi/Projects/ROS2Projects/first_ws/install/turtlesim/include/turtlesim/msg/detail/pose__type_support.cpp
[35.106s] -- Up-to-date: /home/maroqi/Projects/ROS2Projects/first_ws/install/turtlesim/include/turtlesim/msg/detail/pose__rosidl_typesupport_introspection_cpp.hpp
[35.107s] -- Up-to-date: /home/maroqi/Projects/ROS2Projects/first_ws/install/turtlesim/include/turtlesim/msg/detail/color__rosidl_typesupport_introspection_cpp.hpp
[35.107s] -- Up-to-date: /home/maroqi/Projects/ROS2Projects/first_ws/install/turtlesim/include/turtlesim/msg/detail/color__type_support.cpp
[35.107s] -- Up-to-date: /home/maroqi/Projects/ROS2Projects/first_ws/install/turtlesim/lib/libturtlesim__rosidl_typesupport_introspection_cpp.so
[35.108s] -- Up-to-date: /home/maroqi/Projects/ROS2Projects/first_ws/install/turtlesim/lib/libturtlesim__rosidl_typesupport_cpp.so
[35.108s] -- Up-to-date: /home/maroqi/Projects/ROS2Projects/first_ws/install/turtlesim/share/turtlesim/environment/pythonpath.sh
[35.108s] -- Up-to-date: /home/maroqi/Projects/ROS2Projects/first_ws/install/turtlesim/share/turtlesim/environment/pythonpath.dsv
[35.113s] -- Up-to-date: /home/maroqi/Projects/ROS2Projects/first_ws/install/turtlesim/lib/python3.8/site-packages/turtlesim/__init__.py
[35.241s] -- Up-to-date: /home/maroqi/Projects/ROS2Projects/first_ws/install/turtlesim/lib/python3.8/site-packages/turtlesim/action
[35.241s] -- Up-to-date: /home/maroqi/Projects/ROS2Projects/first_ws/install/turtlesim/lib/python3.8/site-packages/turtlesim/action/_rotate_absolute_s.c
[35.241s] -- Up-to-date: /home/maroqi/Projects/ROS2Projects/first_ws/install/turtlesim/lib/python3.8/site-packages/turtlesim/action/_rotate_absolute.py
[35.242s] -- Up-to-date: /home/maroqi/Projects/ROS2Projects/first_ws/install/turtlesim/lib/python3.8/site-packages/turtlesim/action/__init__.py
[35.242s] -- Up-to-date: /home/maroqi/Projects/ROS2Projects/first_ws/install/turtlesim/lib/python3.8/site-packages/turtlesim/msg
[35.242s] -- Up-to-date: /home/maroqi/Projects/ROS2Projects/first_ws/install/turtlesim/lib/python3.8/site-packages/turtlesim/msg/_pose.py
[35.242s] -- Up-to-date: /home/maroqi/Projects/ROS2Projects/first_ws/install/turtlesim/lib/python3.8/site-packages/turtlesim/msg/_color.py
[35.242s] -- Up-to-date: /home/maroqi/Projects/ROS2Projects/first_ws/install/turtlesim/lib/python3.8/site-packages/turtlesim/msg/_pose_s.c
[35.243s] -- Up-to-date: /home/maroqi/Projects/ROS2Projects/first_ws/install/turtlesim/lib/python3.8/site-packages/turtlesim/msg/__init__.py
[35.243s] -- Up-to-date: /home/maroqi/Projects/ROS2Projects/first_ws/install/turtlesim/lib/python3.8/site-packages/turtlesim/msg/_color_s.c
[35.243s] -- Up-to-date: /home/maroqi/Projects/ROS2Projects/first_ws/install/turtlesim/lib/python3.8/site-packages/turtlesim/srv
[35.244s] -- Up-to-date: /home/maroqi/Projects/ROS2Projects/first_ws/install/turtlesim/lib/python3.8/site-packages/turtlesim/srv/_spawn_s.c
[35.245s] -- Up-to-date: /home/maroqi/Projects/ROS2Projects/first_ws/install/turtlesim/lib/python3.8/site-packages/turtlesim/srv/_teleport_absolute.py
[35.245s] -- Up-to-date: /home/maroqi/Projects/ROS2Projects/first_ws/install/turtlesim/lib/python3.8/site-packages/turtlesim/srv/_teleport_relative_s.c
[35.245s] -- Up-to-date: /home/maroqi/Projects/ROS2Projects/first_ws/install/turtlesim/lib/python3.8/site-packages/turtlesim/srv/_spawn.py
[35.245s] -- Up-to-date: /home/maroqi/Projects/ROS2Projects/first_ws/install/turtlesim/lib/python3.8/site-packages/turtlesim/srv/_teleport_relative.py
[35.246s] -- Up-to-date: /home/maroqi/Projects/ROS2Projects/first_ws/install/turtlesim/lib/python3.8/site-packages/turtlesim/srv/__init__.py
[35.246s] -- Up-to-date: /home/maroqi/Projects/ROS2Projects/first_ws/install/turtlesim/lib/python3.8/site-packages/turtlesim/srv/_set_pen.py
[35.246s] -- Up-to-date: /home/maroqi/Projects/ROS2Projects/first_ws/install/turtlesim/lib/python3.8/site-packages/turtlesim/srv/_set_pen_s.c
[35.248s] -- Up-to-date: /home/maroqi/Projects/ROS2Projects/first_ws/install/turtlesim/lib/python3.8/site-packages/turtlesim/srv/_teleport_absolute_s.c
[35.251s] -- Up-to-date: /home/maroqi/Projects/ROS2Projects/first_ws/install/turtlesim/lib/python3.8/site-packages/turtlesim/srv/_kill.py
[35.252s] -- Up-to-date: /home/maroqi/Projects/ROS2Projects/first_ws/install/turtlesim/lib/python3.8/site-packages/turtlesim/srv/_kill_s.c
[35.253s] -- Up-to-date: /home/maroqi/Projects/ROS2Projects/first_ws/install/turtlesim/lib/python3.8/site-packages/turtlesim/turtlesim_s__rosidl_typesupport_fastrtps_c.cpython-38-x86_64-linux-gnu.so
[35.255s] -- Up-to-date: /home/maroqi/Projects/ROS2Projects/first_ws/install/turtlesim/lib/python3.8/site-packages/turtlesim/turtlesim_s__rosidl_typesupport_introspection_c.cpython-38-x86_64-linux-gnu.so
[35.255s] -- Up-to-date: /home/maroqi/Projects/ROS2Projects/first_ws/install/turtlesim/lib/python3.8/site-packages/turtlesim/turtlesim_s__rosidl_typesupport_c.cpython-38-x86_64-linux-gnu.so
[35.256s] -- Up-to-date: /home/maroqi/Projects/ROS2Projects/first_ws/install/turtlesim/lib/libturtlesim__python.so
[35.256s] -- Up-to-date: /home/maroqi/Projects/ROS2Projects/first_ws/install/turtlesim/share/turtlesim/action/RotateAbsolute.idl
[35.256s] -- Up-to-date: /home/maroqi/Projects/ROS2Projects/first_ws/install/turtlesim/share/turtlesim/msg/Color.idl
[35.256s] -- Up-to-date: /home/maroqi/Projects/ROS2Projects/first_ws/install/turtlesim/share/turtlesim/msg/Pose.idl
[35.257s] -- Up-to-date: /home/maroqi/Projects/ROS2Projects/first_ws/install/turtlesim/share/turtlesim/srv/Kill.idl
[35.257s] -- Up-to-date: /home/maroqi/Projects/ROS2Projects/first_ws/install/turtlesim/share/turtlesim/srv/SetPen.idl
[35.257s] -- Up-to-date: /home/maroqi/Projects/ROS2Projects/first_ws/install/turtlesim/share/turtlesim/srv/Spawn.idl
[35.257s] -- Up-to-date: /home/maroqi/Projects/ROS2Projects/first_ws/install/turtlesim/share/turtlesim/srv/TeleportAbsolute.idl
[35.257s] -- Up-to-date: /home/maroqi/Projects/ROS2Projects/first_ws/install/turtlesim/share/turtlesim/srv/TeleportRelative.idl
[35.258s] -- Up-to-date: /home/maroqi/Projects/ROS2Projects/first_ws/install/turtlesim/share/turtlesim/action/RotateAbsolute.action
[35.258s] -- Up-to-date: /home/maroqi/Projects/ROS2Projects/first_ws/install/turtlesim/share/turtlesim/msg/Color.msg
[35.258s] -- Up-to-date: /home/maroqi/Projects/ROS2Projects/first_ws/install/turtlesim/share/turtlesim/msg/Pose.msg
[35.259s] -- Up-to-date: /home/maroqi/Projects/ROS2Projects/first_ws/install/turtlesim/share/turtlesim/srv/Kill.srv
[35.259s] -- Up-to-date: /home/maroqi/Projects/ROS2Projects/first_ws/install/turtlesim/share/turtlesim/srv/Kill_Request.msg
[35.263s] -- Up-to-date: /home/maroqi/Projects/ROS2Projects/first_ws/install/turtlesim/share/turtlesim/srv/Kill_Response.msg
[35.263s] -- Up-to-date: /home/maroqi/Projects/ROS2Projects/first_ws/install/turtlesim/share/turtlesim/srv/SetPen.srv
[35.264s] -- Up-to-date: /home/maroqi/Projects/ROS2Projects/first_ws/install/turtlesim/share/turtlesim/srv/SetPen_Request.msg
[35.264s] -- Up-to-date: /home/maroqi/Projects/ROS2Projects/first_ws/install/turtlesim/share/turtlesim/srv/SetPen_Response.msg
[35.264s] -- Up-to-date: /home/maroqi/Projects/ROS2Projects/first_ws/install/turtlesim/share/turtlesim/srv/Spawn.srv
[35.267s] -- Up-to-date: /home/maroqi/Projects/ROS2Projects/first_ws/install/turtlesim/share/turtlesim/srv/Spawn_Request.msg
[35.269s] -- Up-to-date: /home/maroqi/Projects/ROS2Projects/first_ws/install/turtlesim/share/turtlesim/srv/Spawn_Response.msg
[35.269s] -- Up-to-date: /home/maroqi/Projects/ROS2Projects/first_ws/install/turtlesim/share/turtlesim/srv/TeleportAbsolute.srv
[35.269s] -- Up-to-date: /home/maroqi/Projects/ROS2Projects/first_ws/install/turtlesim/share/turtlesim/srv/TeleportAbsolute_Request.msg
[35.272s] -- Up-to-date: /home/maroqi/Projects/ROS2Projects/first_ws/install/turtlesim/share/turtlesim/srv/TeleportAbsolute_Response.msg
[35.272s] -- Up-to-date: /home/maroqi/Projects/ROS2Projects/first_ws/install/turtlesim/share/turtlesim/srv/TeleportRelative.srv
[35.272s] -- Up-to-date: /home/maroqi/Projects/ROS2Projects/first_ws/install/turtlesim/share/turtlesim/srv/TeleportRelative_Request.msg
[35.273s] -- Up-to-date: /home/maroqi/Projects/ROS2Projects/first_ws/install/turtlesim/share/turtlesim/srv/TeleportRelative_Response.msg
[35.273s] -- Installing: /home/maroqi/Projects/ROS2Projects/first_ws/install/turtlesim/lib/turtlesim/turtlesim_node
[35.273s] -- Set runtime path of "/home/maroqi/Projects/ROS2Projects/first_ws/install/turtlesim/lib/turtlesim/turtlesim_node" to ""
[35.277s] -- Up-to-date: /home/maroqi/Projects/ROS2Projects/first_ws/install/turtlesim/lib/turtlesim/turtle_teleop_key
[35.280s] -- Up-to-date: /home/maroqi/Projects/ROS2Projects/first_ws/install/turtlesim/lib/turtlesim/draw_square
[35.280s] -- Up-to-date: /home/maroqi/Projects/ROS2Projects/first_ws/install/turtlesim/lib/turtlesim/mimic
[35.280s] -- Up-to-date: /home/maroqi/Projects/ROS2Projects/first_ws/install/turtlesim/share/turtlesim/images
[35.281s] -- Up-to-date: /home/maroqi/Projects/ROS2Projects/first_ws/install/turtlesim/share/turtlesim/images/ardent.png
[35.281s] -- Up-to-date: /home/maroqi/Projects/ROS2Projects/first_ws/install/turtlesim/share/turtlesim/images/foxy.png
[35.285s] -- Up-to-date: /home/maroqi/Projects/ROS2Projects/first_ws/install/turtlesim/share/turtlesim/images/crystal.png
[35.286s] -- Up-to-date: /home/maroqi/Projects/ROS2Projects/first_ws/install/turtlesim/share/turtlesim/images/eloquent.png
[35.286s] -- Up-to-date: /home/maroqi/Projects/ROS2Projects/first_ws/install/turtlesim/share/turtlesim/images/bouncy.png
[35.286s] -- Up-to-date: /home/maroqi/Projects/ROS2Projects/first_ws/install/turtlesim/share/turtlesim/images/dashing.png
[35.286s] -- Up-to-date: /home/maroqi/Projects/ROS2Projects/first_ws/install/turtlesim/share/turtlesim/launch
[35.287s] -- Up-to-date: /home/maroqi/Projects/ROS2Projects/first_ws/install/turtlesim/share/turtlesim/launch/multisim.launch.py
[35.287s] -- Up-to-date: /home/maroqi/Projects/ROS2Projects/first_ws/install/turtlesim/share/ament_index/resource_index/package_run_dependencies/turtlesim
[35.290s] -- Up-to-date: /home/maroqi/Projects/ROS2Projects/first_ws/install/turtlesim/share/ament_index/resource_index/parent_prefix_path/turtlesim
[35.290s] -- Up-to-date: /home/maroqi/Projects/ROS2Projects/first_ws/install/turtlesim/share/turtlesim/environment/ament_prefix_path.sh
[35.292s] -- Up-to-date: /home/maroqi/Projects/ROS2Projects/first_ws/install/turtlesim/share/turtlesim/environment/ament_prefix_path.dsv
[35.292s] -- Up-to-date: /home/maroqi/Projects/ROS2Projects/first_ws/install/turtlesim/share/turtlesim/environment/path.sh
[35.292s] -- Up-to-date: /home/maroqi/Projects/ROS2Projects/first_ws/install/turtlesim/share/turtlesim/environment/path.dsv
[35.295s] -- Up-to-date: /home/maroqi/Projects/ROS2Projects/first_ws/install/turtlesim/share/turtlesim/local_setup.bash
[35.296s] -- Up-to-date: /home/maroqi/Projects/ROS2Projects/first_ws/install/turtlesim/share/turtlesim/local_setup.sh
[35.296s] -- Up-to-date: /home/maroqi/Projects/ROS2Projects/first_ws/install/turtlesim/share/turtlesim/local_setup.zsh
[35.296s] -- Up-to-date: /home/maroqi/Projects/ROS2Projects/first_ws/install/turtlesim/share/turtlesim/local_setup.dsv
[35.296s] -- Installing: /home/maroqi/Projects/ROS2Projects/first_ws/install/turtlesim/share/turtlesim/package.dsv
[35.296s] -- Up-to-date: /home/maroqi/Projects/ROS2Projects/first_ws/install/turtlesim/share/ament_index/resource_index/packages/turtlesim
[35.297s] -- Up-to-date: /home/maroqi/Projects/ROS2Projects/first_ws/install/turtlesim/share/turtlesim/cmake/turtlesim__rosidl_generator_cExport.cmake
[35.297s] -- Up-to-date: /home/maroqi/Projects/ROS2Projects/first_ws/install/turtlesim/share/turtlesim/cmake/turtlesim__rosidl_generator_cExport-noconfig.cmake
[35.297s] -- Up-to-date: /home/maroqi/Projects/ROS2Projects/first_ws/install/turtlesim/share/turtlesim/cmake/turtlesim__rosidl_typesupport_introspection_cExport.cmake
[35.298s] -- Up-to-date: /home/maroqi/Projects/ROS2Projects/first_ws/install/turtlesim/share/turtlesim/cmake/turtlesim__rosidl_typesupport_introspection_cExport-noconfig.cmake
[35.298s] -- Up-to-date: /home/maroqi/Projects/ROS2Projects/first_ws/install/turtlesim/share/turtlesim/cmake/turtlesim__rosidl_typesupport_cExport.cmake
[35.298s] -- Up-to-date: /home/maroqi/Projects/ROS2Projects/first_ws/install/turtlesim/share/turtlesim/cmake/turtlesim__rosidl_typesupport_cExport-noconfig.cmake
[35.306s] -- Up-to-date: /home/maroqi/Projects/ROS2Projects/first_ws/install/turtlesim/share/turtlesim/cmake/turtlesim__rosidl_generator_cppExport.cmake
[35.307s] -- Up-to-date: /home/maroqi/Projects/ROS2Projects/first_ws/install/turtlesim/share/turtlesim/cmake/turtlesim__rosidl_typesupport_introspection_cppExport.cmake
[35.308s] -- Up-to-date: /home/maroqi/Projects/ROS2Projects/first_ws/install/turtlesim/share/turtlesim/cmake/turtlesim__rosidl_typesupport_introspection_cppExport-noconfig.cmake
[35.308s] -- Up-to-date: /home/maroqi/Projects/ROS2Projects/first_ws/install/turtlesim/share/turtlesim/cmake/turtlesim__rosidl_typesupport_cppExport.cmake
[35.308s] -- Up-to-date: /home/maroqi/Projects/ROS2Projects/first_ws/install/turtlesim/share/turtlesim/cmake/turtlesim__rosidl_typesupport_cppExport-noconfig.cmake
[35.309s] -- Up-to-date: /home/maroqi/Projects/ROS2Projects/first_ws/install/turtlesim/share/turtlesim/cmake/rosidl_cmake-extras.cmake
[35.309s] -- Up-to-date: /home/maroqi/Projects/ROS2Projects/first_ws/install/turtlesim/share/turtlesim/cmake/ament_cmake_export_dependencies-extras.cmake
[35.309s] -- Up-to-date: /home/maroqi/Projects/ROS2Projects/first_ws/install/turtlesim/share/turtlesim/cmake/ament_cmake_export_libraries-extras.cmake
[35.310s] -- Up-to-date: /home/maroqi/Projects/ROS2Projects/first_ws/install/turtlesim/share/turtlesim/cmake/ament_cmake_export_targets-extras.cmake
[35.310s] -- Up-to-date: /home/maroqi/Projects/ROS2Projects/first_ws/install/turtlesim/share/turtlesim/cmake/ament_cmake_export_include_directories-extras.cmake
[35.312s] -- Up-to-date: /home/maroqi/Projects/ROS2Projects/first_ws/install/turtlesim/share/turtlesim/cmake/rosidl_cmake_export_typesupport_libraries-extras.cmake
[35.313s] -- Up-to-date: /home/maroqi/Projects/ROS2Projects/first_ws/install/turtlesim/share/turtlesim/cmake/rosidl_cmake_export_typesupport_targets-extras.cmake
[35.313s] -- Up-to-date: /home/maroqi/Projects/ROS2Projects/first_ws/install/turtlesim/share/turtlesim/cmake/turtlesimConfig.cmake
[35.313s] -- Up-to-date: /home/maroqi/Projects/ROS2Projects/first_ws/install/turtlesim/share/turtlesim/cmake/turtlesimConfig-version.cmake
[35.315s] -- Up-to-date: /home/maroqi/Projects/ROS2Projects/first_ws/install/turtlesim/share/turtlesim/package.xml
[35.316s] Invoked command in '/home/maroqi/Projects/ROS2Projects/first_ws/build/turtlesim' returned '0': CMAKE_PREFIX_PATH=${CMAKE_PREFIX_PATH}:/opt/ros/foxy /usr/bin/cmake --install /home/maroqi/Projects/ROS2Projects/first_ws/build/turtlesim
