[0.036s] Invoking command in '/home/maroqi/Projects/ROS2Projects/first_ws/build/more_interfaces': CMAKE_PREFIX_PATH=${CMAKE_PREFIX_PATH}:/opt/ros/foxy /usr/bin/cmake /home/maroqi/Projects/ROS2Projects/first_ws/src/more_interfaces -DCMAKE_INSTALL_PREFIX=/home/maroqi/Projects/ROS2Projects/first_ws/install/more_interfaces
[0.190s] -- The C compiler identification is GNU 9.3.0
[0.425s] -- The CXX compiler identification is GNU 9.3.0
[0.448s] -- Check for working C compiler: /usr/bin/cc
[0.645s] -- Check for working C compiler: /usr/bin/cc -- works
[0.647s] -- Detecting C compiler ABI info
[0.836s] -- Detecting C compiler ABI info - done
[0.885s] -- Detecting C compile features
[0.886s] -- Detecting C compile features - done
[0.895s] -- Check for working CXX compiler: /usr/bin/c++
[1.148s] -- Check for working CXX compiler: /usr/bin/c++ -- works
[1.152s] -- Detecting CXX compiler ABI info
[1.429s] -- Detecting CXX compiler ABI info - done
[1.478s] -- Detecting CXX compile features
[1.479s] -- Detecting CXX compile features - done
[1.488s] -- Found ament_cmake: 0.9.8 (/opt/ros/foxy/share/ament_cmake/cmake)
[1.570s] -- Found PythonInterp: /usr/bin/python3 (found suitable version "3.8.5", minimum required is "3") 
[1.570s] -- Using PYTHON_EXECUTABLE: /usr/bin/python3
[2.167s] -- Found rosidl_default_generators: 1.0.0 (/opt/ros/foxy/share/rosidl_default_generators/cmake)
[2.177s] -- Using all available rosidl_typesupport_c: rosidl_typesupport_fastrtps_c;rosidl_typesupport_introspection_c
[2.194s] -- Found rosidl_adapter: 1.2.0 (/opt/ros/foxy/share/rosidl_adapter/cmake)
[2.431s] -- Found OpenSSL: /usr/lib/x86_64-linux-gnu/libcrypto.so (found version "1.1.1f")  
[2.542s] -- Found FastRTPS: /opt/ros/foxy/include  
[2.793s] -- Using all available rosidl_typesupport_cpp: rosidl_typesupport_fastrtps_cpp;rosidl_typesupport_introspection_cpp
[2.865s] CMake Error at /opt/ros/foxy/share/ament_cmake_target_dependencies/cmake/ament_target_dependencies.cmake:77 (message):
[2.865s]   ament_target_dependencies() the passed package name 'rclcpp' was not found
[2.865s]   before
[2.865s] Call Stack (most recent call first):
[2.866s]   CMakeLists.txt:25 (ament_target_dependencies)
[2.866s] 
[2.866s] 
[2.867s] -- Configuring incomplete, errors occurred!
[2.868s] See also "/home/maroqi/Projects/ROS2Projects/first_ws/build/more_interfaces/CMakeFiles/CMakeOutput.log".
[2.892s] Invoked command in '/home/maroqi/Projects/ROS2Projects/first_ws/build/more_interfaces' returned '1': CMAKE_PREFIX_PATH=${CMAKE_PREFIX_PATH}:/opt/ros/foxy /usr/bin/cmake /home/maroqi/Projects/ROS2Projects/first_ws/src/more_interfaces -DCMAKE_INSTALL_PREFIX=/home/maroqi/Projects/ROS2Projects/first_ws/install/more_interfaces
