[0.320s] DEBUG:colcon:Command line arguments: ['/usr/bin/colcon', 'build', '--packages-select', 'tutorial_interfaces']
[0.321s] DEBUG:colcon:Parsed command line arguments: Namespace(ament_cmake_args=None, base_paths=['.'], build_base='build', catkin_cmake_args=None, catkin_skip_building_tests=False, cmake_args=None, cmake_clean_cache=False, cmake_clean_first=False, cmake_force_configure=False, cmake_target=None, cmake_target_skip_unavailable=False, continue_on_error=False, event_handlers=None, executor='parallel', ignore_user_meta=False, install_base='install', log_base=None, log_level=None, main=<bound method BuildVerb.main of <colcon_core.verb.build.BuildVerb object at 0x7f7466d9afd0>>, merge_install=False, metas=['./colcon.meta'], packages_above=None, packages_above_and_dependencies=None, packages_above_depth=None, packages_end=None, packages_ignore=None, packages_ignore_regex=None, packages_select=['tutorial_interfaces'], packages_select_build_failed=False, packages_select_by_dep=None, packages_select_regex=None, packages_select_test_failures=False, packages_skip=None, packages_skip_build_finished=False, packages_skip_by_dep=None, packages_skip_regex=None, packages_skip_test_passed=False, packages_skip_up_to=None, packages_start=None, packages_up_to=None, packages_up_to_regex=None, parallel_workers=2, paths=None, symlink_install=False, test_result_base=None, verb_extension=<colcon_core.verb.build.BuildVerb object at 0x7f7466d9afd0>, verb_name='build', verb_parser=<colcon_defaults.argument_parser.defaults.DefaultArgumentsDecorator object at 0x7f7466da5520>)
[0.336s] Level 1:colcon.colcon_core.package_discovery:discover_packages(colcon_meta) check parameters
[0.336s] Level 1:colcon.colcon_core.package_discovery:discover_packages(recursive) check parameters
[0.336s] Level 1:colcon.colcon_core.package_discovery:discover_packages(ignore) check parameters
[0.336s] Level 1:colcon.colcon_core.package_discovery:discover_packages(path) check parameters
[0.337s] Level 1:colcon.colcon_core.package_discovery:discover_packages(colcon_meta) discover
[0.337s] Level 1:colcon.colcon_core.package_discovery:discover_packages(recursive) discover
[0.337s] INFO:colcon.colcon_core.package_discovery:Crawling recursively for packages in '/home/maroqi/Projects/ROS2Projects/ros2-tutorial'
[0.337s] Level 1:colcon.colcon_core.package_identification:_identify(.) by extensions ['ignore', 'ignore_ament_install']
[0.337s] Level 1:colcon.colcon_core.package_identification:_identify(.) by extension 'ignore'
[0.338s] Level 1:colcon.colcon_core.package_identification:_identify(.) by extension 'ignore_ament_install'
[0.338s] Level 1:colcon.colcon_core.package_identification:_identify(.) by extensions ['colcon_pkg']
[0.338s] Level 1:colcon.colcon_core.package_identification:_identify(.) by extension 'colcon_pkg'
[0.338s] Level 1:colcon.colcon_core.package_identification:_identify(.) by extensions ['colcon_meta']
[0.338s] Level 1:colcon.colcon_core.package_identification:_identify(.) by extension 'colcon_meta'
[0.338s] Level 1:colcon.colcon_core.package_identification:_identify(.) by extensions ['ros']
[0.338s] Level 1:colcon.colcon_core.package_identification:_identify(.) by extension 'ros'
[0.361s] Level 1:colcon.colcon_core.package_identification:_identify(.) by extensions ['cmake', 'python']
[0.361s] Level 1:colcon.colcon_core.package_identification:_identify(.) by extension 'cmake'
[0.361s] Level 1:colcon.colcon_core.package_identification:_identify(.) by extension 'python'
[0.361s] Level 1:colcon.colcon_core.package_identification:_identify(.) by extensions ['python_setup_py']
[0.361s] Level 1:colcon.colcon_core.package_identification:_identify(.) by extension 'python_setup_py'
[0.362s] Level 1:colcon.colcon_core.package_identification:_identify(build) by extensions ['ignore', 'ignore_ament_install']
[0.362s] Level 1:colcon.colcon_core.package_identification:_identify(build) by extension 'ignore'
[0.362s] Level 1:colcon.colcon_core.package_identification:_identify(build) ignored
[0.363s] Level 1:colcon.colcon_core.package_identification:_identify(install) by extensions ['ignore', 'ignore_ament_install']
[0.363s] Level 1:colcon.colcon_core.package_identification:_identify(install) by extension 'ignore'
[0.363s] Level 1:colcon.colcon_core.package_identification:_identify(install) ignored
[0.364s] Level 1:colcon.colcon_core.package_identification:_identify(log) by extensions ['ignore', 'ignore_ament_install']
[0.364s] Level 1:colcon.colcon_core.package_identification:_identify(log) by extension 'ignore'
[0.364s] Level 1:colcon.colcon_core.package_identification:_identify(log) ignored
[0.364s] Level 1:colcon.colcon_core.package_identification:_identify(src) by extensions ['ignore', 'ignore_ament_install']
[0.365s] Level 1:colcon.colcon_core.package_identification:_identify(src) by extension 'ignore'
[0.365s] Level 1:colcon.colcon_core.package_identification:_identify(src) by extension 'ignore_ament_install'
[0.365s] Level 1:colcon.colcon_core.package_identification:_identify(src) by extensions ['colcon_pkg']
[0.365s] Level 1:colcon.colcon_core.package_identification:_identify(src) by extension 'colcon_pkg'
[0.365s] Level 1:colcon.colcon_core.package_identification:_identify(src) by extensions ['colcon_meta']
[0.366s] Level 1:colcon.colcon_core.package_identification:_identify(src) by extension 'colcon_meta'
[0.366s] Level 1:colcon.colcon_core.package_identification:_identify(src) by extensions ['ros']
[0.366s] Level 1:colcon.colcon_core.package_identification:_identify(src) by extension 'ros'
[0.366s] Level 1:colcon.colcon_core.package_identification:_identify(src) by extensions ['cmake', 'python']
[0.366s] Level 1:colcon.colcon_core.package_identification:_identify(src) by extension 'cmake'
[0.366s] Level 1:colcon.colcon_core.package_identification:_identify(src) by extension 'python'
[0.367s] Level 1:colcon.colcon_core.package_identification:_identify(src) by extensions ['python_setup_py']
[0.367s] Level 1:colcon.colcon_core.package_identification:_identify(src) by extension 'python_setup_py'
[0.367s] Level 1:colcon.colcon_core.package_identification:_identify(src/cpp_pubsub) by extensions ['ignore', 'ignore_ament_install']
[0.367s] Level 1:colcon.colcon_core.package_identification:_identify(src/cpp_pubsub) by extension 'ignore'
[0.368s] Level 1:colcon.colcon_core.package_identification:_identify(src/cpp_pubsub) by extension 'ignore_ament_install'
[0.368s] Level 1:colcon.colcon_core.package_identification:_identify(src/cpp_pubsub) by extensions ['colcon_pkg']
[0.368s] Level 1:colcon.colcon_core.package_identification:_identify(src/cpp_pubsub) by extension 'colcon_pkg'
[0.368s] Level 1:colcon.colcon_core.package_identification:_identify(src/cpp_pubsub) by extensions ['colcon_meta']
[0.368s] Level 1:colcon.colcon_core.package_identification:_identify(src/cpp_pubsub) by extension 'colcon_meta'
[0.368s] Level 1:colcon.colcon_core.package_identification:_identify(src/cpp_pubsub) by extensions ['ros']
[0.368s] Level 1:colcon.colcon_core.package_identification:_identify(src/cpp_pubsub) by extension 'ros'
[0.375s] DEBUG:colcon.colcon_core.package_identification:Package 'src/cpp_pubsub' with type 'ros.ament_cmake' and name 'cpp_pubsub'
[0.376s] Level 1:colcon.colcon_core.package_identification:_identify(src/cpp_srvcli) by extensions ['ignore', 'ignore_ament_install']
[0.376s] Level 1:colcon.colcon_core.package_identification:_identify(src/cpp_srvcli) by extension 'ignore'
[0.377s] Level 1:colcon.colcon_core.package_identification:_identify(src/cpp_srvcli) by extension 'ignore_ament_install'
[0.377s] Level 1:colcon.colcon_core.package_identification:_identify(src/cpp_srvcli) by extensions ['colcon_pkg']
[0.377s] Level 1:colcon.colcon_core.package_identification:_identify(src/cpp_srvcli) by extension 'colcon_pkg'
[0.377s] Level 1:colcon.colcon_core.package_identification:_identify(src/cpp_srvcli) by extensions ['colcon_meta']
[0.377s] Level 1:colcon.colcon_core.package_identification:_identify(src/cpp_srvcli) by extension 'colcon_meta'
[0.377s] Level 1:colcon.colcon_core.package_identification:_identify(src/cpp_srvcli) by extensions ['ros']
[0.377s] Level 1:colcon.colcon_core.package_identification:_identify(src/cpp_srvcli) by extension 'ros'
[0.379s] DEBUG:colcon.colcon_core.package_identification:Package 'src/cpp_srvcli' with type 'ros.ament_cmake' and name 'cpp_srvcli'
[0.380s] Level 1:colcon.colcon_core.package_identification:_identify(src/my_package) by extensions ['ignore', 'ignore_ament_install']
[0.380s] Level 1:colcon.colcon_core.package_identification:_identify(src/my_package) by extension 'ignore'
[0.380s] Level 1:colcon.colcon_core.package_identification:_identify(src/my_package) by extension 'ignore_ament_install'
[0.380s] Level 1:colcon.colcon_core.package_identification:_identify(src/my_package) by extensions ['colcon_pkg']
[0.381s] Level 1:colcon.colcon_core.package_identification:_identify(src/my_package) by extension 'colcon_pkg'
[0.381s] Level 1:colcon.colcon_core.package_identification:_identify(src/my_package) by extensions ['colcon_meta']
[0.381s] Level 1:colcon.colcon_core.package_identification:_identify(src/my_package) by extension 'colcon_meta'
[0.381s] Level 1:colcon.colcon_core.package_identification:_identify(src/my_package) by extensions ['ros']
[0.381s] Level 1:colcon.colcon_core.package_identification:_identify(src/my_package) by extension 'ros'
[0.383s] DEBUG:colcon.colcon_core.package_identification:Package 'src/my_package' with type 'ros.ament_cmake' and name 'my_package'
[0.383s] Level 1:colcon.colcon_core.package_identification:_identify(src/ros_tutorials) by extensions ['ignore', 'ignore_ament_install']
[0.383s] Level 1:colcon.colcon_core.package_identification:_identify(src/ros_tutorials) by extension 'ignore'
[0.384s] Level 1:colcon.colcon_core.package_identification:_identify(src/ros_tutorials) by extension 'ignore_ament_install'
[0.384s] Level 1:colcon.colcon_core.package_identification:_identify(src/ros_tutorials) by extensions ['colcon_pkg']
[0.384s] Level 1:colcon.colcon_core.package_identification:_identify(src/ros_tutorials) by extension 'colcon_pkg'
[0.384s] Level 1:colcon.colcon_core.package_identification:_identify(src/ros_tutorials) by extensions ['colcon_meta']
[0.384s] Level 1:colcon.colcon_core.package_identification:_identify(src/ros_tutorials) by extension 'colcon_meta'
[0.384s] Level 1:colcon.colcon_core.package_identification:_identify(src/ros_tutorials) by extensions ['ros']
[0.384s] Level 1:colcon.colcon_core.package_identification:_identify(src/ros_tutorials) by extension 'ros'
[0.385s] Level 1:colcon.colcon_core.package_identification:_identify(src/ros_tutorials) by extensions ['cmake', 'python']
[0.385s] Level 1:colcon.colcon_core.package_identification:_identify(src/ros_tutorials) by extension 'cmake'
[0.385s] Level 1:colcon.colcon_core.package_identification:_identify(src/ros_tutorials) by extension 'python'
[0.385s] Level 1:colcon.colcon_core.package_identification:_identify(src/ros_tutorials) by extensions ['python_setup_py']
[0.385s] Level 1:colcon.colcon_core.package_identification:_identify(src/ros_tutorials) by extension 'python_setup_py'
[0.386s] Level 1:colcon.colcon_core.package_identification:_identify(src/ros_tutorials/ros_tutorials) by extensions ['ignore', 'ignore_ament_install']
[0.386s] Level 1:colcon.colcon_core.package_identification:_identify(src/ros_tutorials/ros_tutorials) by extension 'ignore'
[0.386s] Level 1:colcon.colcon_core.package_identification:_identify(src/ros_tutorials/ros_tutorials) ignored
[0.386s] Level 1:colcon.colcon_core.package_identification:_identify(src/ros_tutorials/roscpp_tutorials) by extensions ['ignore', 'ignore_ament_install']
[0.387s] Level 1:colcon.colcon_core.package_identification:_identify(src/ros_tutorials/roscpp_tutorials) by extension 'ignore'
[0.387s] Level 1:colcon.colcon_core.package_identification:_identify(src/ros_tutorials/roscpp_tutorials) ignored
[0.387s] Level 1:colcon.colcon_core.package_identification:_identify(src/ros_tutorials/rospy_tutorials) by extensions ['ignore', 'ignore_ament_install']
[0.388s] Level 1:colcon.colcon_core.package_identification:_identify(src/ros_tutorials/rospy_tutorials) by extension 'ignore'
[0.388s] Level 1:colcon.colcon_core.package_identification:_identify(src/ros_tutorials/rospy_tutorials) ignored
[0.388s] Level 1:colcon.colcon_core.package_identification:_identify(src/ros_tutorials/turtlesim) by extensions ['ignore', 'ignore_ament_install']
[0.389s] Level 1:colcon.colcon_core.package_identification:_identify(src/ros_tutorials/turtlesim) by extension 'ignore'
[0.389s] Level 1:colcon.colcon_core.package_identification:_identify(src/ros_tutorials/turtlesim) by extension 'ignore_ament_install'
[0.389s] Level 1:colcon.colcon_core.package_identification:_identify(src/ros_tutorials/turtlesim) by extensions ['colcon_pkg']
[0.389s] Level 1:colcon.colcon_core.package_identification:_identify(src/ros_tutorials/turtlesim) by extension 'colcon_pkg'
[0.389s] Level 1:colcon.colcon_core.package_identification:_identify(src/ros_tutorials/turtlesim) by extensions ['colcon_meta']
[0.389s] Level 1:colcon.colcon_core.package_identification:_identify(src/ros_tutorials/turtlesim) by extension 'colcon_meta'
[0.389s] Level 1:colcon.colcon_core.package_identification:_identify(src/ros_tutorials/turtlesim) by extensions ['ros']
[0.390s] Level 1:colcon.colcon_core.package_identification:_identify(src/ros_tutorials/turtlesim) by extension 'ros'
[0.395s] DEBUG:colcon.colcon_core.package_identification:Package 'src/ros_tutorials/turtlesim' with type 'ros.ament_cmake' and name 'turtlesim'
[0.395s] Level 1:colcon.colcon_core.package_identification:_identify(src/tutorial_interfaces) by extensions ['ignore', 'ignore_ament_install']
[0.396s] Level 1:colcon.colcon_core.package_identification:_identify(src/tutorial_interfaces) by extension 'ignore'
[0.396s] Level 1:colcon.colcon_core.package_identification:_identify(src/tutorial_interfaces) by extension 'ignore_ament_install'
[0.396s] Level 1:colcon.colcon_core.package_identification:_identify(src/tutorial_interfaces) by extensions ['colcon_pkg']
[0.396s] Level 1:colcon.colcon_core.package_identification:_identify(src/tutorial_interfaces) by extension 'colcon_pkg'
[0.397s] Level 1:colcon.colcon_core.package_identification:_identify(src/tutorial_interfaces) by extensions ['colcon_meta']
[0.397s] Level 1:colcon.colcon_core.package_identification:_identify(src/tutorial_interfaces) by extension 'colcon_meta'
[0.397s] Level 1:colcon.colcon_core.package_identification:_identify(src/tutorial_interfaces) by extensions ['ros']
[0.397s] Level 1:colcon.colcon_core.package_identification:_identify(src/tutorial_interfaces) by extension 'ros'
[0.398s] DEBUG:colcon.colcon_core.package_identification:Package 'src/tutorial_interfaces' with type 'ros.ament_cmake' and name 'tutorial_interfaces'
[0.399s] Level 1:colcon.colcon_core.package_discovery:discover_packages(recursive) using defaults
[0.399s] Level 1:colcon.colcon_core.package_discovery:discover_packages(ignore) discover
[0.399s] Level 1:colcon.colcon_core.package_discovery:discover_packages(ignore) using defaults
[0.399s] Level 1:colcon.colcon_core.package_discovery:discover_packages(path) discover
[0.399s] Level 1:colcon.colcon_core.package_discovery:discover_packages(path) using defaults
[0.440s] INFO:colcon.colcon_core.package_selection:Skipping not selected package 'cpp_pubsub' in 'src/cpp_pubsub'
[0.440s] INFO:colcon.colcon_core.package_selection:Skipping not selected package 'cpp_srvcli' in 'src/cpp_srvcli'
[0.440s] INFO:colcon.colcon_core.package_selection:Skipping not selected package 'my_package' in 'src/my_package'
[0.441s] INFO:colcon.colcon_core.package_selection:Skipping not selected package 'turtlesim' in 'src/ros_tutorials/turtlesim'
[0.448s] Level 5:colcon.colcon_core.verb:set package 'tutorial_interfaces' build argument 'cmake_args' from command line to 'None'
[0.448s] Level 5:colcon.colcon_core.verb:set package 'tutorial_interfaces' build argument 'cmake_target' from command line to 'None'
[0.448s] Level 5:colcon.colcon_core.verb:set package 'tutorial_interfaces' build argument 'cmake_target_skip_unavailable' from command line to 'False'
[0.448s] Level 5:colcon.colcon_core.verb:set package 'tutorial_interfaces' build argument 'cmake_clean_cache' from command line to 'False'
[0.448s] Level 5:colcon.colcon_core.verb:set package 'tutorial_interfaces' build argument 'cmake_clean_first' from command line to 'False'
[0.448s] Level 5:colcon.colcon_core.verb:set package 'tutorial_interfaces' build argument 'cmake_force_configure' from command line to 'False'
[0.448s] Level 5:colcon.colcon_core.verb:set package 'tutorial_interfaces' build argument 'ament_cmake_args' from command line to 'None'
[0.449s] Level 5:colcon.colcon_core.verb:set package 'tutorial_interfaces' build argument 'catkin_cmake_args' from command line to 'None'
[0.449s] Level 5:colcon.colcon_core.verb:set package 'tutorial_interfaces' build argument 'catkin_skip_building_tests' from command line to 'False'
[0.449s] DEBUG:colcon.colcon_core.verb:Building package 'tutorial_interfaces' with the following arguments: {'ament_cmake_args': None, 'build_base': '/home/maroqi/Projects/ROS2Projects/ros2-tutorial/build/tutorial_interfaces', 'catkin_cmake_args': None, 'catkin_skip_building_tests': False, 'cmake_args': None, 'cmake_clean_cache': False, 'cmake_clean_first': False, 'cmake_force_configure': False, 'cmake_target': None, 'cmake_target_skip_unavailable': False, 'install_base': '/home/maroqi/Projects/ROS2Projects/ros2-tutorial/install/tutorial_interfaces', 'merge_install': False, 'path': '/home/maroqi/Projects/ROS2Projects/ros2-tutorial/src/tutorial_interfaces', 'symlink_install': False, 'test_result_base': None}
[0.450s] INFO:colcon.colcon_core.executor:Executing jobs using 'parallel' executor
[0.455s] DEBUG:colcon.colcon_parallel_executor.executor.parallel:run_until_complete
[0.459s] INFO:colcon.colcon_ros.task.ament_cmake.build:Building ROS package in '/home/maroqi/Projects/ROS2Projects/ros2-tutorial/src/tutorial_interfaces' with build type 'ament_cmake'
[0.462s] INFO:colcon.colcon_cmake.task.cmake.build:Building CMake package in '/home/maroqi/Projects/ROS2Projects/ros2-tutorial/src/tutorial_interfaces'
[0.473s] INFO:colcon.colcon_core.plugin_system:Skipping extension 'colcon_core.shell.bat': Not used on non-Windows systems
[0.476s] INFO:colcon.colcon_core.shell:Skip shell extension 'powershell' for command environment: Not usable outside of PowerShell
[0.476s] DEBUG:colcon.colcon_core.shell:Skip shell extension 'dsv' for command environment
[0.491s] DEBUG:colcon.colcon_core.shell:Ignoring prefix path '/opt/ros/foxy'
[0.518s] DEBUG:colcon.colcon_core.event_handler.log_command:Invoking command in '/home/maroqi/Projects/ROS2Projects/ros2-tutorial/build/tutorial_interfaces': CMAKE_PREFIX_PATH=${CMAKE_PREFIX_PATH}:/opt/ros/foxy /usr/bin/cmake --build /home/maroqi/Projects/ROS2Projects/ros2-tutorial/build/tutorial_interfaces -- -j2 -l2
[20.514s] DEBUG:colcon.colcon_core.event_handler.log_command:Invoked command in '/home/maroqi/Projects/ROS2Projects/ros2-tutorial/build/tutorial_interfaces' returned '0': CMAKE_PREFIX_PATH=${CMAKE_PREFIX_PATH}:/opt/ros/foxy /usr/bin/cmake --build /home/maroqi/Projects/ROS2Projects/ros2-tutorial/build/tutorial_interfaces -- -j2 -l2
[20.703s] DEBUG:colcon.colcon_core.event_handler.log_command:Invoking command in '/home/maroqi/Projects/ROS2Projects/ros2-tutorial/build/tutorial_interfaces': CMAKE_PREFIX_PATH=${CMAKE_PREFIX_PATH}:/opt/ros/foxy /usr/bin/cmake --install /home/maroqi/Projects/ROS2Projects/ros2-tutorial/build/tutorial_interfaces
[20.903s] Level 1:colcon.colcon_core.environment:create_environment_scripts_only(tutorial_interfaces)
[20.914s] Level 1:colcon.colcon_core.environment:checking '/home/maroqi/Projects/ROS2Projects/ros2-tutorial/install/tutorial_interfaces' for CMake module files
[20.922s] Level 1:colcon.colcon_core.environment:checking '/home/maroqi/Projects/ROS2Projects/ros2-tutorial/install/tutorial_interfaces' for CMake config files
[20.920s] DEBUG:colcon.colcon_core.event_handler.log_command:Invoked command in '/home/maroqi/Projects/ROS2Projects/ros2-tutorial/build/tutorial_interfaces' returned '0': CMAKE_PREFIX_PATH=${CMAKE_PREFIX_PATH}:/opt/ros/foxy /usr/bin/cmake --install /home/maroqi/Projects/ROS2Projects/ros2-tutorial/build/tutorial_interfaces
[20.923s] Level 1:colcon.colcon_core.shell:create_environment_hook('tutorial_interfaces', 'cmake_prefix_path')
[20.925s] INFO:colcon.colcon_core.shell:Creating environment hook '/home/maroqi/Projects/ROS2Projects/ros2-tutorial/install/tutorial_interfaces/share/tutorial_interfaces/hook/cmake_prefix_path.ps1'
[20.927s] INFO:colcon.colcon_core.shell:Creating environment descriptor '/home/maroqi/Projects/ROS2Projects/ros2-tutorial/install/tutorial_interfaces/share/tutorial_interfaces/hook/cmake_prefix_path.dsv'
[20.929s] INFO:colcon.colcon_core.shell:Creating environment hook '/home/maroqi/Projects/ROS2Projects/ros2-tutorial/install/tutorial_interfaces/share/tutorial_interfaces/hook/cmake_prefix_path.sh'
[20.932s] Level 1:colcon.colcon_core.environment:checking '/home/maroqi/Projects/ROS2Projects/ros2-tutorial/install/tutorial_interfaces/lib'
[20.932s] Level 1:colcon.colcon_core.shell:create_environment_hook('tutorial_interfaces', 'ld_library_path_lib')
[20.934s] INFO:colcon.colcon_core.shell:Creating environment hook '/home/maroqi/Projects/ROS2Projects/ros2-tutorial/install/tutorial_interfaces/share/tutorial_interfaces/hook/ld_library_path_lib.ps1'
[20.935s] INFO:colcon.colcon_core.shell:Creating environment descriptor '/home/maroqi/Projects/ROS2Projects/ros2-tutorial/install/tutorial_interfaces/share/tutorial_interfaces/hook/ld_library_path_lib.dsv'
[20.936s] INFO:colcon.colcon_core.shell:Creating environment hook '/home/maroqi/Projects/ROS2Projects/ros2-tutorial/install/tutorial_interfaces/share/tutorial_interfaces/hook/ld_library_path_lib.sh'
[20.938s] Level 1:colcon.colcon_core.environment:checking '/home/maroqi/Projects/ROS2Projects/ros2-tutorial/install/tutorial_interfaces/bin'
[20.938s] Level 1:colcon.colcon_core.environment:checking '/home/maroqi/Projects/ROS2Projects/ros2-tutorial/install/tutorial_interfaces/lib/pkgconfig/tutorial_interfaces.pc'
[20.938s] Level 1:colcon.colcon_core.environment:checking '/home/maroqi/Projects/ROS2Projects/ros2-tutorial/install/tutorial_interfaces/lib/python3.8/site-packages'
[20.939s] Level 1:colcon.colcon_core.shell:create_environment_hook('tutorial_interfaces', 'pythonpath')
[20.940s] INFO:colcon.colcon_core.shell:Creating environment hook '/home/maroqi/Projects/ROS2Projects/ros2-tutorial/install/tutorial_interfaces/share/tutorial_interfaces/hook/pythonpath.ps1'
[20.942s] INFO:colcon.colcon_core.shell:Creating environment descriptor '/home/maroqi/Projects/ROS2Projects/ros2-tutorial/install/tutorial_interfaces/share/tutorial_interfaces/hook/pythonpath.dsv'
[20.943s] INFO:colcon.colcon_core.shell:Creating environment hook '/home/maroqi/Projects/ROS2Projects/ros2-tutorial/install/tutorial_interfaces/share/tutorial_interfaces/hook/pythonpath.sh'
[20.946s] INFO:colcon.colcon_core.shell:Creating package script '/home/maroqi/Projects/ROS2Projects/ros2-tutorial/install/tutorial_interfaces/share/tutorial_interfaces/package.ps1'
[20.951s] INFO:colcon.colcon_core.shell:Creating package descriptor '/home/maroqi/Projects/ROS2Projects/ros2-tutorial/install/tutorial_interfaces/share/tutorial_interfaces/package.dsv'
[20.953s] INFO:colcon.colcon_core.shell:Creating package script '/home/maroqi/Projects/ROS2Projects/ros2-tutorial/install/tutorial_interfaces/share/tutorial_interfaces/package.sh'
[20.958s] INFO:colcon.colcon_core.shell:Creating package script '/home/maroqi/Projects/ROS2Projects/ros2-tutorial/install/tutorial_interfaces/share/tutorial_interfaces/package.bash'
[20.960s] INFO:colcon.colcon_core.shell:Creating package script '/home/maroqi/Projects/ROS2Projects/ros2-tutorial/install/tutorial_interfaces/share/tutorial_interfaces/package.zsh'
[20.962s] Level 1:colcon.colcon_core.environment:create_file_with_runtime_dependencies(/home/maroqi/Projects/ROS2Projects/ros2-tutorial/install/tutorial_interfaces/share/colcon-core/packages/tutorial_interfaces)
[21.106s] Level 1:colcon.colcon_core.environment:create_environment_scripts_only(tutorial_interfaces)
[21.109s] Level 1:colcon.colcon_core.environment:checking '/home/maroqi/Projects/ROS2Projects/ros2-tutorial/install/tutorial_interfaces' for CMake module files
[21.111s] Level 1:colcon.colcon_core.environment:checking '/home/maroqi/Projects/ROS2Projects/ros2-tutorial/install/tutorial_interfaces' for CMake config files
[21.112s] Level 1:colcon.colcon_core.shell:create_environment_hook('tutorial_interfaces', 'cmake_prefix_path')
[21.114s] INFO:colcon.colcon_core.shell:Creating environment hook '/home/maroqi/Projects/ROS2Projects/ros2-tutorial/install/tutorial_interfaces/share/tutorial_interfaces/hook/cmake_prefix_path.ps1'
[21.116s] INFO:colcon.colcon_core.shell:Creating environment descriptor '/home/maroqi/Projects/ROS2Projects/ros2-tutorial/install/tutorial_interfaces/share/tutorial_interfaces/hook/cmake_prefix_path.dsv'
[21.117s] INFO:colcon.colcon_core.shell:Creating environment hook '/home/maroqi/Projects/ROS2Projects/ros2-tutorial/install/tutorial_interfaces/share/tutorial_interfaces/hook/cmake_prefix_path.sh'
[21.119s] Level 1:colcon.colcon_core.environment:checking '/home/maroqi/Projects/ROS2Projects/ros2-tutorial/install/tutorial_interfaces/lib'
[21.120s] Level 1:colcon.colcon_core.shell:create_environment_hook('tutorial_interfaces', 'ld_library_path_lib')
[21.121s] INFO:colcon.colcon_core.shell:Creating environment hook '/home/maroqi/Projects/ROS2Projects/ros2-tutorial/install/tutorial_interfaces/share/tutorial_interfaces/hook/ld_library_path_lib.ps1'
[21.123s] INFO:colcon.colcon_core.shell:Creating environment descriptor '/home/maroqi/Projects/ROS2Projects/ros2-tutorial/install/tutorial_interfaces/share/tutorial_interfaces/hook/ld_library_path_lib.dsv'
[21.124s] INFO:colcon.colcon_core.shell:Creating environment hook '/home/maroqi/Projects/ROS2Projects/ros2-tutorial/install/tutorial_interfaces/share/tutorial_interfaces/hook/ld_library_path_lib.sh'
[21.126s] Level 1:colcon.colcon_core.environment:checking '/home/maroqi/Projects/ROS2Projects/ros2-tutorial/install/tutorial_interfaces/bin'
[21.126s] Level 1:colcon.colcon_core.environment:checking '/home/maroqi/Projects/ROS2Projects/ros2-tutorial/install/tutorial_interfaces/lib/pkgconfig/tutorial_interfaces.pc'
[21.126s] Level 1:colcon.colcon_core.environment:checking '/home/maroqi/Projects/ROS2Projects/ros2-tutorial/install/tutorial_interfaces/lib/python3.8/site-packages'
[21.127s] Level 1:colcon.colcon_core.shell:create_environment_hook('tutorial_interfaces', 'pythonpath')
[21.129s] INFO:colcon.colcon_core.shell:Creating environment hook '/home/maroqi/Projects/ROS2Projects/ros2-tutorial/install/tutorial_interfaces/share/tutorial_interfaces/hook/pythonpath.ps1'
[21.130s] INFO:colcon.colcon_core.shell:Creating environment descriptor '/home/maroqi/Projects/ROS2Projects/ros2-tutorial/install/tutorial_interfaces/share/tutorial_interfaces/hook/pythonpath.dsv'
[21.132s] INFO:colcon.colcon_core.shell:Creating environment hook '/home/maroqi/Projects/ROS2Projects/ros2-tutorial/install/tutorial_interfaces/share/tutorial_interfaces/hook/pythonpath.sh'
[21.135s] INFO:colcon.colcon_core.shell:Creating package script '/home/maroqi/Projects/ROS2Projects/ros2-tutorial/install/tutorial_interfaces/share/tutorial_interfaces/package.ps1'
[21.137s] INFO:colcon.colcon_core.shell:Creating package descriptor '/home/maroqi/Projects/ROS2Projects/ros2-tutorial/install/tutorial_interfaces/share/tutorial_interfaces/package.dsv'
[21.139s] INFO:colcon.colcon_core.shell:Creating package script '/home/maroqi/Projects/ROS2Projects/ros2-tutorial/install/tutorial_interfaces/share/tutorial_interfaces/package.sh'
[21.141s] INFO:colcon.colcon_core.shell:Creating package script '/home/maroqi/Projects/ROS2Projects/ros2-tutorial/install/tutorial_interfaces/share/tutorial_interfaces/package.bash'
[21.142s] INFO:colcon.colcon_core.shell:Creating package script '/home/maroqi/Projects/ROS2Projects/ros2-tutorial/install/tutorial_interfaces/share/tutorial_interfaces/package.zsh'
[21.143s] Level 1:colcon.colcon_core.environment:create_file_with_runtime_dependencies(/home/maroqi/Projects/ROS2Projects/ros2-tutorial/install/tutorial_interfaces/share/colcon-core/packages/tutorial_interfaces)
[21.146s] DEBUG:colcon.colcon_parallel_executor.executor.parallel:closing loop
[21.146s] DEBUG:colcon.colcon_parallel_executor.executor.parallel:loop closed
[21.146s] DEBUG:colcon.colcon_parallel_executor.executor.parallel:run_until_complete finished with '0'
[21.146s] DEBUG:colcon.colcon_core.event_reactor:joining thread
[21.179s] INFO:colcon.colcon_core.plugin_system:Skipping extension 'colcon_notification.desktop_notification.terminal_notifier': Not used on non-Darwin systems
[21.179s] INFO:colcon.colcon_core.plugin_system:Skipping extension 'colcon_notification.desktop_notification.win32': Not used on non-Windows systems
[21.179s] INFO:colcon.colcon_notification.desktop_notification:Sending desktop notification using 'notify2'
[21.221s] DEBUG:colcon.colcon_core.event_reactor:joined thread
[21.223s] INFO:colcon.colcon_core.shell:Creating prefix script '/home/maroqi/Projects/ROS2Projects/ros2-tutorial/install/local_setup.ps1'
[21.226s] INFO:colcon.colcon_core.shell:Creating prefix util module '/home/maroqi/Projects/ROS2Projects/ros2-tutorial/install/_local_setup_util_ps1.py'
[21.231s] INFO:colcon.colcon_core.shell:Creating prefix chain script '/home/maroqi/Projects/ROS2Projects/ros2-tutorial/install/setup.ps1'
[21.241s] INFO:colcon.colcon_core.shell:Creating prefix script '/home/maroqi/Projects/ROS2Projects/ros2-tutorial/install/local_setup.sh'
[21.243s] INFO:colcon.colcon_core.shell:Creating prefix util module '/home/maroqi/Projects/ROS2Projects/ros2-tutorial/install/_local_setup_util_sh.py'
[21.245s] INFO:colcon.colcon_core.shell:Creating prefix chain script '/home/maroqi/Projects/ROS2Projects/ros2-tutorial/install/setup.sh'
[21.253s] INFO:colcon.colcon_core.shell:Creating prefix script '/home/maroqi/Projects/ROS2Projects/ros2-tutorial/install/local_setup.bash'
[21.255s] INFO:colcon.colcon_core.shell:Creating prefix chain script '/home/maroqi/Projects/ROS2Projects/ros2-tutorial/install/setup.bash'
[21.262s] INFO:colcon.colcon_core.shell:Creating prefix script '/home/maroqi/Projects/ROS2Projects/ros2-tutorial/install/local_setup.zsh'
[21.264s] INFO:colcon.colcon_core.shell:Creating prefix chain script '/home/maroqi/Projects/ROS2Projects/ros2-tutorial/install/setup.zsh'
