[1.639s] DEBUG:colcon:Command line arguments: ['/usr/bin/colcon', 'build']
[1.640s] DEBUG:colcon:Parsed command line arguments: Namespace(ament_cmake_args=None, base_paths=['.'], build_base='build', catkin_cmake_args=None, catkin_skip_building_tests=False, cmake_args=None, cmake_clean_cache=False, cmake_clean_first=False, cmake_force_configure=False, cmake_target=None, cmake_target_skip_unavailable=False, continue_on_error=False, event_handlers=None, executor='parallel', ignore_user_meta=False, install_base='install', log_base=None, log_level=None, main=<bound method BuildVerb.main of <colcon_core.verb.build.BuildVerb object at 0x7f694721d7f0>>, merge_install=False, metas=['./colcon.meta'], packages_above=None, packages_above_and_dependencies=None, packages_above_depth=None, packages_end=None, packages_ignore=None, packages_ignore_regex=None, packages_select=None, packages_select_build_failed=False, packages_select_by_dep=None, packages_select_regex=None, packages_select_test_failures=False, packages_skip=None, packages_skip_build_finished=False, packages_skip_by_dep=None, packages_skip_regex=None, packages_skip_test_passed=False, packages_skip_up_to=None, packages_start=None, packages_up_to=None, packages_up_to_regex=None, parallel_workers=2, paths=None, symlink_install=False, test_result_base=None, verb_extension=<colcon_core.verb.build.BuildVerb object at 0x7f694721d7f0>, verb_name='build', verb_parser=<colcon_defaults.argument_parser.defaults.DefaultArgumentsDecorator object at 0x7f69472294f0>)
[1.775s] Level 1:colcon.colcon_core.package_discovery:discover_packages(colcon_meta) check parameters
[1.776s] Level 1:colcon.colcon_core.package_discovery:discover_packages(recursive) check parameters
[1.776s] Level 1:colcon.colcon_core.package_discovery:discover_packages(ignore) check parameters
[1.776s] Level 1:colcon.colcon_core.package_discovery:discover_packages(path) check parameters
[1.776s] Level 1:colcon.colcon_core.package_discovery:discover_packages(colcon_meta) discover
[1.776s] Level 1:colcon.colcon_core.package_discovery:discover_packages(recursive) discover
[1.777s] INFO:colcon.colcon_core.package_discovery:Crawling recursively for packages in '/home/maroqi/Projects/ROS2Projects/ros2-tutorial'
[1.777s] Level 1:colcon.colcon_core.package_identification:_identify(.) by extensions ['ignore', 'ignore_ament_install']
[1.777s] Level 1:colcon.colcon_core.package_identification:_identify(.) by extension 'ignore'
[1.777s] Level 1:colcon.colcon_core.package_identification:_identify(.) by extension 'ignore_ament_install'
[1.778s] Level 1:colcon.colcon_core.package_identification:_identify(.) by extensions ['colcon_pkg']
[1.778s] Level 1:colcon.colcon_core.package_identification:_identify(.) by extension 'colcon_pkg'
[1.778s] Level 1:colcon.colcon_core.package_identification:_identify(.) by extensions ['colcon_meta']
[1.778s] Level 1:colcon.colcon_core.package_identification:_identify(.) by extension 'colcon_meta'
[1.779s] Level 1:colcon.colcon_core.package_identification:_identify(.) by extensions ['ros']
[1.779s] Level 1:colcon.colcon_core.package_identification:_identify(.) by extension 'ros'
[1.806s] Level 1:colcon.colcon_core.package_identification:_identify(.) by extensions ['cmake', 'python']
[1.806s] Level 1:colcon.colcon_core.package_identification:_identify(.) by extension 'cmake'
[1.806s] Level 1:colcon.colcon_core.package_identification:_identify(.) by extension 'python'
[1.807s] Level 1:colcon.colcon_core.package_identification:_identify(.) by extensions ['python_setup_py']
[1.807s] Level 1:colcon.colcon_core.package_identification:_identify(.) by extension 'python_setup_py'
[1.807s] Level 1:colcon.colcon_core.package_identification:_identify(build) by extensions ['ignore', 'ignore_ament_install']
[1.808s] Level 1:colcon.colcon_core.package_identification:_identify(build) by extension 'ignore'
[1.808s] Level 1:colcon.colcon_core.package_identification:_identify(build) ignored
[1.809s] Level 1:colcon.colcon_core.package_identification:_identify(install) by extensions ['ignore', 'ignore_ament_install']
[1.809s] Level 1:colcon.colcon_core.package_identification:_identify(install) by extension 'ignore'
[1.810s] Level 1:colcon.colcon_core.package_identification:_identify(install) ignored
[1.810s] Level 1:colcon.colcon_core.package_identification:_identify(log) by extensions ['ignore', 'ignore_ament_install']
[1.810s] Level 1:colcon.colcon_core.package_identification:_identify(log) by extension 'ignore'
[1.811s] Level 1:colcon.colcon_core.package_identification:_identify(log) ignored
[1.811s] Level 1:colcon.colcon_core.package_identification:_identify(src) by extensions ['ignore', 'ignore_ament_install']
[1.811s] Level 1:colcon.colcon_core.package_identification:_identify(src) by extension 'ignore'
[1.811s] Level 1:colcon.colcon_core.package_identification:_identify(src) by extension 'ignore_ament_install'
[1.812s] Level 1:colcon.colcon_core.package_identification:_identify(src) by extensions ['colcon_pkg']
[1.812s] Level 1:colcon.colcon_core.package_identification:_identify(src) by extension 'colcon_pkg'
[1.812s] Level 1:colcon.colcon_core.package_identification:_identify(src) by extensions ['colcon_meta']
[1.812s] Level 1:colcon.colcon_core.package_identification:_identify(src) by extension 'colcon_meta'
[1.812s] Level 1:colcon.colcon_core.package_identification:_identify(src) by extensions ['ros']
[1.812s] Level 1:colcon.colcon_core.package_identification:_identify(src) by extension 'ros'
[1.812s] Level 1:colcon.colcon_core.package_identification:_identify(src) by extensions ['cmake', 'python']
[1.812s] Level 1:colcon.colcon_core.package_identification:_identify(src) by extension 'cmake'
[1.814s] Level 1:colcon.colcon_core.package_identification:_identify(src) by extension 'python'
[1.814s] Level 1:colcon.colcon_core.package_identification:_identify(src) by extensions ['python_setup_py']
[1.814s] Level 1:colcon.colcon_core.package_identification:_identify(src) by extension 'python_setup_py'
[1.814s] Level 1:colcon.colcon_core.package_identification:_identify(src/ros_tutorials) by extensions ['ignore', 'ignore_ament_install']
[1.815s] Level 1:colcon.colcon_core.package_identification:_identify(src/ros_tutorials) by extension 'ignore'
[1.815s] Level 1:colcon.colcon_core.package_identification:_identify(src/ros_tutorials) by extension 'ignore_ament_install'
[1.815s] Level 1:colcon.colcon_core.package_identification:_identify(src/ros_tutorials) by extensions ['colcon_pkg']
[1.815s] Level 1:colcon.colcon_core.package_identification:_identify(src/ros_tutorials) by extension 'colcon_pkg'
[1.815s] Level 1:colcon.colcon_core.package_identification:_identify(src/ros_tutorials) by extensions ['colcon_meta']
[1.815s] Level 1:colcon.colcon_core.package_identification:_identify(src/ros_tutorials) by extension 'colcon_meta'
[1.815s] Level 1:colcon.colcon_core.package_identification:_identify(src/ros_tutorials) by extensions ['ros']
[1.815s] Level 1:colcon.colcon_core.package_identification:_identify(src/ros_tutorials) by extension 'ros'
[1.815s] Level 1:colcon.colcon_core.package_identification:_identify(src/ros_tutorials) by extensions ['cmake', 'python']
[1.816s] Level 1:colcon.colcon_core.package_identification:_identify(src/ros_tutorials) by extension 'cmake'
[1.816s] Level 1:colcon.colcon_core.package_identification:_identify(src/ros_tutorials) by extension 'python'
[1.816s] Level 1:colcon.colcon_core.package_identification:_identify(src/ros_tutorials) by extensions ['python_setup_py']
[1.816s] Level 1:colcon.colcon_core.package_identification:_identify(src/ros_tutorials) by extension 'python_setup_py'
[1.816s] Level 1:colcon.colcon_core.package_identification:_identify(src/ros_tutorials/ros_tutorials) by extensions ['ignore', 'ignore_ament_install']
[1.817s] Level 1:colcon.colcon_core.package_identification:_identify(src/ros_tutorials/ros_tutorials) by extension 'ignore'
[1.817s] Level 1:colcon.colcon_core.package_identification:_identify(src/ros_tutorials/ros_tutorials) ignored
[1.817s] Level 1:colcon.colcon_core.package_identification:_identify(src/ros_tutorials/roscpp_tutorials) by extensions ['ignore', 'ignore_ament_install']
[1.817s] Level 1:colcon.colcon_core.package_identification:_identify(src/ros_tutorials/roscpp_tutorials) by extension 'ignore'
[1.818s] Level 1:colcon.colcon_core.package_identification:_identify(src/ros_tutorials/roscpp_tutorials) ignored
[1.818s] Level 1:colcon.colcon_core.package_identification:_identify(src/ros_tutorials/rospy_tutorials) by extensions ['ignore', 'ignore_ament_install']
[1.818s] Level 1:colcon.colcon_core.package_identification:_identify(src/ros_tutorials/rospy_tutorials) by extension 'ignore'
[1.818s] Level 1:colcon.colcon_core.package_identification:_identify(src/ros_tutorials/rospy_tutorials) ignored
[1.818s] Level 1:colcon.colcon_core.package_identification:_identify(src/ros_tutorials/turtlesim) by extensions ['ignore', 'ignore_ament_install']
[1.819s] Level 1:colcon.colcon_core.package_identification:_identify(src/ros_tutorials/turtlesim) by extension 'ignore'
[1.819s] Level 1:colcon.colcon_core.package_identification:_identify(src/ros_tutorials/turtlesim) by extension 'ignore_ament_install'
[1.819s] Level 1:colcon.colcon_core.package_identification:_identify(src/ros_tutorials/turtlesim) by extensions ['colcon_pkg']
[1.819s] Level 1:colcon.colcon_core.package_identification:_identify(src/ros_tutorials/turtlesim) by extension 'colcon_pkg'
[1.819s] Level 1:colcon.colcon_core.package_identification:_identify(src/ros_tutorials/turtlesim) by extensions ['colcon_meta']
[1.819s] Level 1:colcon.colcon_core.package_identification:_identify(src/ros_tutorials/turtlesim) by extension 'colcon_meta'
[1.819s] Level 1:colcon.colcon_core.package_identification:_identify(src/ros_tutorials/turtlesim) by extensions ['ros']
[1.819s] Level 1:colcon.colcon_core.package_identification:_identify(src/ros_tutorials/turtlesim) by extension 'ros'
[1.826s] DEBUG:colcon.colcon_core.package_identification:Package 'src/ros_tutorials/turtlesim' with type 'ros.ament_cmake' and name 'turtlesim'
[1.826s] Level 1:colcon.colcon_core.package_discovery:discover_packages(recursive) using defaults
[1.826s] Level 1:colcon.colcon_core.package_discovery:discover_packages(ignore) discover
[1.826s] Level 1:colcon.colcon_core.package_discovery:discover_packages(ignore) using defaults
[1.826s] Level 1:colcon.colcon_core.package_discovery:discover_packages(path) discover
[1.826s] Level 1:colcon.colcon_core.package_discovery:discover_packages(path) using defaults
[2.048s] Level 5:colcon.colcon_core.verb:set package 'turtlesim' build argument 'cmake_args' from command line to 'None'
[2.048s] Level 5:colcon.colcon_core.verb:set package 'turtlesim' build argument 'cmake_target' from command line to 'None'
[2.048s] Level 5:colcon.colcon_core.verb:set package 'turtlesim' build argument 'cmake_target_skip_unavailable' from command line to 'False'
[2.049s] Level 5:colcon.colcon_core.verb:set package 'turtlesim' build argument 'cmake_clean_cache' from command line to 'False'
[2.049s] Level 5:colcon.colcon_core.verb:set package 'turtlesim' build argument 'cmake_clean_first' from command line to 'False'
[2.049s] Level 5:colcon.colcon_core.verb:set package 'turtlesim' build argument 'cmake_force_configure' from command line to 'False'
[2.049s] Level 5:colcon.colcon_core.verb:set package 'turtlesim' build argument 'ament_cmake_args' from command line to 'None'
[2.049s] Level 5:colcon.colcon_core.verb:set package 'turtlesim' build argument 'catkin_cmake_args' from command line to 'None'
[2.049s] Level 5:colcon.colcon_core.verb:set package 'turtlesim' build argument 'catkin_skip_building_tests' from command line to 'False'
[2.049s] DEBUG:colcon.colcon_core.verb:Building package 'turtlesim' with the following arguments: {'ament_cmake_args': None, 'build_base': '/home/maroqi/Projects/ROS2Projects/ros2-tutorial/build/turtlesim', 'catkin_cmake_args': None, 'catkin_skip_building_tests': False, 'cmake_args': None, 'cmake_clean_cache': False, 'cmake_clean_first': False, 'cmake_force_configure': False, 'cmake_target': None, 'cmake_target_skip_unavailable': False, 'install_base': '/home/maroqi/Projects/ROS2Projects/ros2-tutorial/install/turtlesim', 'merge_install': False, 'path': '/home/maroqi/Projects/ROS2Projects/ros2-tutorial/src/ros_tutorials/turtlesim', 'symlink_install': False, 'test_result_base': None}
[2.050s] INFO:colcon.colcon_core.executor:Executing jobs using 'parallel' executor
[2.056s] DEBUG:colcon.colcon_parallel_executor.executor.parallel:run_until_complete
[2.056s] INFO:colcon.colcon_ros.task.ament_cmake.build:Building ROS package in '/home/maroqi/Projects/ROS2Projects/ros2-tutorial/src/ros_tutorials/turtlesim' with build type 'ament_cmake'
[2.057s] INFO:colcon.colcon_cmake.task.cmake.build:Building CMake package in '/home/maroqi/Projects/ROS2Projects/ros2-tutorial/src/ros_tutorials/turtlesim'
[2.147s] INFO:colcon.colcon_core.plugin_system:Skipping extension 'colcon_core.shell.bat': Not used on non-Windows systems
[2.148s] INFO:colcon.colcon_core.shell:Skip shell extension 'powershell' for command environment: Not usable outside of PowerShell
[2.148s] DEBUG:colcon.colcon_core.shell:Skip shell extension 'dsv' for command environment
[2.179s] DEBUG:colcon.colcon_core.shell:Ignoring prefix path '/opt/ros/foxy'
[2.213s] DEBUG:colcon.colcon_core.event_handler.log_command:Invoking command in '/home/maroqi/Projects/ROS2Projects/ros2-tutorial/build/turtlesim': CMAKE_PREFIX_PATH=/opt/ros/foxy /usr/bin/cmake /home/maroqi/Projects/ROS2Projects/ros2-tutorial/src/ros_tutorials/turtlesim -DCMAKE_INSTALL_PREFIX=/home/maroqi/Projects/ROS2Projects/ros2-tutorial/install/turtlesim
[14.814s] DEBUG:colcon.colcon_core.event_handler.log_command:Invoked command in '/home/maroqi/Projects/ROS2Projects/ros2-tutorial/build/turtlesim' returned '0': CMAKE_PREFIX_PATH=/opt/ros/foxy /usr/bin/cmake /home/maroqi/Projects/ROS2Projects/ros2-tutorial/src/ros_tutorials/turtlesim -DCMAKE_INSTALL_PREFIX=/home/maroqi/Projects/ROS2Projects/ros2-tutorial/install/turtlesim
[14.828s] DEBUG:colcon.colcon_core.event_handler.log_command:Invoking command in '/home/maroqi/Projects/ROS2Projects/ros2-tutorial/build/turtlesim': CMAKE_PREFIX_PATH=/opt/ros/foxy /usr/bin/cmake --build /home/maroqi/Projects/ROS2Projects/ros2-tutorial/build/turtlesim -- -j2 -l2
[223.720s] DEBUG:colcon.colcon_core.event_handler.log_command:Invoked command in '/home/maroqi/Projects/ROS2Projects/ros2-tutorial/build/turtlesim' returned '0': CMAKE_PREFIX_PATH=/opt/ros/foxy /usr/bin/cmake --build /home/maroqi/Projects/ROS2Projects/ros2-tutorial/build/turtlesim -- -j2 -l2
[224.216s] DEBUG:colcon.colcon_core.event_handler.log_command:Invoking command in '/home/maroqi/Projects/ROS2Projects/ros2-tutorial/build/turtlesim': CMAKE_PREFIX_PATH=/opt/ros/foxy /usr/bin/cmake --install /home/maroqi/Projects/ROS2Projects/ros2-tutorial/build/turtlesim
[224.582s] Level 1:colcon.colcon_core.environment:create_environment_scripts_only(turtlesim)
[224.586s] DEBUG:colcon.colcon_core.event_handler.log_command:Invoked command in '/home/maroqi/Projects/ROS2Projects/ros2-tutorial/build/turtlesim' returned '0': CMAKE_PREFIX_PATH=/opt/ros/foxy /usr/bin/cmake --install /home/maroqi/Projects/ROS2Projects/ros2-tutorial/build/turtlesim
[224.695s] Level 1:colcon.colcon_core.environment:checking '/home/maroqi/Projects/ROS2Projects/ros2-tutorial/install/turtlesim' for CMake module files
[224.697s] Level 1:colcon.colcon_core.environment:checking '/home/maroqi/Projects/ROS2Projects/ros2-tutorial/install/turtlesim' for CMake config files
[224.698s] Level 1:colcon.colcon_core.shell:create_environment_hook('turtlesim', 'cmake_prefix_path')
[224.701s] INFO:colcon.colcon_core.shell:Creating environment hook '/home/maroqi/Projects/ROS2Projects/ros2-tutorial/install/turtlesim/share/turtlesim/hook/cmake_prefix_path.ps1'
[224.713s] INFO:colcon.colcon_core.shell:Creating environment descriptor '/home/maroqi/Projects/ROS2Projects/ros2-tutorial/install/turtlesim/share/turtlesim/hook/cmake_prefix_path.dsv'
[224.726s] INFO:colcon.colcon_core.shell:Creating environment hook '/home/maroqi/Projects/ROS2Projects/ros2-tutorial/install/turtlesim/share/turtlesim/hook/cmake_prefix_path.sh'
[224.729s] Level 1:colcon.colcon_core.environment:checking '/home/maroqi/Projects/ROS2Projects/ros2-tutorial/install/turtlesim/lib'
[224.730s] Level 1:colcon.colcon_core.shell:create_environment_hook('turtlesim', 'ld_library_path_lib')
[224.733s] INFO:colcon.colcon_core.shell:Creating environment hook '/home/maroqi/Projects/ROS2Projects/ros2-tutorial/install/turtlesim/share/turtlesim/hook/ld_library_path_lib.ps1'
[224.735s] INFO:colcon.colcon_core.shell:Creating environment descriptor '/home/maroqi/Projects/ROS2Projects/ros2-tutorial/install/turtlesim/share/turtlesim/hook/ld_library_path_lib.dsv'
[224.737s] INFO:colcon.colcon_core.shell:Creating environment hook '/home/maroqi/Projects/ROS2Projects/ros2-tutorial/install/turtlesim/share/turtlesim/hook/ld_library_path_lib.sh'
[224.738s] Level 1:colcon.colcon_core.environment:checking '/home/maroqi/Projects/ROS2Projects/ros2-tutorial/install/turtlesim/bin'
[224.739s] Level 1:colcon.colcon_core.environment:checking '/home/maroqi/Projects/ROS2Projects/ros2-tutorial/install/turtlesim/lib/pkgconfig/turtlesim.pc'
[224.739s] Level 1:colcon.colcon_core.environment:checking '/home/maroqi/Projects/ROS2Projects/ros2-tutorial/install/turtlesim/lib/python3.8/site-packages'
[224.739s] Level 1:colcon.colcon_core.shell:create_environment_hook('turtlesim', 'pythonpath')
[224.740s] INFO:colcon.colcon_core.shell:Creating environment hook '/home/maroqi/Projects/ROS2Projects/ros2-tutorial/install/turtlesim/share/turtlesim/hook/pythonpath.ps1'
[224.741s] INFO:colcon.colcon_core.shell:Creating environment descriptor '/home/maroqi/Projects/ROS2Projects/ros2-tutorial/install/turtlesim/share/turtlesim/hook/pythonpath.dsv'
[224.742s] INFO:colcon.colcon_core.shell:Creating environment hook '/home/maroqi/Projects/ROS2Projects/ros2-tutorial/install/turtlesim/share/turtlesim/hook/pythonpath.sh'
[224.745s] INFO:colcon.colcon_core.shell:Creating package script '/home/maroqi/Projects/ROS2Projects/ros2-tutorial/install/turtlesim/share/turtlesim/package.ps1'
[224.748s] INFO:colcon.colcon_core.shell:Creating package descriptor '/home/maroqi/Projects/ROS2Projects/ros2-tutorial/install/turtlesim/share/turtlesim/package.dsv'
[224.750s] INFO:colcon.colcon_core.shell:Creating package script '/home/maroqi/Projects/ROS2Projects/ros2-tutorial/install/turtlesim/share/turtlesim/package.sh'
[224.759s] INFO:colcon.colcon_core.shell:Creating package script '/home/maroqi/Projects/ROS2Projects/ros2-tutorial/install/turtlesim/share/turtlesim/package.bash'
[224.776s] INFO:colcon.colcon_core.shell:Creating package script '/home/maroqi/Projects/ROS2Projects/ros2-tutorial/install/turtlesim/share/turtlesim/package.zsh'
[224.791s] Level 1:colcon.colcon_core.environment:create_file_with_runtime_dependencies(/home/maroqi/Projects/ROS2Projects/ros2-tutorial/install/turtlesim/share/colcon-core/packages/turtlesim)
[225.250s] Level 1:colcon.colcon_core.environment:create_environment_scripts_only(turtlesim)
[225.252s] Level 1:colcon.colcon_core.environment:checking '/home/maroqi/Projects/ROS2Projects/ros2-tutorial/install/turtlesim' for CMake module files
[225.256s] Level 1:colcon.colcon_core.environment:checking '/home/maroqi/Projects/ROS2Projects/ros2-tutorial/install/turtlesim' for CMake config files
[225.256s] Level 1:colcon.colcon_core.shell:create_environment_hook('turtlesim', 'cmake_prefix_path')
[225.258s] INFO:colcon.colcon_core.shell:Creating environment hook '/home/maroqi/Projects/ROS2Projects/ros2-tutorial/install/turtlesim/share/turtlesim/hook/cmake_prefix_path.ps1'
[225.260s] INFO:colcon.colcon_core.shell:Creating environment descriptor '/home/maroqi/Projects/ROS2Projects/ros2-tutorial/install/turtlesim/share/turtlesim/hook/cmake_prefix_path.dsv'
[225.262s] INFO:colcon.colcon_core.shell:Creating environment hook '/home/maroqi/Projects/ROS2Projects/ros2-tutorial/install/turtlesim/share/turtlesim/hook/cmake_prefix_path.sh'
[225.266s] Level 1:colcon.colcon_core.environment:checking '/home/maroqi/Projects/ROS2Projects/ros2-tutorial/install/turtlesim/lib'
[225.266s] Level 1:colcon.colcon_core.shell:create_environment_hook('turtlesim', 'ld_library_path_lib')
[225.267s] INFO:colcon.colcon_core.shell:Creating environment hook '/home/maroqi/Projects/ROS2Projects/ros2-tutorial/install/turtlesim/share/turtlesim/hook/ld_library_path_lib.ps1'
[225.269s] INFO:colcon.colcon_core.shell:Creating environment descriptor '/home/maroqi/Projects/ROS2Projects/ros2-tutorial/install/turtlesim/share/turtlesim/hook/ld_library_path_lib.dsv'
[225.270s] INFO:colcon.colcon_core.shell:Creating environment hook '/home/maroqi/Projects/ROS2Projects/ros2-tutorial/install/turtlesim/share/turtlesim/hook/ld_library_path_lib.sh'
[225.274s] Level 1:colcon.colcon_core.environment:checking '/home/maroqi/Projects/ROS2Projects/ros2-tutorial/install/turtlesim/bin'
[225.275s] Level 1:colcon.colcon_core.environment:checking '/home/maroqi/Projects/ROS2Projects/ros2-tutorial/install/turtlesim/lib/pkgconfig/turtlesim.pc'
[225.275s] Level 1:colcon.colcon_core.environment:checking '/home/maroqi/Projects/ROS2Projects/ros2-tutorial/install/turtlesim/lib/python3.8/site-packages'
[225.275s] Level 1:colcon.colcon_core.shell:create_environment_hook('turtlesim', 'pythonpath')
[225.277s] INFO:colcon.colcon_core.shell:Creating environment hook '/home/maroqi/Projects/ROS2Projects/ros2-tutorial/install/turtlesim/share/turtlesim/hook/pythonpath.ps1'
[225.278s] INFO:colcon.colcon_core.shell:Creating environment descriptor '/home/maroqi/Projects/ROS2Projects/ros2-tutorial/install/turtlesim/share/turtlesim/hook/pythonpath.dsv'
[225.279s] INFO:colcon.colcon_core.shell:Creating environment hook '/home/maroqi/Projects/ROS2Projects/ros2-tutorial/install/turtlesim/share/turtlesim/hook/pythonpath.sh'
[225.284s] INFO:colcon.colcon_core.shell:Creating package script '/home/maroqi/Projects/ROS2Projects/ros2-tutorial/install/turtlesim/share/turtlesim/package.ps1'
[225.286s] INFO:colcon.colcon_core.shell:Creating package descriptor '/home/maroqi/Projects/ROS2Projects/ros2-tutorial/install/turtlesim/share/turtlesim/package.dsv'
[225.287s] INFO:colcon.colcon_core.shell:Creating package script '/home/maroqi/Projects/ROS2Projects/ros2-tutorial/install/turtlesim/share/turtlesim/package.sh'
[225.289s] INFO:colcon.colcon_core.shell:Creating package script '/home/maroqi/Projects/ROS2Projects/ros2-tutorial/install/turtlesim/share/turtlesim/package.bash'
[225.291s] INFO:colcon.colcon_core.shell:Creating package script '/home/maroqi/Projects/ROS2Projects/ros2-tutorial/install/turtlesim/share/turtlesim/package.zsh'
[225.292s] Level 1:colcon.colcon_core.environment:create_file_with_runtime_dependencies(/home/maroqi/Projects/ROS2Projects/ros2-tutorial/install/turtlesim/share/colcon-core/packages/turtlesim)
[225.297s] DEBUG:colcon.colcon_parallel_executor.executor.parallel:closing loop
[225.300s] DEBUG:colcon.colcon_parallel_executor.executor.parallel:loop closed
[225.301s] DEBUG:colcon.colcon_parallel_executor.executor.parallel:run_until_complete finished with '0'
[225.301s] DEBUG:colcon.colcon_core.event_reactor:joining thread
[225.372s] INFO:colcon.colcon_core.plugin_system:Skipping extension 'colcon_notification.desktop_notification.terminal_notifier': Not used on non-Darwin systems
[225.373s] INFO:colcon.colcon_core.plugin_system:Skipping extension 'colcon_notification.desktop_notification.win32': Not used on non-Windows systems
[225.373s] INFO:colcon.colcon_notification.desktop_notification:Sending desktop notification using 'notify2'
[225.425s] DEBUG:colcon.colcon_core.event_reactor:joined thread
[225.427s] INFO:colcon.colcon_core.shell:Creating prefix script '/home/maroqi/Projects/ROS2Projects/ros2-tutorial/install/local_setup.ps1'
[225.431s] INFO:colcon.colcon_core.shell:Creating prefix util module '/home/maroqi/Projects/ROS2Projects/ros2-tutorial/install/_local_setup_util_ps1.py'
[225.447s] INFO:colcon.colcon_core.shell:Creating prefix chain script '/home/maroqi/Projects/ROS2Projects/ros2-tutorial/install/setup.ps1'
[225.462s] INFO:colcon.colcon_core.shell:Creating prefix script '/home/maroqi/Projects/ROS2Projects/ros2-tutorial/install/local_setup.sh'
[225.478s] INFO:colcon.colcon_core.shell:Creating prefix util module '/home/maroqi/Projects/ROS2Projects/ros2-tutorial/install/_local_setup_util_sh.py'
[225.479s] INFO:colcon.colcon_core.shell:Creating prefix chain script '/home/maroqi/Projects/ROS2Projects/ros2-tutorial/install/setup.sh'
[225.486s] INFO:colcon.colcon_core.shell:Creating prefix script '/home/maroqi/Projects/ROS2Projects/ros2-tutorial/install/local_setup.bash'
[225.501s] INFO:colcon.colcon_core.shell:Creating prefix chain script '/home/maroqi/Projects/ROS2Projects/ros2-tutorial/install/setup.bash'
[225.510s] INFO:colcon.colcon_core.shell:Creating prefix script '/home/maroqi/Projects/ROS2Projects/ros2-tutorial/install/local_setup.zsh'
[225.512s] INFO:colcon.colcon_core.shell:Creating prefix chain script '/home/maroqi/Projects/ROS2Projects/ros2-tutorial/install/setup.zsh'
