[0.054s] Invoking command in '/home/maroqi/Projects/ROS2Projects/ros2-tutorial/build/tutorial_interfaces': CMAKE_PREFIX_PATH=${CMAKE_PREFIX_PATH}:/opt/ros/foxy /usr/bin/cmake --build /home/maroqi/Projects/ROS2Projects/ros2-tutorial/build/tutorial_interfaces -- -j2 -l2
[0.121s] -- Found ament_cmake: 0.9.8 (/opt/ros/foxy/share/ament_cmake/cmake)
[0.173s] -- Found PythonInterp: /usr/bin/python3 (found suitable version "3.8.5", minimum required is "3") 
[0.173s] -- Using PYTHON_EXECUTABLE: /usr/bin/python3
[0.589s] -- Found rosidl_default_generators: 1.0.0 (/opt/ros/foxy/share/rosidl_default_generators/cmake)
[0.597s] -- Using all available rosidl_typesupport_c: rosidl_typesupport_fastrtps_c;rosidl_typesupport_introspection_c
[0.607s] -- Found rosidl_adapter: 1.2.0 (/opt/ros/foxy/share/rosidl_adapter/cmake)
[0.853s] -- Using all available rosidl_typesupport_cpp: rosidl_typesupport_fastrtps_cpp;rosidl_typesupport_introspection_cpp
[0.899s] -- Found rclcpp: 2.3.0 (/opt/ros/foxy/share/rclcpp/cmake)
[1.038s] -- Found rmw_implementation_cmake: 1.0.2 (/opt/ros/foxy/share/rmw_implementation_cmake/cmake)
[1.045s] -- Using RMW implementation 'rmw_fastrtps_cpp' as default
[1.358s] -- Found tutorial_interfaces: 0.0.0 (/home/maroqi/Projects/ROS2Projects/ros2-tutorial/install/tutorial_interfaces/share/tutorial_interfaces/cmake)
[1.432s] -- Found PythonInterp: /usr/bin/python3 (found version "3.8.5") 
[1.700s] -- Found ament_cmake_ros: 0.9.1 (/opt/ros/foxy/share/ament_cmake_ros/cmake)
[1.873s] -- Using all available rosidl_typesupport_c: rosidl_typesupport_fastrtps_c;rosidl_typesupport_introspection_c
[1.893s] -- Using all available rosidl_typesupport_cpp: rosidl_typesupport_fastrtps_cpp;rosidl_typesupport_introspection_cpp
[1.945s] -- Found PythonInterp: /usr/bin/python3 (found suitable version "3.8.5", minimum required is "3.5") 
[1.945s] -- Found python_cmake_module: 0.8.0 (/opt/ros/foxy/share/python_cmake_module/cmake)
[1.995s] -- Using PYTHON_EXECUTABLE: /usr/bin/python3
[1.996s] -- Using PYTHON_INCLUDE_DIRS: /usr/include/python3.8
[1.996s] -- Using PYTHON_LIBRARIES: /usr/lib/x86_64-linux-gnu/libpython3.8.so
[2.042s] -- Found ament_lint_auto: 0.9.6 (/opt/ros/foxy/share/ament_lint_auto/cmake)
[2.066s] -- Added test 'copyright' to check source files copyright and LICENSE
[2.069s] -- Added test 'cppcheck' to perform static code analysis on C / C++ code
[2.072s] -- Configured cppcheck include dirs: 
[2.072s] -- Configured cppcheck exclude dirs and/or files: 
[2.076s] -- Added test 'cpplint' to check C / C++ code against the Google style
[2.076s] -- Configured cpplint exclude dirs and/or files: 
[2.078s] -- Added test 'lint_cmake' to check CMake code style
[2.081s] -- Added test 'uncrustify' to check C / C++ code style
[2.081s] -- Configured uncrustify additional arguments: 
[2.083s] -- Added test 'xmllint' to check XML markup files
[2.093s] -- Configuring done
[2.203s] -- Generating done
[2.215s] -- Build files have been written to: /home/maroqi/Projects/ROS2Projects/ros2-tutorial/build/tutorial_interfaces
[2.317s] [  9%] Built target tutorial_interfaces__rosidl_generator_c
[2.343s] [35m[1mScanning dependencies of target talker[0m
[2.367s] [ 11%] Built target tutorial_interfaces__cpp
[2.388s] [35m[1mScanning dependencies of target listener[0m
[3.261s] [ 13%] [32mBuilding CXX object CMakeFiles/listener.dir/src/subscriber_member_function.cpp.o[0m
[3.305s] [ 16%] [32mBuilding CXX object CMakeFiles/talker.dir/src/publisher_member_function.cpp.o[0m
[13.891s] [ 18%] [32m[1mLinking CXX executable talker[0m
[14.900s] [ 18%] Built target talker
[14.972s] [ 27%] Built target tutorial_interfaces__rosidl_typesupport_cpp
[15.048s] [ 37%] Built target tutorial_interfaces__rosidl_typesupport_introspection_cpp
[15.128s] [ 46%] Built target tutorial_interfaces__rosidl_typesupport_fastrtps_cpp
[15.210s] [ 55%] Built target tutorial_interfaces__rosidl_typesupport_introspection_c
[15.340s] [ 65%] Built target tutorial_interfaces__rosidl_typesupport_c
[15.489s] [ 74%] Built target tutorial_interfaces__rosidl_typesupport_fastrtps_c
[15.623s] [ 74%] Built target tutorial_interfaces
[15.691s] [ 76%] Built target tutorial_interfaces__py
[15.771s] [ 83%] Built target tutorial_interfaces__python
[15.874s] [ 88%] Built target tutorial_interfaces__rosidl_typesupport_c__pyext
[15.954s] [ 93%] Built target tutorial_interfaces__rosidl_typesupport_introspection_c__pyext
[16.031s] [ 97%] Built target tutorial_interfaces__rosidl_typesupport_fastrtps_c__pyext
[19.393s] [100%] [32m[1mLinking CXX executable listener[0m
[20.023s] [100%] Built target listener
[20.050s] Invoked command in '/home/maroqi/Projects/ROS2Projects/ros2-tutorial/build/tutorial_interfaces' returned '0': CMAKE_PREFIX_PATH=${CMAKE_PREFIX_PATH}:/opt/ros/foxy /usr/bin/cmake --build /home/maroqi/Projects/ROS2Projects/ros2-tutorial/build/tutorial_interfaces -- -j2 -l2
[20.239s] Invoking command in '/home/maroqi/Projects/ROS2Projects/ros2-tutorial/build/tutorial_interfaces': CMAKE_PREFIX_PATH=${CMAKE_PREFIX_PATH}:/opt/ros/foxy /usr/bin/cmake --install /home/maroqi/Projects/ROS2Projects/ros2-tutorial/build/tutorial_interfaces
[20.261s] -- Install configuration: ""
[20.262s] -- Up-to-date: /home/maroqi/Projects/ROS2Projects/ros2-tutorial/install/tutorial_interfaces/share/ament_index/resource_index/rosidl_interfaces/tutorial_interfaces
[20.267s] -- Up-to-date: /home/maroqi/Projects/ROS2Projects/ros2-tutorial/install/tutorial_interfaces/include/tutorial_interfaces
[20.269s] -- Up-to-date: /home/maroqi/Projects/ROS2Projects/ros2-tutorial/install/tutorial_interfaces/include/tutorial_interfaces/srv
[20.270s] -- Up-to-date: /home/maroqi/Projects/ROS2Projects/ros2-tutorial/install/tutorial_interfaces/include/tutorial_interfaces/srv/detail
[20.272s] -- Up-to-date: /home/maroqi/Projects/ROS2Projects/ros2-tutorial/install/tutorial_interfaces/include/tutorial_interfaces/srv/detail/add_three_ints__type_support.h
[20.274s] -- Up-to-date: /home/maroqi/Projects/ROS2Projects/ros2-tutorial/install/tutorial_interfaces/include/tutorial_interfaces/srv/detail/add_three_ints__functions.c
[20.275s] -- Up-to-date: /home/maroqi/Projects/ROS2Projects/ros2-tutorial/install/tutorial_interfaces/include/tutorial_interfaces/srv/detail/add_three_ints__functions.h
[20.277s] -- Up-to-date: /home/maroqi/Projects/ROS2Projects/ros2-tutorial/install/tutorial_interfaces/include/tutorial_interfaces/srv/detail/add_three_ints__struct.h
[20.277s] -- Up-to-date: /home/maroqi/Projects/ROS2Projects/ros2-tutorial/install/tutorial_interfaces/include/tutorial_interfaces/srv/add_three_ints.h
[20.277s] -- Up-to-date: /home/maroqi/Projects/ROS2Projects/ros2-tutorial/install/tutorial_interfaces/include/tutorial_interfaces/msg
[20.277s] -- Up-to-date: /home/maroqi/Projects/ROS2Projects/ros2-tutorial/install/tutorial_interfaces/include/tutorial_interfaces/msg/rosidl_generator_c__visibility_control.h
[20.278s] -- Up-to-date: /home/maroqi/Projects/ROS2Projects/ros2-tutorial/install/tutorial_interfaces/include/tutorial_interfaces/msg/detail
[20.278s] -- Up-to-date: /home/maroqi/Projects/ROS2Projects/ros2-tutorial/install/tutorial_interfaces/include/tutorial_interfaces/msg/detail/num__functions.c
[20.278s] -- Up-to-date: /home/maroqi/Projects/ROS2Projects/ros2-tutorial/install/tutorial_interfaces/include/tutorial_interfaces/msg/detail/num__functions.h
[20.278s] -- Up-to-date: /home/maroqi/Projects/ROS2Projects/ros2-tutorial/install/tutorial_interfaces/include/tutorial_interfaces/msg/detail/num__struct.h
[20.278s] -- Up-to-date: /home/maroqi/Projects/ROS2Projects/ros2-tutorial/install/tutorial_interfaces/include/tutorial_interfaces/msg/detail/num__type_support.h
[20.279s] -- Up-to-date: /home/maroqi/Projects/ROS2Projects/ros2-tutorial/install/tutorial_interfaces/include/tutorial_interfaces/msg/num.h
[20.279s] -- Up-to-date: /home/maroqi/Projects/ROS2Projects/ros2-tutorial/install/tutorial_interfaces/share/tutorial_interfaces/environment/library_path.sh
[20.279s] -- Installing: /home/maroqi/Projects/ROS2Projects/ros2-tutorial/install/tutorial_interfaces/share/tutorial_interfaces/environment/library_path.dsv
[20.279s] -- Up-to-date: /home/maroqi/Projects/ROS2Projects/ros2-tutorial/install/tutorial_interfaces/lib/libtutorial_interfaces__rosidl_generator_c.so
[20.279s] -- Up-to-date: /home/maroqi/Projects/ROS2Projects/ros2-tutorial/install/tutorial_interfaces/include/tutorial_interfaces
[20.280s] -- Up-to-date: /home/maroqi/Projects/ROS2Projects/ros2-tutorial/install/tutorial_interfaces/include/tutorial_interfaces/srv
[20.280s] -- Up-to-date: /home/maroqi/Projects/ROS2Projects/ros2-tutorial/install/tutorial_interfaces/include/tutorial_interfaces/srv/detail
[20.280s] -- Up-to-date: /home/maroqi/Projects/ROS2Projects/ros2-tutorial/install/tutorial_interfaces/include/tutorial_interfaces/srv/detail/add_three_ints__rosidl_typesupport_fastrtps_c.h
[20.280s] -- Up-to-date: /home/maroqi/Projects/ROS2Projects/ros2-tutorial/install/tutorial_interfaces/include/tutorial_interfaces/msg
[20.280s] -- Up-to-date: /home/maroqi/Projects/ROS2Projects/ros2-tutorial/install/tutorial_interfaces/include/tutorial_interfaces/msg/detail
[20.291s] -- Up-to-date: /home/maroqi/Projects/ROS2Projects/ros2-tutorial/install/tutorial_interfaces/include/tutorial_interfaces/msg/detail/num__rosidl_typesupport_fastrtps_c.h
[20.291s] -- Up-to-date: /home/maroqi/Projects/ROS2Projects/ros2-tutorial/install/tutorial_interfaces/include/tutorial_interfaces/msg/rosidl_typesupport_fastrtps_c__visibility_control.h
[20.292s] -- Up-to-date: /home/maroqi/Projects/ROS2Projects/ros2-tutorial/install/tutorial_interfaces/lib/libtutorial_interfaces__rosidl_typesupport_fastrtps_c.so
[20.292s] -- Up-to-date: /home/maroqi/Projects/ROS2Projects/ros2-tutorial/install/tutorial_interfaces/include/tutorial_interfaces
[20.292s] -- Up-to-date: /home/maroqi/Projects/ROS2Projects/ros2-tutorial/install/tutorial_interfaces/include/tutorial_interfaces/srv
[20.292s] -- Up-to-date: /home/maroqi/Projects/ROS2Projects/ros2-tutorial/install/tutorial_interfaces/include/tutorial_interfaces/srv/detail
[20.293s] -- Up-to-date: /home/maroqi/Projects/ROS2Projects/ros2-tutorial/install/tutorial_interfaces/include/tutorial_interfaces/srv/detail/dds_fastrtps
[20.293s] -- Up-to-date: /home/maroqi/Projects/ROS2Projects/ros2-tutorial/install/tutorial_interfaces/include/tutorial_interfaces/srv/detail/add_three_ints__rosidl_typesupport_fastrtps_cpp.hpp
[20.298s] -- Up-to-date: /home/maroqi/Projects/ROS2Projects/ros2-tutorial/install/tutorial_interfaces/include/tutorial_interfaces/msg
[20.298s] -- Up-to-date: /home/maroqi/Projects/ROS2Projects/ros2-tutorial/install/tutorial_interfaces/include/tutorial_interfaces/msg/detail
[20.298s] -- Up-to-date: /home/maroqi/Projects/ROS2Projects/ros2-tutorial/install/tutorial_interfaces/include/tutorial_interfaces/msg/detail/num__rosidl_typesupport_fastrtps_cpp.hpp
[20.299s] -- Up-to-date: /home/maroqi/Projects/ROS2Projects/ros2-tutorial/install/tutorial_interfaces/include/tutorial_interfaces/msg/detail/dds_fastrtps
[20.299s] -- Up-to-date: /home/maroqi/Projects/ROS2Projects/ros2-tutorial/install/tutorial_interfaces/include/tutorial_interfaces/msg/rosidl_typesupport_fastrtps_cpp__visibility_control.h
[20.299s] -- Up-to-date: /home/maroqi/Projects/ROS2Projects/ros2-tutorial/install/tutorial_interfaces/lib/libtutorial_interfaces__rosidl_typesupport_fastrtps_cpp.so
[20.299s] -- Up-to-date: /home/maroqi/Projects/ROS2Projects/ros2-tutorial/install/tutorial_interfaces/include/tutorial_interfaces
[20.299s] -- Up-to-date: /home/maroqi/Projects/ROS2Projects/ros2-tutorial/install/tutorial_interfaces/include/tutorial_interfaces/srv
[20.299s] -- Up-to-date: /home/maroqi/Projects/ROS2Projects/ros2-tutorial/install/tutorial_interfaces/include/tutorial_interfaces/srv/detail
[20.300s] -- Up-to-date: /home/maroqi/Projects/ROS2Projects/ros2-tutorial/install/tutorial_interfaces/include/tutorial_interfaces/srv/detail/add_three_ints__rosidl_typesupport_introspection_c.h
[20.300s] -- Up-to-date: /home/maroqi/Projects/ROS2Projects/ros2-tutorial/install/tutorial_interfaces/include/tutorial_interfaces/srv/detail/add_three_ints__type_support.c
[20.300s] -- Up-to-date: /home/maroqi/Projects/ROS2Projects/ros2-tutorial/install/tutorial_interfaces/include/tutorial_interfaces/msg
[20.300s] -- Up-to-date: /home/maroqi/Projects/ROS2Projects/ros2-tutorial/install/tutorial_interfaces/include/tutorial_interfaces/msg/detail
[20.300s] -- Up-to-date: /home/maroqi/Projects/ROS2Projects/ros2-tutorial/install/tutorial_interfaces/include/tutorial_interfaces/msg/detail/num__type_support.c
[20.300s] -- Up-to-date: /home/maroqi/Projects/ROS2Projects/ros2-tutorial/install/tutorial_interfaces/include/tutorial_interfaces/msg/detail/num__rosidl_typesupport_introspection_c.h
[20.301s] -- Up-to-date: /home/maroqi/Projects/ROS2Projects/ros2-tutorial/install/tutorial_interfaces/include/tutorial_interfaces/msg/rosidl_typesupport_introspection_c__visibility_control.h
[20.301s] -- Up-to-date: /home/maroqi/Projects/ROS2Projects/ros2-tutorial/install/tutorial_interfaces/lib/libtutorial_interfaces__rosidl_typesupport_introspection_c.so
[20.305s] -- Up-to-date: /home/maroqi/Projects/ROS2Projects/ros2-tutorial/install/tutorial_interfaces/lib/libtutorial_interfaces__rosidl_typesupport_c.so
[20.305s] -- Up-to-date: /home/maroqi/Projects/ROS2Projects/ros2-tutorial/install/tutorial_interfaces/include/tutorial_interfaces
[20.306s] -- Up-to-date: /home/maroqi/Projects/ROS2Projects/ros2-tutorial/install/tutorial_interfaces/include/tutorial_interfaces/srv
[20.306s] -- Up-to-date: /home/maroqi/Projects/ROS2Projects/ros2-tutorial/install/tutorial_interfaces/include/tutorial_interfaces/srv/detail
[20.306s] -- Up-to-date: /home/maroqi/Projects/ROS2Projects/ros2-tutorial/install/tutorial_interfaces/include/tutorial_interfaces/srv/detail/add_three_ints__builder.hpp
[20.306s] -- Up-to-date: /home/maroqi/Projects/ROS2Projects/ros2-tutorial/install/tutorial_interfaces/include/tutorial_interfaces/srv/detail/add_three_ints__traits.hpp
[20.306s] -- Up-to-date: /home/maroqi/Projects/ROS2Projects/ros2-tutorial/install/tutorial_interfaces/include/tutorial_interfaces/srv/detail/add_three_ints__struct.hpp
[20.306s] -- Up-to-date: /home/maroqi/Projects/ROS2Projects/ros2-tutorial/install/tutorial_interfaces/include/tutorial_interfaces/srv/add_three_ints.hpp
[20.307s] -- Up-to-date: /home/maroqi/Projects/ROS2Projects/ros2-tutorial/install/tutorial_interfaces/include/tutorial_interfaces/msg
[20.307s] -- Up-to-date: /home/maroqi/Projects/ROS2Projects/ros2-tutorial/install/tutorial_interfaces/include/tutorial_interfaces/msg/detail
[20.307s] -- Up-to-date: /home/maroqi/Projects/ROS2Projects/ros2-tutorial/install/tutorial_interfaces/include/tutorial_interfaces/msg/detail/num__builder.hpp
[20.307s] -- Up-to-date: /home/maroqi/Projects/ROS2Projects/ros2-tutorial/install/tutorial_interfaces/include/tutorial_interfaces/msg/detail/num__struct.hpp
[20.307s] -- Up-to-date: /home/maroqi/Projects/ROS2Projects/ros2-tutorial/install/tutorial_interfaces/include/tutorial_interfaces/msg/detail/num__traits.hpp
[20.307s] -- Up-to-date: /home/maroqi/Projects/ROS2Projects/ros2-tutorial/install/tutorial_interfaces/include/tutorial_interfaces/msg/num.hpp
[20.308s] -- Up-to-date: /home/maroqi/Projects/ROS2Projects/ros2-tutorial/install/tutorial_interfaces/include/tutorial_interfaces
[20.308s] -- Up-to-date: /home/maroqi/Projects/ROS2Projects/ros2-tutorial/install/tutorial_interfaces/include/tutorial_interfaces/srv
[20.308s] -- Up-to-date: /home/maroqi/Projects/ROS2Projects/ros2-tutorial/install/tutorial_interfaces/include/tutorial_interfaces/srv/detail
[20.308s] -- Up-to-date: /home/maroqi/Projects/ROS2Projects/ros2-tutorial/install/tutorial_interfaces/include/tutorial_interfaces/srv/detail/add_three_ints__rosidl_typesupport_introspection_cpp.hpp
[20.308s] -- Up-to-date: /home/maroqi/Projects/ROS2Projects/ros2-tutorial/install/tutorial_interfaces/include/tutorial_interfaces/srv/detail/add_three_ints__type_support.cpp
[20.308s] -- Up-to-date: /home/maroqi/Projects/ROS2Projects/ros2-tutorial/install/tutorial_interfaces/include/tutorial_interfaces/msg
[20.315s] -- Up-to-date: /home/maroqi/Projects/ROS2Projects/ros2-tutorial/install/tutorial_interfaces/include/tutorial_interfaces/msg/detail
[20.315s] -- Up-to-date: /home/maroqi/Projects/ROS2Projects/ros2-tutorial/install/tutorial_interfaces/include/tutorial_interfaces/msg/detail/num__rosidl_typesupport_introspection_cpp.hpp
[20.315s] -- Up-to-date: /home/maroqi/Projects/ROS2Projects/ros2-tutorial/install/tutorial_interfaces/include/tutorial_interfaces/msg/detail/num__type_support.cpp
[20.316s] -- Up-to-date: /home/maroqi/Projects/ROS2Projects/ros2-tutorial/install/tutorial_interfaces/lib/libtutorial_interfaces__rosidl_typesupport_introspection_cpp.so
[20.316s] -- Up-to-date: /home/maroqi/Projects/ROS2Projects/ros2-tutorial/install/tutorial_interfaces/lib/libtutorial_interfaces__rosidl_typesupport_cpp.so
[20.316s] -- Up-to-date: /home/maroqi/Projects/ROS2Projects/ros2-tutorial/install/tutorial_interfaces/share/tutorial_interfaces/environment/pythonpath.sh
[20.316s] -- Installing: /home/maroqi/Projects/ROS2Projects/ros2-tutorial/install/tutorial_interfaces/share/tutorial_interfaces/environment/pythonpath.dsv
[20.316s] -- Installing: /home/maroqi/Projects/ROS2Projects/ros2-tutorial/install/tutorial_interfaces/lib/python3.8/site-packages/tutorial_interfaces/__init__.py
[20.401s] Compiling '/home/maroqi/Projects/ROS2Projects/ros2-tutorial/install/tutorial_interfaces/lib/python3.8/site-packages/tutorial_interfaces/__init__.py'...
[20.415s] -- Up-to-date: /home/maroqi/Projects/ROS2Projects/ros2-tutorial/install/tutorial_interfaces/lib/python3.8/site-packages/tutorial_interfaces/msg
[20.415s] -- Up-to-date: /home/maroqi/Projects/ROS2Projects/ros2-tutorial/install/tutorial_interfaces/lib/python3.8/site-packages/tutorial_interfaces/msg/_num_s.c
[20.416s] -- Up-to-date: /home/maroqi/Projects/ROS2Projects/ros2-tutorial/install/tutorial_interfaces/lib/python3.8/site-packages/tutorial_interfaces/msg/__init__.py
[20.416s] -- Up-to-date: /home/maroqi/Projects/ROS2Projects/ros2-tutorial/install/tutorial_interfaces/lib/python3.8/site-packages/tutorial_interfaces/msg/_num.py
[20.416s] -- Up-to-date: /home/maroqi/Projects/ROS2Projects/ros2-tutorial/install/tutorial_interfaces/lib/python3.8/site-packages/tutorial_interfaces/srv
[20.416s] -- Up-to-date: /home/maroqi/Projects/ROS2Projects/ros2-tutorial/install/tutorial_interfaces/lib/python3.8/site-packages/tutorial_interfaces/srv/_add_three_ints.py
[20.416s] -- Up-to-date: /home/maroqi/Projects/ROS2Projects/ros2-tutorial/install/tutorial_interfaces/lib/python3.8/site-packages/tutorial_interfaces/srv/_add_three_ints_s.c
[20.417s] -- Up-to-date: /home/maroqi/Projects/ROS2Projects/ros2-tutorial/install/tutorial_interfaces/lib/python3.8/site-packages/tutorial_interfaces/srv/__init__.py
[20.417s] -- Up-to-date: /home/maroqi/Projects/ROS2Projects/ros2-tutorial/install/tutorial_interfaces/lib/python3.8/site-packages/tutorial_interfaces/tutorial_interfaces_s__rosidl_typesupport_fastrtps_c.cpython-38-x86_64-linux-gnu.so
[20.417s] -- Up-to-date: /home/maroqi/Projects/ROS2Projects/ros2-tutorial/install/tutorial_interfaces/lib/python3.8/site-packages/tutorial_interfaces/tutorial_interfaces_s__rosidl_typesupport_introspection_c.cpython-38-x86_64-linux-gnu.so
[20.422s] -- Up-to-date: /home/maroqi/Projects/ROS2Projects/ros2-tutorial/install/tutorial_interfaces/lib/python3.8/site-packages/tutorial_interfaces/tutorial_interfaces_s__rosidl_typesupport_c.cpython-38-x86_64-linux-gnu.so
[20.422s] -- Up-to-date: /home/maroqi/Projects/ROS2Projects/ros2-tutorial/install/tutorial_interfaces/lib/libtutorial_interfaces__python.so
[20.423s] -- Up-to-date: /home/maroqi/Projects/ROS2Projects/ros2-tutorial/install/tutorial_interfaces/share/tutorial_interfaces/msg/Num.idl
[20.423s] -- Up-to-date: /home/maroqi/Projects/ROS2Projects/ros2-tutorial/install/tutorial_interfaces/share/tutorial_interfaces/srv/AddThreeInts.idl
[20.423s] -- Up-to-date: /home/maroqi/Projects/ROS2Projects/ros2-tutorial/install/tutorial_interfaces/share/tutorial_interfaces/msg/Num.msg
[20.423s] -- Up-to-date: /home/maroqi/Projects/ROS2Projects/ros2-tutorial/install/tutorial_interfaces/share/tutorial_interfaces/srv/AddThreeInts.srv
[20.423s] -- Up-to-date: /home/maroqi/Projects/ROS2Projects/ros2-tutorial/install/tutorial_interfaces/share/tutorial_interfaces/srv/AddThreeInts_Request.msg
[20.424s] -- Up-to-date: /home/maroqi/Projects/ROS2Projects/ros2-tutorial/install/tutorial_interfaces/share/tutorial_interfaces/srv/AddThreeInts_Response.msg
[20.424s] -- Installing: /home/maroqi/Projects/ROS2Projects/ros2-tutorial/install/tutorial_interfaces/lib/tutorial_interfaces/talker
[20.424s] -- Set runtime path of "/home/maroqi/Projects/ROS2Projects/ros2-tutorial/install/tutorial_interfaces/lib/tutorial_interfaces/talker" to ""
[20.424s] -- Installing: /home/maroqi/Projects/ROS2Projects/ros2-tutorial/install/tutorial_interfaces/lib/tutorial_interfaces/listener
[20.427s] -- Set runtime path of "/home/maroqi/Projects/ROS2Projects/ros2-tutorial/install/tutorial_interfaces/lib/tutorial_interfaces/listener" to ""
[20.428s] -- Up-to-date: /home/maroqi/Projects/ROS2Projects/ros2-tutorial/install/tutorial_interfaces/share/ament_index/resource_index/package_run_dependencies/tutorial_interfaces
[20.429s] -- Installing: /home/maroqi/Projects/ROS2Projects/ros2-tutorial/install/tutorial_interfaces/share/ament_index/resource_index/parent_prefix_path/tutorial_interfaces
[20.431s] -- Up-to-date: /home/maroqi/Projects/ROS2Projects/ros2-tutorial/install/tutorial_interfaces/share/tutorial_interfaces/environment/ament_prefix_path.sh
[20.431s] -- Installing: /home/maroqi/Projects/ROS2Projects/ros2-tutorial/install/tutorial_interfaces/share/tutorial_interfaces/environment/ament_prefix_path.dsv
[20.432s] -- Up-to-date: /home/maroqi/Projects/ROS2Projects/ros2-tutorial/install/tutorial_interfaces/share/tutorial_interfaces/environment/path.sh
[20.432s] -- Installing: /home/maroqi/Projects/ROS2Projects/ros2-tutorial/install/tutorial_interfaces/share/tutorial_interfaces/environment/path.dsv
[20.432s] -- Up-to-date: /home/maroqi/Projects/ROS2Projects/ros2-tutorial/install/tutorial_interfaces/share/tutorial_interfaces/local_setup.bash
[20.433s] -- Up-to-date: /home/maroqi/Projects/ROS2Projects/ros2-tutorial/install/tutorial_interfaces/share/tutorial_interfaces/local_setup.sh
[20.433s] -- Up-to-date: /home/maroqi/Projects/ROS2Projects/ros2-tutorial/install/tutorial_interfaces/share/tutorial_interfaces/local_setup.zsh
[20.435s] -- Installing: /home/maroqi/Projects/ROS2Projects/ros2-tutorial/install/tutorial_interfaces/share/tutorial_interfaces/local_setup.dsv
[20.436s] -- Installing: /home/maroqi/Projects/ROS2Projects/ros2-tutorial/install/tutorial_interfaces/share/tutorial_interfaces/package.dsv
[20.436s] -- Up-to-date: /home/maroqi/Projects/ROS2Projects/ros2-tutorial/install/tutorial_interfaces/share/ament_index/resource_index/packages/tutorial_interfaces
[20.436s] -- Up-to-date: /home/maroqi/Projects/ROS2Projects/ros2-tutorial/install/tutorial_interfaces/share/tutorial_interfaces/cmake/tutorial_interfaces__rosidl_generator_cExport.cmake
[20.453s] -- Installing: /home/maroqi/Projects/ROS2Projects/ros2-tutorial/install/tutorial_interfaces/share/tutorial_interfaces/cmake/tutorial_interfaces__rosidl_generator_cExport-noconfig.cmake
[20.453s] -- Up-to-date: /home/maroqi/Projects/ROS2Projects/ros2-tutorial/install/tutorial_interfaces/share/tutorial_interfaces/cmake/tutorial_interfaces__rosidl_typesupport_introspection_cExport.cmake
[20.453s] -- Installing: /home/maroqi/Projects/ROS2Projects/ros2-tutorial/install/tutorial_interfaces/share/tutorial_interfaces/cmake/tutorial_interfaces__rosidl_typesupport_introspection_cExport-noconfig.cmake
[20.454s] -- Up-to-date: /home/maroqi/Projects/ROS2Projects/ros2-tutorial/install/tutorial_interfaces/share/tutorial_interfaces/cmake/tutorial_interfaces__rosidl_typesupport_cExport.cmake
[20.454s] -- Installing: /home/maroqi/Projects/ROS2Projects/ros2-tutorial/install/tutorial_interfaces/share/tutorial_interfaces/cmake/tutorial_interfaces__rosidl_typesupport_cExport-noconfig.cmake
[20.454s] -- Up-to-date: /home/maroqi/Projects/ROS2Projects/ros2-tutorial/install/tutorial_interfaces/share/tutorial_interfaces/cmake/tutorial_interfaces__rosidl_generator_cppExport.cmake
[20.454s] -- Up-to-date: /home/maroqi/Projects/ROS2Projects/ros2-tutorial/install/tutorial_interfaces/share/tutorial_interfaces/cmake/tutorial_interfaces__rosidl_typesupport_introspection_cppExport.cmake
[20.454s] -- Installing: /home/maroqi/Projects/ROS2Projects/ros2-tutorial/install/tutorial_interfaces/share/tutorial_interfaces/cmake/tutorial_interfaces__rosidl_typesupport_introspection_cppExport-noconfig.cmake
[20.454s] -- Up-to-date: /home/maroqi/Projects/ROS2Projects/ros2-tutorial/install/tutorial_interfaces/share/tutorial_interfaces/cmake/tutorial_interfaces__rosidl_typesupport_cppExport.cmake
[20.455s] -- Installing: /home/maroqi/Projects/ROS2Projects/ros2-tutorial/install/tutorial_interfaces/share/tutorial_interfaces/cmake/tutorial_interfaces__rosidl_typesupport_cppExport-noconfig.cmake
[20.455s] -- Up-to-date: /home/maroqi/Projects/ROS2Projects/ros2-tutorial/install/tutorial_interfaces/share/tutorial_interfaces/cmake/rosidl_cmake-extras.cmake
[20.455s] -- Up-to-date: /home/maroqi/Projects/ROS2Projects/ros2-tutorial/install/tutorial_interfaces/share/tutorial_interfaces/cmake/ament_cmake_export_dependencies-extras.cmake
[20.455s] -- Up-to-date: /home/maroqi/Projects/ROS2Projects/ros2-tutorial/install/tutorial_interfaces/share/tutorial_interfaces/cmake/ament_cmake_export_libraries-extras.cmake
[20.455s] -- Up-to-date: /home/maroqi/Projects/ROS2Projects/ros2-tutorial/install/tutorial_interfaces/share/tutorial_interfaces/cmake/ament_cmake_export_targets-extras.cmake
[20.455s] -- Up-to-date: /home/maroqi/Projects/ROS2Projects/ros2-tutorial/install/tutorial_interfaces/share/tutorial_interfaces/cmake/ament_cmake_export_include_directories-extras.cmake
[20.456s] -- Up-to-date: /home/maroqi/Projects/ROS2Projects/ros2-tutorial/install/tutorial_interfaces/share/tutorial_interfaces/cmake/rosidl_cmake_export_typesupport_libraries-extras.cmake
[20.456s] -- Up-to-date: /home/maroqi/Projects/ROS2Projects/ros2-tutorial/install/tutorial_interfaces/share/tutorial_interfaces/cmake/rosidl_cmake_export_typesupport_targets-extras.cmake
[20.456s] -- Up-to-date: /home/maroqi/Projects/ROS2Projects/ros2-tutorial/install/tutorial_interfaces/share/tutorial_interfaces/cmake/tutorial_interfacesConfig.cmake
[20.456s] -- Up-to-date: /home/maroqi/Projects/ROS2Projects/ros2-tutorial/install/tutorial_interfaces/share/tutorial_interfaces/cmake/tutorial_interfacesConfig-version.cmake
[20.456s] -- Installing: /home/maroqi/Projects/ROS2Projects/ros2-tutorial/install/tutorial_interfaces/share/tutorial_interfaces/package.xml
[20.457s] Invoked command in '/home/maroqi/Projects/ROS2Projects/ros2-tutorial/build/tutorial_interfaces' returned '0': CMAKE_PREFIX_PATH=${CMAKE_PREFIX_PATH}:/opt/ros/foxy /usr/bin/cmake --install /home/maroqi/Projects/ROS2Projects/ros2-tutorial/build/tutorial_interfaces
