[0.167s] Invoking command in '/home/maroqi/Projects/ROS2Projects/ros2-tutorial/build/turtlesim': CMAKE_PREFIX_PATH=/opt/ros/foxy /usr/bin/cmake --build /home/maroqi/Projects/ROS2Projects/ros2-tutorial/build/turtlesim -- -j2 -l2
[3.296s] [  1%] Built target turtlesim__cpp
[3.551s] [ 11%] Built target turtlesim__rosidl_generator_c
[3.657s] [ 21%] Built target turtlesim__rosidl_typesupport_cpp
[4.264s] [ 31%] Built target turtlesim__rosidl_typesupport_introspection_cpp
[4.284s] [ 41%] Built target turtlesim__rosidl_typesupport_fastrtps_cpp
[4.461s] [ 51%] Built target turtlesim__rosidl_typesupport_c
[4.464s] [ 61%] Built target turtlesim__rosidl_typesupport_introspection_c
[4.977s] [ 71%] Built target turtlesim__rosidl_typesupport_fastrtps_c
[5.172s] [ 71%] Built target turtlesim
[6.213s] [ 75%] Built target mimic
[6.213s] [ 75%] Built target draw_square
[6.460s] [ 77%] Built target turtle_teleop_key
[6.473s] [ 78%] Built target turtlesim__py
[6.854s] [ 84%] Built target turtlesim_node
[6.877s] [ 93%] Built target turtlesim__python
[7.006s] [ 95%] Built target turtlesim__rosidl_typesupport_introspection_c__pyext
[7.044s] [ 97%] Built target turtlesim__rosidl_typesupport_fastrtps_c__pyext
[7.167s] [100%] Built target turtlesim__rosidl_typesupport_c__pyext
[7.185s] Invoked command in '/home/maroqi/Projects/ROS2Projects/ros2-tutorial/build/turtlesim' returned '0': CMAKE_PREFIX_PATH=/opt/ros/foxy /usr/bin/cmake --build /home/maroqi/Projects/ROS2Projects/ros2-tutorial/build/turtlesim -- -j2 -l2
[7.613s] Invoking command in '/home/maroqi/Projects/ROS2Projects/ros2-tutorial/build/turtlesim': CMAKE_PREFIX_PATH=/opt/ros/foxy /usr/bin/cmake --install /home/maroqi/Projects/ROS2Projects/ros2-tutorial/build/turtlesim
[7.676s] -- Install configuration: ""
[7.857s] -- Up-to-date: /home/maroqi/Projects/ROS2Projects/ros2-tutorial/install/turtlesim/share/ament_index/resource_index/rosidl_interfaces/turtlesim
[7.858s] -- Up-to-date: /home/maroqi/Projects/ROS2Projects/ros2-tutorial/install/turtlesim/include/turtlesim
[7.886s] -- Up-to-date: /home/maroqi/Projects/ROS2Projects/ros2-tutorial/install/turtlesim/include/turtlesim/action
[7.887s] -- Up-to-date: /home/maroqi/Projects/ROS2Projects/ros2-tutorial/install/turtlesim/include/turtlesim/action/detail
[7.887s] -- Up-to-date: /home/maroqi/Projects/ROS2Projects/ros2-tutorial/install/turtlesim/include/turtlesim/action/detail/rotate_absolute__functions.c
[7.888s] -- Up-to-date: /home/maroqi/Projects/ROS2Projects/ros2-tutorial/install/turtlesim/include/turtlesim/action/detail/rotate_absolute__functions.h
[7.888s] -- Up-to-date: /home/maroqi/Projects/ROS2Projects/ros2-tutorial/install/turtlesim/include/turtlesim/action/detail/rotate_absolute__type_support.h
[7.888s] -- Up-to-date: /home/maroqi/Projects/ROS2Projects/ros2-tutorial/install/turtlesim/include/turtlesim/action/detail/rotate_absolute__struct.h
[7.888s] -- Up-to-date: /home/maroqi/Projects/ROS2Projects/ros2-tutorial/install/turtlesim/include/turtlesim/action/rotate_absolute.h
[7.889s] -- Up-to-date: /home/maroqi/Projects/ROS2Projects/ros2-tutorial/install/turtlesim/include/turtlesim/srv
[7.889s] -- Up-to-date: /home/maroqi/Projects/ROS2Projects/ros2-tutorial/install/turtlesim/include/turtlesim/srv/detail
[7.920s] -- Up-to-date: /home/maroqi/Projects/ROS2Projects/ros2-tutorial/install/turtlesim/include/turtlesim/srv/detail/spawn__functions.h
[7.922s] -- Up-to-date: /home/maroqi/Projects/ROS2Projects/ros2-tutorial/install/turtlesim/include/turtlesim/srv/detail/spawn__type_support.h
[7.923s] -- Up-to-date: /home/maroqi/Projects/ROS2Projects/ros2-tutorial/install/turtlesim/include/turtlesim/srv/detail/teleport_absolute__functions.c
[7.923s] -- Up-to-date: /home/maroqi/Projects/ROS2Projects/ros2-tutorial/install/turtlesim/include/turtlesim/srv/detail/spawn__functions.c
[7.923s] -- Up-to-date: /home/maroqi/Projects/ROS2Projects/ros2-tutorial/install/turtlesim/include/turtlesim/srv/detail/kill__functions.c
[7.924s] -- Up-to-date: /home/maroqi/Projects/ROS2Projects/ros2-tutorial/install/turtlesim/include/turtlesim/srv/detail/set_pen__type_support.h
[7.924s] -- Up-to-date: /home/maroqi/Projects/ROS2Projects/ros2-tutorial/install/turtlesim/include/turtlesim/srv/detail/spawn__struct.h
[7.924s] -- Up-to-date: /home/maroqi/Projects/ROS2Projects/ros2-tutorial/install/turtlesim/include/turtlesim/srv/detail/teleport_absolute__struct.h
[7.924s] -- Up-to-date: /home/maroqi/Projects/ROS2Projects/ros2-tutorial/install/turtlesim/include/turtlesim/srv/detail/teleport_absolute__functions.h
[7.925s] -- Up-to-date: /home/maroqi/Projects/ROS2Projects/ros2-tutorial/install/turtlesim/include/turtlesim/srv/detail/teleport_absolute__type_support.h
[7.926s] -- Up-to-date: /home/maroqi/Projects/ROS2Projects/ros2-tutorial/install/turtlesim/include/turtlesim/srv/detail/teleport_relative__functions.h
[7.926s] -- Up-to-date: /home/maroqi/Projects/ROS2Projects/ros2-tutorial/install/turtlesim/include/turtlesim/srv/detail/set_pen__functions.h
[7.926s] -- Up-to-date: /home/maroqi/Projects/ROS2Projects/ros2-tutorial/install/turtlesim/include/turtlesim/srv/detail/teleport_relative__struct.h
[7.926s] -- Up-to-date: /home/maroqi/Projects/ROS2Projects/ros2-tutorial/install/turtlesim/include/turtlesim/srv/detail/kill__type_support.h
[7.927s] -- Up-to-date: /home/maroqi/Projects/ROS2Projects/ros2-tutorial/install/turtlesim/include/turtlesim/srv/detail/set_pen__functions.c
[7.927s] -- Up-to-date: /home/maroqi/Projects/ROS2Projects/ros2-tutorial/install/turtlesim/include/turtlesim/srv/detail/set_pen__struct.h
[7.927s] -- Up-to-date: /home/maroqi/Projects/ROS2Projects/ros2-tutorial/install/turtlesim/include/turtlesim/srv/detail/teleport_relative__functions.c
[7.928s] -- Up-to-date: /home/maroqi/Projects/ROS2Projects/ros2-tutorial/install/turtlesim/include/turtlesim/srv/detail/teleport_relative__type_support.h
[7.928s] -- Up-to-date: /home/maroqi/Projects/ROS2Projects/ros2-tutorial/install/turtlesim/include/turtlesim/srv/detail/kill__struct.h
[7.928s] -- Up-to-date: /home/maroqi/Projects/ROS2Projects/ros2-tutorial/install/turtlesim/include/turtlesim/srv/detail/kill__functions.h
[7.928s] -- Up-to-date: /home/maroqi/Projects/ROS2Projects/ros2-tutorial/install/turtlesim/include/turtlesim/srv/teleport_relative.h
[7.929s] -- Up-to-date: /home/maroqi/Projects/ROS2Projects/ros2-tutorial/install/turtlesim/include/turtlesim/srv/spawn.h
[7.929s] -- Up-to-date: /home/maroqi/Projects/ROS2Projects/ros2-tutorial/install/turtlesim/include/turtlesim/srv/teleport_absolute.h
[7.929s] -- Up-to-date: /home/maroqi/Projects/ROS2Projects/ros2-tutorial/install/turtlesim/include/turtlesim/srv/set_pen.h
[7.929s] -- Up-to-date: /home/maroqi/Projects/ROS2Projects/ros2-tutorial/install/turtlesim/include/turtlesim/srv/kill.h
[7.929s] -- Up-to-date: /home/maroqi/Projects/ROS2Projects/ros2-tutorial/install/turtlesim/include/turtlesim/msg
[7.929s] -- Up-to-date: /home/maroqi/Projects/ROS2Projects/ros2-tutorial/install/turtlesim/include/turtlesim/msg/rosidl_generator_c__visibility_control.h
[7.930s] -- Up-to-date: /home/maroqi/Projects/ROS2Projects/ros2-tutorial/install/turtlesim/include/turtlesim/msg/detail
[7.930s] -- Up-to-date: /home/maroqi/Projects/ROS2Projects/ros2-tutorial/install/turtlesim/include/turtlesim/msg/detail/color__functions.c
[7.930s] -- Up-to-date: /home/maroqi/Projects/ROS2Projects/ros2-tutorial/install/turtlesim/include/turtlesim/msg/detail/pose__struct.h
[7.930s] -- Up-to-date: /home/maroqi/Projects/ROS2Projects/ros2-tutorial/install/turtlesim/include/turtlesim/msg/detail/color__functions.h
[7.930s] -- Up-to-date: /home/maroqi/Projects/ROS2Projects/ros2-tutorial/install/turtlesim/include/turtlesim/msg/detail/pose__functions.c
[7.930s] -- Up-to-date: /home/maroqi/Projects/ROS2Projects/ros2-tutorial/install/turtlesim/include/turtlesim/msg/detail/pose__functions.h
[7.930s] -- Up-to-date: /home/maroqi/Projects/ROS2Projects/ros2-tutorial/install/turtlesim/include/turtlesim/msg/detail/pose__type_support.h
[7.930s] -- Up-to-date: /home/maroqi/Projects/ROS2Projects/ros2-tutorial/install/turtlesim/include/turtlesim/msg/detail/color__type_support.h
[7.930s] -- Up-to-date: /home/maroqi/Projects/ROS2Projects/ros2-tutorial/install/turtlesim/include/turtlesim/msg/detail/color__struct.h
[7.930s] -- Up-to-date: /home/maroqi/Projects/ROS2Projects/ros2-tutorial/install/turtlesim/include/turtlesim/msg/pose.h
[7.931s] -- Up-to-date: /home/maroqi/Projects/ROS2Projects/ros2-tutorial/install/turtlesim/include/turtlesim/msg/color.h
[7.954s] -- Up-to-date: /home/maroqi/Projects/ROS2Projects/ros2-tutorial/install/turtlesim/share/turtlesim/environment/library_path.sh
[7.954s] -- Up-to-date: /home/maroqi/Projects/ROS2Projects/ros2-tutorial/install/turtlesim/share/turtlesim/environment/library_path.dsv
[8.059s] -- Up-to-date: /home/maroqi/Projects/ROS2Projects/ros2-tutorial/install/turtlesim/lib/libturtlesim__rosidl_generator_c.so
[8.059s] -- Up-to-date: /home/maroqi/Projects/ROS2Projects/ros2-tutorial/install/turtlesim/include/turtlesim
[8.059s] -- Up-to-date: /home/maroqi/Projects/ROS2Projects/ros2-tutorial/install/turtlesim/include/turtlesim/action
[8.060s] -- Up-to-date: /home/maroqi/Projects/ROS2Projects/ros2-tutorial/install/turtlesim/include/turtlesim/action/detail
[8.060s] -- Up-to-date: /home/maroqi/Projects/ROS2Projects/ros2-tutorial/install/turtlesim/include/turtlesim/action/detail/rotate_absolute__rosidl_typesupport_fastrtps_c.h
[8.060s] -- Up-to-date: /home/maroqi/Projects/ROS2Projects/ros2-tutorial/install/turtlesim/include/turtlesim/srv
[8.060s] -- Up-to-date: /home/maroqi/Projects/ROS2Projects/ros2-tutorial/install/turtlesim/include/turtlesim/srv/detail
[8.061s] -- Up-to-date: /home/maroqi/Projects/ROS2Projects/ros2-tutorial/install/turtlesim/include/turtlesim/srv/detail/set_pen__rosidl_typesupport_fastrtps_c.h
[8.062s] -- Up-to-date: /home/maroqi/Projects/ROS2Projects/ros2-tutorial/install/turtlesim/include/turtlesim/srv/detail/teleport_relative__rosidl_typesupport_fastrtps_c.h
[8.062s] -- Up-to-date: /home/maroqi/Projects/ROS2Projects/ros2-tutorial/install/turtlesim/include/turtlesim/srv/detail/teleport_absolute__rosidl_typesupport_fastrtps_c.h
[8.062s] -- Up-to-date: /home/maroqi/Projects/ROS2Projects/ros2-tutorial/install/turtlesim/include/turtlesim/srv/detail/kill__rosidl_typesupport_fastrtps_c.h
[8.063s] -- Up-to-date: /home/maroqi/Projects/ROS2Projects/ros2-tutorial/install/turtlesim/include/turtlesim/srv/detail/spawn__rosidl_typesupport_fastrtps_c.h
[8.063s] -- Up-to-date: /home/maroqi/Projects/ROS2Projects/ros2-tutorial/install/turtlesim/include/turtlesim/msg
[8.063s] -- Up-to-date: /home/maroqi/Projects/ROS2Projects/ros2-tutorial/install/turtlesim/include/turtlesim/msg/detail
[8.063s] -- Up-to-date: /home/maroqi/Projects/ROS2Projects/ros2-tutorial/install/turtlesim/include/turtlesim/msg/detail/pose__rosidl_typesupport_fastrtps_c.h
[8.063s] -- Up-to-date: /home/maroqi/Projects/ROS2Projects/ros2-tutorial/install/turtlesim/include/turtlesim/msg/detail/color__rosidl_typesupport_fastrtps_c.h
[8.063s] -- Up-to-date: /home/maroqi/Projects/ROS2Projects/ros2-tutorial/install/turtlesim/include/turtlesim/msg/rosidl_typesupport_fastrtps_c__visibility_control.h
[8.137s] -- Up-to-date: /home/maroqi/Projects/ROS2Projects/ros2-tutorial/install/turtlesim/lib/libturtlesim__rosidl_typesupport_fastrtps_c.so
[8.138s] -- Up-to-date: /home/maroqi/Projects/ROS2Projects/ros2-tutorial/install/turtlesim/include/turtlesim
[8.140s] -- Up-to-date: /home/maroqi/Projects/ROS2Projects/ros2-tutorial/install/turtlesim/include/turtlesim/action
[8.141s] -- Up-to-date: /home/maroqi/Projects/ROS2Projects/ros2-tutorial/install/turtlesim/include/turtlesim/action/detail
[8.141s] -- Up-to-date: /home/maroqi/Projects/ROS2Projects/ros2-tutorial/install/turtlesim/include/turtlesim/action/detail/dds_fastrtps
[8.142s] -- Up-to-date: /home/maroqi/Projects/ROS2Projects/ros2-tutorial/install/turtlesim/include/turtlesim/action/detail/rotate_absolute__rosidl_typesupport_fastrtps_cpp.hpp
[8.142s] -- Up-to-date: /home/maroqi/Projects/ROS2Projects/ros2-tutorial/install/turtlesim/include/turtlesim/srv
[8.142s] -- Up-to-date: /home/maroqi/Projects/ROS2Projects/ros2-tutorial/install/turtlesim/include/turtlesim/srv/detail
[8.143s] -- Up-to-date: /home/maroqi/Projects/ROS2Projects/ros2-tutorial/install/turtlesim/include/turtlesim/srv/detail/dds_fastrtps
[8.143s] -- Up-to-date: /home/maroqi/Projects/ROS2Projects/ros2-tutorial/install/turtlesim/include/turtlesim/srv/detail/set_pen__rosidl_typesupport_fastrtps_cpp.hpp
[8.143s] -- Up-to-date: /home/maroqi/Projects/ROS2Projects/ros2-tutorial/install/turtlesim/include/turtlesim/srv/detail/spawn__rosidl_typesupport_fastrtps_cpp.hpp
[8.143s] -- Up-to-date: /home/maroqi/Projects/ROS2Projects/ros2-tutorial/install/turtlesim/include/turtlesim/srv/detail/teleport_relative__rosidl_typesupport_fastrtps_cpp.hpp
[8.143s] -- Up-to-date: /home/maroqi/Projects/ROS2Projects/ros2-tutorial/install/turtlesim/include/turtlesim/srv/detail/teleport_absolute__rosidl_typesupport_fastrtps_cpp.hpp
[8.144s] -- Up-to-date: /home/maroqi/Projects/ROS2Projects/ros2-tutorial/install/turtlesim/include/turtlesim/srv/detail/kill__rosidl_typesupport_fastrtps_cpp.hpp
[8.144s] -- Up-to-date: /home/maroqi/Projects/ROS2Projects/ros2-tutorial/install/turtlesim/include/turtlesim/msg
[8.144s] -- Up-to-date: /home/maroqi/Projects/ROS2Projects/ros2-tutorial/install/turtlesim/include/turtlesim/msg/detail
[8.144s] -- Up-to-date: /home/maroqi/Projects/ROS2Projects/ros2-tutorial/install/turtlesim/include/turtlesim/msg/detail/dds_fastrtps
[8.144s] -- Up-to-date: /home/maroqi/Projects/ROS2Projects/ros2-tutorial/install/turtlesim/include/turtlesim/msg/detail/pose__rosidl_typesupport_fastrtps_cpp.hpp
[8.144s] -- Up-to-date: /home/maroqi/Projects/ROS2Projects/ros2-tutorial/install/turtlesim/include/turtlesim/msg/detail/color__rosidl_typesupport_fastrtps_cpp.hpp
[8.144s] -- Up-to-date: /home/maroqi/Projects/ROS2Projects/ros2-tutorial/install/turtlesim/include/turtlesim/msg/rosidl_typesupport_fastrtps_cpp__visibility_control.h
[8.238s] -- Up-to-date: /home/maroqi/Projects/ROS2Projects/ros2-tutorial/install/turtlesim/lib/libturtlesim__rosidl_typesupport_fastrtps_cpp.so
[8.238s] -- Up-to-date: /home/maroqi/Projects/ROS2Projects/ros2-tutorial/install/turtlesim/include/turtlesim
[8.238s] -- Up-to-date: /home/maroqi/Projects/ROS2Projects/ros2-tutorial/install/turtlesim/include/turtlesim/action
[8.239s] -- Up-to-date: /home/maroqi/Projects/ROS2Projects/ros2-tutorial/install/turtlesim/include/turtlesim/action/detail
[8.239s] -- Up-to-date: /home/maroqi/Projects/ROS2Projects/ros2-tutorial/install/turtlesim/include/turtlesim/action/detail/rotate_absolute__type_support.c
[8.240s] -- Up-to-date: /home/maroqi/Projects/ROS2Projects/ros2-tutorial/install/turtlesim/include/turtlesim/action/detail/rotate_absolute__rosidl_typesupport_introspection_c.h
[8.240s] -- Up-to-date: /home/maroqi/Projects/ROS2Projects/ros2-tutorial/install/turtlesim/include/turtlesim/srv
[8.240s] -- Up-to-date: /home/maroqi/Projects/ROS2Projects/ros2-tutorial/install/turtlesim/include/turtlesim/srv/detail
[8.241s] -- Up-to-date: /home/maroqi/Projects/ROS2Projects/ros2-tutorial/install/turtlesim/include/turtlesim/srv/detail/spawn__rosidl_typesupport_introspection_c.h
[8.242s] -- Up-to-date: /home/maroqi/Projects/ROS2Projects/ros2-tutorial/install/turtlesim/include/turtlesim/srv/detail/spawn__type_support.c
[8.242s] -- Up-to-date: /home/maroqi/Projects/ROS2Projects/ros2-tutorial/install/turtlesim/include/turtlesim/srv/detail/teleport_relative__type_support.c
[8.242s] -- Up-to-date: /home/maroqi/Projects/ROS2Projects/ros2-tutorial/install/turtlesim/include/turtlesim/srv/detail/set_pen__type_support.c
[8.243s] -- Up-to-date: /home/maroqi/Projects/ROS2Projects/ros2-tutorial/install/turtlesim/include/turtlesim/srv/detail/set_pen__rosidl_typesupport_introspection_c.h
[8.243s] -- Up-to-date: /home/maroqi/Projects/ROS2Projects/ros2-tutorial/install/turtlesim/include/turtlesim/srv/detail/teleport_absolute__type_support.c
[8.243s] -- Up-to-date: /home/maroqi/Projects/ROS2Projects/ros2-tutorial/install/turtlesim/include/turtlesim/srv/detail/kill__rosidl_typesupport_introspection_c.h
[8.243s] -- Up-to-date: /home/maroqi/Projects/ROS2Projects/ros2-tutorial/install/turtlesim/include/turtlesim/srv/detail/teleport_absolute__rosidl_typesupport_introspection_c.h
[8.243s] -- Up-to-date: /home/maroqi/Projects/ROS2Projects/ros2-tutorial/install/turtlesim/include/turtlesim/srv/detail/kill__type_support.c
[8.244s] -- Up-to-date: /home/maroqi/Projects/ROS2Projects/ros2-tutorial/install/turtlesim/include/turtlesim/srv/detail/teleport_relative__rosidl_typesupport_introspection_c.h
[8.244s] -- Up-to-date: /home/maroqi/Projects/ROS2Projects/ros2-tutorial/install/turtlesim/include/turtlesim/msg
[8.244s] -- Up-to-date: /home/maroqi/Projects/ROS2Projects/ros2-tutorial/install/turtlesim/include/turtlesim/msg/detail
[8.244s] -- Up-to-date: /home/maroqi/Projects/ROS2Projects/ros2-tutorial/install/turtlesim/include/turtlesim/msg/detail/pose__type_support.c
[8.244s] -- Up-to-date: /home/maroqi/Projects/ROS2Projects/ros2-tutorial/install/turtlesim/include/turtlesim/msg/detail/color__rosidl_typesupport_introspection_c.h
[8.244s] -- Up-to-date: /home/maroqi/Projects/ROS2Projects/ros2-tutorial/install/turtlesim/include/turtlesim/msg/detail/color__type_support.c
[8.244s] -- Up-to-date: /home/maroqi/Projects/ROS2Projects/ros2-tutorial/install/turtlesim/include/turtlesim/msg/detail/pose__rosidl_typesupport_introspection_c.h
[8.245s] -- Up-to-date: /home/maroqi/Projects/ROS2Projects/ros2-tutorial/install/turtlesim/include/turtlesim/msg/rosidl_typesupport_introspection_c__visibility_control.h
[8.336s] -- Up-to-date: /home/maroqi/Projects/ROS2Projects/ros2-tutorial/install/turtlesim/lib/libturtlesim__rosidl_typesupport_introspection_c.so
[8.437s] -- Up-to-date: /home/maroqi/Projects/ROS2Projects/ros2-tutorial/install/turtlesim/lib/libturtlesim__rosidl_typesupport_c.so
[8.438s] -- Up-to-date: /home/maroqi/Projects/ROS2Projects/ros2-tutorial/install/turtlesim/include/turtlesim
[8.438s] -- Up-to-date: /home/maroqi/Projects/ROS2Projects/ros2-tutorial/install/turtlesim/include/turtlesim/action
[8.438s] -- Up-to-date: /home/maroqi/Projects/ROS2Projects/ros2-tutorial/install/turtlesim/include/turtlesim/action/detail
[8.439s] -- Up-to-date: /home/maroqi/Projects/ROS2Projects/ros2-tutorial/install/turtlesim/include/turtlesim/action/detail/rotate_absolute__traits.hpp
[8.441s] -- Up-to-date: /home/maroqi/Projects/ROS2Projects/ros2-tutorial/install/turtlesim/include/turtlesim/action/detail/rotate_absolute__builder.hpp
[8.441s] -- Up-to-date: /home/maroqi/Projects/ROS2Projects/ros2-tutorial/install/turtlesim/include/turtlesim/action/detail/rotate_absolute__struct.hpp
[8.441s] -- Up-to-date: /home/maroqi/Projects/ROS2Projects/ros2-tutorial/install/turtlesim/include/turtlesim/action/rotate_absolute.hpp
[8.442s] -- Up-to-date: /home/maroqi/Projects/ROS2Projects/ros2-tutorial/install/turtlesim/include/turtlesim/srv
[8.442s] -- Up-to-date: /home/maroqi/Projects/ROS2Projects/ros2-tutorial/install/turtlesim/include/turtlesim/srv/detail
[8.442s] -- Up-to-date: /home/maroqi/Projects/ROS2Projects/ros2-tutorial/install/turtlesim/include/turtlesim/srv/detail/teleport_relative__struct.hpp
[8.443s] -- Up-to-date: /home/maroqi/Projects/ROS2Projects/ros2-tutorial/install/turtlesim/include/turtlesim/srv/detail/set_pen__struct.hpp
[8.444s] -- Up-to-date: /home/maroqi/Projects/ROS2Projects/ros2-tutorial/install/turtlesim/include/turtlesim/srv/detail/kill__traits.hpp
[8.444s] -- Up-to-date: /home/maroqi/Projects/ROS2Projects/ros2-tutorial/install/turtlesim/include/turtlesim/srv/detail/spawn__builder.hpp
[8.444s] -- Up-to-date: /home/maroqi/Projects/ROS2Projects/ros2-tutorial/install/turtlesim/include/turtlesim/srv/detail/teleport_absolute__traits.hpp
[8.444s] -- Up-to-date: /home/maroqi/Projects/ROS2Projects/ros2-tutorial/install/turtlesim/include/turtlesim/srv/detail/spawn__struct.hpp
[8.445s] -- Up-to-date: /home/maroqi/Projects/ROS2Projects/ros2-tutorial/install/turtlesim/include/turtlesim/srv/detail/kill__builder.hpp
[8.445s] -- Up-to-date: /home/maroqi/Projects/ROS2Projects/ros2-tutorial/install/turtlesim/include/turtlesim/srv/detail/teleport_relative__builder.hpp
[8.445s] -- Up-to-date: /home/maroqi/Projects/ROS2Projects/ros2-tutorial/install/turtlesim/include/turtlesim/srv/detail/teleport_absolute__struct.hpp
[8.445s] -- Up-to-date: /home/maroqi/Projects/ROS2Projects/ros2-tutorial/install/turtlesim/include/turtlesim/srv/detail/set_pen__builder.hpp
[8.445s] -- Up-to-date: /home/maroqi/Projects/ROS2Projects/ros2-tutorial/install/turtlesim/include/turtlesim/srv/detail/set_pen__traits.hpp
[8.445s] -- Up-to-date: /home/maroqi/Projects/ROS2Projects/ros2-tutorial/install/turtlesim/include/turtlesim/srv/detail/spawn__traits.hpp
[8.445s] -- Up-to-date: /home/maroqi/Projects/ROS2Projects/ros2-tutorial/install/turtlesim/include/turtlesim/srv/detail/teleport_absolute__builder.hpp
[8.445s] -- Up-to-date: /home/maroqi/Projects/ROS2Projects/ros2-tutorial/install/turtlesim/include/turtlesim/srv/detail/teleport_relative__traits.hpp
[8.445s] -- Up-to-date: /home/maroqi/Projects/ROS2Projects/ros2-tutorial/install/turtlesim/include/turtlesim/srv/detail/kill__struct.hpp
[8.446s] -- Up-to-date: /home/maroqi/Projects/ROS2Projects/ros2-tutorial/install/turtlesim/include/turtlesim/srv/spawn.hpp
[8.446s] -- Up-to-date: /home/maroqi/Projects/ROS2Projects/ros2-tutorial/install/turtlesim/include/turtlesim/srv/teleport_absolute.hpp
[8.446s] -- Up-to-date: /home/maroqi/Projects/ROS2Projects/ros2-tutorial/install/turtlesim/include/turtlesim/srv/kill.hpp
[8.446s] -- Up-to-date: /home/maroqi/Projects/ROS2Projects/ros2-tutorial/install/turtlesim/include/turtlesim/srv/set_pen.hpp
[8.446s] -- Up-to-date: /home/maroqi/Projects/ROS2Projects/ros2-tutorial/install/turtlesim/include/turtlesim/srv/teleport_relative.hpp
[8.446s] -- Up-to-date: /home/maroqi/Projects/ROS2Projects/ros2-tutorial/install/turtlesim/include/turtlesim/msg
[8.446s] -- Up-to-date: /home/maroqi/Projects/ROS2Projects/ros2-tutorial/install/turtlesim/include/turtlesim/msg/detail
[8.446s] -- Up-to-date: /home/maroqi/Projects/ROS2Projects/ros2-tutorial/install/turtlesim/include/turtlesim/msg/detail/pose__struct.hpp
[8.446s] -- Up-to-date: /home/maroqi/Projects/ROS2Projects/ros2-tutorial/install/turtlesim/include/turtlesim/msg/detail/color__struct.hpp
[8.446s] -- Up-to-date: /home/maroqi/Projects/ROS2Projects/ros2-tutorial/install/turtlesim/include/turtlesim/msg/detail/color__traits.hpp
[8.447s] -- Up-to-date: /home/maroqi/Projects/ROS2Projects/ros2-tutorial/install/turtlesim/include/turtlesim/msg/detail/color__builder.hpp
[8.447s] -- Up-to-date: /home/maroqi/Projects/ROS2Projects/ros2-tutorial/install/turtlesim/include/turtlesim/msg/detail/pose__builder.hpp
[8.447s] -- Up-to-date: /home/maroqi/Projects/ROS2Projects/ros2-tutorial/install/turtlesim/include/turtlesim/msg/detail/pose__traits.hpp
[8.447s] -- Up-to-date: /home/maroqi/Projects/ROS2Projects/ros2-tutorial/install/turtlesim/include/turtlesim/msg/color.hpp
[8.447s] -- Up-to-date: /home/maroqi/Projects/ROS2Projects/ros2-tutorial/install/turtlesim/include/turtlesim/msg/pose.hpp
[8.447s] -- Up-to-date: /home/maroqi/Projects/ROS2Projects/ros2-tutorial/install/turtlesim/include/turtlesim
[8.447s] -- Up-to-date: /home/maroqi/Projects/ROS2Projects/ros2-tutorial/install/turtlesim/include/turtlesim/action
[8.447s] -- Up-to-date: /home/maroqi/Projects/ROS2Projects/ros2-tutorial/install/turtlesim/include/turtlesim/action/detail
[8.447s] -- Up-to-date: /home/maroqi/Projects/ROS2Projects/ros2-tutorial/install/turtlesim/include/turtlesim/action/detail/rotate_absolute__type_support.cpp
[8.447s] -- Up-to-date: /home/maroqi/Projects/ROS2Projects/ros2-tutorial/install/turtlesim/include/turtlesim/action/detail/rotate_absolute__rosidl_typesupport_introspection_cpp.hpp
[8.448s] -- Up-to-date: /home/maroqi/Projects/ROS2Projects/ros2-tutorial/install/turtlesim/include/turtlesim/srv
[8.448s] -- Up-to-date: /home/maroqi/Projects/ROS2Projects/ros2-tutorial/install/turtlesim/include/turtlesim/srv/detail
[8.448s] -- Up-to-date: /home/maroqi/Projects/ROS2Projects/ros2-tutorial/install/turtlesim/include/turtlesim/srv/detail/kill__rosidl_typesupport_introspection_cpp.hpp
[8.448s] -- Up-to-date: /home/maroqi/Projects/ROS2Projects/ros2-tutorial/install/turtlesim/include/turtlesim/srv/detail/teleport_relative__rosidl_typesupport_introspection_cpp.hpp
[8.448s] -- Up-to-date: /home/maroqi/Projects/ROS2Projects/ros2-tutorial/install/turtlesim/include/turtlesim/srv/detail/set_pen__rosidl_typesupport_introspection_cpp.hpp
[8.448s] -- Up-to-date: /home/maroqi/Projects/ROS2Projects/ros2-tutorial/install/turtlesim/include/turtlesim/srv/detail/teleport_absolute__type_support.cpp
[8.448s] -- Up-to-date: /home/maroqi/Projects/ROS2Projects/ros2-tutorial/install/turtlesim/include/turtlesim/srv/detail/teleport_relative__type_support.cpp
[8.448s] -- Up-to-date: /home/maroqi/Projects/ROS2Projects/ros2-tutorial/install/turtlesim/include/turtlesim/srv/detail/kill__type_support.cpp
[8.448s] -- Up-to-date: /home/maroqi/Projects/ROS2Projects/ros2-tutorial/install/turtlesim/include/turtlesim/srv/detail/set_pen__type_support.cpp
[8.448s] -- Up-to-date: /home/maroqi/Projects/ROS2Projects/ros2-tutorial/install/turtlesim/include/turtlesim/srv/detail/spawn__type_support.cpp
[8.449s] -- Up-to-date: /home/maroqi/Projects/ROS2Projects/ros2-tutorial/install/turtlesim/include/turtlesim/srv/detail/spawn__rosidl_typesupport_introspection_cpp.hpp
[8.449s] -- Up-to-date: /home/maroqi/Projects/ROS2Projects/ros2-tutorial/install/turtlesim/include/turtlesim/srv/detail/teleport_absolute__rosidl_typesupport_introspection_cpp.hpp
[8.449s] -- Up-to-date: /home/maroqi/Projects/ROS2Projects/ros2-tutorial/install/turtlesim/include/turtlesim/msg
[8.449s] -- Up-to-date: /home/maroqi/Projects/ROS2Projects/ros2-tutorial/install/turtlesim/include/turtlesim/msg/detail
[8.449s] -- Up-to-date: /home/maroqi/Projects/ROS2Projects/ros2-tutorial/install/turtlesim/include/turtlesim/msg/detail/pose__type_support.cpp
[8.449s] -- Up-to-date: /home/maroqi/Projects/ROS2Projects/ros2-tutorial/install/turtlesim/include/turtlesim/msg/detail/pose__rosidl_typesupport_introspection_cpp.hpp
[8.449s] -- Up-to-date: /home/maroqi/Projects/ROS2Projects/ros2-tutorial/install/turtlesim/include/turtlesim/msg/detail/color__rosidl_typesupport_introspection_cpp.hpp
[8.449s] -- Up-to-date: /home/maroqi/Projects/ROS2Projects/ros2-tutorial/install/turtlesim/include/turtlesim/msg/detail/color__type_support.cpp
[8.542s] -- Up-to-date: /home/maroqi/Projects/ROS2Projects/ros2-tutorial/install/turtlesim/lib/libturtlesim__rosidl_typesupport_introspection_cpp.so
[8.675s] -- Up-to-date: /home/maroqi/Projects/ROS2Projects/ros2-tutorial/install/turtlesim/lib/libturtlesim__rosidl_typesupport_cpp.so
[8.676s] -- Up-to-date: /home/maroqi/Projects/ROS2Projects/ros2-tutorial/install/turtlesim/share/turtlesim/environment/pythonpath.sh
[8.676s] -- Up-to-date: /home/maroqi/Projects/ROS2Projects/ros2-tutorial/install/turtlesim/share/turtlesim/environment/pythonpath.dsv
[8.707s] -- Up-to-date: /home/maroqi/Projects/ROS2Projects/ros2-tutorial/install/turtlesim/lib/python3.8/site-packages/turtlesim/__init__.py
[8.878s] -- Up-to-date: /home/maroqi/Projects/ROS2Projects/ros2-tutorial/install/turtlesim/lib/python3.8/site-packages/turtlesim/action
[8.879s] -- Up-to-date: /home/maroqi/Projects/ROS2Projects/ros2-tutorial/install/turtlesim/lib/python3.8/site-packages/turtlesim/action/_rotate_absolute_s.c
[8.879s] -- Up-to-date: /home/maroqi/Projects/ROS2Projects/ros2-tutorial/install/turtlesim/lib/python3.8/site-packages/turtlesim/action/_rotate_absolute.py
[8.879s] -- Up-to-date: /home/maroqi/Projects/ROS2Projects/ros2-tutorial/install/turtlesim/lib/python3.8/site-packages/turtlesim/action/__init__.py
[8.879s] -- Up-to-date: /home/maroqi/Projects/ROS2Projects/ros2-tutorial/install/turtlesim/lib/python3.8/site-packages/turtlesim/msg
[8.880s] -- Up-to-date: /home/maroqi/Projects/ROS2Projects/ros2-tutorial/install/turtlesim/lib/python3.8/site-packages/turtlesim/msg/_pose.py
[8.880s] -- Up-to-date: /home/maroqi/Projects/ROS2Projects/ros2-tutorial/install/turtlesim/lib/python3.8/site-packages/turtlesim/msg/_color.py
[8.880s] -- Up-to-date: /home/maroqi/Projects/ROS2Projects/ros2-tutorial/install/turtlesim/lib/python3.8/site-packages/turtlesim/msg/_pose_s.c
[8.880s] -- Up-to-date: /home/maroqi/Projects/ROS2Projects/ros2-tutorial/install/turtlesim/lib/python3.8/site-packages/turtlesim/msg/__init__.py
[8.880s] -- Up-to-date: /home/maroqi/Projects/ROS2Projects/ros2-tutorial/install/turtlesim/lib/python3.8/site-packages/turtlesim/msg/_color_s.c
[8.880s] -- Up-to-date: /home/maroqi/Projects/ROS2Projects/ros2-tutorial/install/turtlesim/lib/python3.8/site-packages/turtlesim/srv
[8.881s] -- Up-to-date: /home/maroqi/Projects/ROS2Projects/ros2-tutorial/install/turtlesim/lib/python3.8/site-packages/turtlesim/srv/_spawn_s.c
[8.882s] -- Up-to-date: /home/maroqi/Projects/ROS2Projects/ros2-tutorial/install/turtlesim/lib/python3.8/site-packages/turtlesim/srv/_teleport_absolute.py
[8.882s] -- Up-to-date: /home/maroqi/Projects/ROS2Projects/ros2-tutorial/install/turtlesim/lib/python3.8/site-packages/turtlesim/srv/_teleport_relative_s.c
[8.882s] -- Up-to-date: /home/maroqi/Projects/ROS2Projects/ros2-tutorial/install/turtlesim/lib/python3.8/site-packages/turtlesim/srv/_spawn.py
[8.882s] -- Up-to-date: /home/maroqi/Projects/ROS2Projects/ros2-tutorial/install/turtlesim/lib/python3.8/site-packages/turtlesim/srv/_teleport_relative.py
[8.882s] -- Up-to-date: /home/maroqi/Projects/ROS2Projects/ros2-tutorial/install/turtlesim/lib/python3.8/site-packages/turtlesim/srv/__init__.py
[8.882s] -- Up-to-date: /home/maroqi/Projects/ROS2Projects/ros2-tutorial/install/turtlesim/lib/python3.8/site-packages/turtlesim/srv/_set_pen.py
[8.882s] -- Up-to-date: /home/maroqi/Projects/ROS2Projects/ros2-tutorial/install/turtlesim/lib/python3.8/site-packages/turtlesim/srv/_set_pen_s.c
[8.882s] -- Up-to-date: /home/maroqi/Projects/ROS2Projects/ros2-tutorial/install/turtlesim/lib/python3.8/site-packages/turtlesim/srv/_teleport_absolute_s.c
[8.882s] -- Up-to-date: /home/maroqi/Projects/ROS2Projects/ros2-tutorial/install/turtlesim/lib/python3.8/site-packages/turtlesim/srv/_kill.py
[8.883s] -- Up-to-date: /home/maroqi/Projects/ROS2Projects/ros2-tutorial/install/turtlesim/lib/python3.8/site-packages/turtlesim/srv/_kill_s.c
[8.972s] -- Up-to-date: /home/maroqi/Projects/ROS2Projects/ros2-tutorial/install/turtlesim/lib/python3.8/site-packages/turtlesim/turtlesim_s__rosidl_typesupport_fastrtps_c.cpython-38-x86_64-linux-gnu.so
[9.040s] -- Up-to-date: /home/maroqi/Projects/ROS2Projects/ros2-tutorial/install/turtlesim/lib/python3.8/site-packages/turtlesim/turtlesim_s__rosidl_typesupport_introspection_c.cpython-38-x86_64-linux-gnu.so
[9.140s] -- Up-to-date: /home/maroqi/Projects/ROS2Projects/ros2-tutorial/install/turtlesim/lib/python3.8/site-packages/turtlesim/turtlesim_s__rosidl_typesupport_c.cpython-38-x86_64-linux-gnu.so
[9.207s] -- Up-to-date: /home/maroqi/Projects/ROS2Projects/ros2-tutorial/install/turtlesim/lib/libturtlesim__python.so
[9.250s] -- Up-to-date: /home/maroqi/Projects/ROS2Projects/ros2-tutorial/install/turtlesim/share/turtlesim/action/RotateAbsolute.idl
[9.251s] -- Up-to-date: /home/maroqi/Projects/ROS2Projects/ros2-tutorial/install/turtlesim/share/turtlesim/msg/Color.idl
[9.251s] -- Up-to-date: /home/maroqi/Projects/ROS2Projects/ros2-tutorial/install/turtlesim/share/turtlesim/msg/Pose.idl
[9.252s] -- Up-to-date: /home/maroqi/Projects/ROS2Projects/ros2-tutorial/install/turtlesim/share/turtlesim/srv/Kill.idl
[9.253s] -- Up-to-date: /home/maroqi/Projects/ROS2Projects/ros2-tutorial/install/turtlesim/share/turtlesim/srv/SetPen.idl
[9.255s] -- Up-to-date: /home/maroqi/Projects/ROS2Projects/ros2-tutorial/install/turtlesim/share/turtlesim/srv/Spawn.idl
[9.256s] -- Up-to-date: /home/maroqi/Projects/ROS2Projects/ros2-tutorial/install/turtlesim/share/turtlesim/srv/TeleportAbsolute.idl
[9.258s] -- Up-to-date: /home/maroqi/Projects/ROS2Projects/ros2-tutorial/install/turtlesim/share/turtlesim/srv/TeleportRelative.idl
[9.258s] -- Up-to-date: /home/maroqi/Projects/ROS2Projects/ros2-tutorial/install/turtlesim/share/turtlesim/action/RotateAbsolute.action
[9.260s] -- Up-to-date: /home/maroqi/Projects/ROS2Projects/ros2-tutorial/install/turtlesim/share/turtlesim/msg/Color.msg
[9.260s] -- Up-to-date: /home/maroqi/Projects/ROS2Projects/ros2-tutorial/install/turtlesim/share/turtlesim/msg/Pose.msg
[9.261s] -- Up-to-date: /home/maroqi/Projects/ROS2Projects/ros2-tutorial/install/turtlesim/share/turtlesim/srv/Kill.srv
[9.261s] -- Up-to-date: /home/maroqi/Projects/ROS2Projects/ros2-tutorial/install/turtlesim/share/turtlesim/srv/Kill_Request.msg
[9.261s] -- Up-to-date: /home/maroqi/Projects/ROS2Projects/ros2-tutorial/install/turtlesim/share/turtlesim/srv/Kill_Response.msg
[9.262s] -- Up-to-date: /home/maroqi/Projects/ROS2Projects/ros2-tutorial/install/turtlesim/share/turtlesim/srv/SetPen.srv
[9.262s] -- Up-to-date: /home/maroqi/Projects/ROS2Projects/ros2-tutorial/install/turtlesim/share/turtlesim/srv/SetPen_Request.msg
[9.262s] -- Up-to-date: /home/maroqi/Projects/ROS2Projects/ros2-tutorial/install/turtlesim/share/turtlesim/srv/SetPen_Response.msg
[9.262s] -- Up-to-date: /home/maroqi/Projects/ROS2Projects/ros2-tutorial/install/turtlesim/share/turtlesim/srv/Spawn.srv
[9.262s] -- Up-to-date: /home/maroqi/Projects/ROS2Projects/ros2-tutorial/install/turtlesim/share/turtlesim/srv/Spawn_Request.msg
[9.262s] -- Up-to-date: /home/maroqi/Projects/ROS2Projects/ros2-tutorial/install/turtlesim/share/turtlesim/srv/Spawn_Response.msg
[9.262s] -- Up-to-date: /home/maroqi/Projects/ROS2Projects/ros2-tutorial/install/turtlesim/share/turtlesim/srv/TeleportAbsolute.srv
[9.263s] -- Up-to-date: /home/maroqi/Projects/ROS2Projects/ros2-tutorial/install/turtlesim/share/turtlesim/srv/TeleportAbsolute_Request.msg
[9.263s] -- Up-to-date: /home/maroqi/Projects/ROS2Projects/ros2-tutorial/install/turtlesim/share/turtlesim/srv/TeleportAbsolute_Response.msg
[9.263s] -- Up-to-date: /home/maroqi/Projects/ROS2Projects/ros2-tutorial/install/turtlesim/share/turtlesim/srv/TeleportRelative.srv
[9.263s] -- Up-to-date: /home/maroqi/Projects/ROS2Projects/ros2-tutorial/install/turtlesim/share/turtlesim/srv/TeleportRelative_Request.msg
[9.263s] -- Up-to-date: /home/maroqi/Projects/ROS2Projects/ros2-tutorial/install/turtlesim/share/turtlesim/srv/TeleportRelative_Response.msg
[9.445s] -- Up-to-date: /home/maroqi/Projects/ROS2Projects/ros2-tutorial/install/turtlesim/lib/turtlesim/turtlesim_node
[9.533s] -- Up-to-date: /home/maroqi/Projects/ROS2Projects/ros2-tutorial/install/turtlesim/lib/turtlesim/turtle_teleop_key
[9.638s] -- Up-to-date: /home/maroqi/Projects/ROS2Projects/ros2-tutorial/install/turtlesim/lib/turtlesim/draw_square
[9.739s] -- Up-to-date: /home/maroqi/Projects/ROS2Projects/ros2-tutorial/install/turtlesim/lib/turtlesim/mimic
[9.740s] -- Up-to-date: /home/maroqi/Projects/ROS2Projects/ros2-tutorial/install/turtlesim/share/turtlesim/images
[9.810s] -- Up-to-date: /home/maroqi/Projects/ROS2Projects/ros2-tutorial/install/turtlesim/share/turtlesim/images/ardent.png
[9.811s] -- Up-to-date: /home/maroqi/Projects/ROS2Projects/ros2-tutorial/install/turtlesim/share/turtlesim/images/foxy.png
[9.811s] -- Up-to-date: /home/maroqi/Projects/ROS2Projects/ros2-tutorial/install/turtlesim/share/turtlesim/images/crystal.png
[9.812s] -- Up-to-date: /home/maroqi/Projects/ROS2Projects/ros2-tutorial/install/turtlesim/share/turtlesim/images/eloquent.png
[9.812s] -- Up-to-date: /home/maroqi/Projects/ROS2Projects/ros2-tutorial/install/turtlesim/share/turtlesim/images/bouncy.png
[9.812s] -- Up-to-date: /home/maroqi/Projects/ROS2Projects/ros2-tutorial/install/turtlesim/share/turtlesim/images/dashing.png
[9.812s] -- Up-to-date: /home/maroqi/Projects/ROS2Projects/ros2-tutorial/install/turtlesim/share/turtlesim/launch
[9.812s] -- Up-to-date: /home/maroqi/Projects/ROS2Projects/ros2-tutorial/install/turtlesim/share/turtlesim/launch/multisim.launch.py
[9.812s] -- Up-to-date: /home/maroqi/Projects/ROS2Projects/ros2-tutorial/install/turtlesim/share/ament_index/resource_index/package_run_dependencies/turtlesim
[9.847s] -- Up-to-date: /home/maroqi/Projects/ROS2Projects/ros2-tutorial/install/turtlesim/share/ament_index/resource_index/parent_prefix_path/turtlesim
[9.847s] -- Up-to-date: /home/maroqi/Projects/ROS2Projects/ros2-tutorial/install/turtlesim/share/turtlesim/environment/ament_prefix_path.sh
[9.847s] -- Up-to-date: /home/maroqi/Projects/ROS2Projects/ros2-tutorial/install/turtlesim/share/turtlesim/environment/ament_prefix_path.dsv
[9.848s] -- Up-to-date: /home/maroqi/Projects/ROS2Projects/ros2-tutorial/install/turtlesim/share/turtlesim/environment/path.sh
[9.848s] -- Up-to-date: /home/maroqi/Projects/ROS2Projects/ros2-tutorial/install/turtlesim/share/turtlesim/environment/path.dsv
[9.848s] -- Up-to-date: /home/maroqi/Projects/ROS2Projects/ros2-tutorial/install/turtlesim/share/turtlesim/local_setup.bash
[9.848s] -- Up-to-date: /home/maroqi/Projects/ROS2Projects/ros2-tutorial/install/turtlesim/share/turtlesim/local_setup.sh
[9.849s] -- Up-to-date: /home/maroqi/Projects/ROS2Projects/ros2-tutorial/install/turtlesim/share/turtlesim/local_setup.zsh
[9.849s] -- Up-to-date: /home/maroqi/Projects/ROS2Projects/ros2-tutorial/install/turtlesim/share/turtlesim/local_setup.dsv
[9.849s] -- Installing: /home/maroqi/Projects/ROS2Projects/ros2-tutorial/install/turtlesim/share/turtlesim/package.dsv
[9.855s] -- Up-to-date: /home/maroqi/Projects/ROS2Projects/ros2-tutorial/install/turtlesim/share/ament_index/resource_index/packages/turtlesim
[9.951s] -- Up-to-date: /home/maroqi/Projects/ROS2Projects/ros2-tutorial/install/turtlesim/share/turtlesim/cmake/turtlesim__rosidl_generator_cExport.cmake
[9.953s] -- Up-to-date: /home/maroqi/Projects/ROS2Projects/ros2-tutorial/install/turtlesim/share/turtlesim/cmake/turtlesim__rosidl_generator_cExport-noconfig.cmake
[9.984s] -- Up-to-date: /home/maroqi/Projects/ROS2Projects/ros2-tutorial/install/turtlesim/share/turtlesim/cmake/turtlesim__rosidl_typesupport_introspection_cExport.cmake
[9.985s] -- Up-to-date: /home/maroqi/Projects/ROS2Projects/ros2-tutorial/install/turtlesim/share/turtlesim/cmake/turtlesim__rosidl_typesupport_introspection_cExport-noconfig.cmake
[10.018s] -- Up-to-date: /home/maroqi/Projects/ROS2Projects/ros2-tutorial/install/turtlesim/share/turtlesim/cmake/turtlesim__rosidl_typesupport_cExport.cmake
[10.018s] -- Up-to-date: /home/maroqi/Projects/ROS2Projects/ros2-tutorial/install/turtlesim/share/turtlesim/cmake/turtlesim__rosidl_typesupport_cExport-noconfig.cmake
[10.050s] -- Up-to-date: /home/maroqi/Projects/ROS2Projects/ros2-tutorial/install/turtlesim/share/turtlesim/cmake/turtlesim__rosidl_generator_cppExport.cmake
[10.051s] -- Up-to-date: /home/maroqi/Projects/ROS2Projects/ros2-tutorial/install/turtlesim/share/turtlesim/cmake/turtlesim__rosidl_typesupport_introspection_cppExport.cmake
[10.051s] -- Up-to-date: /home/maroqi/Projects/ROS2Projects/ros2-tutorial/install/turtlesim/share/turtlesim/cmake/turtlesim__rosidl_typesupport_introspection_cppExport-noconfig.cmake
[10.096s] -- Up-to-date: /home/maroqi/Projects/ROS2Projects/ros2-tutorial/install/turtlesim/share/turtlesim/cmake/turtlesim__rosidl_typesupport_cppExport.cmake
[10.096s] -- Up-to-date: /home/maroqi/Projects/ROS2Projects/ros2-tutorial/install/turtlesim/share/turtlesim/cmake/turtlesim__rosidl_typesupport_cppExport-noconfig.cmake
[10.097s] -- Up-to-date: /home/maroqi/Projects/ROS2Projects/ros2-tutorial/install/turtlesim/share/turtlesim/cmake/rosidl_cmake-extras.cmake
[10.098s] -- Up-to-date: /home/maroqi/Projects/ROS2Projects/ros2-tutorial/install/turtlesim/share/turtlesim/cmake/ament_cmake_export_dependencies-extras.cmake
[10.098s] -- Up-to-date: /home/maroqi/Projects/ROS2Projects/ros2-tutorial/install/turtlesim/share/turtlesim/cmake/ament_cmake_export_libraries-extras.cmake
[10.099s] -- Up-to-date: /home/maroqi/Projects/ROS2Projects/ros2-tutorial/install/turtlesim/share/turtlesim/cmake/ament_cmake_export_targets-extras.cmake
[10.099s] -- Up-to-date: /home/maroqi/Projects/ROS2Projects/ros2-tutorial/install/turtlesim/share/turtlesim/cmake/ament_cmake_export_include_directories-extras.cmake
[10.099s] -- Up-to-date: /home/maroqi/Projects/ROS2Projects/ros2-tutorial/install/turtlesim/share/turtlesim/cmake/rosidl_cmake_export_typesupport_libraries-extras.cmake
[10.099s] -- Up-to-date: /home/maroqi/Projects/ROS2Projects/ros2-tutorial/install/turtlesim/share/turtlesim/cmake/rosidl_cmake_export_typesupport_targets-extras.cmake
[10.100s] -- Up-to-date: /home/maroqi/Projects/ROS2Projects/ros2-tutorial/install/turtlesim/share/turtlesim/cmake/turtlesimConfig.cmake
[10.100s] -- Up-to-date: /home/maroqi/Projects/ROS2Projects/ros2-tutorial/install/turtlesim/share/turtlesim/cmake/turtlesimConfig-version.cmake
[10.100s] -- Up-to-date: /home/maroqi/Projects/ROS2Projects/ros2-tutorial/install/turtlesim/share/turtlesim/package.xml
[10.136s] Invoked command in '/home/maroqi/Projects/ROS2Projects/ros2-tutorial/build/turtlesim' returned '0': CMAKE_PREFIX_PATH=/opt/ros/foxy /usr/bin/cmake --install /home/maroqi/Projects/ROS2Projects/ros2-tutorial/build/turtlesim
