[0.323s] DEBUG:colcon:Command line arguments: ['/usr/bin/colcon', 'build', '--packages-select', 'tutorial_interfaces']
[0.323s] DEBUG:colcon:Parsed command line arguments: Namespace(ament_cmake_args=None, base_paths=['.'], build_base='build', catkin_cmake_args=None, catkin_skip_building_tests=False, cmake_args=None, cmake_clean_cache=False, cmake_clean_first=False, cmake_force_configure=False, cmake_target=None, cmake_target_skip_unavailable=False, continue_on_error=False, event_handlers=None, executor='parallel', ignore_user_meta=False, install_base='install', log_base=None, log_level=None, main=<bound method BuildVerb.main of <colcon_core.verb.build.BuildVerb object at 0x7f057393d070>>, merge_install=False, metas=['./colcon.meta'], packages_above=None, packages_above_and_dependencies=None, packages_above_depth=None, packages_end=None, packages_ignore=None, packages_ignore_regex=None, packages_select=['tutorial_interfaces'], packages_select_build_failed=False, packages_select_by_dep=None, packages_select_regex=None, packages_select_test_failures=False, packages_skip=None, packages_skip_build_finished=False, packages_skip_by_dep=None, packages_skip_regex=None, packages_skip_test_passed=False, packages_skip_up_to=None, packages_start=None, packages_up_to=None, packages_up_to_regex=None, parallel_workers=2, paths=None, symlink_install=False, test_result_base=None, verb_extension=<colcon_core.verb.build.BuildVerb object at 0x7f057393d070>, verb_name='build', verb_parser=<colcon_defaults.argument_parser.defaults.DefaultArgumentsDecorator object at 0x7f057393d5b0>)
[0.337s] Level 1:colcon.colcon_core.package_discovery:discover_packages(colcon_meta) check parameters
[0.337s] Level 1:colcon.colcon_core.package_discovery:discover_packages(recursive) check parameters
[0.337s] Level 1:colcon.colcon_core.package_discovery:discover_packages(ignore) check parameters
[0.338s] Level 1:colcon.colcon_core.package_discovery:discover_packages(path) check parameters
[0.338s] Level 1:colcon.colcon_core.package_discovery:discover_packages(colcon_meta) discover
[0.338s] Level 1:colcon.colcon_core.package_discovery:discover_packages(recursive) discover
[0.338s] INFO:colcon.colcon_core.package_discovery:Crawling recursively for packages in '/home/maroqi/Projects/ROS2Projects/first_ws'
[0.338s] Level 1:colcon.colcon_core.package_identification:_identify(.) by extensions ['ignore', 'ignore_ament_install']
[0.339s] Level 1:colcon.colcon_core.package_identification:_identify(.) by extension 'ignore'
[0.339s] Level 1:colcon.colcon_core.package_identification:_identify(.) by extension 'ignore_ament_install'
[0.339s] Level 1:colcon.colcon_core.package_identification:_identify(.) by extensions ['colcon_pkg']
[0.339s] Level 1:colcon.colcon_core.package_identification:_identify(.) by extension 'colcon_pkg'
[0.339s] Level 1:colcon.colcon_core.package_identification:_identify(.) by extensions ['colcon_meta']
[0.339s] Level 1:colcon.colcon_core.package_identification:_identify(.) by extension 'colcon_meta'
[0.340s] Level 1:colcon.colcon_core.package_identification:_identify(.) by extensions ['ros']
[0.340s] Level 1:colcon.colcon_core.package_identification:_identify(.) by extension 'ros'
[0.363s] Level 1:colcon.colcon_core.package_identification:_identify(.) by extensions ['cmake', 'python']
[0.363s] Level 1:colcon.colcon_core.package_identification:_identify(.) by extension 'cmake'
[0.363s] Level 1:colcon.colcon_core.package_identification:_identify(.) by extension 'python'
[0.364s] Level 1:colcon.colcon_core.package_identification:_identify(.) by extensions ['python_setup_py']
[0.364s] Level 1:colcon.colcon_core.package_identification:_identify(.) by extension 'python_setup_py'
[0.364s] Level 1:colcon.colcon_core.package_identification:_identify(build) by extensions ['ignore', 'ignore_ament_install']
[0.364s] Level 1:colcon.colcon_core.package_identification:_identify(build) by extension 'ignore'
[0.365s] Level 1:colcon.colcon_core.package_identification:_identify(build) ignored
[0.365s] Level 1:colcon.colcon_core.package_identification:_identify(install) by extensions ['ignore', 'ignore_ament_install']
[0.365s] Level 1:colcon.colcon_core.package_identification:_identify(install) by extension 'ignore'
[0.366s] Level 1:colcon.colcon_core.package_identification:_identify(install) ignored
[0.366s] Level 1:colcon.colcon_core.package_identification:_identify(log) by extensions ['ignore', 'ignore_ament_install']
[0.366s] Level 1:colcon.colcon_core.package_identification:_identify(log) by extension 'ignore'
[0.367s] Level 1:colcon.colcon_core.package_identification:_identify(log) ignored
[0.367s] Level 1:colcon.colcon_core.package_identification:_identify(src) by extensions ['ignore', 'ignore_ament_install']
[0.367s] Level 1:colcon.colcon_core.package_identification:_identify(src) by extension 'ignore'
[0.367s] Level 1:colcon.colcon_core.package_identification:_identify(src) by extension 'ignore_ament_install'
[0.368s] Level 1:colcon.colcon_core.package_identification:_identify(src) by extensions ['colcon_pkg']
[0.368s] Level 1:colcon.colcon_core.package_identification:_identify(src) by extension 'colcon_pkg'
[0.368s] Level 1:colcon.colcon_core.package_identification:_identify(src) by extensions ['colcon_meta']
[0.368s] Level 1:colcon.colcon_core.package_identification:_identify(src) by extension 'colcon_meta'
[0.368s] Level 1:colcon.colcon_core.package_identification:_identify(src) by extensions ['ros']
[0.368s] Level 1:colcon.colcon_core.package_identification:_identify(src) by extension 'ros'
[0.368s] Level 1:colcon.colcon_core.package_identification:_identify(src) by extensions ['cmake', 'python']
[0.369s] Level 1:colcon.colcon_core.package_identification:_identify(src) by extension 'cmake'
[0.369s] Level 1:colcon.colcon_core.package_identification:_identify(src) by extension 'python'
[0.369s] Level 1:colcon.colcon_core.package_identification:_identify(src) by extensions ['python_setup_py']
[0.369s] Level 1:colcon.colcon_core.package_identification:_identify(src) by extension 'python_setup_py'
[0.369s] Level 1:colcon.colcon_core.package_identification:_identify(src/cpp_pubsub) by extensions ['ignore', 'ignore_ament_install']
[0.369s] Level 1:colcon.colcon_core.package_identification:_identify(src/cpp_pubsub) by extension 'ignore'
[0.370s] Level 1:colcon.colcon_core.package_identification:_identify(src/cpp_pubsub) by extension 'ignore_ament_install'
[0.370s] Level 1:colcon.colcon_core.package_identification:_identify(src/cpp_pubsub) by extensions ['colcon_pkg']
[0.370s] Level 1:colcon.colcon_core.package_identification:_identify(src/cpp_pubsub) by extension 'colcon_pkg'
[0.370s] Level 1:colcon.colcon_core.package_identification:_identify(src/cpp_pubsub) by extensions ['colcon_meta']
[0.370s] Level 1:colcon.colcon_core.package_identification:_identify(src/cpp_pubsub) by extension 'colcon_meta'
[0.371s] Level 1:colcon.colcon_core.package_identification:_identify(src/cpp_pubsub) by extensions ['ros']
[0.371s] Level 1:colcon.colcon_core.package_identification:_identify(src/cpp_pubsub) by extension 'ros'
[0.376s] DEBUG:colcon.colcon_core.package_identification:Package 'src/cpp_pubsub' with type 'ros.ament_cmake' and name 'cpp_pubsub'
[0.377s] Level 1:colcon.colcon_core.package_identification:_identify(src/cpp_srvcli) by extensions ['ignore', 'ignore_ament_install']
[0.377s] Level 1:colcon.colcon_core.package_identification:_identify(src/cpp_srvcli) by extension 'ignore'
[0.377s] Level 1:colcon.colcon_core.package_identification:_identify(src/cpp_srvcli) by extension 'ignore_ament_install'
[0.378s] Level 1:colcon.colcon_core.package_identification:_identify(src/cpp_srvcli) by extensions ['colcon_pkg']
[0.378s] Level 1:colcon.colcon_core.package_identification:_identify(src/cpp_srvcli) by extension 'colcon_pkg'
[0.378s] Level 1:colcon.colcon_core.package_identification:_identify(src/cpp_srvcli) by extensions ['colcon_meta']
[0.378s] Level 1:colcon.colcon_core.package_identification:_identify(src/cpp_srvcli) by extension 'colcon_meta'
[0.378s] Level 1:colcon.colcon_core.package_identification:_identify(src/cpp_srvcli) by extensions ['ros']
[0.378s] Level 1:colcon.colcon_core.package_identification:_identify(src/cpp_srvcli) by extension 'ros'
[0.380s] DEBUG:colcon.colcon_core.package_identification:Package 'src/cpp_srvcli' with type 'ros.ament_cmake' and name 'cpp_srvcli'
[0.381s] Level 1:colcon.colcon_core.package_identification:_identify(src/my_package) by extensions ['ignore', 'ignore_ament_install']
[0.381s] Level 1:colcon.colcon_core.package_identification:_identify(src/my_package) by extension 'ignore'
[0.381s] Level 1:colcon.colcon_core.package_identification:_identify(src/my_package) by extension 'ignore_ament_install'
[0.381s] Level 1:colcon.colcon_core.package_identification:_identify(src/my_package) by extensions ['colcon_pkg']
[0.382s] Level 1:colcon.colcon_core.package_identification:_identify(src/my_package) by extension 'colcon_pkg'
[0.382s] Level 1:colcon.colcon_core.package_identification:_identify(src/my_package) by extensions ['colcon_meta']
[0.382s] Level 1:colcon.colcon_core.package_identification:_identify(src/my_package) by extension 'colcon_meta'
[0.382s] Level 1:colcon.colcon_core.package_identification:_identify(src/my_package) by extensions ['ros']
[0.382s] Level 1:colcon.colcon_core.package_identification:_identify(src/my_package) by extension 'ros'
[0.384s] DEBUG:colcon.colcon_core.package_identification:Package 'src/my_package' with type 'ros.ament_cmake' and name 'my_package'
[0.384s] Level 1:colcon.colcon_core.package_identification:_identify(src/ros_tutorials) by extensions ['ignore', 'ignore_ament_install']
[0.384s] Level 1:colcon.colcon_core.package_identification:_identify(src/ros_tutorials) by extension 'ignore'
[0.385s] Level 1:colcon.colcon_core.package_identification:_identify(src/ros_tutorials) by extension 'ignore_ament_install'
[0.385s] Level 1:colcon.colcon_core.package_identification:_identify(src/ros_tutorials) by extensions ['colcon_pkg']
[0.385s] Level 1:colcon.colcon_core.package_identification:_identify(src/ros_tutorials) by extension 'colcon_pkg'
[0.385s] Level 1:colcon.colcon_core.package_identification:_identify(src/ros_tutorials) by extensions ['colcon_meta']
[0.385s] Level 1:colcon.colcon_core.package_identification:_identify(src/ros_tutorials) by extension 'colcon_meta'
[0.386s] Level 1:colcon.colcon_core.package_identification:_identify(src/ros_tutorials) by extensions ['ros']
[0.386s] Level 1:colcon.colcon_core.package_identification:_identify(src/ros_tutorials) by extension 'ros'
[0.386s] Level 1:colcon.colcon_core.package_identification:_identify(src/ros_tutorials) by extensions ['cmake', 'python']
[0.386s] Level 1:colcon.colcon_core.package_identification:_identify(src/ros_tutorials) by extension 'cmake'
[0.386s] Level 1:colcon.colcon_core.package_identification:_identify(src/ros_tutorials) by extension 'python'
[0.386s] Level 1:colcon.colcon_core.package_identification:_identify(src/ros_tutorials) by extensions ['python_setup_py']
[0.386s] Level 1:colcon.colcon_core.package_identification:_identify(src/ros_tutorials) by extension 'python_setup_py'
[0.387s] Level 1:colcon.colcon_core.package_identification:_identify(src/ros_tutorials/ros_tutorials) by extensions ['ignore', 'ignore_ament_install']
[0.387s] Level 1:colcon.colcon_core.package_identification:_identify(src/ros_tutorials/ros_tutorials) by extension 'ignore'
[0.387s] Level 1:colcon.colcon_core.package_identification:_identify(src/ros_tutorials/ros_tutorials) ignored
[0.388s] Level 1:colcon.colcon_core.package_identification:_identify(src/ros_tutorials/roscpp_tutorials) by extensions ['ignore', 'ignore_ament_install']
[0.388s] Level 1:colcon.colcon_core.package_identification:_identify(src/ros_tutorials/roscpp_tutorials) by extension 'ignore'
[0.388s] Level 1:colcon.colcon_core.package_identification:_identify(src/ros_tutorials/roscpp_tutorials) ignored
[0.388s] Level 1:colcon.colcon_core.package_identification:_identify(src/ros_tutorials/rospy_tutorials) by extensions ['ignore', 'ignore_ament_install']
[0.389s] Level 1:colcon.colcon_core.package_identification:_identify(src/ros_tutorials/rospy_tutorials) by extension 'ignore'
[0.389s] Level 1:colcon.colcon_core.package_identification:_identify(src/ros_tutorials/rospy_tutorials) ignored
[0.389s] Level 1:colcon.colcon_core.package_identification:_identify(src/ros_tutorials/turtlesim) by extensions ['ignore', 'ignore_ament_install']
[0.390s] Level 1:colcon.colcon_core.package_identification:_identify(src/ros_tutorials/turtlesim) by extension 'ignore'
[0.390s] Level 1:colcon.colcon_core.package_identification:_identify(src/ros_tutorials/turtlesim) by extension 'ignore_ament_install'
[0.390s] Level 1:colcon.colcon_core.package_identification:_identify(src/ros_tutorials/turtlesim) by extensions ['colcon_pkg']
[0.390s] Level 1:colcon.colcon_core.package_identification:_identify(src/ros_tutorials/turtlesim) by extension 'colcon_pkg'
[0.390s] Level 1:colcon.colcon_core.package_identification:_identify(src/ros_tutorials/turtlesim) by extensions ['colcon_meta']
[0.390s] Level 1:colcon.colcon_core.package_identification:_identify(src/ros_tutorials/turtlesim) by extension 'colcon_meta'
[0.391s] Level 1:colcon.colcon_core.package_identification:_identify(src/ros_tutorials/turtlesim) by extensions ['ros']
[0.391s] Level 1:colcon.colcon_core.package_identification:_identify(src/ros_tutorials/turtlesim) by extension 'ros'
[0.396s] DEBUG:colcon.colcon_core.package_identification:Package 'src/ros_tutorials/turtlesim' with type 'ros.ament_cmake' and name 'turtlesim'
[0.397s] Level 1:colcon.colcon_core.package_identification:_identify(src/tutorial_interfaces) by extensions ['ignore', 'ignore_ament_install']
[0.397s] Level 1:colcon.colcon_core.package_identification:_identify(src/tutorial_interfaces) by extension 'ignore'
[0.397s] Level 1:colcon.colcon_core.package_identification:_identify(src/tutorial_interfaces) by extension 'ignore_ament_install'
[0.398s] Level 1:colcon.colcon_core.package_identification:_identify(src/tutorial_interfaces) by extensions ['colcon_pkg']
[0.398s] Level 1:colcon.colcon_core.package_identification:_identify(src/tutorial_interfaces) by extension 'colcon_pkg'
[0.398s] Level 1:colcon.colcon_core.package_identification:_identify(src/tutorial_interfaces) by extensions ['colcon_meta']
[0.398s] Level 1:colcon.colcon_core.package_identification:_identify(src/tutorial_interfaces) by extension 'colcon_meta'
[0.398s] Level 1:colcon.colcon_core.package_identification:_identify(src/tutorial_interfaces) by extensions ['ros']
[0.398s] Level 1:colcon.colcon_core.package_identification:_identify(src/tutorial_interfaces) by extension 'ros'
[0.400s] DEBUG:colcon.colcon_core.package_identification:Package 'src/tutorial_interfaces' with type 'ros.ament_cmake' and name 'tutorial_interfaces'
[0.400s] Level 1:colcon.colcon_core.package_discovery:discover_packages(recursive) using defaults
[0.400s] Level 1:colcon.colcon_core.package_discovery:discover_packages(ignore) discover
[0.400s] Level 1:colcon.colcon_core.package_discovery:discover_packages(ignore) using defaults
[0.400s] Level 1:colcon.colcon_core.package_discovery:discover_packages(path) discover
[0.400s] Level 1:colcon.colcon_core.package_discovery:discover_packages(path) using defaults
[0.442s] INFO:colcon.colcon_core.package_selection:Skipping not selected package 'cpp_pubsub' in 'src/cpp_pubsub'
[0.442s] INFO:colcon.colcon_core.package_selection:Skipping not selected package 'cpp_srvcli' in 'src/cpp_srvcli'
[0.442s] INFO:colcon.colcon_core.package_selection:Skipping not selected package 'my_package' in 'src/my_package'
[0.442s] INFO:colcon.colcon_core.package_selection:Skipping not selected package 'turtlesim' in 'src/ros_tutorials/turtlesim'
[0.450s] Level 5:colcon.colcon_core.verb:set package 'tutorial_interfaces' build argument 'cmake_args' from command line to 'None'
[0.451s] Level 5:colcon.colcon_core.verb:set package 'tutorial_interfaces' build argument 'cmake_target' from command line to 'None'
[0.451s] Level 5:colcon.colcon_core.verb:set package 'tutorial_interfaces' build argument 'cmake_target_skip_unavailable' from command line to 'False'
[0.451s] Level 5:colcon.colcon_core.verb:set package 'tutorial_interfaces' build argument 'cmake_clean_cache' from command line to 'False'
[0.451s] Level 5:colcon.colcon_core.verb:set package 'tutorial_interfaces' build argument 'cmake_clean_first' from command line to 'False'
[0.451s] Level 5:colcon.colcon_core.verb:set package 'tutorial_interfaces' build argument 'cmake_force_configure' from command line to 'False'
[0.451s] Level 5:colcon.colcon_core.verb:set package 'tutorial_interfaces' build argument 'ament_cmake_args' from command line to 'None'
[0.451s] Level 5:colcon.colcon_core.verb:set package 'tutorial_interfaces' build argument 'catkin_cmake_args' from command line to 'None'
[0.451s] Level 5:colcon.colcon_core.verb:set package 'tutorial_interfaces' build argument 'catkin_skip_building_tests' from command line to 'False'
[0.451s] DEBUG:colcon.colcon_core.verb:Building package 'tutorial_interfaces' with the following arguments: {'ament_cmake_args': None, 'build_base': '/home/maroqi/Projects/ROS2Projects/first_ws/build/tutorial_interfaces', 'catkin_cmake_args': None, 'catkin_skip_building_tests': False, 'cmake_args': None, 'cmake_clean_cache': False, 'cmake_clean_first': False, 'cmake_force_configure': False, 'cmake_target': None, 'cmake_target_skip_unavailable': False, 'install_base': '/home/maroqi/Projects/ROS2Projects/first_ws/install/tutorial_interfaces', 'merge_install': False, 'path': '/home/maroqi/Projects/ROS2Projects/first_ws/src/tutorial_interfaces', 'symlink_install': False, 'test_result_base': None}
[0.452s] INFO:colcon.colcon_core.executor:Executing jobs using 'parallel' executor
[0.457s] DEBUG:colcon.colcon_parallel_executor.executor.parallel:run_until_complete
[0.458s] INFO:colcon.colcon_ros.task.ament_cmake.build:Building ROS package in '/home/maroqi/Projects/ROS2Projects/first_ws/src/tutorial_interfaces' with build type 'ament_cmake'
[0.459s] INFO:colcon.colcon_cmake.task.cmake.build:Building CMake package in '/home/maroqi/Projects/ROS2Projects/first_ws/src/tutorial_interfaces'
[0.469s] INFO:colcon.colcon_core.plugin_system:Skipping extension 'colcon_core.shell.bat': Not used on non-Windows systems
[0.469s] INFO:colcon.colcon_core.shell:Skip shell extension 'powershell' for command environment: Not usable outside of PowerShell
[0.470s] DEBUG:colcon.colcon_core.shell:Skip shell extension 'dsv' for command environment
[0.477s] DEBUG:colcon.colcon_core.shell:Ignoring prefix path '/opt/ros/foxy'
[0.504s] DEBUG:colcon.colcon_core.event_handler.log_command:Invoking command in '/home/maroqi/Projects/ROS2Projects/first_ws/build/tutorial_interfaces': CMAKE_PREFIX_PATH=${CMAKE_PREFIX_PATH}:/opt/ros/foxy /usr/bin/cmake --build /home/maroqi/Projects/ROS2Projects/first_ws/build/tutorial_interfaces -- -j2 -l2
[10.974s] DEBUG:colcon.colcon_core.event_handler.log_command:Invoked command in '/home/maroqi/Projects/ROS2Projects/first_ws/build/tutorial_interfaces' returned '0': CMAKE_PREFIX_PATH=${CMAKE_PREFIX_PATH}:/opt/ros/foxy /usr/bin/cmake --build /home/maroqi/Projects/ROS2Projects/first_ws/build/tutorial_interfaces -- -j2 -l2
[11.242s] DEBUG:colcon.colcon_core.event_handler.log_command:Invoking command in '/home/maroqi/Projects/ROS2Projects/first_ws/build/tutorial_interfaces': CMAKE_PREFIX_PATH=${CMAKE_PREFIX_PATH}:/opt/ros/foxy /usr/bin/cmake --install /home/maroqi/Projects/ROS2Projects/first_ws/build/tutorial_interfaces
[11.445s] Level 1:colcon.colcon_core.environment:create_environment_scripts_only(tutorial_interfaces)
[11.460s] DEBUG:colcon.colcon_core.event_handler.log_command:Invoked command in '/home/maroqi/Projects/ROS2Projects/first_ws/build/tutorial_interfaces' returned '0': CMAKE_PREFIX_PATH=${CMAKE_PREFIX_PATH}:/opt/ros/foxy /usr/bin/cmake --install /home/maroqi/Projects/ROS2Projects/first_ws/build/tutorial_interfaces
[11.461s] Level 1:colcon.colcon_core.environment:checking '/home/maroqi/Projects/ROS2Projects/first_ws/install/tutorial_interfaces' for CMake module files
[11.463s] Level 1:colcon.colcon_core.environment:checking '/home/maroqi/Projects/ROS2Projects/first_ws/install/tutorial_interfaces' for CMake config files
[11.464s] Level 1:colcon.colcon_core.shell:create_environment_hook('tutorial_interfaces', 'cmake_prefix_path')
[11.468s] INFO:colcon.colcon_core.shell:Creating environment hook '/home/maroqi/Projects/ROS2Projects/first_ws/install/tutorial_interfaces/share/tutorial_interfaces/hook/cmake_prefix_path.ps1'
[11.470s] INFO:colcon.colcon_core.shell:Creating environment descriptor '/home/maroqi/Projects/ROS2Projects/first_ws/install/tutorial_interfaces/share/tutorial_interfaces/hook/cmake_prefix_path.dsv'
[11.471s] INFO:colcon.colcon_core.shell:Creating environment hook '/home/maroqi/Projects/ROS2Projects/first_ws/install/tutorial_interfaces/share/tutorial_interfaces/hook/cmake_prefix_path.sh'
[11.474s] Level 1:colcon.colcon_core.environment:checking '/home/maroqi/Projects/ROS2Projects/first_ws/install/tutorial_interfaces/lib'
[11.475s] Level 1:colcon.colcon_core.shell:create_environment_hook('tutorial_interfaces', 'ld_library_path_lib')
[11.476s] INFO:colcon.colcon_core.shell:Creating environment hook '/home/maroqi/Projects/ROS2Projects/first_ws/install/tutorial_interfaces/share/tutorial_interfaces/hook/ld_library_path_lib.ps1'
[11.478s] INFO:colcon.colcon_core.shell:Creating environment descriptor '/home/maroqi/Projects/ROS2Projects/first_ws/install/tutorial_interfaces/share/tutorial_interfaces/hook/ld_library_path_lib.dsv'
[11.479s] INFO:colcon.colcon_core.shell:Creating environment hook '/home/maroqi/Projects/ROS2Projects/first_ws/install/tutorial_interfaces/share/tutorial_interfaces/hook/ld_library_path_lib.sh'
[11.480s] Level 1:colcon.colcon_core.environment:checking '/home/maroqi/Projects/ROS2Projects/first_ws/install/tutorial_interfaces/bin'
[11.481s] Level 1:colcon.colcon_core.environment:checking '/home/maroqi/Projects/ROS2Projects/first_ws/install/tutorial_interfaces/lib/pkgconfig/tutorial_interfaces.pc'
[11.481s] Level 1:colcon.colcon_core.environment:checking '/home/maroqi/Projects/ROS2Projects/first_ws/install/tutorial_interfaces/lib/python3.8/site-packages'
[11.482s] Level 1:colcon.colcon_core.shell:create_environment_hook('tutorial_interfaces', 'pythonpath')
[11.483s] INFO:colcon.colcon_core.shell:Creating environment hook '/home/maroqi/Projects/ROS2Projects/first_ws/install/tutorial_interfaces/share/tutorial_interfaces/hook/pythonpath.ps1'
[11.484s] INFO:colcon.colcon_core.shell:Creating environment descriptor '/home/maroqi/Projects/ROS2Projects/first_ws/install/tutorial_interfaces/share/tutorial_interfaces/hook/pythonpath.dsv'
[11.486s] INFO:colcon.colcon_core.shell:Creating environment hook '/home/maroqi/Projects/ROS2Projects/first_ws/install/tutorial_interfaces/share/tutorial_interfaces/hook/pythonpath.sh'
[11.488s] INFO:colcon.colcon_core.shell:Creating package script '/home/maroqi/Projects/ROS2Projects/first_ws/install/tutorial_interfaces/share/tutorial_interfaces/package.ps1'
[11.492s] INFO:colcon.colcon_core.shell:Creating package descriptor '/home/maroqi/Projects/ROS2Projects/first_ws/install/tutorial_interfaces/share/tutorial_interfaces/package.dsv'
[11.494s] INFO:colcon.colcon_core.shell:Creating package script '/home/maroqi/Projects/ROS2Projects/first_ws/install/tutorial_interfaces/share/tutorial_interfaces/package.sh'
[11.496s] INFO:colcon.colcon_core.shell:Creating package script '/home/maroqi/Projects/ROS2Projects/first_ws/install/tutorial_interfaces/share/tutorial_interfaces/package.bash'
[11.499s] INFO:colcon.colcon_core.shell:Creating package script '/home/maroqi/Projects/ROS2Projects/first_ws/install/tutorial_interfaces/share/tutorial_interfaces/package.zsh'
[11.501s] Level 1:colcon.colcon_core.environment:create_file_with_runtime_dependencies(/home/maroqi/Projects/ROS2Projects/first_ws/install/tutorial_interfaces/share/colcon-core/packages/tutorial_interfaces)
[11.660s] Level 1:colcon.colcon_core.environment:create_environment_scripts_only(tutorial_interfaces)
[11.663s] Level 1:colcon.colcon_core.environment:checking '/home/maroqi/Projects/ROS2Projects/first_ws/install/tutorial_interfaces' for CMake module files
[11.665s] Level 1:colcon.colcon_core.environment:checking '/home/maroqi/Projects/ROS2Projects/first_ws/install/tutorial_interfaces' for CMake config files
[11.666s] Level 1:colcon.colcon_core.shell:create_environment_hook('tutorial_interfaces', 'cmake_prefix_path')
[11.670s] INFO:colcon.colcon_core.shell:Creating environment hook '/home/maroqi/Projects/ROS2Projects/first_ws/install/tutorial_interfaces/share/tutorial_interfaces/hook/cmake_prefix_path.ps1'
[11.672s] INFO:colcon.colcon_core.shell:Creating environment descriptor '/home/maroqi/Projects/ROS2Projects/first_ws/install/tutorial_interfaces/share/tutorial_interfaces/hook/cmake_prefix_path.dsv'
[11.674s] INFO:colcon.colcon_core.shell:Creating environment hook '/home/maroqi/Projects/ROS2Projects/first_ws/install/tutorial_interfaces/share/tutorial_interfaces/hook/cmake_prefix_path.sh'
[11.676s] Level 1:colcon.colcon_core.environment:checking '/home/maroqi/Projects/ROS2Projects/first_ws/install/tutorial_interfaces/lib'
[11.676s] Level 1:colcon.colcon_core.shell:create_environment_hook('tutorial_interfaces', 'ld_library_path_lib')
[11.678s] INFO:colcon.colcon_core.shell:Creating environment hook '/home/maroqi/Projects/ROS2Projects/first_ws/install/tutorial_interfaces/share/tutorial_interfaces/hook/ld_library_path_lib.ps1'
[11.680s] INFO:colcon.colcon_core.shell:Creating environment descriptor '/home/maroqi/Projects/ROS2Projects/first_ws/install/tutorial_interfaces/share/tutorial_interfaces/hook/ld_library_path_lib.dsv'
[11.681s] INFO:colcon.colcon_core.shell:Creating environment hook '/home/maroqi/Projects/ROS2Projects/first_ws/install/tutorial_interfaces/share/tutorial_interfaces/hook/ld_library_path_lib.sh'
[11.683s] Level 1:colcon.colcon_core.environment:checking '/home/maroqi/Projects/ROS2Projects/first_ws/install/tutorial_interfaces/bin'
[11.683s] Level 1:colcon.colcon_core.environment:checking '/home/maroqi/Projects/ROS2Projects/first_ws/install/tutorial_interfaces/lib/pkgconfig/tutorial_interfaces.pc'
[11.683s] Level 1:colcon.colcon_core.environment:checking '/home/maroqi/Projects/ROS2Projects/first_ws/install/tutorial_interfaces/lib/python3.8/site-packages'
[11.683s] Level 1:colcon.colcon_core.shell:create_environment_hook('tutorial_interfaces', 'pythonpath')
[11.685s] INFO:colcon.colcon_core.shell:Creating environment hook '/home/maroqi/Projects/ROS2Projects/first_ws/install/tutorial_interfaces/share/tutorial_interfaces/hook/pythonpath.ps1'
[11.687s] INFO:colcon.colcon_core.shell:Creating environment descriptor '/home/maroqi/Projects/ROS2Projects/first_ws/install/tutorial_interfaces/share/tutorial_interfaces/hook/pythonpath.dsv'
[11.688s] INFO:colcon.colcon_core.shell:Creating environment hook '/home/maroqi/Projects/ROS2Projects/first_ws/install/tutorial_interfaces/share/tutorial_interfaces/hook/pythonpath.sh'
[11.693s] INFO:colcon.colcon_core.shell:Creating package script '/home/maroqi/Projects/ROS2Projects/first_ws/install/tutorial_interfaces/share/tutorial_interfaces/package.ps1'
[11.695s] INFO:colcon.colcon_core.shell:Creating package descriptor '/home/maroqi/Projects/ROS2Projects/first_ws/install/tutorial_interfaces/share/tutorial_interfaces/package.dsv'
[11.697s] INFO:colcon.colcon_core.shell:Creating package script '/home/maroqi/Projects/ROS2Projects/first_ws/install/tutorial_interfaces/share/tutorial_interfaces/package.sh'
[11.699s] INFO:colcon.colcon_core.shell:Creating package script '/home/maroqi/Projects/ROS2Projects/first_ws/install/tutorial_interfaces/share/tutorial_interfaces/package.bash'
[11.701s] INFO:colcon.colcon_core.shell:Creating package script '/home/maroqi/Projects/ROS2Projects/first_ws/install/tutorial_interfaces/share/tutorial_interfaces/package.zsh'
[11.703s] Level 1:colcon.colcon_core.environment:create_file_with_runtime_dependencies(/home/maroqi/Projects/ROS2Projects/first_ws/install/tutorial_interfaces/share/colcon-core/packages/tutorial_interfaces)
[11.705s] DEBUG:colcon.colcon_parallel_executor.executor.parallel:closing loop
[11.706s] DEBUG:colcon.colcon_parallel_executor.executor.parallel:loop closed
[11.706s] DEBUG:colcon.colcon_parallel_executor.executor.parallel:run_until_complete finished with '0'
[11.706s] DEBUG:colcon.colcon_core.event_reactor:joining thread
[11.727s] INFO:colcon.colcon_core.plugin_system:Skipping extension 'colcon_notification.desktop_notification.terminal_notifier': Not used on non-Darwin systems
[11.728s] INFO:colcon.colcon_core.plugin_system:Skipping extension 'colcon_notification.desktop_notification.win32': Not used on non-Windows systems
[11.728s] INFO:colcon.colcon_notification.desktop_notification:Sending desktop notification using 'notify2'
[11.769s] DEBUG:colcon.colcon_core.event_reactor:joined thread
[11.771s] INFO:colcon.colcon_core.shell:Creating prefix script '/home/maroqi/Projects/ROS2Projects/first_ws/install/local_setup.ps1'
[11.773s] INFO:colcon.colcon_core.shell:Creating prefix util module '/home/maroqi/Projects/ROS2Projects/first_ws/install/_local_setup_util_ps1.py'
[11.776s] INFO:colcon.colcon_core.shell:Creating prefix chain script '/home/maroqi/Projects/ROS2Projects/first_ws/install/setup.ps1'
[11.787s] INFO:colcon.colcon_core.shell:Creating prefix script '/home/maroqi/Projects/ROS2Projects/first_ws/install/local_setup.sh'
[11.793s] INFO:colcon.colcon_core.shell:Creating prefix util module '/home/maroqi/Projects/ROS2Projects/first_ws/install/_local_setup_util_sh.py'
[11.794s] INFO:colcon.colcon_core.shell:Creating prefix chain script '/home/maroqi/Projects/ROS2Projects/first_ws/install/setup.sh'
[11.802s] INFO:colcon.colcon_core.shell:Creating prefix script '/home/maroqi/Projects/ROS2Projects/first_ws/install/local_setup.bash'
[11.803s] INFO:colcon.colcon_core.shell:Creating prefix chain script '/home/maroqi/Projects/ROS2Projects/first_ws/install/setup.bash'
[11.811s] INFO:colcon.colcon_core.shell:Creating prefix script '/home/maroqi/Projects/ROS2Projects/first_ws/install/local_setup.zsh'
[11.812s] INFO:colcon.colcon_core.shell:Creating prefix chain script '/home/maroqi/Projects/ROS2Projects/first_ws/install/setup.zsh'
