[0.274s] Invoking command in '/home/maroqi/Projects/ROS2Projects/ros2-tutorial/build/my_package': CMAKE_PREFIX_PATH=/opt/ros/foxy /usr/bin/cmake /home/maroqi/Projects/ROS2Projects/ros2-tutorial/src/my_package -DCMAKE_INSTALL_PREFIX=/home/maroqi/Projects/ROS2Projects/ros2-tutorial/install/my_package
[7.082s] -- The C compiler identification is GNU 9.3.0
[10.275s] -- The CXX compiler identification is GNU 9.3.0
[10.652s] -- Check for working C compiler: /usr/bin/cc
[10.805s] -- Check for working C compiler: /usr/bin/cc -- works
[10.852s] -- Detecting C compiler ABI info
[11.030s] -- Detecting C compiler ABI info - done
[11.067s] -- Detecting C compile features
[11.077s] -- Detecting C compile features - done
[11.098s] -- Check for working CXX compiler: /usr/bin/c++
[11.273s] -- Check for working CXX compiler: /usr/bin/c++ -- works
[11.275s] -- Detecting CXX compiler ABI info
[11.409s] -- Detecting CXX compiler ABI info - done
[11.431s] -- Detecting CXX compile features
[11.432s] -- Detecting CXX compile features - done
[11.465s] -- Found ament_cmake: 0.9.8 (/opt/ros/foxy/share/ament_cmake/cmake)
[11.567s] -- Found PythonInterp: /usr/bin/python3 (found suitable version "3.8.5", minimum required is "3") 
[11.567s] -- Using PYTHON_EXECUTABLE: /usr/bin/python3
[12.088s] -- Found ament_lint_auto: 0.9.6 (/opt/ros/foxy/share/ament_lint_auto/cmake)
[12.477s] -- Added test 'copyright' to check source files copyright and LICENSE
[12.481s] -- Added test 'cppcheck' to perform static code analysis on C / C++ code
[12.481s] -- Configured cppcheck include dirs: $<BUILD_INTERFACE:/home/maroqi/Projects/ROS2Projects/ros2-tutorial/src/my_package/include>
[12.482s] -- Configured cppcheck exclude dirs and/or files: 
[12.491s] -- Added test 'cpplint' to check C / C++ code against the Google style
[12.492s] -- Configured cpplint exclude dirs and/or files: 
[12.493s] -- Added test 'lint_cmake' to check CMake code style
[12.496s] -- Added test 'uncrustify' to check C / C++ code style
[12.496s] -- Configured uncrustify additional arguments: 
[12.497s] -- Added test 'xmllint' to check XML markup files
[12.537s] -- Configuring done
[12.572s] -- Generating done
[12.575s] -- Build files have been written to: /home/maroqi/Projects/ROS2Projects/ros2-tutorial/build/my_package
[12.583s] Invoked command in '/home/maroqi/Projects/ROS2Projects/ros2-tutorial/build/my_package' returned '0': CMAKE_PREFIX_PATH=/opt/ros/foxy /usr/bin/cmake /home/maroqi/Projects/ROS2Projects/ros2-tutorial/src/my_package -DCMAKE_INSTALL_PREFIX=/home/maroqi/Projects/ROS2Projects/ros2-tutorial/install/my_package
[12.589s] Invoking command in '/home/maroqi/Projects/ROS2Projects/ros2-tutorial/build/my_package': CMAKE_PREFIX_PATH=/opt/ros/foxy /usr/bin/cmake --build /home/maroqi/Projects/ROS2Projects/ros2-tutorial/build/my_package -- -j2 -l2
[12.653s] [35m[1mScanning dependencies of target my_node[0m
[12.690s] [ 50%] [32mBuilding CXX object CMakeFiles/my_node.dir/src/my_node.cpp.o[0m
[12.896s] [100%] [32m[1mLinking CXX executable my_node[0m
[12.974s] [100%] Built target my_node
[12.991s] Invoked command in '/home/maroqi/Projects/ROS2Projects/ros2-tutorial/build/my_package' returned '0': CMAKE_PREFIX_PATH=/opt/ros/foxy /usr/bin/cmake --build /home/maroqi/Projects/ROS2Projects/ros2-tutorial/build/my_package -- -j2 -l2
[13.031s] Invoking command in '/home/maroqi/Projects/ROS2Projects/ros2-tutorial/build/my_package': CMAKE_PREFIX_PATH=/opt/ros/foxy /usr/bin/cmake --install /home/maroqi/Projects/ROS2Projects/ros2-tutorial/build/my_package
[13.049s] -- Install configuration: ""
[13.061s] -- Installing: /home/maroqi/Projects/ROS2Projects/ros2-tutorial/install/my_package/lib/my_package/my_node
[13.062s] -- Installing: /home/maroqi/Projects/ROS2Projects/ros2-tutorial/install/my_package/share/ament_index/resource_index/package_run_dependencies/my_package
[13.063s] -- Installing: /home/maroqi/Projects/ROS2Projects/ros2-tutorial/install/my_package/share/ament_index/resource_index/parent_prefix_path/my_package
[13.063s] -- Installing: /home/maroqi/Projects/ROS2Projects/ros2-tutorial/install/my_package/share/my_package/environment/ament_prefix_path.sh
[13.064s] -- Installing: /home/maroqi/Projects/ROS2Projects/ros2-tutorial/install/my_package/share/my_package/environment/ament_prefix_path.dsv
[13.064s] -- Installing: /home/maroqi/Projects/ROS2Projects/ros2-tutorial/install/my_package/share/my_package/environment/path.sh
[13.065s] -- Installing: /home/maroqi/Projects/ROS2Projects/ros2-tutorial/install/my_package/share/my_package/environment/path.dsv
[13.065s] -- Installing: /home/maroqi/Projects/ROS2Projects/ros2-tutorial/install/my_package/share/my_package/local_setup.bash
[13.066s] -- Installing: /home/maroqi/Projects/ROS2Projects/ros2-tutorial/install/my_package/share/my_package/local_setup.sh
[13.067s] -- Installing: /home/maroqi/Projects/ROS2Projects/ros2-tutorial/install/my_package/share/my_package/local_setup.zsh
[13.068s] -- Installing: /home/maroqi/Projects/ROS2Projects/ros2-tutorial/install/my_package/share/my_package/local_setup.dsv
[13.068s] -- Installing: /home/maroqi/Projects/ROS2Projects/ros2-tutorial/install/my_package/share/my_package/package.dsv
[13.068s] -- Installing: /home/maroqi/Projects/ROS2Projects/ros2-tutorial/install/my_package/share/ament_index/resource_index/packages/my_package
[13.069s] -- Installing: /home/maroqi/Projects/ROS2Projects/ros2-tutorial/install/my_package/share/my_package/cmake/my_packageConfig.cmake
[13.069s] -- Installing: /home/maroqi/Projects/ROS2Projects/ros2-tutorial/install/my_package/share/my_package/cmake/my_packageConfig-version.cmake
[13.069s] -- Installing: /home/maroqi/Projects/ROS2Projects/ros2-tutorial/install/my_package/share/my_package/package.xml
[13.076s] Invoked command in '/home/maroqi/Projects/ROS2Projects/ros2-tutorial/build/my_package' returned '0': CMAKE_PREFIX_PATH=/opt/ros/foxy /usr/bin/cmake --install /home/maroqi/Projects/ROS2Projects/ros2-tutorial/build/my_package
