[0.155s] Invoking command in '/home/maroqi/Projects/ROS2Projects/ros2-tutorial/build/turtlesim': CMAKE_PREFIX_PATH=/opt/ros/foxy /usr/bin/cmake /home/maroqi/Projects/ROS2Projects/ros2-tutorial/src/ros_tutorials/turtlesim -DCMAKE_INSTALL_PREFIX=/home/maroqi/Projects/ROS2Projects/ros2-tutorial/install/turtlesim
[2.183s] -- The C compiler identification is GNU 9.3.0
[3.425s] -- The CXX compiler identification is GNU 9.3.0
[3.513s] -- Check for working C compiler: /usr/bin/cc
[3.715s] -- Check for working C compiler: /usr/bin/cc -- works
[3.740s] -- Detecting C compiler ABI info
[3.920s] -- Detecting C compiler ABI info - done
[3.959s] -- Detecting C compile features
[3.970s] -- Detecting C compile features - done
[3.983s] -- Check for working CXX compiler: /usr/bin/c++
[4.174s] -- Check for working CXX compiler: /usr/bin/c++ -- works
[4.177s] -- Detecting CXX compiler ABI info
[4.370s] -- Detecting CXX compiler ABI info - done
[4.405s] -- Detecting CXX compile features
[4.406s] -- Detecting CXX compile features - done
[4.479s] -- Found ament_cmake: 0.9.8 (/opt/ros/foxy/share/ament_cmake/cmake)
[4.628s] -- Found PythonInterp: /usr/bin/python3 (found suitable version "3.8.5", minimum required is "3") 
[4.629s] -- Using PYTHON_EXECUTABLE: /usr/bin/python3
[5.345s] -- Found ament_index_cpp: 1.0.2 (/opt/ros/foxy/share/ament_index_cpp/cmake)
[5.380s] -- Found geometry_msgs: 2.0.3 (/opt/ros/foxy/share/geometry_msgs/cmake)
[5.674s] -- Using all available rosidl_typesupport_c: rosidl_typesupport_fastrtps_c;rosidl_typesupport_introspection_c
[5.828s] -- Found rosidl_adapter: 1.2.0 (/opt/ros/foxy/share/rosidl_adapter/cmake)
[6.410s] -- Found OpenSSL: /usr/lib/x86_64-linux-gnu/libcrypto.so (found version "1.1.1f")  
[6.503s] -- Found FastRTPS: /opt/ros/foxy/include  
[6.844s] -- Using all available rosidl_typesupport_cpp: rosidl_typesupport_fastrtps_cpp;rosidl_typesupport_introspection_cpp
[7.355s] -- Found rclcpp: 2.3.0 (/opt/ros/foxy/share/rclcpp/cmake)
[7.604s] -- Found rmw_implementation_cmake: 1.0.2 (/opt/ros/foxy/share/rmw_implementation_cmake/cmake)
[7.611s] -- Using RMW implementation 'rmw_fastrtps_cpp' as default
[7.639s] -- Looking for pthread.h
[7.968s] -- Looking for pthread.h - found
[7.968s] -- Performing Test CMAKE_HAVE_LIBC_PTHREAD
[8.170s] -- Performing Test CMAKE_HAVE_LIBC_PTHREAD - Failed
[8.170s] -- Looking for pthread_create in pthreads
[8.336s] -- Looking for pthread_create in pthreads - not found
[8.338s] -- Looking for pthread_create in pthread
[8.513s] -- Looking for pthread_create in pthread - found
[8.514s] -- Found Threads: TRUE  
[9.131s] -- Found rclcpp_action: 2.3.0 (/opt/ros/foxy/share/rclcpp_action/cmake)
[9.513s] -- Found rosidl_default_generators: 1.0.0 (/opt/ros/foxy/share/rosidl_default_generators/cmake)
[9.623s] -- Found std_srvs: 2.0.3 (/opt/ros/foxy/share/std_srvs/cmake)
[9.794s] -- Found PythonInterp: /usr/bin/python3 (found version "3.8.5") 
[10.698s] -- Found ament_cmake_ros: 0.9.1 (/opt/ros/foxy/share/ament_cmake_ros/cmake)
[11.305s] -- Using all available rosidl_typesupport_c: rosidl_typesupport_fastrtps_c;rosidl_typesupport_introspection_c
[11.469s] -- Using all available rosidl_typesupport_cpp: rosidl_typesupport_fastrtps_cpp;rosidl_typesupport_introspection_cpp
[11.563s] -- Found PythonInterp: /usr/bin/python3 (found suitable version "3.8.5", minimum required is "3.5") 
[11.588s] -- Found python_cmake_module: 0.8.0 (/opt/ros/foxy/share/python_cmake_module/cmake)
[11.806s] -- Found PythonLibs: /usr/lib/x86_64-linux-gnu/libpython3.8.so (found suitable version "3.8.5", minimum required is "3.5") 
[11.808s] -- Using PYTHON_EXECUTABLE: /usr/bin/python3
[11.809s] -- Using PYTHON_INCLUDE_DIRS: /usr/include/python3.8
[11.809s] -- Using PYTHON_LIBRARIES: /usr/lib/x86_64-linux-gnu/libpython3.8.so
[11.914s] -- Found PythonExtra: .so  
[12.343s] -- Configuring done
[12.705s] -- Generating done
[12.718s] -- Build files have been written to: /home/maroqi/Projects/ROS2Projects/ros2-tutorial/build/turtlesim
[12.756s] Invoked command in '/home/maroqi/Projects/ROS2Projects/ros2-tutorial/build/turtlesim' returned '0': CMAKE_PREFIX_PATH=/opt/ros/foxy /usr/bin/cmake /home/maroqi/Projects/ROS2Projects/ros2-tutorial/src/ros_tutorials/turtlesim -DCMAKE_INSTALL_PREFIX=/home/maroqi/Projects/ROS2Projects/ros2-tutorial/install/turtlesim
[12.770s] Invoking command in '/home/maroqi/Projects/ROS2Projects/ros2-tutorial/build/turtlesim': CMAKE_PREFIX_PATH=/opt/ros/foxy /usr/bin/cmake --build /home/maroqi/Projects/ROS2Projects/ros2-tutorial/build/turtlesim -- -j2 -l2
[12.924s] [35m[1mScanning dependencies of target turtlesim__cpp[0m
[12.962s] [  1%] [34m[1mGenerating C++ code for ROS interfaces[0m
[16.430s] [  1%] Built target turtlesim__cpp
[16.459s] [  2%] [34m[1mGenerating C code for ROS interfaces[0m
[19.472s] [35m[1mScanning dependencies of target turtlesim__rosidl_generator_c[0m
[19.714s] [  3%] [32mBuilding C object CMakeFiles/turtlesim__rosidl_generator_c.dir/rosidl_generator_c/turtlesim/action/detail/rotate_absolute__functions.c.o[0m
[20.100s] [  4%] [32mBuilding C object CMakeFiles/turtlesim__rosidl_generator_c.dir/rosidl_generator_c/turtlesim/msg/detail/color__functions.c.o[0m
[20.189s] [  5%] [32mBuilding C object CMakeFiles/turtlesim__rosidl_generator_c.dir/rosidl_generator_c/turtlesim/msg/detail/pose__functions.c.o[0m
[20.278s] [  6%] [32mBuilding C object CMakeFiles/turtlesim__rosidl_generator_c.dir/rosidl_generator_c/turtlesim/srv/detail/kill__functions.c.o[0m
[20.382s] [  7%] [32mBuilding C object CMakeFiles/turtlesim__rosidl_generator_c.dir/rosidl_generator_c/turtlesim/srv/detail/set_pen__functions.c.o[0m
[20.488s] [  8%] [32mBuilding C object CMakeFiles/turtlesim__rosidl_generator_c.dir/rosidl_generator_c/turtlesim/srv/detail/spawn__functions.c.o[0m
[20.603s] [  9%] [32mBuilding C object CMakeFiles/turtlesim__rosidl_generator_c.dir/rosidl_generator_c/turtlesim/srv/detail/teleport_absolute__functions.c.o[0m
[20.715s] [ 10%] [32mBuilding C object CMakeFiles/turtlesim__rosidl_generator_c.dir/rosidl_generator_c/turtlesim/srv/detail/teleport_relative__functions.c.o[0m
[20.841s] [ 11%] [32m[1mLinking C shared library libturtlesim__rosidl_generator_c.so[0m
[21.075s] [ 11%] Built target turtlesim__rosidl_generator_c
[21.100s] [ 12%] [34m[1mGenerating C++ type support dispatch for ROS interfaces[0m
[22.668s] [35m[1mScanning dependencies of target turtlesim__rosidl_typesupport_cpp[0m
[22.929s] [ 13%] [32mBuilding CXX object CMakeFiles/turtlesim__rosidl_typesupport_cpp.dir/rosidl_typesupport_cpp/turtlesim/action/rotate_absolute__type_support.cpp.o[0m
[24.961s] [ 14%] [32mBuilding CXX object CMakeFiles/turtlesim__rosidl_typesupport_cpp.dir/rosidl_typesupport_cpp/turtlesim/msg/color__type_support.cpp.o[0m
[26.312s] [ 15%] [32mBuilding CXX object CMakeFiles/turtlesim__rosidl_typesupport_cpp.dir/rosidl_typesupport_cpp/turtlesim/msg/pose__type_support.cpp.o[0m
[27.376s] [ 16%] [32mBuilding CXX object CMakeFiles/turtlesim__rosidl_typesupport_cpp.dir/rosidl_typesupport_cpp/turtlesim/srv/kill__type_support.cpp.o[0m
[28.332s] [ 17%] [32mBuilding CXX object CMakeFiles/turtlesim__rosidl_typesupport_cpp.dir/rosidl_typesupport_cpp/turtlesim/srv/set_pen__type_support.cpp.o[0m
[29.243s] [ 18%] [32mBuilding CXX object CMakeFiles/turtlesim__rosidl_typesupport_cpp.dir/rosidl_typesupport_cpp/turtlesim/srv/spawn__type_support.cpp.o[0m
[30.394s] [ 19%] [32mBuilding CXX object CMakeFiles/turtlesim__rosidl_typesupport_cpp.dir/rosidl_typesupport_cpp/turtlesim/srv/teleport_absolute__type_support.cpp.o[0m
[31.532s] [ 20%] [32mBuilding CXX object CMakeFiles/turtlesim__rosidl_typesupport_cpp.dir/rosidl_typesupport_cpp/turtlesim/srv/teleport_relative__type_support.cpp.o[0m
[32.648s] [ 21%] [32m[1mLinking CXX shared library libturtlesim__rosidl_typesupport_cpp.so[0m
[32.757s] [ 21%] Built target turtlesim__rosidl_typesupport_cpp
[32.799s] [ 22%] [34m[1mGenerating C++ introspection for ROS interfaces[0m
[34.854s] [35m[1mScanning dependencies of target turtlesim__rosidl_typesupport_introspection_cpp[0m
[34.993s] [ 23%] [32mBuilding CXX object CMakeFiles/turtlesim__rosidl_typesupport_introspection_cpp.dir/rosidl_typesupport_introspection_cpp/turtlesim/action/detail/rotate_absolute__type_support.cpp.o[0m
[36.043s] [ 24%] [32mBuilding CXX object CMakeFiles/turtlesim__rosidl_typesupport_introspection_cpp.dir/rosidl_typesupport_introspection_cpp/turtlesim/msg/detail/color__type_support.cpp.o[0m
[36.812s] [ 25%] [32mBuilding CXX object CMakeFiles/turtlesim__rosidl_typesupport_introspection_cpp.dir/rosidl_typesupport_introspection_cpp/turtlesim/msg/detail/pose__type_support.cpp.o[0m
[37.571s] [ 26%] [32mBuilding CXX object CMakeFiles/turtlesim__rosidl_typesupport_introspection_cpp.dir/rosidl_typesupport_introspection_cpp/turtlesim/srv/detail/kill__type_support.cpp.o[0m
[38.512s] [ 27%] [32mBuilding CXX object CMakeFiles/turtlesim__rosidl_typesupport_introspection_cpp.dir/rosidl_typesupport_introspection_cpp/turtlesim/srv/detail/set_pen__type_support.cpp.o[0m
[39.322s] [ 28%] [32mBuilding CXX object CMakeFiles/turtlesim__rosidl_typesupport_introspection_cpp.dir/rosidl_typesupport_introspection_cpp/turtlesim/srv/detail/spawn__type_support.cpp.o[0m
[40.142s] [ 29%] [32mBuilding CXX object CMakeFiles/turtlesim__rosidl_typesupport_introspection_cpp.dir/rosidl_typesupport_introspection_cpp/turtlesim/srv/detail/teleport_absolute__type_support.cpp.o[0m
[40.969s] [ 30%] [32mBuilding CXX object CMakeFiles/turtlesim__rosidl_typesupport_introspection_cpp.dir/rosidl_typesupport_introspection_cpp/turtlesim/srv/detail/teleport_relative__type_support.cpp.o[0m
[41.888s] [ 31%] [32m[1mLinking CXX shared library libturtlesim__rosidl_typesupport_introspection_cpp.so[0m
[42.128s] [ 31%] Built target turtlesim__rosidl_typesupport_introspection_cpp
[42.155s] [ 32%] [34m[1mGenerating C++ type support for eProsima Fast-RTPS[0m
[44.518s] [35m[1mScanning dependencies of target turtlesim__rosidl_typesupport_fastrtps_cpp[0m
[45.048s] [ 33%] [32mBuilding CXX object CMakeFiles/turtlesim__rosidl_typesupport_fastrtps_cpp.dir/rosidl_typesupport_fastrtps_cpp/turtlesim/action/detail/dds_fastrtps/rotate_absolute__type_support.cpp.o[0m
[47.017s] [ 34%] [32mBuilding CXX object CMakeFiles/turtlesim__rosidl_typesupport_fastrtps_cpp.dir/rosidl_typesupport_fastrtps_cpp/turtlesim/msg/detail/dds_fastrtps/color__type_support.cpp.o[0m
[48.495s] [ 35%] [32mBuilding CXX object CMakeFiles/turtlesim__rosidl_typesupport_fastrtps_cpp.dir/rosidl_typesupport_fastrtps_cpp/turtlesim/msg/detail/dds_fastrtps/pose__type_support.cpp.o[0m
[50.063s] [ 36%] [32mBuilding CXX object CMakeFiles/turtlesim__rosidl_typesupport_fastrtps_cpp.dir/rosidl_typesupport_fastrtps_cpp/turtlesim/srv/detail/dds_fastrtps/kill__type_support.cpp.o[0m
[51.605s] [ 37%] [32mBuilding CXX object CMakeFiles/turtlesim__rosidl_typesupport_fastrtps_cpp.dir/rosidl_typesupport_fastrtps_cpp/turtlesim/srv/detail/dds_fastrtps/set_pen__type_support.cpp.o[0m
[53.026s] [ 38%] [32mBuilding CXX object CMakeFiles/turtlesim__rosidl_typesupport_fastrtps_cpp.dir/rosidl_typesupport_fastrtps_cpp/turtlesim/srv/detail/dds_fastrtps/spawn__type_support.cpp.o[0m
[54.464s] [ 39%] [32mBuilding CXX object CMakeFiles/turtlesim__rosidl_typesupport_fastrtps_cpp.dir/rosidl_typesupport_fastrtps_cpp/turtlesim/srv/detail/dds_fastrtps/teleport_absolute__type_support.cpp.o[0m
[55.912s] [ 40%] [32mBuilding CXX object CMakeFiles/turtlesim__rosidl_typesupport_fastrtps_cpp.dir/rosidl_typesupport_fastrtps_cpp/turtlesim/srv/detail/dds_fastrtps/teleport_relative__type_support.cpp.o[0m
[57.380s] [ 41%] [32m[1mLinking CXX shared library libturtlesim__rosidl_typesupport_fastrtps_cpp.so[0m
[57.715s] [ 41%] Built target turtlesim__rosidl_typesupport_fastrtps_cpp
[57.749s] [ 42%] [34m[1mGenerating C introspection for ROS interfaces[0m
[60.041s] [35m[1mScanning dependencies of target turtlesim__rosidl_typesupport_introspection_c[0m
[60.149s] [ 43%] [32mBuilding C object CMakeFiles/turtlesim__rosidl_typesupport_introspection_c.dir/rosidl_typesupport_introspection_c/turtlesim/action/detail/rotate_absolute__type_support.c.o[0m
[60.304s] [ 44%] [32mBuilding C object CMakeFiles/turtlesim__rosidl_typesupport_introspection_c.dir/rosidl_typesupport_introspection_c/turtlesim/msg/detail/color__type_support.c.o[0m
[60.393s] [ 45%] [32mBuilding C object CMakeFiles/turtlesim__rosidl_typesupport_introspection_c.dir/rosidl_typesupport_introspection_c/turtlesim/msg/detail/pose__type_support.c.o[0m
[60.487s] [ 46%] [32mBuilding C object CMakeFiles/turtlesim__rosidl_typesupport_introspection_c.dir/rosidl_typesupport_introspection_c/turtlesim/srv/detail/kill__type_support.c.o[0m
[60.585s] [ 47%] [32mBuilding C object CMakeFiles/turtlesim__rosidl_typesupport_introspection_c.dir/rosidl_typesupport_introspection_c/turtlesim/srv/detail/set_pen__type_support.c.o[0m
[60.684s] [ 48%] [32mBuilding C object CMakeFiles/turtlesim__rosidl_typesupport_introspection_c.dir/rosidl_typesupport_introspection_c/turtlesim/srv/detail/spawn__type_support.c.o[0m
[60.783s] [ 49%] [32mBuilding C object CMakeFiles/turtlesim__rosidl_typesupport_introspection_c.dir/rosidl_typesupport_introspection_c/turtlesim/srv/detail/teleport_absolute__type_support.c.o[0m
[60.868s] [ 50%] [32mBuilding C object CMakeFiles/turtlesim__rosidl_typesupport_introspection_c.dir/rosidl_typesupport_introspection_c/turtlesim/srv/detail/teleport_relative__type_support.c.o[0m
[60.963s] [ 51%] [32m[1mLinking C shared library libturtlesim__rosidl_typesupport_introspection_c.so[0m
[61.100s] [ 51%] Built target turtlesim__rosidl_typesupport_introspection_c
[61.142s] [ 52%] [34m[1mGenerating C type support dispatch for ROS interfaces[0m
[63.200s] [35m[1mScanning dependencies of target turtlesim__rosidl_typesupport_c[0m
[63.305s] [ 53%] [32mBuilding CXX object CMakeFiles/turtlesim__rosidl_typesupport_c.dir/rosidl_typesupport_c/turtlesim/action/rotate_absolute__type_support.cpp.o[0m
[63.463s] [ 54%] [32mBuilding CXX object CMakeFiles/turtlesim__rosidl_typesupport_c.dir/rosidl_typesupport_c/turtlesim/msg/color__type_support.cpp.o[0m
[63.563s] [ 55%] [32mBuilding CXX object CMakeFiles/turtlesim__rosidl_typesupport_c.dir/rosidl_typesupport_c/turtlesim/msg/pose__type_support.cpp.o[0m
[63.661s] [ 56%] [32mBuilding CXX object CMakeFiles/turtlesim__rosidl_typesupport_c.dir/rosidl_typesupport_c/turtlesim/srv/kill__type_support.cpp.o[0m
[63.762s] [ 57%] [32mBuilding CXX object CMakeFiles/turtlesim__rosidl_typesupport_c.dir/rosidl_typesupport_c/turtlesim/srv/set_pen__type_support.cpp.o[0m
[63.858s] [ 58%] [32mBuilding CXX object CMakeFiles/turtlesim__rosidl_typesupport_c.dir/rosidl_typesupport_c/turtlesim/srv/spawn__type_support.cpp.o[0m
[63.944s] [ 59%] [32mBuilding CXX object CMakeFiles/turtlesim__rosidl_typesupport_c.dir/rosidl_typesupport_c/turtlesim/srv/teleport_absolute__type_support.cpp.o[0m
[64.045s] [ 60%] [32mBuilding CXX object CMakeFiles/turtlesim__rosidl_typesupport_c.dir/rosidl_typesupport_c/turtlesim/srv/teleport_relative__type_support.cpp.o[0m
[64.136s] [ 61%] [32m[1mLinking CXX shared library libturtlesim__rosidl_typesupport_c.so[0m
[64.273s] [ 61%] Built target turtlesim__rosidl_typesupport_c
[64.309s] [ 62%] [34m[1mGenerating C type support for eProsima Fast-RTPS[0m
[66.774s] [35m[1mScanning dependencies of target turtlesim__rosidl_typesupport_fastrtps_c[0m
[66.925s] [ 63%] [32mBuilding CXX object CMakeFiles/turtlesim__rosidl_typesupport_fastrtps_c.dir/rosidl_typesupport_fastrtps_c/turtlesim/action/detail/rotate_absolute__type_support_c.cpp.o[0m
[68.298s] [ 64%] [32mBuilding CXX object CMakeFiles/turtlesim__rosidl_typesupport_fastrtps_c.dir/rosidl_typesupport_fastrtps_c/turtlesim/msg/detail/color__type_support_c.cpp.o[0m
[69.450s] [ 65%] [32mBuilding CXX object CMakeFiles/turtlesim__rosidl_typesupport_fastrtps_c.dir/rosidl_typesupport_fastrtps_c/turtlesim/msg/detail/pose__type_support_c.cpp.o[0m
[70.611s] [ 66%] [32mBuilding CXX object CMakeFiles/turtlesim__rosidl_typesupport_fastrtps_c.dir/rosidl_typesupport_fastrtps_c/turtlesim/srv/detail/kill__type_support_c.cpp.o[0m
[71.772s] [ 67%] [32mBuilding CXX object CMakeFiles/turtlesim__rosidl_typesupport_fastrtps_c.dir/rosidl_typesupport_fastrtps_c/turtlesim/srv/detail/set_pen__type_support_c.cpp.o[0m
[73.038s] [ 68%] [32mBuilding CXX object CMakeFiles/turtlesim__rosidl_typesupport_fastrtps_c.dir/rosidl_typesupport_fastrtps_c/turtlesim/srv/detail/spawn__type_support_c.cpp.o[0m
[74.244s] [ 69%] [32mBuilding CXX object CMakeFiles/turtlesim__rosidl_typesupport_fastrtps_c.dir/rosidl_typesupport_fastrtps_c/turtlesim/srv/detail/teleport_absolute__type_support_c.cpp.o[0m
[75.374s] [ 70%] [32mBuilding CXX object CMakeFiles/turtlesim__rosidl_typesupport_fastrtps_c.dir/rosidl_typesupport_fastrtps_c/turtlesim/srv/detail/teleport_relative__type_support_c.cpp.o[0m
[76.621s] [ 71%] [32m[1mLinking CXX shared library libturtlesim__rosidl_typesupport_fastrtps_c.so[0m
[76.914s] [ 71%] Built target turtlesim__rosidl_typesupport_fastrtps_c
[76.941s] [35m[1mScanning dependencies of target turtlesim[0m
[76.972s] [ 71%] Built target turtlesim
[77.000s] [35m[1mScanning dependencies of target mimic[0m
[77.914s] [ 72%] [32mBuilding CXX object CMakeFiles/mimic.dir/tutorials/mimic.cpp.o[0m
[95.610s] [ 73%] [32m[1mLinking CXX executable mimic[0m
[96.944s] [ 73%] Built target mimic
[96.976s] [35m[1mScanning dependencies of target draw_square[0m
[97.208s] [ 74%] [32mBuilding CXX object CMakeFiles/draw_square.dir/tutorials/draw_square.cpp.o[0m
[119.617s] [ 75%] [32m[1mLinking CXX executable draw_square[0m
[120.869s] [ 75%] Built target draw_square
[120.904s] [35m[1mScanning dependencies of target turtlesim__py[0m
[120.940s] [ 76%] [34m[1mGenerating Python code for ROS interfaces[0m
[127.788s] [ 76%] Built target turtlesim__py
[127.827s] [35m[1mScanning dependencies of target turtle_teleop_key[0m
[128.045s] [ 77%] [32mBuilding CXX object CMakeFiles/turtle_teleop_key.dir/tutorials/teleop_turtle_key.cpp.o[0m
[143.132s] [ 78%] [32m[1mLinking CXX executable turtle_teleop_key[0m
[143.931s] [ 78%] Built target turtle_teleop_key
[143.960s] [ 79%] [34m[1mGenerating include/turtlesim/moc_turtle_frame.cpp[0m
[144.769s] [35m[1mScanning dependencies of target turtlesim_node[0m
[145.114s] [ 80%] [32mBuilding CXX object CMakeFiles/turtlesim_node.dir/src/turtlesim.cpp.o[0m
[153.981s] [ 81%] [32mBuilding CXX object CMakeFiles/turtlesim_node.dir/src/turtle.cpp.o[0m
[179.637s] [ 82%] [32mBuilding CXX object CMakeFiles/turtlesim_node.dir/src/turtle_frame.cpp.o[0m
[203.421s] [ 83%] [32mBuilding CXX object CMakeFiles/turtlesim_node.dir/include/turtlesim/moc_turtle_frame.cpp.o[0m
[212.647s] [ 84%] [32m[1mLinking CXX executable turtlesim_node[0m
[216.986s] [ 84%] Built target turtlesim_node
[217.014s] [35m[1mScanning dependencies of target turtlesim__python[0m
[217.265s] [ 85%] [32mBuilding C object CMakeFiles/turtlesim__python.dir/rosidl_generator_py/turtlesim/action/_rotate_absolute_s.c.o[0m
[217.765s] [ 86%] [32mBuilding C object CMakeFiles/turtlesim__python.dir/rosidl_generator_py/turtlesim/msg/_color_s.c.o[0m
[218.038s] [ 87%] [32mBuilding C object CMakeFiles/turtlesim__python.dir/rosidl_generator_py/turtlesim/msg/_pose_s.c.o[0m
[218.291s] [ 88%] [32mBuilding C object CMakeFiles/turtlesim__python.dir/rosidl_generator_py/turtlesim/srv/_kill_s.c.o[0m
[218.535s] [ 89%] [32mBuilding C object CMakeFiles/turtlesim__python.dir/rosidl_generator_py/turtlesim/srv/_set_pen_s.c.o[0m
[218.774s] [ 90%] [32mBuilding C object CMakeFiles/turtlesim__python.dir/rosidl_generator_py/turtlesim/srv/_spawn_s.c.o[0m
[219.033s] [ 91%] [32mBuilding C object CMakeFiles/turtlesim__python.dir/rosidl_generator_py/turtlesim/srv/_teleport_absolute_s.c.o[0m
[219.291s] [ 92%] [32mBuilding C object CMakeFiles/turtlesim__python.dir/rosidl_generator_py/turtlesim/srv/_teleport_relative_s.c.o[0m
[219.544s] [ 93%] [32m[1mLinking C shared library rosidl_generator_py/turtlesim/libturtlesim__python.so[0m
[219.694s] [ 93%] Built target turtlesim__python
[219.717s] [35m[1mScanning dependencies of target turtlesim__rosidl_typesupport_introspection_c__pyext[0m
[219.769s] [ 94%] [32mBuilding C object CMakeFiles/turtlesim__rosidl_typesupport_introspection_c__pyext.dir/rosidl_generator_py/turtlesim/_turtlesim_s.ep.rosidl_typesupport_introspection_c.c.o[0m
[220.145s] [ 95%] [32m[1mLinking C shared library rosidl_generator_py/turtlesim/turtlesim_s__rosidl_typesupport_introspection_c.cpython-38-x86_64-linux-gnu.so[0m
[220.288s] [ 95%] Built target turtlesim__rosidl_typesupport_introspection_c__pyext
[220.317s] [35m[1mScanning dependencies of target turtlesim__rosidl_typesupport_fastrtps_c__pyext[0m
[220.380s] [ 96%] [32mBuilding C object CMakeFiles/turtlesim__rosidl_typesupport_fastrtps_c__pyext.dir/rosidl_generator_py/turtlesim/_turtlesim_s.ep.rosidl_typesupport_fastrtps_c.c.o[0m
[220.799s] [ 97%] [32m[1mLinking CXX shared library rosidl_generator_py/turtlesim/turtlesim_s__rosidl_typesupport_fastrtps_c.cpython-38-x86_64-linux-gnu.so[0m
[221.031s] [ 97%] Built target turtlesim__rosidl_typesupport_fastrtps_c__pyext
[221.059s] [35m[1mScanning dependencies of target turtlesim__rosidl_typesupport_c__pyext[0m
[221.109s] [ 98%] [32mBuilding C object CMakeFiles/turtlesim__rosidl_typesupport_c__pyext.dir/rosidl_generator_py/turtlesim/_turtlesim_s.ep.rosidl_typesupport_c.c.o[0m
[221.498s] [100%] [32m[1mLinking C shared library rosidl_generator_py/turtlesim/turtlesim_s__rosidl_typesupport_c.cpython-38-x86_64-linux-gnu.so[0m
[221.631s] [100%] Built target turtlesim__rosidl_typesupport_c__pyext
[221.663s] Invoked command in '/home/maroqi/Projects/ROS2Projects/ros2-tutorial/build/turtlesim' returned '0': CMAKE_PREFIX_PATH=/opt/ros/foxy /usr/bin/cmake --build /home/maroqi/Projects/ROS2Projects/ros2-tutorial/build/turtlesim -- -j2 -l2
[222.159s] Invoking command in '/home/maroqi/Projects/ROS2Projects/ros2-tutorial/build/turtlesim': CMAKE_PREFIX_PATH=/opt/ros/foxy /usr/bin/cmake --install /home/maroqi/Projects/ROS2Projects/ros2-tutorial/build/turtlesim
[222.183s] -- Install configuration: ""
[222.184s] -- Installing: /home/maroqi/Projects/ROS2Projects/ros2-tutorial/install/turtlesim/share/ament_index/resource_index/rosidl_interfaces/turtlesim
[222.185s] -- Installing: /home/maroqi/Projects/ROS2Projects/ros2-tutorial/install/turtlesim/include/turtlesim
[222.186s] -- Installing: /home/maroqi/Projects/ROS2Projects/ros2-tutorial/install/turtlesim/include/turtlesim/action
[222.187s] -- Installing: /home/maroqi/Projects/ROS2Projects/ros2-tutorial/install/turtlesim/include/turtlesim/action/detail
[222.187s] -- Installing: /home/maroqi/Projects/ROS2Projects/ros2-tutorial/install/turtlesim/include/turtlesim/action/detail/rotate_absolute__functions.c
[222.187s] -- Installing: /home/maroqi/Projects/ROS2Projects/ros2-tutorial/install/turtlesim/include/turtlesim/action/detail/rotate_absolute__functions.h
[222.189s] -- Installing: /home/maroqi/Projects/ROS2Projects/ros2-tutorial/install/turtlesim/include/turtlesim/action/detail/rotate_absolute__type_support.h
[222.189s] -- Installing: /home/maroqi/Projects/ROS2Projects/ros2-tutorial/install/turtlesim/include/turtlesim/action/detail/rotate_absolute__struct.h
[222.189s] -- Installing: /home/maroqi/Projects/ROS2Projects/ros2-tutorial/install/turtlesim/include/turtlesim/action/rotate_absolute.h
[222.190s] -- Installing: /home/maroqi/Projects/ROS2Projects/ros2-tutorial/install/turtlesim/include/turtlesim/srv
[222.190s] -- Installing: /home/maroqi/Projects/ROS2Projects/ros2-tutorial/install/turtlesim/include/turtlesim/srv/detail
[222.191s] -- Installing: /home/maroqi/Projects/ROS2Projects/ros2-tutorial/install/turtlesim/include/turtlesim/srv/detail/spawn__functions.h
[222.191s] -- Installing: /home/maroqi/Projects/ROS2Projects/ros2-tutorial/install/turtlesim/include/turtlesim/srv/detail/spawn__type_support.h
[222.191s] -- Installing: /home/maroqi/Projects/ROS2Projects/ros2-tutorial/install/turtlesim/include/turtlesim/srv/detail/teleport_absolute__functions.c
[222.192s] -- Installing: /home/maroqi/Projects/ROS2Projects/ros2-tutorial/install/turtlesim/include/turtlesim/srv/detail/spawn__functions.c
[222.192s] -- Installing: /home/maroqi/Projects/ROS2Projects/ros2-tutorial/install/turtlesim/include/turtlesim/srv/detail/kill__functions.c
[222.194s] -- Installing: /home/maroqi/Projects/ROS2Projects/ros2-tutorial/install/turtlesim/include/turtlesim/srv/detail/set_pen__type_support.h
[222.195s] -- Installing: /home/maroqi/Projects/ROS2Projects/ros2-tutorial/install/turtlesim/include/turtlesim/srv/detail/spawn__struct.h
[222.195s] -- Installing: /home/maroqi/Projects/ROS2Projects/ros2-tutorial/install/turtlesim/include/turtlesim/srv/detail/teleport_absolute__struct.h
[222.202s] -- Installing: /home/maroqi/Projects/ROS2Projects/ros2-tutorial/install/turtlesim/include/turtlesim/srv/detail/teleport_absolute__functions.h
[222.205s] -- Installing: /home/maroqi/Projects/ROS2Projects/ros2-tutorial/install/turtlesim/include/turtlesim/srv/detail/teleport_absolute__type_support.h
[222.210s] -- Installing: /home/maroqi/Projects/ROS2Projects/ros2-tutorial/install/turtlesim/include/turtlesim/srv/detail/teleport_relative__functions.h
[222.211s] -- Installing: /home/maroqi/Projects/ROS2Projects/ros2-tutorial/install/turtlesim/include/turtlesim/srv/detail/set_pen__functions.h
[222.211s] -- Installing: /home/maroqi/Projects/ROS2Projects/ros2-tutorial/install/turtlesim/include/turtlesim/srv/detail/teleport_relative__struct.h
[222.211s] -- Installing: /home/maroqi/Projects/ROS2Projects/ros2-tutorial/install/turtlesim/include/turtlesim/srv/detail/kill__type_support.h
[222.212s] -- Installing: /home/maroqi/Projects/ROS2Projects/ros2-tutorial/install/turtlesim/include/turtlesim/srv/detail/set_pen__functions.c
[222.212s] -- Installing: /home/maroqi/Projects/ROS2Projects/ros2-tutorial/install/turtlesim/include/turtlesim/srv/detail/set_pen__struct.h
[222.217s] -- Installing: /home/maroqi/Projects/ROS2Projects/ros2-tutorial/install/turtlesim/include/turtlesim/srv/detail/teleport_relative__functions.c
[222.221s] -- Installing: /home/maroqi/Projects/ROS2Projects/ros2-tutorial/install/turtlesim/include/turtlesim/srv/detail/teleport_relative__type_support.h
[222.224s] -- Installing: /home/maroqi/Projects/ROS2Projects/ros2-tutorial/install/turtlesim/include/turtlesim/srv/detail/kill__struct.h
[222.225s] -- Installing: /home/maroqi/Projects/ROS2Projects/ros2-tutorial/install/turtlesim/include/turtlesim/srv/detail/kill__functions.h
[222.226s] -- Installing: /home/maroqi/Projects/ROS2Projects/ros2-tutorial/install/turtlesim/include/turtlesim/srv/teleport_relative.h
[222.226s] -- Installing: /home/maroqi/Projects/ROS2Projects/ros2-tutorial/install/turtlesim/include/turtlesim/srv/spawn.h
[222.231s] -- Installing: /home/maroqi/Projects/ROS2Projects/ros2-tutorial/install/turtlesim/include/turtlesim/srv/teleport_absolute.h
[222.232s] -- Installing: /home/maroqi/Projects/ROS2Projects/ros2-tutorial/install/turtlesim/include/turtlesim/srv/set_pen.h
[222.232s] -- Installing: /home/maroqi/Projects/ROS2Projects/ros2-tutorial/install/turtlesim/include/turtlesim/srv/kill.h
[222.232s] -- Installing: /home/maroqi/Projects/ROS2Projects/ros2-tutorial/install/turtlesim/include/turtlesim/msg
[222.236s] -- Installing: /home/maroqi/Projects/ROS2Projects/ros2-tutorial/install/turtlesim/include/turtlesim/msg/rosidl_generator_c__visibility_control.h
[222.238s] -- Installing: /home/maroqi/Projects/ROS2Projects/ros2-tutorial/install/turtlesim/include/turtlesim/msg/detail
[222.238s] -- Installing: /home/maroqi/Projects/ROS2Projects/ros2-tutorial/install/turtlesim/include/turtlesim/msg/detail/color__functions.c
[222.239s] -- Installing: /home/maroqi/Projects/ROS2Projects/ros2-tutorial/install/turtlesim/include/turtlesim/msg/detail/pose__struct.h
[222.239s] -- Installing: /home/maroqi/Projects/ROS2Projects/ros2-tutorial/install/turtlesim/include/turtlesim/msg/detail/color__functions.h
[222.239s] -- Installing: /home/maroqi/Projects/ROS2Projects/ros2-tutorial/install/turtlesim/include/turtlesim/msg/detail/pose__functions.c
[222.240s] -- Installing: /home/maroqi/Projects/ROS2Projects/ros2-tutorial/install/turtlesim/include/turtlesim/msg/detail/pose__functions.h
[222.240s] -- Installing: /home/maroqi/Projects/ROS2Projects/ros2-tutorial/install/turtlesim/include/turtlesim/msg/detail/pose__type_support.h
[222.240s] -- Installing: /home/maroqi/Projects/ROS2Projects/ros2-tutorial/install/turtlesim/include/turtlesim/msg/detail/color__type_support.h
[222.241s] -- Installing: /home/maroqi/Projects/ROS2Projects/ros2-tutorial/install/turtlesim/include/turtlesim/msg/detail/color__struct.h
[222.242s] -- Installing: /home/maroqi/Projects/ROS2Projects/ros2-tutorial/install/turtlesim/include/turtlesim/msg/pose.h
[222.242s] -- Installing: /home/maroqi/Projects/ROS2Projects/ros2-tutorial/install/turtlesim/include/turtlesim/msg/color.h
[222.242s] -- Installing: /home/maroqi/Projects/ROS2Projects/ros2-tutorial/install/turtlesim/share/turtlesim/environment/library_path.sh
[222.244s] -- Installing: /home/maroqi/Projects/ROS2Projects/ros2-tutorial/install/turtlesim/share/turtlesim/environment/library_path.dsv
[222.244s] -- Installing: /home/maroqi/Projects/ROS2Projects/ros2-tutorial/install/turtlesim/lib/libturtlesim__rosidl_generator_c.so
[222.244s] -- Set runtime path of "/home/maroqi/Projects/ROS2Projects/ros2-tutorial/install/turtlesim/lib/libturtlesim__rosidl_generator_c.so" to ""
[222.245s] -- Up-to-date: /home/maroqi/Projects/ROS2Projects/ros2-tutorial/install/turtlesim/include/turtlesim
[222.245s] -- Up-to-date: /home/maroqi/Projects/ROS2Projects/ros2-tutorial/install/turtlesim/include/turtlesim/action
[222.245s] -- Up-to-date: /home/maroqi/Projects/ROS2Projects/ros2-tutorial/install/turtlesim/include/turtlesim/action/detail
[222.246s] -- Installing: /home/maroqi/Projects/ROS2Projects/ros2-tutorial/install/turtlesim/include/turtlesim/action/detail/rotate_absolute__rosidl_typesupport_fastrtps_c.h
[222.247s] -- Up-to-date: /home/maroqi/Projects/ROS2Projects/ros2-tutorial/install/turtlesim/include/turtlesim/srv
[222.248s] -- Up-to-date: /home/maroqi/Projects/ROS2Projects/ros2-tutorial/install/turtlesim/include/turtlesim/srv/detail
[222.248s] -- Installing: /home/maroqi/Projects/ROS2Projects/ros2-tutorial/install/turtlesim/include/turtlesim/srv/detail/set_pen__rosidl_typesupport_fastrtps_c.h
[222.261s] -- Installing: /home/maroqi/Projects/ROS2Projects/ros2-tutorial/install/turtlesim/include/turtlesim/srv/detail/teleport_relative__rosidl_typesupport_fastrtps_c.h
[222.262s] -- Installing: /home/maroqi/Projects/ROS2Projects/ros2-tutorial/install/turtlesim/include/turtlesim/srv/detail/teleport_absolute__rosidl_typesupport_fastrtps_c.h
[222.262s] -- Installing: /home/maroqi/Projects/ROS2Projects/ros2-tutorial/install/turtlesim/include/turtlesim/srv/detail/kill__rosidl_typesupport_fastrtps_c.h
[222.262s] -- Installing: /home/maroqi/Projects/ROS2Projects/ros2-tutorial/install/turtlesim/include/turtlesim/srv/detail/spawn__rosidl_typesupport_fastrtps_c.h
[222.262s] -- Up-to-date: /home/maroqi/Projects/ROS2Projects/ros2-tutorial/install/turtlesim/include/turtlesim/msg
[222.263s] -- Up-to-date: /home/maroqi/Projects/ROS2Projects/ros2-tutorial/install/turtlesim/include/turtlesim/msg/detail
[222.267s] -- Installing: /home/maroqi/Projects/ROS2Projects/ros2-tutorial/install/turtlesim/include/turtlesim/msg/detail/pose__rosidl_typesupport_fastrtps_c.h
[222.267s] -- Installing: /home/maroqi/Projects/ROS2Projects/ros2-tutorial/install/turtlesim/include/turtlesim/msg/detail/color__rosidl_typesupport_fastrtps_c.h
[222.267s] -- Installing: /home/maroqi/Projects/ROS2Projects/ros2-tutorial/install/turtlesim/include/turtlesim/msg/rosidl_typesupport_fastrtps_c__visibility_control.h
[222.267s] -- Installing: /home/maroqi/Projects/ROS2Projects/ros2-tutorial/install/turtlesim/lib/libturtlesim__rosidl_typesupport_fastrtps_c.so
[222.268s] -- Set runtime path of "/home/maroqi/Projects/ROS2Projects/ros2-tutorial/install/turtlesim/lib/libturtlesim__rosidl_typesupport_fastrtps_c.so" to ""
[222.268s] -- Up-to-date: /home/maroqi/Projects/ROS2Projects/ros2-tutorial/install/turtlesim/include/turtlesim
[222.272s] -- Up-to-date: /home/maroqi/Projects/ROS2Projects/ros2-tutorial/install/turtlesim/include/turtlesim/action
[222.272s] -- Up-to-date: /home/maroqi/Projects/ROS2Projects/ros2-tutorial/install/turtlesim/include/turtlesim/action/detail
[222.273s] -- Installing: /home/maroqi/Projects/ROS2Projects/ros2-tutorial/install/turtlesim/include/turtlesim/action/detail/dds_fastrtps
[222.276s] -- Installing: /home/maroqi/Projects/ROS2Projects/ros2-tutorial/install/turtlesim/include/turtlesim/action/detail/rotate_absolute__rosidl_typesupport_fastrtps_cpp.hpp
[222.277s] -- Up-to-date: /home/maroqi/Projects/ROS2Projects/ros2-tutorial/install/turtlesim/include/turtlesim/srv
[222.277s] -- Up-to-date: /home/maroqi/Projects/ROS2Projects/ros2-tutorial/install/turtlesim/include/turtlesim/srv/detail
[222.277s] -- Installing: /home/maroqi/Projects/ROS2Projects/ros2-tutorial/install/turtlesim/include/turtlesim/srv/detail/dds_fastrtps
[222.277s] -- Installing: /home/maroqi/Projects/ROS2Projects/ros2-tutorial/install/turtlesim/include/turtlesim/srv/detail/set_pen__rosidl_typesupport_fastrtps_cpp.hpp
[222.278s] -- Installing: /home/maroqi/Projects/ROS2Projects/ros2-tutorial/install/turtlesim/include/turtlesim/srv/detail/spawn__rosidl_typesupport_fastrtps_cpp.hpp
[222.278s] -- Installing: /home/maroqi/Projects/ROS2Projects/ros2-tutorial/install/turtlesim/include/turtlesim/srv/detail/teleport_relative__rosidl_typesupport_fastrtps_cpp.hpp
[222.278s] -- Installing: /home/maroqi/Projects/ROS2Projects/ros2-tutorial/install/turtlesim/include/turtlesim/srv/detail/teleport_absolute__rosidl_typesupport_fastrtps_cpp.hpp
[222.278s] -- Installing: /home/maroqi/Projects/ROS2Projects/ros2-tutorial/install/turtlesim/include/turtlesim/srv/detail/kill__rosidl_typesupport_fastrtps_cpp.hpp
[222.278s] -- Up-to-date: /home/maroqi/Projects/ROS2Projects/ros2-tutorial/install/turtlesim/include/turtlesim/msg
[222.279s] -- Up-to-date: /home/maroqi/Projects/ROS2Projects/ros2-tutorial/install/turtlesim/include/turtlesim/msg/detail
[222.279s] -- Installing: /home/maroqi/Projects/ROS2Projects/ros2-tutorial/install/turtlesim/include/turtlesim/msg/detail/dds_fastrtps
[222.288s] -- Installing: /home/maroqi/Projects/ROS2Projects/ros2-tutorial/install/turtlesim/include/turtlesim/msg/detail/pose__rosidl_typesupport_fastrtps_cpp.hpp
[222.288s] -- Installing: /home/maroqi/Projects/ROS2Projects/ros2-tutorial/install/turtlesim/include/turtlesim/msg/detail/color__rosidl_typesupport_fastrtps_cpp.hpp
[222.291s] -- Installing: /home/maroqi/Projects/ROS2Projects/ros2-tutorial/install/turtlesim/include/turtlesim/msg/rosidl_typesupport_fastrtps_cpp__visibility_control.h
[222.292s] -- Installing: /home/maroqi/Projects/ROS2Projects/ros2-tutorial/install/turtlesim/lib/libturtlesim__rosidl_typesupport_fastrtps_cpp.so
[222.292s] -- Set runtime path of "/home/maroqi/Projects/ROS2Projects/ros2-tutorial/install/turtlesim/lib/libturtlesim__rosidl_typesupport_fastrtps_cpp.so" to ""
[222.293s] -- Up-to-date: /home/maroqi/Projects/ROS2Projects/ros2-tutorial/install/turtlesim/include/turtlesim
[222.293s] -- Up-to-date: /home/maroqi/Projects/ROS2Projects/ros2-tutorial/install/turtlesim/include/turtlesim/action
[222.293s] -- Up-to-date: /home/maroqi/Projects/ROS2Projects/ros2-tutorial/install/turtlesim/include/turtlesim/action/detail
[222.293s] -- Installing: /home/maroqi/Projects/ROS2Projects/ros2-tutorial/install/turtlesim/include/turtlesim/action/detail/rotate_absolute__type_support.c
[222.294s] -- Installing: /home/maroqi/Projects/ROS2Projects/ros2-tutorial/install/turtlesim/include/turtlesim/action/detail/rotate_absolute__rosidl_typesupport_introspection_c.h
[222.295s] -- Up-to-date: /home/maroqi/Projects/ROS2Projects/ros2-tutorial/install/turtlesim/include/turtlesim/srv
[222.295s] -- Up-to-date: /home/maroqi/Projects/ROS2Projects/ros2-tutorial/install/turtlesim/include/turtlesim/srv/detail
[222.296s] -- Installing: /home/maroqi/Projects/ROS2Projects/ros2-tutorial/install/turtlesim/include/turtlesim/srv/detail/spawn__rosidl_typesupport_introspection_c.h
[222.296s] -- Installing: /home/maroqi/Projects/ROS2Projects/ros2-tutorial/install/turtlesim/include/turtlesim/srv/detail/spawn__type_support.c
[222.296s] -- Installing: /home/maroqi/Projects/ROS2Projects/ros2-tutorial/install/turtlesim/include/turtlesim/srv/detail/teleport_relative__type_support.c
[222.296s] -- Installing: /home/maroqi/Projects/ROS2Projects/ros2-tutorial/install/turtlesim/include/turtlesim/srv/detail/set_pen__type_support.c
[222.296s] -- Installing: /home/maroqi/Projects/ROS2Projects/ros2-tutorial/install/turtlesim/include/turtlesim/srv/detail/set_pen__rosidl_typesupport_introspection_c.h
[222.296s] -- Installing: /home/maroqi/Projects/ROS2Projects/ros2-tutorial/install/turtlesim/include/turtlesim/srv/detail/teleport_absolute__type_support.c
[222.297s] -- Installing: /home/maroqi/Projects/ROS2Projects/ros2-tutorial/install/turtlesim/include/turtlesim/srv/detail/kill__rosidl_typesupport_introspection_c.h
[222.297s] -- Installing: /home/maroqi/Projects/ROS2Projects/ros2-tutorial/install/turtlesim/include/turtlesim/srv/detail/teleport_absolute__rosidl_typesupport_introspection_c.h
[222.297s] -- Installing: /home/maroqi/Projects/ROS2Projects/ros2-tutorial/install/turtlesim/include/turtlesim/srv/detail/kill__type_support.c
[222.298s] -- Installing: /home/maroqi/Projects/ROS2Projects/ros2-tutorial/install/turtlesim/include/turtlesim/srv/detail/teleport_relative__rosidl_typesupport_introspection_c.h
[222.298s] -- Up-to-date: /home/maroqi/Projects/ROS2Projects/ros2-tutorial/install/turtlesim/include/turtlesim/msg
[222.298s] -- Up-to-date: /home/maroqi/Projects/ROS2Projects/ros2-tutorial/install/turtlesim/include/turtlesim/msg/detail
[222.298s] -- Installing: /home/maroqi/Projects/ROS2Projects/ros2-tutorial/install/turtlesim/include/turtlesim/msg/detail/pose__type_support.c
[222.299s] -- Installing: /home/maroqi/Projects/ROS2Projects/ros2-tutorial/install/turtlesim/include/turtlesim/msg/detail/color__rosidl_typesupport_introspection_c.h
[222.299s] -- Installing: /home/maroqi/Projects/ROS2Projects/ros2-tutorial/install/turtlesim/include/turtlesim/msg/detail/color__type_support.c
[222.299s] -- Installing: /home/maroqi/Projects/ROS2Projects/ros2-tutorial/install/turtlesim/include/turtlesim/msg/detail/pose__rosidl_typesupport_introspection_c.h
[222.299s] -- Installing: /home/maroqi/Projects/ROS2Projects/ros2-tutorial/install/turtlesim/include/turtlesim/msg/rosidl_typesupport_introspection_c__visibility_control.h
[222.300s] -- Installing: /home/maroqi/Projects/ROS2Projects/ros2-tutorial/install/turtlesim/lib/libturtlesim__rosidl_typesupport_introspection_c.so
[222.301s] -- Set runtime path of "/home/maroqi/Projects/ROS2Projects/ros2-tutorial/install/turtlesim/lib/libturtlesim__rosidl_typesupport_introspection_c.so" to ""
[222.302s] -- Installing: /home/maroqi/Projects/ROS2Projects/ros2-tutorial/install/turtlesim/lib/libturtlesim__rosidl_typesupport_c.so
[222.302s] -- Set runtime path of "/home/maroqi/Projects/ROS2Projects/ros2-tutorial/install/turtlesim/lib/libturtlesim__rosidl_typesupport_c.so" to ""
[222.303s] -- Up-to-date: /home/maroqi/Projects/ROS2Projects/ros2-tutorial/install/turtlesim/include/turtlesim
[222.303s] -- Up-to-date: /home/maroqi/Projects/ROS2Projects/ros2-tutorial/install/turtlesim/include/turtlesim/action
[222.304s] -- Up-to-date: /home/maroqi/Projects/ROS2Projects/ros2-tutorial/install/turtlesim/include/turtlesim/action/detail
[222.304s] -- Installing: /home/maroqi/Projects/ROS2Projects/ros2-tutorial/install/turtlesim/include/turtlesim/action/detail/rotate_absolute__traits.hpp
[222.304s] -- Installing: /home/maroqi/Projects/ROS2Projects/ros2-tutorial/install/turtlesim/include/turtlesim/action/detail/rotate_absolute__builder.hpp
[222.305s] -- Installing: /home/maroqi/Projects/ROS2Projects/ros2-tutorial/install/turtlesim/include/turtlesim/action/detail/rotate_absolute__struct.hpp
[222.305s] -- Installing: /home/maroqi/Projects/ROS2Projects/ros2-tutorial/install/turtlesim/include/turtlesim/action/rotate_absolute.hpp
[222.305s] -- Up-to-date: /home/maroqi/Projects/ROS2Projects/ros2-tutorial/install/turtlesim/include/turtlesim/srv
[222.306s] -- Up-to-date: /home/maroqi/Projects/ROS2Projects/ros2-tutorial/install/turtlesim/include/turtlesim/srv/detail
[222.307s] -- Installing: /home/maroqi/Projects/ROS2Projects/ros2-tutorial/install/turtlesim/include/turtlesim/srv/detail/teleport_relative__struct.hpp
[222.308s] -- Installing: /home/maroqi/Projects/ROS2Projects/ros2-tutorial/install/turtlesim/include/turtlesim/srv/detail/set_pen__struct.hpp
[222.311s] -- Installing: /home/maroqi/Projects/ROS2Projects/ros2-tutorial/install/turtlesim/include/turtlesim/srv/detail/kill__traits.hpp
[222.311s] -- Installing: /home/maroqi/Projects/ROS2Projects/ros2-tutorial/install/turtlesim/include/turtlesim/srv/detail/spawn__builder.hpp
[222.311s] -- Installing: /home/maroqi/Projects/ROS2Projects/ros2-tutorial/install/turtlesim/include/turtlesim/srv/detail/teleport_absolute__traits.hpp
[222.312s] -- Installing: /home/maroqi/Projects/ROS2Projects/ros2-tutorial/install/turtlesim/include/turtlesim/srv/detail/spawn__struct.hpp
[222.312s] -- Installing: /home/maroqi/Projects/ROS2Projects/ros2-tutorial/install/turtlesim/include/turtlesim/srv/detail/kill__builder.hpp
[222.312s] -- Installing: /home/maroqi/Projects/ROS2Projects/ros2-tutorial/install/turtlesim/include/turtlesim/srv/detail/teleport_relative__builder.hpp
[222.312s] -- Installing: /home/maroqi/Projects/ROS2Projects/ros2-tutorial/install/turtlesim/include/turtlesim/srv/detail/teleport_absolute__struct.hpp
[222.312s] -- Installing: /home/maroqi/Projects/ROS2Projects/ros2-tutorial/install/turtlesim/include/turtlesim/srv/detail/set_pen__builder.hpp
[222.313s] -- Installing: /home/maroqi/Projects/ROS2Projects/ros2-tutorial/install/turtlesim/include/turtlesim/srv/detail/set_pen__traits.hpp
[222.314s] -- Installing: /home/maroqi/Projects/ROS2Projects/ros2-tutorial/install/turtlesim/include/turtlesim/srv/detail/spawn__traits.hpp
[222.317s] -- Installing: /home/maroqi/Projects/ROS2Projects/ros2-tutorial/install/turtlesim/include/turtlesim/srv/detail/teleport_absolute__builder.hpp
[222.317s] -- Installing: /home/maroqi/Projects/ROS2Projects/ros2-tutorial/install/turtlesim/include/turtlesim/srv/detail/teleport_relative__traits.hpp
[222.318s] -- Installing: /home/maroqi/Projects/ROS2Projects/ros2-tutorial/install/turtlesim/include/turtlesim/srv/detail/kill__struct.hpp
[222.318s] -- Installing: /home/maroqi/Projects/ROS2Projects/ros2-tutorial/install/turtlesim/include/turtlesim/srv/spawn.hpp
[222.318s] -- Installing: /home/maroqi/Projects/ROS2Projects/ros2-tutorial/install/turtlesim/include/turtlesim/srv/teleport_absolute.hpp
[222.318s] -- Installing: /home/maroqi/Projects/ROS2Projects/ros2-tutorial/install/turtlesim/include/turtlesim/srv/kill.hpp
[222.318s] -- Installing: /home/maroqi/Projects/ROS2Projects/ros2-tutorial/install/turtlesim/include/turtlesim/srv/set_pen.hpp
[222.319s] -- Installing: /home/maroqi/Projects/ROS2Projects/ros2-tutorial/install/turtlesim/include/turtlesim/srv/teleport_relative.hpp
[222.319s] -- Up-to-date: /home/maroqi/Projects/ROS2Projects/ros2-tutorial/install/turtlesim/include/turtlesim/msg
[222.319s] -- Up-to-date: /home/maroqi/Projects/ROS2Projects/ros2-tutorial/install/turtlesim/include/turtlesim/msg/detail
[222.319s] -- Installing: /home/maroqi/Projects/ROS2Projects/ros2-tutorial/install/turtlesim/include/turtlesim/msg/detail/pose__struct.hpp
[222.320s] -- Installing: /home/maroqi/Projects/ROS2Projects/ros2-tutorial/install/turtlesim/include/turtlesim/msg/detail/color__struct.hpp
[222.320s] -- Installing: /home/maroqi/Projects/ROS2Projects/ros2-tutorial/install/turtlesim/include/turtlesim/msg/detail/color__traits.hpp
[222.321s] -- Installing: /home/maroqi/Projects/ROS2Projects/ros2-tutorial/install/turtlesim/include/turtlesim/msg/detail/color__builder.hpp
[222.321s] -- Installing: /home/maroqi/Projects/ROS2Projects/ros2-tutorial/install/turtlesim/include/turtlesim/msg/detail/pose__builder.hpp
[222.321s] -- Installing: /home/maroqi/Projects/ROS2Projects/ros2-tutorial/install/turtlesim/include/turtlesim/msg/detail/pose__traits.hpp
[222.321s] -- Installing: /home/maroqi/Projects/ROS2Projects/ros2-tutorial/install/turtlesim/include/turtlesim/msg/color.hpp
[222.322s] -- Installing: /home/maroqi/Projects/ROS2Projects/ros2-tutorial/install/turtlesim/include/turtlesim/msg/pose.hpp
[222.322s] -- Up-to-date: /home/maroqi/Projects/ROS2Projects/ros2-tutorial/install/turtlesim/include/turtlesim
[222.322s] -- Up-to-date: /home/maroqi/Projects/ROS2Projects/ros2-tutorial/install/turtlesim/include/turtlesim/action
[222.322s] -- Up-to-date: /home/maroqi/Projects/ROS2Projects/ros2-tutorial/install/turtlesim/include/turtlesim/action/detail
[222.322s] -- Installing: /home/maroqi/Projects/ROS2Projects/ros2-tutorial/install/turtlesim/include/turtlesim/action/detail/rotate_absolute__type_support.cpp
[222.323s] -- Installing: /home/maroqi/Projects/ROS2Projects/ros2-tutorial/install/turtlesim/include/turtlesim/action/detail/rotate_absolute__rosidl_typesupport_introspection_cpp.hpp
[222.323s] -- Up-to-date: /home/maroqi/Projects/ROS2Projects/ros2-tutorial/install/turtlesim/include/turtlesim/srv
[222.323s] -- Up-to-date: /home/maroqi/Projects/ROS2Projects/ros2-tutorial/install/turtlesim/include/turtlesim/srv/detail
[222.323s] -- Installing: /home/maroqi/Projects/ROS2Projects/ros2-tutorial/install/turtlesim/include/turtlesim/srv/detail/kill__rosidl_typesupport_introspection_cpp.hpp
[222.323s] -- Installing: /home/maroqi/Projects/ROS2Projects/ros2-tutorial/install/turtlesim/include/turtlesim/srv/detail/teleport_relative__rosidl_typesupport_introspection_cpp.hpp
[222.325s] -- Installing: /home/maroqi/Projects/ROS2Projects/ros2-tutorial/install/turtlesim/include/turtlesim/srv/detail/set_pen__rosidl_typesupport_introspection_cpp.hpp
[222.325s] -- Installing: /home/maroqi/Projects/ROS2Projects/ros2-tutorial/install/turtlesim/include/turtlesim/srv/detail/teleport_absolute__type_support.cpp
[222.325s] -- Installing: /home/maroqi/Projects/ROS2Projects/ros2-tutorial/install/turtlesim/include/turtlesim/srv/detail/teleport_relative__type_support.cpp
[222.326s] -- Installing: /home/maroqi/Projects/ROS2Projects/ros2-tutorial/install/turtlesim/include/turtlesim/srv/detail/kill__type_support.cpp
[222.326s] -- Installing: /home/maroqi/Projects/ROS2Projects/ros2-tutorial/install/turtlesim/include/turtlesim/srv/detail/set_pen__type_support.cpp
[222.327s] -- Installing: /home/maroqi/Projects/ROS2Projects/ros2-tutorial/install/turtlesim/include/turtlesim/srv/detail/spawn__type_support.cpp
[222.327s] -- Installing: /home/maroqi/Projects/ROS2Projects/ros2-tutorial/install/turtlesim/include/turtlesim/srv/detail/spawn__rosidl_typesupport_introspection_cpp.hpp
[222.327s] -- Installing: /home/maroqi/Projects/ROS2Projects/ros2-tutorial/install/turtlesim/include/turtlesim/srv/detail/teleport_absolute__rosidl_typesupport_introspection_cpp.hpp
[222.327s] -- Up-to-date: /home/maroqi/Projects/ROS2Projects/ros2-tutorial/install/turtlesim/include/turtlesim/msg
[222.327s] -- Up-to-date: /home/maroqi/Projects/ROS2Projects/ros2-tutorial/install/turtlesim/include/turtlesim/msg/detail
[222.327s] -- Installing: /home/maroqi/Projects/ROS2Projects/ros2-tutorial/install/turtlesim/include/turtlesim/msg/detail/pose__type_support.cpp
[222.327s] -- Installing: /home/maroqi/Projects/ROS2Projects/ros2-tutorial/install/turtlesim/include/turtlesim/msg/detail/pose__rosidl_typesupport_introspection_cpp.hpp
[222.328s] -- Installing: /home/maroqi/Projects/ROS2Projects/ros2-tutorial/install/turtlesim/include/turtlesim/msg/detail/color__rosidl_typesupport_introspection_cpp.hpp
[222.328s] -- Installing: /home/maroqi/Projects/ROS2Projects/ros2-tutorial/install/turtlesim/include/turtlesim/msg/detail/color__type_support.cpp
[222.328s] -- Installing: /home/maroqi/Projects/ROS2Projects/ros2-tutorial/install/turtlesim/lib/libturtlesim__rosidl_typesupport_introspection_cpp.so
[222.328s] -- Set runtime path of "/home/maroqi/Projects/ROS2Projects/ros2-tutorial/install/turtlesim/lib/libturtlesim__rosidl_typesupport_introspection_cpp.so" to ""
[222.329s] -- Installing: /home/maroqi/Projects/ROS2Projects/ros2-tutorial/install/turtlesim/lib/libturtlesim__rosidl_typesupport_cpp.so
[222.337s] -- Set runtime path of "/home/maroqi/Projects/ROS2Projects/ros2-tutorial/install/turtlesim/lib/libturtlesim__rosidl_typesupport_cpp.so" to ""
[222.337s] -- Installing: /home/maroqi/Projects/ROS2Projects/ros2-tutorial/install/turtlesim/share/turtlesim/environment/pythonpath.sh
[222.337s] -- Installing: /home/maroqi/Projects/ROS2Projects/ros2-tutorial/install/turtlesim/share/turtlesim/environment/pythonpath.dsv
[222.337s] -- Installing: /home/maroqi/Projects/ROS2Projects/ros2-tutorial/install/turtlesim/lib/python3.8/site-packages/turtlesim/__init__.py
[222.392s] Compiling '/home/maroqi/Projects/ROS2Projects/ros2-tutorial/install/turtlesim/lib/python3.8/site-packages/turtlesim/__init__.py'...
[222.412s] -- Installing: /home/maroqi/Projects/ROS2Projects/ros2-tutorial/install/turtlesim/lib/python3.8/site-packages/turtlesim/action
[222.412s] -- Installing: /home/maroqi/Projects/ROS2Projects/ros2-tutorial/install/turtlesim/lib/python3.8/site-packages/turtlesim/action/_rotate_absolute_s.c
[222.413s] -- Installing: /home/maroqi/Projects/ROS2Projects/ros2-tutorial/install/turtlesim/lib/python3.8/site-packages/turtlesim/action/_rotate_absolute.py
[222.413s] -- Installing: /home/maroqi/Projects/ROS2Projects/ros2-tutorial/install/turtlesim/lib/python3.8/site-packages/turtlesim/action/__init__.py
[222.413s] -- Installing: /home/maroqi/Projects/ROS2Projects/ros2-tutorial/install/turtlesim/lib/python3.8/site-packages/turtlesim/msg
[222.414s] -- Installing: /home/maroqi/Projects/ROS2Projects/ros2-tutorial/install/turtlesim/lib/python3.8/site-packages/turtlesim/msg/_pose.py
[222.414s] -- Installing: /home/maroqi/Projects/ROS2Projects/ros2-tutorial/install/turtlesim/lib/python3.8/site-packages/turtlesim/msg/_color.py
[222.415s] -- Installing: /home/maroqi/Projects/ROS2Projects/ros2-tutorial/install/turtlesim/lib/python3.8/site-packages/turtlesim/msg/_pose_s.c
[222.415s] -- Installing: /home/maroqi/Projects/ROS2Projects/ros2-tutorial/install/turtlesim/lib/python3.8/site-packages/turtlesim/msg/__init__.py
[222.415s] -- Installing: /home/maroqi/Projects/ROS2Projects/ros2-tutorial/install/turtlesim/lib/python3.8/site-packages/turtlesim/msg/_color_s.c
[222.415s] -- Installing: /home/maroqi/Projects/ROS2Projects/ros2-tutorial/install/turtlesim/lib/python3.8/site-packages/turtlesim/srv
[222.416s] -- Installing: /home/maroqi/Projects/ROS2Projects/ros2-tutorial/install/turtlesim/lib/python3.8/site-packages/turtlesim/srv/_spawn_s.c
[222.416s] -- Installing: /home/maroqi/Projects/ROS2Projects/ros2-tutorial/install/turtlesim/lib/python3.8/site-packages/turtlesim/srv/_teleport_absolute.py
[222.417s] -- Installing: /home/maroqi/Projects/ROS2Projects/ros2-tutorial/install/turtlesim/lib/python3.8/site-packages/turtlesim/srv/_teleport_relative_s.c
[222.417s] -- Installing: /home/maroqi/Projects/ROS2Projects/ros2-tutorial/install/turtlesim/lib/python3.8/site-packages/turtlesim/srv/_spawn.py
[222.417s] -- Installing: /home/maroqi/Projects/ROS2Projects/ros2-tutorial/install/turtlesim/lib/python3.8/site-packages/turtlesim/srv/_teleport_relative.py
[222.418s] -- Installing: /home/maroqi/Projects/ROS2Projects/ros2-tutorial/install/turtlesim/lib/python3.8/site-packages/turtlesim/srv/__init__.py
[222.418s] -- Installing: /home/maroqi/Projects/ROS2Projects/ros2-tutorial/install/turtlesim/lib/python3.8/site-packages/turtlesim/srv/_set_pen.py
[222.418s] -- Installing: /home/maroqi/Projects/ROS2Projects/ros2-tutorial/install/turtlesim/lib/python3.8/site-packages/turtlesim/srv/_set_pen_s.c
[222.418s] -- Installing: /home/maroqi/Projects/ROS2Projects/ros2-tutorial/install/turtlesim/lib/python3.8/site-packages/turtlesim/srv/_teleport_absolute_s.c
[222.419s] -- Installing: /home/maroqi/Projects/ROS2Projects/ros2-tutorial/install/turtlesim/lib/python3.8/site-packages/turtlesim/srv/_kill.py
[222.420s] -- Installing: /home/maroqi/Projects/ROS2Projects/ros2-tutorial/install/turtlesim/lib/python3.8/site-packages/turtlesim/srv/_kill_s.c
[222.420s] -- Installing: /home/maroqi/Projects/ROS2Projects/ros2-tutorial/install/turtlesim/lib/python3.8/site-packages/turtlesim/turtlesim_s__rosidl_typesupport_fastrtps_c.cpython-38-x86_64-linux-gnu.so
[222.421s] -- Set runtime path of "/home/maroqi/Projects/ROS2Projects/ros2-tutorial/install/turtlesim/lib/python3.8/site-packages/turtlesim/turtlesim_s__rosidl_typesupport_fastrtps_c.cpython-38-x86_64-linux-gnu.so" to ""
[222.425s] -- Installing: /home/maroqi/Projects/ROS2Projects/ros2-tutorial/install/turtlesim/lib/python3.8/site-packages/turtlesim/turtlesim_s__rosidl_typesupport_introspection_c.cpython-38-x86_64-linux-gnu.so
[222.426s] -- Set runtime path of "/home/maroqi/Projects/ROS2Projects/ros2-tutorial/install/turtlesim/lib/python3.8/site-packages/turtlesim/turtlesim_s__rosidl_typesupport_introspection_c.cpython-38-x86_64-linux-gnu.so" to ""
[222.426s] -- Installing: /home/maroqi/Projects/ROS2Projects/ros2-tutorial/install/turtlesim/lib/python3.8/site-packages/turtlesim/turtlesim_s__rosidl_typesupport_c.cpython-38-x86_64-linux-gnu.so
[222.427s] -- Set runtime path of "/home/maroqi/Projects/ROS2Projects/ros2-tutorial/install/turtlesim/lib/python3.8/site-packages/turtlesim/turtlesim_s__rosidl_typesupport_c.cpython-38-x86_64-linux-gnu.so" to ""
[222.427s] -- Installing: /home/maroqi/Projects/ROS2Projects/ros2-tutorial/install/turtlesim/lib/libturtlesim__python.so
[222.428s] -- Set runtime path of "/home/maroqi/Projects/ROS2Projects/ros2-tutorial/install/turtlesim/lib/libturtlesim__python.so" to ""
[222.429s] -- Installing: /home/maroqi/Projects/ROS2Projects/ros2-tutorial/install/turtlesim/share/turtlesim/action/RotateAbsolute.idl
[222.429s] -- Installing: /home/maroqi/Projects/ROS2Projects/ros2-tutorial/install/turtlesim/share/turtlesim/msg/Color.idl
[222.431s] -- Installing: /home/maroqi/Projects/ROS2Projects/ros2-tutorial/install/turtlesim/share/turtlesim/msg/Pose.idl
[222.431s] -- Installing: /home/maroqi/Projects/ROS2Projects/ros2-tutorial/install/turtlesim/share/turtlesim/srv/Kill.idl
[222.432s] -- Installing: /home/maroqi/Projects/ROS2Projects/ros2-tutorial/install/turtlesim/share/turtlesim/srv/SetPen.idl
[222.432s] -- Installing: /home/maroqi/Projects/ROS2Projects/ros2-tutorial/install/turtlesim/share/turtlesim/srv/Spawn.idl
[222.433s] -- Installing: /home/maroqi/Projects/ROS2Projects/ros2-tutorial/install/turtlesim/share/turtlesim/srv/TeleportAbsolute.idl
[222.438s] -- Installing: /home/maroqi/Projects/ROS2Projects/ros2-tutorial/install/turtlesim/share/turtlesim/srv/TeleportRelative.idl
[222.440s] -- Installing: /home/maroqi/Projects/ROS2Projects/ros2-tutorial/install/turtlesim/share/turtlesim/action/RotateAbsolute.action
[222.440s] -- Installing: /home/maroqi/Projects/ROS2Projects/ros2-tutorial/install/turtlesim/share/turtlesim/msg/Color.msg
[222.442s] -- Installing: /home/maroqi/Projects/ROS2Projects/ros2-tutorial/install/turtlesim/share/turtlesim/msg/Pose.msg
[222.443s] -- Installing: /home/maroqi/Projects/ROS2Projects/ros2-tutorial/install/turtlesim/share/turtlesim/srv/Kill.srv
[222.446s] -- Installing: /home/maroqi/Projects/ROS2Projects/ros2-tutorial/install/turtlesim/share/turtlesim/srv/Kill_Request.msg
[222.446s] -- Installing: /home/maroqi/Projects/ROS2Projects/ros2-tutorial/install/turtlesim/share/turtlesim/srv/Kill_Response.msg
[222.447s] -- Installing: /home/maroqi/Projects/ROS2Projects/ros2-tutorial/install/turtlesim/share/turtlesim/srv/SetPen.srv
[222.447s] -- Installing: /home/maroqi/Projects/ROS2Projects/ros2-tutorial/install/turtlesim/share/turtlesim/srv/SetPen_Request.msg
[222.449s] -- Installing: /home/maroqi/Projects/ROS2Projects/ros2-tutorial/install/turtlesim/share/turtlesim/srv/SetPen_Response.msg
[222.449s] -- Installing: /home/maroqi/Projects/ROS2Projects/ros2-tutorial/install/turtlesim/share/turtlesim/srv/Spawn.srv
[222.449s] -- Installing: /home/maroqi/Projects/ROS2Projects/ros2-tutorial/install/turtlesim/share/turtlesim/srv/Spawn_Request.msg
[222.449s] -- Installing: /home/maroqi/Projects/ROS2Projects/ros2-tutorial/install/turtlesim/share/turtlesim/srv/Spawn_Response.msg
[222.449s] -- Installing: /home/maroqi/Projects/ROS2Projects/ros2-tutorial/install/turtlesim/share/turtlesim/srv/TeleportAbsolute.srv
[222.450s] -- Installing: /home/maroqi/Projects/ROS2Projects/ros2-tutorial/install/turtlesim/share/turtlesim/srv/TeleportAbsolute_Request.msg
[222.450s] -- Installing: /home/maroqi/Projects/ROS2Projects/ros2-tutorial/install/turtlesim/share/turtlesim/srv/TeleportAbsolute_Response.msg
[222.450s] -- Installing: /home/maroqi/Projects/ROS2Projects/ros2-tutorial/install/turtlesim/share/turtlesim/srv/TeleportRelative.srv
[222.450s] -- Installing: /home/maroqi/Projects/ROS2Projects/ros2-tutorial/install/turtlesim/share/turtlesim/srv/TeleportRelative_Request.msg
[222.450s] -- Installing: /home/maroqi/Projects/ROS2Projects/ros2-tutorial/install/turtlesim/share/turtlesim/srv/TeleportRelative_Response.msg
[222.451s] -- Installing: /home/maroqi/Projects/ROS2Projects/ros2-tutorial/install/turtlesim/lib/turtlesim/turtlesim_node
[222.468s] -- Set runtime path of "/home/maroqi/Projects/ROS2Projects/ros2-tutorial/install/turtlesim/lib/turtlesim/turtlesim_node" to ""
[222.469s] -- Installing: /home/maroqi/Projects/ROS2Projects/ros2-tutorial/install/turtlesim/lib/turtlesim/turtle_teleop_key
[222.473s] -- Set runtime path of "/home/maroqi/Projects/ROS2Projects/ros2-tutorial/install/turtlesim/lib/turtlesim/turtle_teleop_key" to ""
[222.473s] -- Installing: /home/maroqi/Projects/ROS2Projects/ros2-tutorial/install/turtlesim/lib/turtlesim/draw_square
[222.481s] -- Set runtime path of "/home/maroqi/Projects/ROS2Projects/ros2-tutorial/install/turtlesim/lib/turtlesim/draw_square" to ""
[222.481s] -- Installing: /home/maroqi/Projects/ROS2Projects/ros2-tutorial/install/turtlesim/lib/turtlesim/mimic
[222.486s] -- Set runtime path of "/home/maroqi/Projects/ROS2Projects/ros2-tutorial/install/turtlesim/lib/turtlesim/mimic" to ""
[222.486s] -- Installing: /home/maroqi/Projects/ROS2Projects/ros2-tutorial/install/turtlesim/share/turtlesim/images
[222.487s] -- Installing: /home/maroqi/Projects/ROS2Projects/ros2-tutorial/install/turtlesim/share/turtlesim/images/ardent.png
[222.487s] -- Installing: /home/maroqi/Projects/ROS2Projects/ros2-tutorial/install/turtlesim/share/turtlesim/images/foxy.png
[222.489s] -- Installing: /home/maroqi/Projects/ROS2Projects/ros2-tutorial/install/turtlesim/share/turtlesim/images/crystal.png
[222.490s] -- Installing: /home/maroqi/Projects/ROS2Projects/ros2-tutorial/install/turtlesim/share/turtlesim/images/eloquent.png
[222.493s] -- Installing: /home/maroqi/Projects/ROS2Projects/ros2-tutorial/install/turtlesim/share/turtlesim/images/bouncy.png
[222.494s] -- Installing: /home/maroqi/Projects/ROS2Projects/ros2-tutorial/install/turtlesim/share/turtlesim/images/dashing.png
[222.497s] -- Installing: /home/maroqi/Projects/ROS2Projects/ros2-tutorial/install/turtlesim/share/turtlesim/launch
[222.499s] -- Installing: /home/maroqi/Projects/ROS2Projects/ros2-tutorial/install/turtlesim/share/turtlesim/launch/multisim.launch.py
[222.502s] -- Installing: /home/maroqi/Projects/ROS2Projects/ros2-tutorial/install/turtlesim/share/ament_index/resource_index/package_run_dependencies/turtlesim
[222.505s] -- Installing: /home/maroqi/Projects/ROS2Projects/ros2-tutorial/install/turtlesim/share/ament_index/resource_index/parent_prefix_path/turtlesim
[222.509s] -- Installing: /home/maroqi/Projects/ROS2Projects/ros2-tutorial/install/turtlesim/share/turtlesim/environment/ament_prefix_path.sh
[222.510s] -- Installing: /home/maroqi/Projects/ROS2Projects/ros2-tutorial/install/turtlesim/share/turtlesim/environment/ament_prefix_path.dsv
[222.512s] -- Installing: /home/maroqi/Projects/ROS2Projects/ros2-tutorial/install/turtlesim/share/turtlesim/environment/path.sh
[222.512s] -- Installing: /home/maroqi/Projects/ROS2Projects/ros2-tutorial/install/turtlesim/share/turtlesim/environment/path.dsv
[222.512s] -- Installing: /home/maroqi/Projects/ROS2Projects/ros2-tutorial/install/turtlesim/share/turtlesim/local_setup.bash
[222.513s] -- Installing: /home/maroqi/Projects/ROS2Projects/ros2-tutorial/install/turtlesim/share/turtlesim/local_setup.sh
[222.513s] -- Installing: /home/maroqi/Projects/ROS2Projects/ros2-tutorial/install/turtlesim/share/turtlesim/local_setup.zsh
[222.513s] -- Installing: /home/maroqi/Projects/ROS2Projects/ros2-tutorial/install/turtlesim/share/turtlesim/local_setup.dsv
[222.513s] -- Installing: /home/maroqi/Projects/ROS2Projects/ros2-tutorial/install/turtlesim/share/turtlesim/package.dsv
[222.513s] -- Installing: /home/maroqi/Projects/ROS2Projects/ros2-tutorial/install/turtlesim/share/ament_index/resource_index/packages/turtlesim
[222.513s] -- Installing: /home/maroqi/Projects/ROS2Projects/ros2-tutorial/install/turtlesim/share/turtlesim/cmake/turtlesim__rosidl_generator_cExport.cmake
[222.514s] -- Installing: /home/maroqi/Projects/ROS2Projects/ros2-tutorial/install/turtlesim/share/turtlesim/cmake/turtlesim__rosidl_generator_cExport-noconfig.cmake
[222.514s] -- Installing: /home/maroqi/Projects/ROS2Projects/ros2-tutorial/install/turtlesim/share/turtlesim/cmake/turtlesim__rosidl_typesupport_introspection_cExport.cmake
[222.514s] -- Installing: /home/maroqi/Projects/ROS2Projects/ros2-tutorial/install/turtlesim/share/turtlesim/cmake/turtlesim__rosidl_typesupport_introspection_cExport-noconfig.cmake
[222.514s] -- Installing: /home/maroqi/Projects/ROS2Projects/ros2-tutorial/install/turtlesim/share/turtlesim/cmake/turtlesim__rosidl_typesupport_cExport.cmake
[222.514s] -- Installing: /home/maroqi/Projects/ROS2Projects/ros2-tutorial/install/turtlesim/share/turtlesim/cmake/turtlesim__rosidl_typesupport_cExport-noconfig.cmake
[222.519s] -- Installing: /home/maroqi/Projects/ROS2Projects/ros2-tutorial/install/turtlesim/share/turtlesim/cmake/turtlesim__rosidl_generator_cppExport.cmake
[222.519s] -- Installing: /home/maroqi/Projects/ROS2Projects/ros2-tutorial/install/turtlesim/share/turtlesim/cmake/turtlesim__rosidl_typesupport_introspection_cppExport.cmake
[222.519s] -- Installing: /home/maroqi/Projects/ROS2Projects/ros2-tutorial/install/turtlesim/share/turtlesim/cmake/turtlesim__rosidl_typesupport_introspection_cppExport-noconfig.cmake
[222.520s] -- Installing: /home/maroqi/Projects/ROS2Projects/ros2-tutorial/install/turtlesim/share/turtlesim/cmake/turtlesim__rosidl_typesupport_cppExport.cmake
[222.520s] -- Installing: /home/maroqi/Projects/ROS2Projects/ros2-tutorial/install/turtlesim/share/turtlesim/cmake/turtlesim__rosidl_typesupport_cppExport-noconfig.cmake
[222.520s] -- Installing: /home/maroqi/Projects/ROS2Projects/ros2-tutorial/install/turtlesim/share/turtlesim/cmake/rosidl_cmake-extras.cmake
[222.520s] -- Installing: /home/maroqi/Projects/ROS2Projects/ros2-tutorial/install/turtlesim/share/turtlesim/cmake/ament_cmake_export_dependencies-extras.cmake
[222.524s] -- Installing: /home/maroqi/Projects/ROS2Projects/ros2-tutorial/install/turtlesim/share/turtlesim/cmake/ament_cmake_export_libraries-extras.cmake
[222.528s] -- Installing: /home/maroqi/Projects/ROS2Projects/ros2-tutorial/install/turtlesim/share/turtlesim/cmake/ament_cmake_export_targets-extras.cmake
[222.528s] -- Installing: /home/maroqi/Projects/ROS2Projects/ros2-tutorial/install/turtlesim/share/turtlesim/cmake/ament_cmake_export_include_directories-extras.cmake
[222.528s] -- Installing: /home/maroqi/Projects/ROS2Projects/ros2-tutorial/install/turtlesim/share/turtlesim/cmake/rosidl_cmake_export_typesupport_libraries-extras.cmake
[222.529s] -- Installing: /home/maroqi/Projects/ROS2Projects/ros2-tutorial/install/turtlesim/share/turtlesim/cmake/rosidl_cmake_export_typesupport_targets-extras.cmake
[222.529s] -- Installing: /home/maroqi/Projects/ROS2Projects/ros2-tutorial/install/turtlesim/share/turtlesim/cmake/turtlesimConfig.cmake
[222.529s] -- Installing: /home/maroqi/Projects/ROS2Projects/ros2-tutorial/install/turtlesim/share/turtlesim/cmake/turtlesimConfig-version.cmake
[222.529s] -- Installing: /home/maroqi/Projects/ROS2Projects/ros2-tutorial/install/turtlesim/share/turtlesim/package.xml
[222.529s] Invoked command in '/home/maroqi/Projects/ROS2Projects/ros2-tutorial/build/turtlesim' returned '0': CMAKE_PREFIX_PATH=/opt/ros/foxy /usr/bin/cmake --install /home/maroqi/Projects/ROS2Projects/ros2-tutorial/build/turtlesim
