[0.043s] Invoking command in '/home/maroqi/Projects/ROS2Projects/ros2-tutorial/build/more_interfaces': CMAKE_PREFIX_PATH=${CMAKE_PREFIX_PATH}:/opt/ros/foxy /usr/bin/cmake /home/maroqi/Projects/ROS2Projects/ros2-tutorial/src/more_interfaces -DCMAKE_INSTALL_PREFIX=/home/maroqi/Projects/ROS2Projects/ros2-tutorial/install/more_interfaces
[0.077s] -- Found ament_cmake: 0.9.8 (/opt/ros/foxy/share/ament_cmake/cmake)
[0.128s] -- Using PYTHON_EXECUTABLE: /usr/bin/python3
[0.529s] -- Found rosidl_default_generators: 1.0.0 (/opt/ros/foxy/share/rosidl_default_generators/cmake)
[0.536s] -- Using all available rosidl_typesupport_c: rosidl_typesupport_fastrtps_c;rosidl_typesupport_introspection_c
[0.547s] -- Found rosidl_adapter: 1.2.0 (/opt/ros/foxy/share/rosidl_adapter/cmake)
[0.798s] -- Using all available rosidl_typesupport_cpp: rosidl_typesupport_fastrtps_cpp;rosidl_typesupport_introspection_cpp
[0.850s] -- Found rclcpp: 2.3.0 (/opt/ros/foxy/share/rclcpp/cmake)
[0.961s] -- Found rmw_implementation_cmake: 1.0.2 (/opt/ros/foxy/share/rmw_implementation_cmake/cmake)
[0.967s] -- Using RMW implementation 'rmw_fastrtps_cpp' as default
[1.370s] -- Found PythonInterp: /usr/bin/python3 (found version "3.8.5") 
[1.658s] -- Found ament_cmake_ros: 0.9.1 (/opt/ros/foxy/share/ament_cmake_ros/cmake)
[1.871s] -- Using all available rosidl_typesupport_c: rosidl_typesupport_fastrtps_c;rosidl_typesupport_introspection_c
[1.891s] -- Using all available rosidl_typesupport_cpp: rosidl_typesupport_fastrtps_cpp;rosidl_typesupport_introspection_cpp
[1.954s] -- Found PythonInterp: /usr/bin/python3 (found suitable version "3.8.5", minimum required is "3.5") 
[1.957s] -- Found python_cmake_module: 0.8.0 (/opt/ros/foxy/share/python_cmake_module/cmake)
[2.014s] -- Found PythonLibs: /usr/lib/x86_64-linux-gnu/libpython3.8.so (found suitable version "3.8.5", minimum required is "3.5") 
[2.016s] -- Using PYTHON_EXECUTABLE: /usr/bin/python3
[2.017s] -- Using PYTHON_INCLUDE_DIRS: /usr/include/python3.8
[2.017s] -- Using PYTHON_LIBRARIES: /usr/lib/x86_64-linux-gnu/libpython3.8.so
[2.080s] -- Found PythonExtra: .so  
[2.209s] CMake Error at CMakeLists.txt:36 (install):
[2.209s]   install TARGETS given target "DESTINATIONS" which does not exist.
[2.210s] 
[2.210s] 
[2.214s] -- Found ament_lint_auto: 0.9.6 (/opt/ros/foxy/share/ament_lint_auto/cmake)
[2.286s] -- Added test 'copyright' to check source files copyright and LICENSE
[2.292s] -- Added test 'cppcheck' to perform static code analysis on C / C++ code
[2.300s] -- Configured cppcheck include dirs: 
[2.301s] -- Configured cppcheck exclude dirs and/or files: 
[2.304s] -- Added test 'cpplint' to check C / C++ code against the Google style
[2.307s] -- Configured cpplint exclude dirs and/or files: 
[2.310s] -- Added test 'lint_cmake' to check CMake code style
[2.315s] -- Added test 'uncrustify' to check C / C++ code style
[2.316s] -- Configured uncrustify additional arguments: 
[2.319s] -- Added test 'xmllint' to check XML markup files
[2.337s] -- Configuring incomplete, errors occurred!
[2.337s] See also "/home/maroqi/Projects/ROS2Projects/ros2-tutorial/build/more_interfaces/CMakeFiles/CMakeOutput.log".
[2.338s] See also "/home/maroqi/Projects/ROS2Projects/ros2-tutorial/build/more_interfaces/CMakeFiles/CMakeError.log".
[2.373s] Invoked command in '/home/maroqi/Projects/ROS2Projects/ros2-tutorial/build/more_interfaces' returned '1': CMAKE_PREFIX_PATH=${CMAKE_PREFIX_PATH}:/opt/ros/foxy /usr/bin/cmake /home/maroqi/Projects/ROS2Projects/ros2-tutorial/src/more_interfaces -DCMAKE_INSTALL_PREFIX=/home/maroqi/Projects/ROS2Projects/ros2-tutorial/install/more_interfaces
