[1.006s] DEBUG:colcon:Command line arguments: ['/usr/bin/colcon', 'list', '-p', '--base-paths', '/home/maroqi/Projects/ROS2Projects/ros2-tutorial']
[1.011s] DEBUG:colcon:Parsed command line arguments: Namespace(base_paths=['/home/maroqi/Projects/ROS2Projects/ros2-tutorial'], build_base='build', ignore_user_meta=False, log_base=None, log_level=None, main=<bound method ListVerb.main of <colcon_package_information.verb.list.ListVerb object at 0x7f6362a5c8b0>>, metas=['./colcon.meta'], names_only=False, packages_above=None, packages_above_and_dependencies=None, packages_above_depth=None, packages_end=None, packages_ignore=None, packages_ignore_regex=None, packages_select=None, packages_select_build_failed=False, packages_select_by_dep=None, packages_select_regex=None, packages_select_test_failures=False, packages_skip=None, packages_skip_build_finished=False, packages_skip_by_dep=None, packages_skip_regex=None, packages_skip_test_passed=False, packages_skip_up_to=None, packages_start=None, packages_up_to=None, packages_up_to_regex=None, paths=None, paths_only=True, topological_graph=False, topological_graph_density=False, topological_graph_dot=False, topological_graph_dot_cluster=False, topological_graph_dot_include_skipped=False, topological_graph_legend=False, topological_order=False, verb_extension=<colcon_package_information.verb.list.ListVerb object at 0x7f6362a5c8b0>, verb_name='list', verb_parser=<colcon_defaults.argument_parser.defaults.DefaultArgumentsDecorator object at 0x7f6362a67df0>)
[1.151s] Level 1:colcon.colcon_core.package_discovery:discover_packages(colcon_meta) check parameters
[1.156s] Level 1:colcon.colcon_core.package_discovery:discover_packages(recursive) check parameters
[1.158s] Level 1:colcon.colcon_core.package_discovery:discover_packages(ignore) check parameters
[1.168s] Level 1:colcon.colcon_core.package_discovery:discover_packages(path) check parameters
[1.171s] Level 1:colcon.colcon_core.package_discovery:discover_packages(recursive) discover
[1.172s] INFO:colcon.colcon_core.package_discovery:Crawling recursively for packages in '/home/maroqi/Projects/ROS2Projects/ros2-tutorial'
[1.172s] Level 1:colcon.colcon_core.package_identification:_identify(/home/maroqi/Projects/ROS2Projects/ros2-tutorial) by extensions ['ignore', 'ignore_ament_install']
[1.172s] Level 1:colcon.colcon_core.package_identification:_identify(/home/maroqi/Projects/ROS2Projects/ros2-tutorial) by extension 'ignore'
[1.172s] Level 1:colcon.colcon_core.package_identification:_identify(/home/maroqi/Projects/ROS2Projects/ros2-tutorial) by extension 'ignore_ament_install'
[1.172s] Level 1:colcon.colcon_core.package_identification:_identify(/home/maroqi/Projects/ROS2Projects/ros2-tutorial) by extensions ['colcon_pkg']
[1.172s] Level 1:colcon.colcon_core.package_identification:_identify(/home/maroqi/Projects/ROS2Projects/ros2-tutorial) by extension 'colcon_pkg'
[1.173s] Level 1:colcon.colcon_core.package_identification:_identify(/home/maroqi/Projects/ROS2Projects/ros2-tutorial) by extensions ['colcon_meta']
[1.173s] Level 1:colcon.colcon_core.package_identification:_identify(/home/maroqi/Projects/ROS2Projects/ros2-tutorial) by extension 'colcon_meta'
[1.173s] Level 1:colcon.colcon_core.package_identification:_identify(/home/maroqi/Projects/ROS2Projects/ros2-tutorial) by extensions ['ros']
[1.173s] Level 1:colcon.colcon_core.package_identification:_identify(/home/maroqi/Projects/ROS2Projects/ros2-tutorial) by extension 'ros'
[1.218s] Level 1:colcon.colcon_core.package_identification:_identify(/home/maroqi/Projects/ROS2Projects/ros2-tutorial) by extensions ['cmake', 'python']
[1.223s] Level 1:colcon.colcon_core.package_identification:_identify(/home/maroqi/Projects/ROS2Projects/ros2-tutorial) by extension 'cmake'
[1.226s] Level 1:colcon.colcon_core.package_identification:_identify(/home/maroqi/Projects/ROS2Projects/ros2-tutorial) by extension 'python'
[1.235s] Level 1:colcon.colcon_core.package_identification:_identify(/home/maroqi/Projects/ROS2Projects/ros2-tutorial) by extensions ['python_setup_py']
[1.240s] Level 1:colcon.colcon_core.package_identification:_identify(/home/maroqi/Projects/ROS2Projects/ros2-tutorial) by extension 'python_setup_py'
[1.240s] Level 1:colcon.colcon_core.package_identification:_identify(/home/maroqi/Projects/ROS2Projects/ros2-tutorial/build) by extensions ['ignore', 'ignore_ament_install']
[1.241s] Level 1:colcon.colcon_core.package_identification:_identify(/home/maroqi/Projects/ROS2Projects/ros2-tutorial/build) by extension 'ignore'
[1.241s] Level 1:colcon.colcon_core.package_identification:_identify(/home/maroqi/Projects/ROS2Projects/ros2-tutorial/build) ignored
[1.241s] Level 1:colcon.colcon_core.package_identification:_identify(/home/maroqi/Projects/ROS2Projects/ros2-tutorial/install) by extensions ['ignore', 'ignore_ament_install']
[1.242s] Level 1:colcon.colcon_core.package_identification:_identify(/home/maroqi/Projects/ROS2Projects/ros2-tutorial/install) by extension 'ignore'
[1.242s] Level 1:colcon.colcon_core.package_identification:_identify(/home/maroqi/Projects/ROS2Projects/ros2-tutorial/install) ignored
[1.242s] Level 1:colcon.colcon_core.package_identification:_identify(/home/maroqi/Projects/ROS2Projects/ros2-tutorial/log) by extensions ['ignore', 'ignore_ament_install']
[1.243s] Level 1:colcon.colcon_core.package_identification:_identify(/home/maroqi/Projects/ROS2Projects/ros2-tutorial/log) by extension 'ignore'
[1.243s] Level 1:colcon.colcon_core.package_identification:_identify(/home/maroqi/Projects/ROS2Projects/ros2-tutorial/log) ignored
[1.251s] Level 1:colcon.colcon_core.package_identification:_identify(/home/maroqi/Projects/ROS2Projects/ros2-tutorial/src) by extensions ['ignore', 'ignore_ament_install']
[1.261s] Level 1:colcon.colcon_core.package_identification:_identify(/home/maroqi/Projects/ROS2Projects/ros2-tutorial/src) by extension 'ignore'
[1.261s] Level 1:colcon.colcon_core.package_identification:_identify(/home/maroqi/Projects/ROS2Projects/ros2-tutorial/src) by extension 'ignore_ament_install'
[1.262s] Level 1:colcon.colcon_core.package_identification:_identify(/home/maroqi/Projects/ROS2Projects/ros2-tutorial/src) by extensions ['colcon_pkg']
[1.262s] Level 1:colcon.colcon_core.package_identification:_identify(/home/maroqi/Projects/ROS2Projects/ros2-tutorial/src) by extension 'colcon_pkg'
[1.262s] Level 1:colcon.colcon_core.package_identification:_identify(/home/maroqi/Projects/ROS2Projects/ros2-tutorial/src) by extensions ['colcon_meta']
[1.262s] Level 1:colcon.colcon_core.package_identification:_identify(/home/maroqi/Projects/ROS2Projects/ros2-tutorial/src) by extension 'colcon_meta'
[1.262s] Level 1:colcon.colcon_core.package_identification:_identify(/home/maroqi/Projects/ROS2Projects/ros2-tutorial/src) by extensions ['ros']
[1.269s] Level 1:colcon.colcon_core.package_identification:_identify(/home/maroqi/Projects/ROS2Projects/ros2-tutorial/src) by extension 'ros'
[1.269s] Level 1:colcon.colcon_core.package_identification:_identify(/home/maroqi/Projects/ROS2Projects/ros2-tutorial/src) by extensions ['cmake', 'python']
[1.269s] Level 1:colcon.colcon_core.package_identification:_identify(/home/maroqi/Projects/ROS2Projects/ros2-tutorial/src) by extension 'cmake'
[1.269s] Level 1:colcon.colcon_core.package_identification:_identify(/home/maroqi/Projects/ROS2Projects/ros2-tutorial/src) by extension 'python'
[1.269s] Level 1:colcon.colcon_core.package_identification:_identify(/home/maroqi/Projects/ROS2Projects/ros2-tutorial/src) by extensions ['python_setup_py']
[1.269s] Level 1:colcon.colcon_core.package_identification:_identify(/home/maroqi/Projects/ROS2Projects/first_ws/src) by extension 'python_setup_py'
[1.270s] Level 1:colcon.colcon_core.package_identification:_identify(/home/maroqi/Projects/ROS2Projects/first_ws/src/cpp_pubsub) by extensions ['ignore', 'ignore_ament_install']
[1.270s] Level 1:colcon.colcon_core.package_identification:_identify(/home/maroqi/Projects/ROS2Projects/first_ws/src/cpp_pubsub) by extension 'ignore'
[1.270s] Level 1:colcon.colcon_core.package_identification:_identify(/home/maroqi/Projects/ROS2Projects/first_ws/src/cpp_pubsub) by extension 'ignore_ament_install'
[1.270s] Level 1:colcon.colcon_core.package_identification:_identify(/home/maroqi/Projects/ROS2Projects/first_ws/src/cpp_pubsub) by extensions ['colcon_pkg']
[1.270s] Level 1:colcon.colcon_core.package_identification:_identify(/home/maroqi/Projects/ROS2Projects/first_ws/src/cpp_pubsub) by extension 'colcon_pkg'
[1.271s] Level 1:colcon.colcon_core.package_identification:_identify(/home/maroqi/Projects/ROS2Projects/first_ws/src/cpp_pubsub) by extensions ['colcon_meta']
[1.278s] Level 1:colcon.colcon_core.package_identification:_identify(/home/maroqi/Projects/ROS2Projects/first_ws/src/cpp_pubsub) by extension 'colcon_meta'
[1.278s] Level 1:colcon.colcon_core.package_identification:_identify(/home/maroqi/Projects/ROS2Projects/first_ws/src/cpp_pubsub) by extensions ['ros']
[1.279s] Level 1:colcon.colcon_core.package_identification:_identify(/home/maroqi/Projects/ROS2Projects/first_ws/src/cpp_pubsub) by extension 'ros'
[1.302s] DEBUG:colcon.colcon_core.package_identification:Package '/home/maroqi/Projects/ROS2Projects/first_ws/src/cpp_pubsub' with type 'ros.ament_cmake' and name 'cpp_pubsub'
[1.307s] Level 1:colcon.colcon_core.package_identification:_identify(/home/maroqi/Projects/ROS2Projects/first_ws/src/my_package) by extensions ['ignore', 'ignore_ament_install']
[1.317s] Level 1:colcon.colcon_core.package_identification:_identify(/home/maroqi/Projects/ROS2Projects/first_ws/src/my_package) by extension 'ignore'
[1.322s] Level 1:colcon.colcon_core.package_identification:_identify(/home/maroqi/Projects/ROS2Projects/first_ws/src/my_package) by extension 'ignore_ament_install'
[1.325s] Level 1:colcon.colcon_core.package_identification:_identify(/home/maroqi/Projects/ROS2Projects/first_ws/src/my_package) by extensions ['colcon_pkg']
[1.325s] Level 1:colcon.colcon_core.package_identification:_identify(/home/maroqi/Projects/ROS2Projects/first_ws/src/my_package) by extension 'colcon_pkg'
[1.326s] Level 1:colcon.colcon_core.package_identification:_identify(/home/maroqi/Projects/ROS2Projects/first_ws/src/my_package) by extensions ['colcon_meta']
[1.326s] Level 1:colcon.colcon_core.package_identification:_identify(/home/maroqi/Projects/ROS2Projects/first_ws/src/my_package) by extension 'colcon_meta'
[1.326s] Level 1:colcon.colcon_core.package_identification:_identify(/home/maroqi/Projects/ROS2Projects/first_ws/src/my_package) by extensions ['ros']
[1.326s] Level 1:colcon.colcon_core.package_identification:_identify(/home/maroqi/Projects/ROS2Projects/first_ws/src/my_package) by extension 'ros'
[1.338s] DEBUG:colcon.colcon_core.package_identification:Package '/home/maroqi/Projects/ROS2Projects/first_ws/src/my_package' with type 'ros.ament_cmake' and name 'my_package'
[1.344s] Level 1:colcon.colcon_core.package_identification:_identify(/home/maroqi/Projects/ROS2Projects/first_ws/src/ros_tutorials) by extensions ['ignore', 'ignore_ament_install']
[1.352s] Level 1:colcon.colcon_core.package_identification:_identify(/home/maroqi/Projects/ROS2Projects/first_ws/src/ros_tutorials) by extension 'ignore'
[1.352s] Level 1:colcon.colcon_core.package_identification:_identify(/home/maroqi/Projects/ROS2Projects/first_ws/src/ros_tutorials) by extension 'ignore_ament_install'
[1.352s] Level 1:colcon.colcon_core.package_identification:_identify(/home/maroqi/Projects/ROS2Projects/first_ws/src/ros_tutorials) by extensions ['colcon_pkg']
[1.352s] Level 1:colcon.colcon_core.package_identification:_identify(/home/maroqi/Projects/ROS2Projects/first_ws/src/ros_tutorials) by extension 'colcon_pkg'
[1.352s] Level 1:colcon.colcon_core.package_identification:_identify(/home/maroqi/Projects/ROS2Projects/first_ws/src/ros_tutorials) by extensions ['colcon_meta']
[1.352s] Level 1:colcon.colcon_core.package_identification:_identify(/home/maroqi/Projects/ROS2Projects/first_ws/src/ros_tutorials) by extension 'colcon_meta'
[1.352s] Level 1:colcon.colcon_core.package_identification:_identify(/home/maroqi/Projects/ROS2Projects/first_ws/src/ros_tutorials) by extensions ['ros']
[1.353s] Level 1:colcon.colcon_core.package_identification:_identify(/home/maroqi/Projects/ROS2Projects/first_ws/src/ros_tutorials) by extension 'ros'
[1.353s] Level 1:colcon.colcon_core.package_identification:_identify(/home/maroqi/Projects/ROS2Projects/first_ws/src/ros_tutorials) by extensions ['cmake', 'python']
[1.353s] Level 1:colcon.colcon_core.package_identification:_identify(/home/maroqi/Projects/ROS2Projects/first_ws/src/ros_tutorials) by extension 'cmake'
[1.353s] Level 1:colcon.colcon_core.package_identification:_identify(/home/maroqi/Projects/ROS2Projects/first_ws/src/ros_tutorials) by extension 'python'
[1.353s] Level 1:colcon.colcon_core.package_identification:_identify(/home/maroqi/Projects/ROS2Projects/first_ws/src/ros_tutorials) by extensions ['python_setup_py']
[1.353s] Level 1:colcon.colcon_core.package_identification:_identify(/home/maroqi/Projects/ROS2Projects/first_ws/src/ros_tutorials) by extension 'python_setup_py'
[1.354s] Level 1:colcon.colcon_core.package_identification:_identify(/home/maroqi/Projects/ROS2Projects/first_ws/src/ros_tutorials/ros_tutorials) by extensions ['ignore', 'ignore_ament_install']
[1.354s] Level 1:colcon.colcon_core.package_identification:_identify(/home/maroqi/Projects/ROS2Projects/first_ws/src/ros_tutorials/ros_tutorials) by extension 'ignore'
[1.354s] Level 1:colcon.colcon_core.package_identification:_identify(/home/maroqi/Projects/ROS2Projects/first_ws/src/ros_tutorials/ros_tutorials) ignored
[1.355s] Level 1:colcon.colcon_core.package_identification:_identify(/home/maroqi/Projects/ROS2Projects/first_ws/src/ros_tutorials/roscpp_tutorials) by extensions ['ignore', 'ignore_ament_install']
[1.355s] Level 1:colcon.colcon_core.package_identification:_identify(/home/maroqi/Projects/ROS2Projects/first_ws/src/ros_tutorials/roscpp_tutorials) by extension 'ignore'
[1.355s] Level 1:colcon.colcon_core.package_identification:_identify(/home/maroqi/Projects/ROS2Projects/first_ws/src/ros_tutorials/roscpp_tutorials) ignored
[1.362s] Level 1:colcon.colcon_core.package_identification:_identify(/home/maroqi/Projects/ROS2Projects/first_ws/src/ros_tutorials/rospy_tutorials) by extensions ['ignore', 'ignore_ament_install']
[1.363s] Level 1:colcon.colcon_core.package_identification:_identify(/home/maroqi/Projects/ROS2Projects/first_ws/src/ros_tutorials/rospy_tutorials) by extension 'ignore'
[1.363s] Level 1:colcon.colcon_core.package_identification:_identify(/home/maroqi/Projects/ROS2Projects/first_ws/src/ros_tutorials/rospy_tutorials) ignored
[1.368s] Level 1:colcon.colcon_core.package_identification:_identify(/home/maroqi/Projects/ROS2Projects/first_ws/src/ros_tutorials/turtlesim) by extensions ['ignore', 'ignore_ament_install']
[1.368s] Level 1:colcon.colcon_core.package_identification:_identify(/home/maroqi/Projects/ROS2Projects/first_ws/src/ros_tutorials/turtlesim) by extension 'ignore'
[1.369s] Level 1:colcon.colcon_core.package_identification:_identify(/home/maroqi/Projects/ROS2Projects/first_ws/src/ros_tutorials/turtlesim) by extension 'ignore_ament_install'
[1.369s] Level 1:colcon.colcon_core.package_identification:_identify(/home/maroqi/Projects/ROS2Projects/first_ws/src/ros_tutorials/turtlesim) by extensions ['colcon_pkg']
[1.374s] Level 1:colcon.colcon_core.package_identification:_identify(/home/maroqi/Projects/ROS2Projects/first_ws/src/ros_tutorials/turtlesim) by extension 'colcon_pkg'
[1.375s] Level 1:colcon.colcon_core.package_identification:_identify(/home/maroqi/Projects/ROS2Projects/first_ws/src/ros_tutorials/turtlesim) by extensions ['colcon_meta']
[1.375s] Level 1:colcon.colcon_core.package_identification:_identify(/home/maroqi/Projects/ROS2Projects/first_ws/src/ros_tutorials/turtlesim) by extension 'colcon_meta'
[1.375s] Level 1:colcon.colcon_core.package_identification:_identify(/home/maroqi/Projects/ROS2Projects/first_ws/src/ros_tutorials/turtlesim) by extensions ['ros']
[1.375s] Level 1:colcon.colcon_core.package_identification:_identify(/home/maroqi/Projects/ROS2Projects/first_ws/src/ros_tutorials/turtlesim) by extension 'ros'
[1.383s] DEBUG:colcon.colcon_core.package_identification:Package '/home/maroqi/Projects/ROS2Projects/first_ws/src/ros_tutorials/turtlesim' with type 'ros.ament_cmake' and name 'turtlesim'
[1.388s] Level 1:colcon.colcon_core.package_discovery:discover_packages(recursive) using defaults
