[0.031s] Invoking command in '/home/maroqi/Projects/ROS2Projects/first_ws/build/cpp_parameters': CMAKE_PREFIX_PATH=${CMAKE_PREFIX_PATH}:/opt/ros/foxy /usr/bin/cmake /home/maroqi/Projects/ROS2Projects/first_ws/src/cpp_parameters -DCMAKE_INSTALL_PREFIX=/home/maroqi/Projects/ROS2Projects/first_ws/install/cpp_parameters
[0.236s] -- The C compiler identification is GNU 9.3.0
[0.374s] -- The CXX compiler identification is GNU 9.3.0
[0.399s] -- Check for working C compiler: /usr/bin/cc
[0.581s] -- Check for working C compiler: /usr/bin/cc -- works
[0.582s] -- Detecting C compiler ABI info
[0.767s] -- Detecting C compiler ABI info - done
[0.802s] -- Detecting C compile features
[0.803s] -- Detecting C compile features - done
[0.809s] -- Check for working CXX compiler: /usr/bin/c++
[1.017s] -- Check for working CXX compiler: /usr/bin/c++ -- works
[1.021s] -- Detecting CXX compiler ABI info
[1.299s] -- Detecting CXX compiler ABI info - done
[1.334s] -- Detecting CXX compile features
[1.335s] -- Detecting CXX compile features - done
[1.340s] -- Found ament_cmake: 0.9.8 (/opt/ros/foxy/share/ament_cmake/cmake)
[1.407s] -- Found PythonInterp: /usr/bin/python3 (found suitable version "3.8.5", minimum required is "3") 
[1.408s] -- Using PYTHON_EXECUTABLE: /usr/bin/python3
[1.988s] -- Found rclcpp: 2.3.0 (/opt/ros/foxy/share/rclcpp/cmake)
[2.093s] -- Using all available rosidl_typesupport_c: rosidl_typesupport_fastrtps_c;rosidl_typesupport_introspection_c
[2.108s] -- Found rosidl_adapter: 1.2.0 (/opt/ros/foxy/share/rosidl_adapter/cmake)
[2.291s] -- Found OpenSSL: /usr/lib/x86_64-linux-gnu/libcrypto.so (found version "1.1.1f")  
[2.389s] -- Found FastRTPS: /opt/ros/foxy/include  
[2.646s] -- Using all available rosidl_typesupport_cpp: rosidl_typesupport_fastrtps_cpp;rosidl_typesupport_introspection_cpp
[2.862s] -- Found rmw_implementation_cmake: 1.0.2 (/opt/ros/foxy/share/rmw_implementation_cmake/cmake)
[2.865s] -- Using RMW implementation 'rmw_fastrtps_cpp' as default
[2.868s] -- Looking for pthread.h
[3.189s] -- Looking for pthread.h - found
[3.191s] -- Performing Test CMAKE_HAVE_LIBC_PTHREAD
[3.509s] -- Performing Test CMAKE_HAVE_LIBC_PTHREAD - Failed
[3.512s] -- Looking for pthread_create in pthreads
[3.726s] -- Looking for pthread_create in pthreads - not found
[3.728s] -- Looking for pthread_create in pthread
[3.996s] -- Looking for pthread_create in pthread - found
[3.999s] -- Found Threads: TRUE  
[4.526s] -- Found ament_lint_auto: 0.9.6 (/opt/ros/foxy/share/ament_lint_auto/cmake)
[4.755s] -- Added test 'copyright' to check source files copyright and LICENSE
[4.758s] -- Added test 'cppcheck' to perform static code analysis on C / C++ code
[4.758s] -- Configured cppcheck include dirs: 
[4.759s] -- Configured cppcheck exclude dirs and/or files: 
[4.761s] -- Added test 'cpplint' to check C / C++ code against the Google style
[4.761s] -- Configured cpplint exclude dirs and/or files: 
[4.764s] -- Added test 'lint_cmake' to check CMake code style
[4.766s] -- Added test 'uncrustify' to check C / C++ code style
[4.766s] -- Configured uncrustify additional arguments: 
[4.768s] -- Added test 'xmllint' to check XML markup files
[4.775s] -- Configuring done
[4.795s] -- Generating done
[4.801s] -- Build files have been written to: /home/maroqi/Projects/ROS2Projects/first_ws/build/cpp_parameters
[4.837s] Invoked command in '/home/maroqi/Projects/ROS2Projects/first_ws/build/cpp_parameters' returned '0': CMAKE_PREFIX_PATH=${CMAKE_PREFIX_PATH}:/opt/ros/foxy /usr/bin/cmake /home/maroqi/Projects/ROS2Projects/first_ws/src/cpp_parameters -DCMAKE_INSTALL_PREFIX=/home/maroqi/Projects/ROS2Projects/first_ws/install/cpp_parameters
[4.849s] Invoking command in '/home/maroqi/Projects/ROS2Projects/first_ws/build/cpp_parameters': CMAKE_PREFIX_PATH=${CMAKE_PREFIX_PATH}:/opt/ros/foxy /usr/bin/cmake --build /home/maroqi/Projects/ROS2Projects/first_ws/build/cpp_parameters -- -j2 -l2
[4.990s] [35m[1mScanning dependencies of target parameter_node[0m
[5.120s] [ 50%] [32mBuilding CXX object CMakeFiles/parameter_node.dir/src/cpp_parameters_node.cpp.o[0m
[10.963s] [100%] [32m[1mLinking CXX executable parameter_node[0m
[11.341s] [100%] Built target parameter_node
[11.375s] Invoked command in '/home/maroqi/Projects/ROS2Projects/first_ws/build/cpp_parameters' returned '0': CMAKE_PREFIX_PATH=${CMAKE_PREFIX_PATH}:/opt/ros/foxy /usr/bin/cmake --build /home/maroqi/Projects/ROS2Projects/first_ws/build/cpp_parameters -- -j2 -l2
[11.476s] Invoking command in '/home/maroqi/Projects/ROS2Projects/first_ws/build/cpp_parameters': CMAKE_PREFIX_PATH=${CMAKE_PREFIX_PATH}:/opt/ros/foxy /usr/bin/cmake --install /home/maroqi/Projects/ROS2Projects/first_ws/build/cpp_parameters
[11.498s] -- Install configuration: ""
[11.500s] -- Installing: /home/maroqi/Projects/ROS2Projects/first_ws/install/cpp_parameters/lib/cpp_parameters/parameter_node
[11.503s] -- Set runtime path of "/home/maroqi/Projects/ROS2Projects/first_ws/install/cpp_parameters/lib/cpp_parameters/parameter_node" to ""
[11.503s] -- Installing: /home/maroqi/Projects/ROS2Projects/first_ws/install/cpp_parameters/share/ament_index/resource_index/package_run_dependencies/cpp_parameters
[11.504s] -- Installing: /home/maroqi/Projects/ROS2Projects/first_ws/install/cpp_parameters/share/ament_index/resource_index/parent_prefix_path/cpp_parameters
[11.504s] -- Installing: /home/maroqi/Projects/ROS2Projects/first_ws/install/cpp_parameters/share/cpp_parameters/environment/ament_prefix_path.sh
[11.505s] -- Installing: /home/maroqi/Projects/ROS2Projects/first_ws/install/cpp_parameters/share/cpp_parameters/environment/ament_prefix_path.dsv
[11.506s] -- Installing: /home/maroqi/Projects/ROS2Projects/first_ws/install/cpp_parameters/share/cpp_parameters/environment/path.sh
[11.508s] -- Installing: /home/maroqi/Projects/ROS2Projects/first_ws/install/cpp_parameters/share/cpp_parameters/environment/path.dsv
[11.509s] -- Installing: /home/maroqi/Projects/ROS2Projects/first_ws/install/cpp_parameters/share/cpp_parameters/local_setup.bash
[11.510s] -- Installing: /home/maroqi/Projects/ROS2Projects/first_ws/install/cpp_parameters/share/cpp_parameters/local_setup.sh
[11.510s] -- Installing: /home/maroqi/Projects/ROS2Projects/first_ws/install/cpp_parameters/share/cpp_parameters/local_setup.zsh
[11.510s] -- Installing: /home/maroqi/Projects/ROS2Projects/first_ws/install/cpp_parameters/share/cpp_parameters/local_setup.dsv
[11.510s] -- Installing: /home/maroqi/Projects/ROS2Projects/first_ws/install/cpp_parameters/share/cpp_parameters/package.dsv
[11.511s] -- Installing: /home/maroqi/Projects/ROS2Projects/first_ws/install/cpp_parameters/share/ament_index/resource_index/packages/cpp_parameters
[11.511s] -- Installing: /home/maroqi/Projects/ROS2Projects/first_ws/install/cpp_parameters/share/cpp_parameters/cmake/cpp_parametersConfig.cmake
[11.515s] -- Installing: /home/maroqi/Projects/ROS2Projects/first_ws/install/cpp_parameters/share/cpp_parameters/cmake/cpp_parametersConfig-version.cmake
[11.516s] -- Installing: /home/maroqi/Projects/ROS2Projects/first_ws/install/cpp_parameters/share/cpp_parameters/package.xml
[11.520s] Invoked command in '/home/maroqi/Projects/ROS2Projects/first_ws/build/cpp_parameters' returned '0': CMAKE_PREFIX_PATH=${CMAKE_PREFIX_PATH}:/opt/ros/foxy /usr/bin/cmake --install /home/maroqi/Projects/ROS2Projects/first_ws/build/cpp_parameters
